2025-02-04 18:22:15,076 [INFO] Activator:176 - 


2025-02-04 18:22:15,079 [INFO] Activator:177 - !SESSION log4j initialized
2025-02-04 18:22:24,449 [INFO] LogOutputStream:77 - [STDOUT_REDIRECT] 
2025-02-04 18:22:36,591 [INFO] ApplicationProperties:184 - Using Application install path: C:\ST\STM32CubeIDE_1.16.0\STM32CubeIDE\plugins\com.st.stm32cube.common.mx_6.12.1.202409122256
2025-02-04 18:22:36,641 [INFO] DbMcusXml:78 - Set database path to: C:\ST\STM32CubeIDE_1.16.0\STM32CubeIDE\plugins\com.st.stm32cube.common.mx_6.12.1.202409122256\\db\/mcu/
2025-02-04 18:22:36,641 [INFO] ApiDb:274 - Set plugin database path to: C:\ST\STM32CubeIDE_1.16.0\STM32CubeIDE\plugins\com.st.stm32cube.common.mx_6.12.1.202409122256\\db\/plugins/boardmanager/
2025-02-04 18:22:36,642 [WARN] ApiDb:259 - Overriding images path with different value:  => C:\ST\STM32CubeIDE_1.16.0\STM32CubeIDE\plugins\com.st.stm32cube.common.mx_6.12.1.202409122256\\db\/plugins/mcufinder/images/
2025-02-04 18:22:36,782 [INFO] ApiDb:250 - Set database path to: C:\Users\danie\.stmcufinder\plugins\mcufinder//mcu/
2025-02-04 18:22:36,783 [INFO] DbMcusAds:125 - Set database path to: C:\Users\danie\.stmcufinder\plugins\mcufinder//mcu/
2025-02-04 18:22:36,786 [INFO] CrossReferenceDbSqlite:203 - Set database path to: C:\Users\danie\.stmcufinder\plugins\mcufinder//mcu/cs/
2025-02-04 18:22:37,042 [INFO] RulesReader:64 - Compatibility file has been processed (297 Rules)
2025-02-04 18:22:37,471 [INFO] DbMcusXml:78 - Set database path to: C:\ST\STM32CubeIDE_1.16.0\STM32CubeIDE\plugins\com.st.stm32cube.common.mx_6.12.1.202409122256\\db\/mcu/
2025-02-04 18:22:37,471 [INFO] ApiDb:274 - Set plugin database path to: C:\ST\STM32CubeIDE_1.16.0\STM32CubeIDE\plugins\com.st.stm32cube.common.mx_6.12.1.202409122256\\db\/plugins/boardmanager/
2025-02-04 18:22:37,472 [INFO] ApiDb:261 - Set plugin images path to: C:\ST\STM32CubeIDE_1.16.0\STM32CubeIDE\plugins\com.st.stm32cube.common.mx_6.12.1.202409122256\\db\/plugins/mcufinder/images/
2025-02-04 18:22:37,472 [WARN] DbFile:41 - Overriding database path with different value: C:\Users\danie\.stmcufinder\plugins\mcufinder/ => C:\Users\danie\.stmcufinder\plugins\mcufinder
2025-02-04 18:22:37,472 [INFO] ApiDb:250 - Set database path to: C:\Users\danie\.stmcufinder\plugins\mcufinder//mcu/
2025-02-04 18:22:37,472 [WARN] DbFile:41 - Overriding database path with different value: C:\Users\danie\.stmcufinder\plugins\mcufinder/ => C:\Users\danie\.stmcufinder\plugins\mcufinder
2025-02-04 18:22:37,472 [INFO] DbMcusAds:125 - Set database path to: C:\Users\danie\.stmcufinder\plugins\mcufinder//mcu/
2025-02-04 18:22:37,473 [WARN] DbFile:41 - Overriding database path with different value: C:\Users\danie\.stmcufinder\plugins\mcufinder/ => C:\Users\danie\.stmcufinder\plugins\mcufinder
2025-02-04 18:22:37,473 [WARN] DbFile:41 - Overriding database path with different value: C:\Users\danie\.stmcufinder\plugins\mcufinder/ => C:\Users\danie\.stmcufinder\plugins\mcufinder
2025-02-04 18:22:37,473 [INFO] CrossReferenceDbSqlite:203 - Set database path to: C:\Users\danie\.stmcufinder\plugins\mcufinder//mcu/cs/
2025-02-04 18:22:37,907 [INFO] MainPanel:268 - HeapMemory: 268435456
2025-02-04 18:22:38,558 [INFO] DbMcusXml:78 - Set database path to: C:\ST\STM32CubeIDE_1.16.0\STM32CubeIDE\plugins\com.st.stm32cube.common.mx_6.12.1.202409122256\\db\/mcu/
2025-02-04 18:22:38,558 [INFO] ApiDb:274 - Set plugin database path to: C:\ST\STM32CubeIDE_1.16.0\STM32CubeIDE\plugins\com.st.stm32cube.common.mx_6.12.1.202409122256\\db\/plugins/boardmanager/
2025-02-04 18:22:38,558 [INFO] ApiDb:261 - Set plugin images path to: C:\ST\STM32CubeIDE_1.16.0\STM32CubeIDE\plugins\com.st.stm32cube.common.mx_6.12.1.202409122256\\db\/plugins/mcufinder/images/
2025-02-04 18:22:38,559 [WARN] DbFile:41 - Overriding database path with different value: C:\Users\danie\.stmcufinder\plugins\mcufinder/ => C:\Users\danie\.stmcufinder\plugins\mcufinder
2025-02-04 18:22:38,559 [INFO] ApiDb:250 - Set database path to: C:\Users\danie\.stmcufinder\plugins\mcufinder//mcu/
2025-02-04 18:22:38,559 [WARN] DbFile:41 - Overriding database path with different value: C:\Users\danie\.stmcufinder\plugins\mcufinder/ => C:\Users\danie\.stmcufinder\plugins\mcufinder
2025-02-04 18:22:38,559 [INFO] DbMcusAds:125 - Set database path to: C:\Users\danie\.stmcufinder\plugins\mcufinder//mcu/
2025-02-04 18:22:38,559 [WARN] DbFile:41 - Overriding database path with different value: C:\Users\danie\.stmcufinder\plugins\mcufinder/ => C:\Users\danie\.stmcufinder\plugins\mcufinder
2025-02-04 18:22:38,559 [WARN] DbFile:41 - Overriding database path with different value: C:\Users\danie\.stmcufinder\plugins\mcufinder/ => C:\Users\danie\.stmcufinder\plugins\mcufinder
2025-02-04 18:22:41,961 [INFO] CrossReferenceDbSqlite:203 - Set database path to: C:\Users\danie\.stmcufinder\plugins\mcufinder//mcu/cs/
2025-02-04 18:22:42,063 [INFO] ApplicationProperties:184 - Using Application install path: C:\ST\STM32CubeIDE_1.16.0\STM32CubeIDE\plugins\com.st.stm32cube.common.mx_6.12.1.202409122256
2025-02-04 18:22:42,077 [INFO] PluginManage:196 - Search for loadable plugins [exclusion list=, ]
2025-02-04 18:22:42,099 [INFO] PluginManage:310 - Check plugin analytics
2025-02-04 18:22:46,139 [INFO] AnalyticsPlugin:253 - Accepted Software Licenses: 
2025-02-04 18:22:46,139 [INFO] AnalyticsPlugin:255 - Accepted CMSIS Pack Licenses: 
2025-02-04 18:22:46,139 [INFO] AnalyticsPlugin:257 - Accepted Firmware Licenses: 
2025-02-04 18:22:46,141 [INFO] PluginManage:359 - Loaded plugin analytics (category:tool,tabindex:-1)
2025-02-04 18:22:46,142 [INFO] PluginManage:310 - Check plugin cadmodel
2025-02-04 18:22:46,194 [INFO] CADModel:105 - Init CAD model plugin
2025-02-04 18:22:46,195 [INFO] PluginManage:359 - Loaded plugin cadmodel (category:power,tabindex:5)
2025-02-04 18:22:46,195 [INFO] PluginManage:310 - Check plugin clock
2025-02-04 18:22:46,233 [INFO] PluginManage:359 - Loaded plugin clock (category:base,tabindex:2)
2025-02-04 18:22:46,233 [INFO] PluginManage:310 - Check plugin ddr
2025-02-04 18:22:46,261 [INFO] PluginManage:359 - Loaded plugin ddr (category:tool,tabindex:6)
2025-02-04 18:22:46,262 [INFO] PluginManage:310 - Check plugin filemanager
2025-02-04 18:22:46,675 [INFO] PluginManage:359 - Loaded plugin filemanager (category:base,tabindex:10)
2025-02-04 18:22:46,675 [INFO] PluginManage:310 - Check plugin ipmanager
2025-02-04 18:22:46,711 [INFO] PluginManage:359 - Loaded plugin ipmanager (category:base,tabindex:5)
2025-02-04 18:22:46,711 [INFO] PluginManage:310 - Check plugin lpbam
2025-02-04 18:22:46,751 [INFO] PluginManage:359 - Loaded plugin lpbam (category:base,tabindex:0)
2025-02-04 18:22:46,751 [INFO] PluginManage:310 - Check plugin memorymap
2025-02-04 18:22:46,857 [INFO] PluginManage:359 - Loaded plugin memorymap (category:base,tabindex:4)
2025-02-04 18:22:46,857 [INFO] PluginManage:310 - Check plugin pinoutandconfiguration
2025-02-04 18:22:46,936 [INFO] PluginManage:359 - Loaded plugin pinoutandconfiguration (category:base,tabindex:1)
2025-02-04 18:22:46,936 [INFO] PluginManage:310 - Check plugin pinoutconfig
2025-02-04 18:22:47,242 [WARN] SupportedApi:132 - Cannot load RTOS API schema: s4s-elt-must-match.1: The content of 'definitions' must match (annotation?, (simpleType | complexType)?, (unique | key | keyref)*)). A problem was found starting at: attribute.
2025-02-04 18:22:47,439 [INFO] PluginManage:359 - Loaded plugin pinoutconfig (category:base,tabindex:0)
2025-02-04 18:22:47,439 [INFO] PluginManage:310 - Check plugin power
2025-02-04 18:22:47,509 [INFO] PluginManage:359 - Loaded plugin power (category:power,tabindex:4)
2025-02-04 18:22:47,510 [INFO] PluginManage:310 - Check plugin projectmanager
2025-02-04 18:22:47,538 [INFO] PluginManage:359 - Loaded plugin projectmanager (category:projectmanager,tabindex:4)
2025-02-04 18:22:47,539 [INFO] PluginManage:310 - Check plugin rif
2025-02-04 18:22:47,580 [INFO] PluginManage:359 - Loaded plugin rif (category:base,tabindex:3)
2025-02-04 18:22:47,580 [INFO] PluginManage:310 - Check plugin thirdparty
2025-02-04 18:22:48,175 [INFO] PluginManage:359 - Loaded plugin thirdparty (category:base,tabindex:-1)
2025-02-04 18:22:48,175 [WARN] IntegrityCheckThread:84 - waiting for thirdparty lock release [integrity check]
2025-02-04 18:22:48,176 [INFO] IntegrityCheckThread:86 - entering critical section [integrity check]
2025-02-04 18:22:48,176 [INFO] PluginManage:310 - Check plugin tools
2025-02-04 18:22:48,176 [INFO] ThirdPartyUpdaterWithRetryManager:70 - Updater plugin not ready yet. [1/15]
2025-02-04 18:22:48,237 [INFO] PluginManage:359 - Loaded plugin tools (category:base,tabindex:7)
2025-02-04 18:22:48,237 [INFO] PluginManage:310 - Check plugin tutovideos
2025-02-04 18:22:48,656 [INFO] PluginManage:359 - Loaded plugin tutovideos (category:base,tabindex:-1)
2025-02-04 18:22:48,656 [INFO] PluginManage:310 - Check plugin updater
2025-02-04 18:22:48,691 [INFO] PluginManage:359 - Loaded plugin updater (category:base,tabindex:12)
2025-02-04 18:22:48,692 [INFO] PluginManage:310 - Check plugin userauth
2025-02-04 18:22:48,722 [INFO] UserAuth:113 - Init User Auth plugin
2025-02-04 18:22:48,722 [INFO] PluginManage:359 - Loaded plugin userauth (category:base,tabindex:14)
2025-02-04 18:22:48,723 [INFO] PluginManage:283 - PluginManage : Loaded plugins [18]
2025-02-04 18:22:49,583 [INFO] PinOutPanel:1561 - setPackage(No Configuration,No Configuration)
2025-02-04 18:22:50,142 [INFO] CADModel:165 - CPN selected for project level
2025-02-04 18:22:50,142 [INFO] CADModel:114 - Register for checkConnection events
2025-02-04 18:22:50,212 [INFO] IPUIPlugin:80 - create IPUIPlugin
2025-02-04 18:22:50,212 [INFO] PluginManager:220 - loadIPPluginJar : add adc
2025-02-04 18:22:50,277 [INFO] IPUIPlugin:80 - create IPUIPlugin
2025-02-04 18:22:50,277 [INFO] PluginManager:220 - loadIPPluginJar : add aes
2025-02-04 18:22:50,393 [INFO] IPUIPlugin:80 - create IPUIPlugin
2025-02-04 18:22:50,393 [INFO] PluginManager:220 - loadIPPluginJar : add can
2025-02-04 18:22:50,437 [INFO] IPUIPlugin:80 - create IPUIPlugin
2025-02-04 18:22:50,437 [INFO] PluginManager:220 - loadIPPluginJar : add comp
2025-02-04 18:22:50,485 [INFO] IPUIPlugin:80 - create IPUIPlugin
2025-02-04 18:22:50,485 [INFO] PluginManager:220 - loadIPPluginJar : add cryp
2025-02-04 18:22:50,528 [INFO] IPUIPlugin:80 - create IPUIPlugin
2025-02-04 18:22:50,528 [INFO] PluginManager:220 - loadIPPluginJar : add ddr_ctrl_phy
2025-02-04 18:22:50,566 [INFO] IPUIPlugin:80 - create IPUIPlugin
2025-02-04 18:22:50,566 [INFO] PluginManager:220 - loadIPPluginJar : add dfsdm
2025-02-04 18:22:50,592 [INFO] IPUIPlugin:80 - create IPUIPlugin
2025-02-04 18:22:50,592 [INFO] PluginManager:220 - loadIPPluginJar : add dma
2025-02-04 18:22:50,674 [INFO] IPUIPlugin:80 - create IPUIPlugin
2025-02-04 18:22:50,674 [INFO] PluginManager:220 - loadIPPluginJar : add dma3
2025-02-04 18:22:50,744 [INFO] IPUIPlugin:80 - create IPUIPlugin
2025-02-04 18:22:50,745 [INFO] PluginManager:220 - loadIPPluginJar : add extmemmanager
2025-02-04 18:22:50,781 [INFO] IPUIPlugin:80 - create IPUIPlugin
2025-02-04 18:22:50,782 [INFO] PluginManager:220 - loadIPPluginJar : add fatfs
2025-02-04 18:22:50,855 [INFO] IPUIPlugin:80 - create IPUIPlugin
2025-02-04 18:22:50,856 [INFO] PluginManager:220 - loadIPPluginJar : add fmc
2025-02-04 18:22:50,886 [INFO] IPUIPlugin:80 - create IPUIPlugin
2025-02-04 18:22:50,886 [INFO] PluginManager:220 - loadIPPluginJar : add freertos
2025-02-04 18:22:50,921 [INFO] IPUIPlugin:80 - create IPUIPlugin
2025-02-04 18:22:50,921 [INFO] PluginManager:220 - loadIPPluginJar : add genericplugin
2025-02-04 18:22:51,051 [INFO] IPUIPlugin:80 - create IPUIPlugin
2025-02-04 18:22:51,051 [INFO] PluginManager:220 - loadIPPluginJar : add gfxmmu
2025-02-04 18:22:51,177 [INFO] ThirdPartyUpdaterWithRetryManager:70 - Updater plugin not ready yet. [2/15]
2025-02-04 18:22:51,228 [INFO] IPUIPlugin:80 - create IPUIPlugin
2025-02-04 18:22:51,228 [INFO] PluginManager:220 - loadIPPluginJar : add gic
2025-02-04 18:22:51,243 [INFO] IPUIPlugin:80 - create IPUIPlugin
2025-02-04 18:22:51,244 [INFO] PluginManager:220 - loadIPPluginJar : add gpio
2025-02-04 18:22:51,386 [INFO] IPUIPlugin:80 - create IPUIPlugin
2025-02-04 18:22:51,386 [INFO] PluginManager:220 - loadIPPluginJar : add gtzc
2025-02-04 18:22:51,445 [INFO] IPUIPlugin:80 - create IPUIPlugin
2025-02-04 18:22:51,445 [INFO] PluginManager:220 - loadIPPluginJar : add hash
2025-02-04 18:22:51,521 [INFO] IPUIPlugin:80 - create IPUIPlugin
2025-02-04 18:22:51,521 [INFO] PluginManager:220 - loadIPPluginJar : add i2c
2025-02-04 18:22:51,578 [INFO] IPUIPlugin:80 - create IPUIPlugin
2025-02-04 18:22:51,579 [INFO] PluginManager:220 - loadIPPluginJar : add i2s
2025-02-04 18:22:51,635 [INFO] IPUIPlugin:80 - create IPUIPlugin
2025-02-04 18:22:51,636 [INFO] PluginManager:220 - loadIPPluginJar : add i3c
2025-02-04 18:22:51,816 [INFO] IPUIPlugin:80 - create IPUIPlugin
2025-02-04 18:22:51,816 [INFO] PluginManager:220 - loadIPPluginJar : add ipddr
2025-02-04 18:22:52,004 [INFO] IPUIPlugin:80 - create IPUIPlugin
2025-02-04 18:22:52,004 [INFO] PluginManager:220 - loadIPPluginJar : add linkedlist
2025-02-04 18:22:52,074 [INFO] IPUIPlugin:80 - create IPUIPlugin
2025-02-04 18:22:52,074 [INFO] PluginManager:220 - loadIPPluginJar : add lorawan
2025-02-04 18:22:52,149 [INFO] IPUIPlugin:80 - create IPUIPlugin
2025-02-04 18:22:52,149 [INFO] PluginManager:220 - loadIPPluginJar : add ltdc
2025-02-04 18:22:52,181 [INFO] IPUIPlugin:80 - create IPUIPlugin
2025-02-04 18:22:52,182 [INFO] PluginManager:220 - loadIPPluginJar : add mdma
2025-02-04 18:22:52,199 [INFO] IPUIPlugin:80 - create IPUIPlugin
2025-02-04 18:22:52,199 [INFO] PluginManager:220 - loadIPPluginJar : add nvic
2025-02-04 18:22:52,258 [INFO] IPUIPlugin:80 - create IPUIPlugin
2025-02-04 18:22:52,259 [INFO] PluginManager:220 - loadIPPluginJar : add opamp
2025-02-04 18:22:52,349 [INFO] IPUIPlugin:80 - create IPUIPlugin
2025-02-04 18:22:52,349 [INFO] PluginManager:220 - loadIPPluginJar : add openamp
2025-02-04 18:22:52,464 [INFO] IPUIPlugin:80 - create IPUIPlugin
2025-02-04 18:22:52,464 [INFO] PluginManager:220 - loadIPPluginJar : add pdm2pcm
2025-02-04 18:22:52,488 [INFO] IPUIPlugin:80 - create IPUIPlugin
2025-02-04 18:22:52,491 [INFO] PluginManager:220 - loadIPPluginJar : add plateformsettings
2025-02-04 18:22:52,540 [INFO] IPUIPlugin:80 - create IPUIPlugin
2025-02-04 18:22:52,540 [INFO] PluginManager:220 - loadIPPluginJar : add quadspi
2025-02-04 18:22:52,605 [INFO] IPUIPlugin:80 - create IPUIPlugin
2025-02-04 18:22:52,624 [INFO] PluginManager:220 - loadIPPluginJar : add radio
2025-02-04 18:22:52,651 [INFO] IPUIPlugin:80 - create IPUIPlugin
2025-02-04 18:22:52,652 [INFO] PluginManager:220 - loadIPPluginJar : add resmgrutility
2025-02-04 18:22:52,737 [INFO] IPUIPlugin:80 - create IPUIPlugin
2025-02-04 18:22:52,737 [INFO] PluginManager:220 - loadIPPluginJar : add sai
2025-02-04 18:22:52,792 [INFO] IPUIPlugin:80 - create IPUIPlugin
2025-02-04 18:22:52,793 [INFO] PluginManager:220 - loadIPPluginJar : add spi
2025-02-04 18:22:52,900 [INFO] IPUIPlugin:80 - create IPUIPlugin
2025-02-04 18:22:52,900 [INFO] PluginManager:220 - loadIPPluginJar : add stm32_wpan
2025-02-04 18:22:52,939 [INFO] IPUIPlugin:80 - create IPUIPlugin
2025-02-04 18:22:52,939 [INFO] PluginManager:220 - loadIPPluginJar : add tim
2025-02-04 18:22:53,060 [INFO] IPUIPlugin:80 - create IPUIPlugin
2025-02-04 18:22:53,061 [INFO] PluginManager:220 - loadIPPluginJar : add touchsensing
2025-02-04 18:22:53,108 [INFO] IPUIPlugin:80 - create IPUIPlugin
2025-02-04 18:22:53,108 [INFO] PluginManager:220 - loadIPPluginJar : add tracer_emb
2025-02-04 18:22:53,139 [INFO] IPUIPlugin:80 - create IPUIPlugin
2025-02-04 18:22:53,139 [INFO] PluginManager:220 - loadIPPluginJar : add ts
2025-02-04 18:22:53,170 [INFO] IPUIPlugin:80 - create IPUIPlugin
2025-02-04 18:22:53,171 [INFO] PluginManager:220 - loadIPPluginJar : add tsc
2025-02-04 18:22:53,206 [INFO] IPUIPlugin:80 - create IPUIPlugin
2025-02-04 18:22:53,206 [INFO] PluginManager:220 - loadIPPluginJar : add ucpd
2025-02-04 18:22:53,322 [INFO] IPUIPlugin:80 - create IPUIPlugin
2025-02-04 18:22:53,322 [INFO] PluginManager:220 - loadIPPluginJar : add usart
2025-02-04 18:22:53,414 [INFO] IPUIPlugin:80 - create IPUIPlugin
2025-02-04 18:22:53,414 [INFO] PluginManager:220 - loadIPPluginJar : add usbx
2025-02-04 18:22:53,682 [INFO] CADModel:165 - CPN selected for project level
2025-02-04 18:22:53,682 [INFO] CADModel:114 - Register for checkConnection events
2025-02-04 18:22:53,683 [FATAL] Updater:334 - Updater called before beeing initialized
2025-02-04 18:22:53,683 [ERROR] CADModel:125 - Updater not yet initialized, retry later 
2025-02-04 18:22:54,102 [INFO] CADModel:165 - CPN selected for project level
2025-02-04 18:22:54,102 [INFO] CADModel:114 - Register for checkConnection events
2025-02-04 18:22:54,103 [FATAL] Updater:334 - Updater called before beeing initialized
2025-02-04 18:22:54,103 [ERROR] CADModel:125 - Updater not yet initialized, retry later 
2025-02-04 18:22:54,105 [FATAL] Updater:334 - Updater called before beeing initialized
2025-02-04 18:22:54,177 [INFO] ThirdPartyUpdaterWithRetryManager:70 - Updater plugin not ready yet. [3/15]
2025-02-04 18:22:54,437 [FATAL] Updater:334 - Updater called before beeing initialized
2025-02-04 18:22:54,459 [INFO] DbMcusAds:53 - JSON generation date=Fri Sep 20 15:04:23 CEST 2024 (1726837463113)
2025-02-04 18:22:54,460 [FATAL] Updater:334 - Updater called before beeing initialized
2025-02-04 18:22:54,643 [WARN] DetailPanel:346 - Failed to get advertising image, set to default
2025-02-04 18:22:54,757 [FATAL] Updater:334 - Updater called before beeing initialized
2025-02-04 18:22:54,759 [FATAL] Updater:334 - Updater called before beeing initialized
2025-02-04 18:22:54,759 [FATAL] Updater:334 - Updater called before beeing initialized
2025-02-04 18:22:54,759 [WARN] DetailPanel:346 - Failed to get advertising image, set to default
2025-02-04 18:22:54,760 [FATAL] Updater:334 - Updater called before beeing initialized
2025-02-04 18:22:54,957 [ERROR] Updater:1164 - MainUpdater not yet initialized. External WinMGr cannot be set.
2025-02-04 18:22:54,997 [INFO] Updater:1100 - Updater Version found : 6.12.1
2025-02-04 18:22:55,157 [INFO] ApplicationProperties:184 - Using Application install path: C:\ST\STM32CubeIDE_1.16.0\STM32CubeIDE\plugins\com.st.stm32cube.common.mx_6.12.1.202409122256
2025-02-04 18:22:56,800 [ERROR] LogOutputStream:75 - [STDERR_REDIRECT] Feb 04, 2025 6:22:56 PM java.util.prefs.WindowsPreferences <init>
2025-02-04 18:22:56,806 [ERROR] LogOutputStream:75 - [STDERR_REDIRECT] WARNING: Could not open/create prefs root node Software\JavaSoft\Prefs at root 0xffffffff80000002. Windows RegCreateKeyEx(...) returned error code 5.
2025-02-04 18:22:56,807 [ERROR] LogOutputStream:75 - [STDERR_REDIRECT] 
2025-02-04 18:22:57,178 [FATAL] Updater:334 - Updater called before beeing initialized
2025-02-04 18:22:57,178 [ERROR] IntegrityCheckThread:130 - Cannot retrieve database content from updater: error 21
2025-02-04 18:22:57,179 [INFO] ThirdParty:978 - Integrity check success = false
2025-02-04 18:22:57,179 [INFO] IntegrityCheckThread:100 - exiting critical section [integrity check]
2025-02-04 18:22:57,179 [INFO] IntegrityCheckThread:103 - End integrity checks thread
2025-02-04 18:22:57,445 [INFO] MainUpdater:2873 - connection check result : 10
2025-02-04 18:22:57,445 [INFO] MainUpdater:3567 - Updater definition file requires update
2025-02-04 18:22:57,446 [INFO] MainUpdater:290 - Updater Check For Update Now.
2025-02-04 18:22:57,446 [INFO] MicroXplorer:498 - Change Database Version : DB.6.0.121
2025-02-04 18:22:57,484 [INFO] McuFinderGlobals:63 - Set McuFinder mode to 2 (CubeIDE integrated)
2025-02-04 18:22:57,485 [INFO] UserAuth:179 - activating auth plugin
2025-02-04 18:22:57,497 [INFO] UserAuth:417 - Internet connection configuration mode: 1
2025-02-04 18:22:57,699 [INFO] ServerAccessManage:473 - Download File updaters.zip
2025-02-04 18:22:57,701 [INFO] JxBrowserEngine:152 - Initiate JxBrowser Engine with user profile folder
2025-02-04 18:22:57,997 [INFO] FileExtend:240 - Unzip File : updaters.zip
2025-02-04 18:22:57,997 [INFO] FileExtend:255 - Standard Zip Deflate
2025-02-04 18:23:00,425 [INFO] ServerAccessManage:473 - Download File PacksControlFlags.xml
2025-02-04 18:23:00,578 [INFO] ServerAccessManage:473 - Download File cubemx.pidx
2025-02-04 18:23:02,060 [INFO] ServerAccessManage:473 - Download File STMicroelectronics.X-CUBE-AI.pdsc
2025-02-04 18:23:03,002 [INFO] ServerAccessManage:473 - Download File STMicroelectronics.X-CUBE-IPS.pdsc
2025-02-04 18:23:03,907 [INFO] ServerAccessManage:473 - Download File STMicroelectronics.X-CUBE-TOUCHGFX.pdsc
2025-02-04 18:23:06,434 [WARN] PackLoader:240 - Cannot read IP mode file for STMicroelectronics.X-CUBE-AI.10.0.0
2025-02-04 18:23:06,457 [WARN] PopulateThirdPartyThread:106 - Error when creating pack: C:/Users/danie/.stm32cubemx/thirdparties/pdsc/STMicroelectronics.X-CUBE-IPS.pdsc
2025-02-04 18:23:06,472 [WARN] PackLoader:240 - Cannot read IP mode file for STMicroelectronics.X-CUBE-TOUCHGFX.4.24.2
2025-02-04 18:23:06,473 [INFO] PopulateThirdPartyThread:66 - Ending populate Thread
2025-02-04 18:23:06,475 [INFO] ThirdParty:1030 - CMSIS Pack Vendor :STMicroelectronics X-CUBE-AI 10.0.0
2025-02-04 18:23:06,475 [INFO] ThirdParty:1030 - CMSIS Pack Vendor :STMicroelectronics X-CUBE-TOUCHGFX 4.24.2
2025-02-04 18:23:06,476 [INFO] LoadServerUpdatesThread:375 - End of LoadServerUpdate Thread
2025-02-04 18:23:06,626 [INFO] CheckServerUpdateThread:120 - End of CheckServer Thread
2025-02-04 18:27:12,772 [INFO] WebApp:167 - Instantiating new browser for Auth
2025-02-04 18:27:23,845 [INFO] WebApp:448 - Apply proxy settings
2025-02-04 18:27:23,845 [INFO] WebApp:533 - Chromium requires no authentication
2025-02-04 18:27:24,699 [INFO] WebApp:476 - Direct internet connection detected
2025-02-04 18:27:25,951 [INFO] WebApp:869 - Register for checkConnection events
2025-02-04 18:27:25,952 [INFO] WebApp:448 - Apply proxy settings
2025-02-04 18:27:25,952 [INFO] WebApp:533 - Chromium requires no authentication
2025-02-04 18:27:25,954 [INFO] WebApp:476 - Direct internet connection detected
2025-02-04 18:27:28,657 [INFO] WebApp:186 - Connection restablished
2025-02-04 18:27:35,118 [INFO] WebApp:220 - Starting web application
2025-02-04 18:27:35,119 [INFO] WebApp:578 - Web application path used C:\ST\STM32CubeIDE_1.16.0\STM32CubeIDE\plugins\com.st.stm32cube.common.mx_6.12.1.202409122256\db\plugins\mcufinder\reactClient1\index.html
2025-02-04 18:29:12,963 [INFO] McuFinderGlobals:63 - Set McuFinder mode to 2 (CubeIDE integrated)
2025-02-04 18:29:13,053 [INFO] MainUpdater:2873 - connection check result : 10
2025-02-04 18:29:13,112 [INFO] McuFinderGlobals:76 - Set McuFinderConnectedMode to true
2025-02-04 18:29:13,504 [INFO] ServerAccessManage:473 - Download File mcusAds.json._tmp_
2025-02-04 18:29:13,635 [INFO] LoadUrlFilesThread:156 - End of LoadUrlFiles Thread
2025-02-04 18:29:13,838 [INFO] ServerAccessManage:473 - Download File cube-finder-db.zip
2025-02-04 18:29:21,077 [INFO] FileExtend:240 - Unzip File : cube-finder-db.zip
2025-02-04 18:29:21,077 [INFO] FileExtend:255 - Standard Zip Deflate
2025-02-04 18:29:23,465 [INFO] LoadUrlFilesThread:156 - End of LoadUrlFiles Thread
2025-02-04 18:29:26,935 [INFO] ServerAccessManage:473 - Download File crdb.zip
2025-02-04 18:29:27,341 [INFO] FileExtend:240 - Unzip File : crdb.zip
2025-02-04 18:29:27,341 [INFO] FileExtend:255 - Standard Zip Deflate
2025-02-04 18:29:27,493 [INFO] LoadUrlFilesThread:156 - End of LoadUrlFiles Thread
2025-02-04 18:29:27,646 [INFO] ServerAccessManage:473 - Download File tutoVideoDB.zip
2025-02-04 18:29:27,671 [INFO] FileExtend:240 - Unzip File : tutoVideoDB.zip
2025-02-04 18:29:27,672 [INFO] FileExtend:255 - Standard Zip Deflate
2025-02-04 18:29:27,797 [INFO] LoadUrlFilesThread:156 - End of LoadUrlFiles Thread
2025-02-04 18:29:27,799 [WARN] DbFile:41 - Overriding database path with different value: C:\Users\danie\.stmcufinder\plugins\mcufinder/ => C:\Users\danie\.stmcufinder\plugins\mcufinder
2025-02-04 18:29:27,914 [INFO] ServerAccessManage:473 - Download File api_config.json
2025-02-04 18:29:28,025 [INFO] LoadUrlFilesThread:156 - End of LoadUrlFiles Thread
2025-02-04 18:29:28,026 [INFO] DbMcusAds:53 - JSON generation date=Tue Dec 17 17:01:15 CET 2024 (1734451275111)
2025-02-04 18:29:28,121 [INFO] ServerAccessManage:473 - Download File 
2025-02-04 18:29:28,137 [INFO] LoadUrlFilesThread:185 - End of LoadServerUrlFiles without Thread
2025-02-04 18:29:28,138 [INFO] TargetSelectorAdapter:259 - Refresh data is successful
2025-02-04 18:29:31,775 [INFO] ApiDb:581 - Connected to CubeFinder SQLite database (C:\Users\danie\.stmcufinder\plugins\mcufinder\mcu\cube-finder-db.db)
2025-02-04 18:29:32,101 [INFO] ApiDb:668 - CubeFinder database Data Model version=2.1
2025-02-04 18:29:32,102 [INFO] ApiDb:669 - CubeFinder database Configuration version=3.0.39
2025-02-04 18:29:32,102 [INFO] ApiDb:670 - CubeFinder database generation date=2024-12-10 (1733817889)
2025-02-04 18:29:32,102 [INFO] ApiDb:671 - CubeFinder database FW Pack versions=[FP-ATR-ASTRA1_V2.0.0, FP-SNS-FLIGHT1_V5.0.2, FP-SNS-MOTENV1_V5.0.0, FP-SNS-MOTENVWB1_V1.4.0, FP-SNS-SMARTAG2_V1.2.0, FP-SNS-STBOX1_V2.0.0, STM32Cube_FW_C0_V1.3.0, STM32Cube_FW_F4_V1.28.1, STM32Cube_FW_F7_V1.17.2, STM32Cube_FW_G0_V1.6.2, STM32Cube_FW_G4_V1.6.1, STM32Cube_FW_H5_V1.4.0, STM32Cube_FW_H7RS_V1.1.0, STM32Cube_FW_H7_V1.12.0, STM32Cube_FW_L0_V1.12.2, STM32Cube_FW_L4_V1.18.1, STM32Cube_FW_L5_V1.5.1, STM32Cube_FW_N6_V1.0.0, STM32Cube_FW_U0_V1.2.0, STM32Cube_FW_U3_V1.0.0, STM32Cube_FW_U5_V1.7.0, STM32Cube_FW_WB0_V1.1.0, STM32Cube_FW_WBA_V1.5.0, STM32Cube_FW_WB_V1.21.0, STM32Cube_FW_WL3_V1.0.0, STM32Cube_FW_WL_V1.3.0, X-CUBE-ALGOBUILD_V1.4.0, X-CUBE-ALS_V1.0.2, X-CUBE-AZRTOS-F4_V1.1.0, X-CUBE-AZRTOS-F7_V1.1.0, X-CUBE-AZRTOS-G0_V1.1.0, X-CUBE-AZRTOS-G4_V2.0.0, X-CUBE-AZRTOS-H7RS_V1.0.0, X-CUBE-AZRTOS-H7_V3.3.0, X-CUBE-AZRTOS-L4_V2.0.0, X-CUBE-AZRTOS-L5_V2.0.0, X-CUBE-AZRTOS-WB_V2.0.0, X-CUBE-AZRTOS-WL_V2.0.0, X-CUBE-BLE1_V7.0.0, X-CUBE-BLE2_V3.3.0, X-CUBE-BLEMGR_V3.1.0, X-CUBE-EEPRMA1_V5.1.0, X-CUBE-FREERTOS_V1.2.0, X-CUBE-GNSS1_V6.0.0, X-CUBE-MEMS1_V11.0.0, X-CUBE-NFC4_V3.0.0, X-CUBE-NFC7_V1.0.1, X-CUBE-SFXS2LP1_V4.0.0, X-CUBE-SUBG2_V5.0.0, X-CUBE-TOF1_V3.4.2]
2025-02-04 18:29:34,466 [INFO] ApiDb:240 - Found 646 in-development CPN: [B-G473E-ZEST1S, B-WB1M-WPAN1, B-WL5M-SUBG1, NUCLEO-C031C6, NUCLEO-C071RB, NUCLEO-H503RB, NUCLEO-H533RE, NUCLEO-H563ZI, NUCLEO-H7S3L8, NUCLEO-U031R8, NUCLEO-U083RC, NUCLEO-U545RE-Q, NUCLEO-U5A5ZJ-Q, NUCLEO-WB05KZ, NUCLEO-WB07CC, NUCLEO-WB09KE, NUCLEO-WBA52CG, NUCLEO-WBA55CG, STEVAL-PROTEUS1, STEVAL-SMARTAG2, STEVAL-STWINBX1, STM320518-EVAL, STM32C0116-DK, STM32C011D6Y3TR, STM32C011D6Y6TR, STM32C011F4P3, STM32C011F4P6, STM32C011F4U3, STM32C011F4U6TR, STM32C011F6P3, STM32C011F6P6, STM32C011F6U3, STM32C011F6U6TR, STM32C011J4M3, STM32C011J4M6, STM32C011J6M3, STM32C011J6M6, STM32C0316-DK, STM32C031C4T3, STM32C031C4T6, STM32C031C4U3, STM32C031C4U6, STM32C031C6T3, STM32C031C6T6, STM32C031C6U3, STM32C031C6U6, STM32C031F4P3, STM32C031F4P6, STM32C031F6P3, STM32C031F6P6, STM32C031G4U3, STM32C031G4U6, STM32C031G6U3, STM32C031G6U6, STM32C031K4T3, STM32C031K4T6, STM32C031K4U3, STM32C031K4U6, STM32C031K6T3, STM32C031K6T6, STM32C031K6U3, STM32C031K6U6, STM32C071C8T6, STM32C071C8T6N, STM32C071C8U6, STM32C071C8U6N, STM32C071CBT6, STM32C071CBT6N, STM32C071CBU6, STM32C071CBU6N, STM32C071F8P6, STM32C071F8P6N, STM32C071FBP6, STM32C071FBP6N, STM32C071FBY6TR, STM32C071G8U6, STM32C071G8U6N, STM32C071GBU6, STM32C071GBU6N, STM32C071K8T6, STM32C071K8T6N, STM32C071K8U6, STM32C071K8U6N, STM32C071KBT6, STM32C071KBT6N, STM32C071KBU6, STM32C071KBU6N, STM32C071R8T6, STM32C071R8T6N, STM32C071RBI6N, STM32C071RBT6, STM32C071RBT6N, STM32G071K8TXN, STM32G071K8UXN, STM32G081GBU6N, STM32G081KBT6N, STM32G081KBUXN, STM32G0B1CCT6N, STM32G0B1KCT6, STM32G0B1NEY6TR, STM32G0B1RCT6N, STM32G0C1CCT6, STM32G0C1CCT6N, STM32G0C1CCU6N, STM32G0C1CET6N, STM32G0C1CEU6N, STM32G0C1KCT6, STM32G0C1NEY6TR, STM32G0C1RCI6N, STM32G0C1RCT6N, STM32G0C1REI6N, STM32G0C1RET6N, STM32G0C1VCI6, STM32G0C1VEI6, STM32G411C6T3, STM32G411C6T6, STM32G411C6U3, STM32G411C6U6, STM32G411C8T3, STM32G411C8T6, STM32G411C8U3, STM32G411C8U6, STM32G411CBT3, STM32G411CBT6, STM32G411CBU3, STM32G411CBU6, STM32G411K6T3, STM32G411K6T6, STM32G411K6U3, STM32G411K6U6, STM32G411K8T3, STM32G411K8T6, STM32G411K8U3, STM32G411K8U6, STM32G411KBT3, STM32G411KBT6, STM32G411KBU3, STM32G411KBU6, STM32G411M6T3, STM32G411M6T6, STM32G411M8T3, STM32G411M8T6, STM32G411MBT3, STM32G411MBT6, STM32G411R6T3, STM32G411R6T6, STM32G411R8T3, STM32G411R8T6, STM32G411RBT3, STM32G411RBT6, STM32G414CBT3, STM32G414CBT6, STM32G414CBU3, STM32G414CBU6, STM32G414CCT3, STM32G414CCT6, STM32G414CCU3, STM32G414CCU6, STM32G414MBT3, STM32G414MBT6, STM32G414MCT3, STM32G414MCT6, STM32G414RBT3, STM32G414RBT6, STM32G414RCT3, STM32G414RCT6, STM32G414VBT3, STM32G414VBT6, STM32G414VCT3, STM32G414VCT6, STM32G431CBT3Z, STM32G431RBT3Z, STM32G471CCT6, STM32G471CCU6, STM32G471CET3, STM32G471CET6, STM32G471CEU3, STM32G471CEU6, STM32G471MCT6, STM32G471MET3, STM32G471MET6, STM32G471MEY6TR, STM32G471QCT6, STM32G471QET3, STM32G471RCT6, STM32G471RET3, STM32G471RET6, STM32G471VCH6, STM32G471VCI6, STM32G471VCT6, STM32G471VEH3, STM32G471VEH6, STM32G471VEI3, STM32G471VEI6, STM32G471VET3, STM32G471VET6, STM32G473QET3Z, STM32G473RET3Z, STM32G474CCT6, STM32G491RET3Z, STM32H503CBT6, STM32H503CBU6, STM32H503EBY6TR, STM32H503KBU6, STM32H503RBT6, STM32H523CCT6, STM32H523CCU6, STM32H523CET6, STM32H523CEU6, STM32H523HEY6TR, STM32H523RCT6, STM32H523RET6, STM32H523VCI6, STM32H523VCT6, STM32H523VEI6, STM32H523VET6, STM32H523ZCJ6, STM32H523ZCT6, STM32H523ZEJ6, STM32H523ZET6, STM32H533CET6, STM32H533CEU6, STM32H533HEY6TR, STM32H533RET6, STM32H533VEI6, STM32H533VET6, STM32H533ZEJ6, STM32H533ZET6, STM32H562AGI6, STM32H562AII6, STM32H562IGK6, STM32H562IGT6, STM32H562IIK6, STM32H562IIT6, STM32H562RGT6, STM32H562RGV6, STM32H562RIT6, STM32H562RIV6, STM32H562VGT6, STM32H562VIT6, STM32H562ZGT6, STM32H562ZIT6, STM32H563AGI6, STM32H563AII3Q, STM32H563AII6, STM32H563IGK6, STM32H563IGT6, STM32H563IIK3Q, STM32H563IIK6, STM32H563IIT3Q, STM32H563IIT6, STM32H563MIY3QTR, STM32H563RGT6, STM32H563RGV6, STM32H563RIT6, STM32H563RIV6, STM32H563VGT6, STM32H563VIT3Q, STM32H563VIT6, STM32H563ZGT6, STM32H563ZIT3Q, STM32H563ZIT6, STM32H573AII3Q, STM32H573AII6, STM32H573I-DK, STM32H573IIK3Q, STM32H573IIK6, STM32H573IIT3Q, STM32H573IIT6, STM32H573MIY3QTR, STM32H573RIT6, STM32H573RIV6, STM32H573VIT3Q, STM32H573VIT6, STM32H573ZIT3Q, STM32H573ZIT6, STM32H7R3A8I6, STM32H7R3I8K6, STM32H7R3I8T6, STM32H7R3L8H6, STM32H7R3L8H6H, STM32H7R3R8V6, STM32H7R3V8H6, STM32H7R3V8T6, STM32H7R3V8Y6TR, STM32H7R3Z8J6, STM32H7R3Z8T6, STM32H7R7A8I6, STM32H7R7I8K6, STM32H7R7I8T6, STM32H7R7L8H6, STM32H7R7L8H6H, STM32H7R7Z8J6, STM32H7S3A8I6, STM32H7S3I8K6, STM32H7S3I8T6, STM32H7S3L8H6, STM32H7S3L8H6H, STM32H7S3R8V6, STM32H7S3V8H6, STM32H7S3V8T6, STM32H7S3V8Y6TR, STM32H7S3Z8J6, STM32H7S3Z8T6, STM32H7S78-DK, STM32H7S7A8I6, STM32H7S7I8K6, STM32H7S7I8T6, STM32H7S7L8H6, STM32H7S7L8H6H, STM32H7S7Z8J6, STM32L4R5QGI6STR, STM32MP131AAE3, STM32MP131AAF3, STM32MP131AAG3, STM32MP131CAE3, STM32MP131CAF3, STM32MP131CAG3, STM32MP131DAE7, STM32MP131DAF7, STM32MP131DAG7, STM32MP131FAE7, STM32MP131FAF7, STM32MP131FAG7, STM32MP133AAE3, STM32MP133AAF3, STM32MP133AAG3, STM32MP133CAE3, STM32MP133CAF3, STM32MP133CAG3, STM32MP133DAE7, STM32MP133DAF7, STM32MP133DAG7, STM32MP133FAE7, STM32MP133FAF7, STM32MP133FAG7, STM32MP135AAE3, STM32MP135AAF3, STM32MP135AAG3, STM32MP135CAE3, STM32MP135CAF3, STM32MP135CAG3, STM32MP135DAE7, STM32MP135DAF7, STM32MP135DAG7, STM32MP135F-DK, STM32MP135FAE7, STM32MP135FAF7, STM32MP135FAF7T, STM32MP135FAF7U, STM32MP135FAG7, STM32MP251AAI3, STM32MP251AAK3, STM32MP251AAL3, STM32MP251CAI3, STM32MP251CAK3, STM32MP251CAL3, STM32MP251DAI3, STM32MP251DAK3, STM32MP251DAL3, STM32MP251FAI3, STM32MP251FAK3, STM32MP251FAL3, STM32MP253AAI3, STM32MP253AAK3, STM32MP253AAL3, STM32MP253CAI3, STM32MP253CAK3, STM32MP253CAL3, STM32MP253DAI3, STM32MP253DAK3, STM32MP253DAL3, STM32MP253FAI3, STM32MP253FAK3, STM32MP253FAL3, STM32MP255AAI3, STM32MP255AAK3, STM32MP255AAL3, STM32MP255CAI3, STM32MP255CAK3, STM32MP255CAL3, STM32MP255DAI3, STM32MP255DAK3, STM32MP255DAL3, STM32MP255FAI3, STM32MP255FAK3, STM32MP255FAL3, STM32MP257AAI3, STM32MP257AAK3, STM32MP257AAL3, STM32MP257CAI3, STM32MP257CAK3, STM32MP257CAL3, STM32MP257DAI3, STM32MP257DAK3, STM32MP257DAL3, STM32MP257F-DK, STM32MP257F-EV1, STM32MP257FAI3, STM32MP257FAK3, STM32MP257FAL3, STM32U031C6T6, STM32U031C6U6, STM32U031C8T6, STM32U031C8U6, STM32U031F4P6, STM32U031F6P6, STM32U031F8P6, STM32U031G6Y6TR, STM32U031G8Y6TR, STM32U031K4U6, STM32U031K6U6, STM32U031K8U6, STM32U031R6I6, STM32U031R6T6, STM32U031R8I6, STM32U031R8T6, STM32U073C8T6, STM32U073C8U6, STM32U073CBT6, STM32U073CBU6, STM32U073CCT6, STM32U073CCU6, STM32U073H8Y6TR, STM32U073HBY6TR, STM32U073HCY6TR, STM32U073K8U6, STM32U073KBU6, STM32U073KCU6, STM32U073M8I6, STM32U073M8T6, STM32U073MBI6, STM32U073MBT6, STM32U073MCI6, STM32U073MCT6, STM32U073R8I6, STM32U073R8T6, STM32U073RBI6, STM32U073RBT6, STM32U073RCI6, STM32U073RCT6, STM32U083C-DK, STM32U083CCT6, STM32U083CCU6, STM32U083HCY6TR, STM32U083KCU6, STM32U083MCI6, STM32U083MCT6, STM32U083RCI6, STM32U083RCT6, STM32U535CBT6, STM32U535CBT6Q, STM32U535CBU6, STM32U535CBU6Q, STM32U535CCT6, STM32U535CCT6Q, STM32U535CCU6, STM32U535CCU6Q, STM32U535CET6, STM32U535CET6Q, STM32U535CEU6, STM32U535CEU6Q, STM32U535JEY6QTR, STM32U535NCY6QTR, STM32U535NEY6QTR, STM32U535RBI6, STM32U535RBI6Q, STM32U535RBT6, STM32U535RBT6Q, STM32U535RCI6, STM32U535RCI6Q, STM32U535RCT6, STM32U535RCT6Q, STM32U535REI6, STM32U535REI6Q, STM32U535RET6, STM32U535RET6Q, STM32U535VCI6, STM32U535VCI6Q, STM32U535VCT6, STM32U535VCT6Q, STM32U535VEI6, STM32U535VEI6Q, STM32U535VET6, STM32U535VET6Q, STM32U545CET6, STM32U545CET6Q, STM32U545CEU6, STM32U545CEU6Q, STM32U545JEY6QTR, STM32U545NEY6QTR, STM32U545REI6, STM32U545REI6Q, STM32U545RET6, STM32U545RET6Q, STM32U545VEI6, STM32U545VEI6Q, STM32U545VET6, STM32U545VET6Q, STM32U595AIH6, STM32U595AIH6Q, STM32U595AJH6, STM32U595AJH6Q, STM32U595QII6, STM32U595QII6Q, STM32U595QJI6, STM32U595QJI6Q, STM32U595RIT6, STM32U595RIT6Q, STM32U595RJT6, STM32U595RJT6Q, STM32U595VIT6, STM32U595VIT6Q, STM32U595VJT6, STM32U595VJT6Q, STM32U595ZIT6, STM32U595ZIT6Q, STM32U595ZIY6QTR, STM32U595ZJT6, STM32U595ZJT6Q, STM32U595ZJY6QTR, STM32U599BJY6QTR, STM32U599NIH6Q, STM32U599NJH6Q, STM32U599VIT6Q, STM32U599VJT6, STM32U599VJT6Q, STM32U599ZIT6Q, STM32U599ZIY6QTR, STM32U599ZJT6Q, STM32U599ZJY6QTR, STM32U5A5AJH6, STM32U5A5AJH6Q, STM32U5A5QII3Q , STM32U5A5QJI6, STM32U5A5QJI6Q, STM32U5A5RJT6, STM32U5A5RJT6Q, STM32U5A5VJT6, STM32U5A5VJT6Q, STM32U5A5ZJT6, STM32U5A5ZJT6Q, STM32U5A5ZJY6QTR, STM32U5A9BJY6QTR, STM32U5A9J-DK, STM32U5A9NJH6Q, STM32U5A9VJT6Q, STM32U5A9ZJT6Q, STM32U5A9ZJY6QTR, STM32U5F7VIT6, STM32U5F7VIT6Q, STM32U5F7VJT6, STM32U5F7VJT6Q, STM32U5F9BJY6QTR, STM32U5F9NJH6Q, STM32U5F9VIT6Q, STM32U5F9VJT6Q, STM32U5F9ZIJ6QTR, STM32U5F9ZIT6Q, STM32U5F9ZJJ6QTR, STM32U5F9ZJT6Q, STM32U5G7VJT6, STM32U5G7VJT6Q, STM32U5G9BJY6QTR, STM32U5G9J-DK1, STM32U5G9J-DK2, STM32U5G9NJH6Q, STM32U5G9VJT6Q, STM32U5G9ZJJ6QTR, STM32U5G9ZJT6Q, STM32WB05KZV6TR, STM32WB05KZV7TR, STM32WB05TZF6TR, STM32WB05TZF7TR, STM32WB06CCF6TR, STM32WB06CCF7TR, STM32WB06CCV6TR, STM32WB06CCV7TR, STM32WB06KCV6TR, STM32WB06KCV7TR, STM32WB07CCF6TR, STM32WB07CCF7TR, STM32WB07CCV6TR, STM32WB07CCV7TR, STM32WB07KCV6TR, STM32WB07KCV7TR, STM32WB09KEV6TR, STM32WB09KEV7TR, STM32WB09TEF6TR, STM32WB09TEF7TR, STM32WB1MMCH6, STM32WBA50KGU6, STM32WBA50KGU6TR, STM32WBA52CEU6, STM32WBA52CEU6TR, STM32WBA52CEU7, STM32WBA52CEU7TR, STM32WBA52CGU6, STM32WBA52CGU6TR, STM32WBA52CGU6U, STM32WBA52CGU7, STM32WBA52CGU7TR, STM32WBA52KEU6, STM32WBA52KEU6TR, STM32WBA52KGU6, STM32WBA52KGU6TR, STM32WBA54CEU6, STM32WBA54CEU6TR, STM32WBA54CEU7, STM32WBA54CEU7TR, STM32WBA54CGU6, STM32WBA54CGU6TR, STM32WBA54CGU7, STM32WBA54CGU7TR, STM32WBA54KEU6, STM32WBA54KEU6TR, STM32WBA54KEU7, STM32WBA54KEU7TR, STM32WBA54KGU6, STM32WBA54KGU6TR, STM32WBA54KGU7, STM32WBA54KGU7TR, STM32WBA55CEU6, STM32WBA55CEU6TR, STM32WBA55CEU7, STM32WBA55CEU7TR, STM32WBA55CGU6, STM32WBA55CGU6TR, STM32WBA55CGU6U, STM32WBA55CGU7, STM32WBA55CGU7TR, STM32WBA55G-DK1, STM32WBA55HEF6, STM32WBA55HEF7, STM32WBA55HGF6, STM32WBA55HGF7, STM32WBA55UEI6, STM32WBA55UEI6TR, STM32WBA55UEI7, STM32WBA55UEI7TR, STM32WBA55UGI6, STM32WBA55UGI6TR, STM32WBA55UGI7, STM32WBA55UGI7TR, STM32WL5MOCH6, STM32WL5MOCH6TR]
2025-02-04 18:29:34,473 [INFO] DbMcus:218 - Found 4404 MCUs, 4404 are supported
2025-02-04 18:29:34,487 [INFO] ApiDb:423 - Load user favorites file C:\Users\danie/.stm32cubeide/favorites.mcus.txt: 0 item(s)
2025-02-04 18:29:34,487 [INFO] ApiDb:427 - User favorites MCUs=[]
2025-02-04 18:29:34,487 [INFO] DbMcus:224 - Set 0 / 0 favorites MCUs
2025-02-04 18:29:34,861 [INFO] ApiDb:668 - CubeFinder database Data Model version=2.1
2025-02-04 18:29:34,861 [INFO] ApiDb:669 - CubeFinder database Configuration version=3.0.39
2025-02-04 18:29:34,861 [INFO] ApiDb:670 - CubeFinder database generation date=2024-12-10 (1733817889)
2025-02-04 18:29:34,861 [INFO] ApiDb:671 - CubeFinder database FW Pack versions=[FP-ATR-ASTRA1_V2.0.0, FP-SNS-FLIGHT1_V5.0.2, FP-SNS-MOTENV1_V5.0.0, FP-SNS-MOTENVWB1_V1.4.0, FP-SNS-SMARTAG2_V1.2.0, FP-SNS-STBOX1_V2.0.0, STM32Cube_FW_C0_V1.3.0, STM32Cube_FW_F4_V1.28.1, STM32Cube_FW_F7_V1.17.2, STM32Cube_FW_G0_V1.6.2, STM32Cube_FW_G4_V1.6.1, STM32Cube_FW_H5_V1.4.0, STM32Cube_FW_H7RS_V1.1.0, STM32Cube_FW_H7_V1.12.0, STM32Cube_FW_L0_V1.12.2, STM32Cube_FW_L4_V1.18.1, STM32Cube_FW_L5_V1.5.1, STM32Cube_FW_N6_V1.0.0, STM32Cube_FW_U0_V1.2.0, STM32Cube_FW_U3_V1.0.0, STM32Cube_FW_U5_V1.7.0, STM32Cube_FW_WB0_V1.1.0, STM32Cube_FW_WBA_V1.5.0, STM32Cube_FW_WB_V1.21.0, STM32Cube_FW_WL3_V1.0.0, STM32Cube_FW_WL_V1.3.0, X-CUBE-ALGOBUILD_V1.4.0, X-CUBE-ALS_V1.0.2, X-CUBE-AZRTOS-F4_V1.1.0, X-CUBE-AZRTOS-F7_V1.1.0, X-CUBE-AZRTOS-G0_V1.1.0, X-CUBE-AZRTOS-G4_V2.0.0, X-CUBE-AZRTOS-H7RS_V1.0.0, X-CUBE-AZRTOS-H7_V3.3.0, X-CUBE-AZRTOS-L4_V2.0.0, X-CUBE-AZRTOS-L5_V2.0.0, X-CUBE-AZRTOS-WB_V2.0.0, X-CUBE-AZRTOS-WL_V2.0.0, X-CUBE-BLE1_V7.0.0, X-CUBE-BLE2_V3.3.0, X-CUBE-BLEMGR_V3.1.0, X-CUBE-EEPRMA1_V5.1.0, X-CUBE-FREERTOS_V1.2.0, X-CUBE-GNSS1_V6.0.0, X-CUBE-MEMS1_V11.0.0, X-CUBE-NFC4_V3.0.0, X-CUBE-NFC7_V1.0.1, X-CUBE-SFXS2LP1_V4.0.0, X-CUBE-SUBG2_V5.0.0, X-CUBE-TOF1_V3.4.2]
2025-02-04 18:29:34,928 [INFO] DbBoardsSqlite:226 - include board P-NUCLEO-WB55-NUCLEO as a kit item of type 'Nucleo-64'
2025-02-04 18:29:34,928 [INFO] DbBoardsSqlite:226 - include board P-NUCLEO-WB55-USBDONGLE as a kit item of type 'Nucleo USB Dongle'
2025-02-04 18:29:34,928 [INFO] DbBoardsSqlite:226 - include board STEVAL-IDP005V1 as a kit item of type 'Evaluation Board'
2025-02-04 18:29:34,929 [INFO] DbBoardsSqlite:226 - include board STEVAL-IDP005V2 as a kit item of type 'Evaluation Board'
2025-02-04 18:29:35,054 [INFO] ApiDb:240 - Found 646 in-development CPN: [B-G473E-ZEST1S, B-WB1M-WPAN1, B-WL5M-SUBG1, NUCLEO-C031C6, NUCLEO-C071RB, NUCLEO-H503RB, NUCLEO-H533RE, NUCLEO-H563ZI, NUCLEO-H7S3L8, NUCLEO-U031R8, NUCLEO-U083RC, NUCLEO-U545RE-Q, NUCLEO-U5A5ZJ-Q, NUCLEO-WB05KZ, NUCLEO-WB07CC, NUCLEO-WB09KE, NUCLEO-WBA52CG, NUCLEO-WBA55CG, STEVAL-PROTEUS1, STEVAL-SMARTAG2, STEVAL-STWINBX1, STM320518-EVAL, STM32C0116-DK, STM32C011D6Y3TR, STM32C011D6Y6TR, STM32C011F4P3, STM32C011F4P6, STM32C011F4U3, STM32C011F4U6TR, STM32C011F6P3, STM32C011F6P6, STM32C011F6U3, STM32C011F6U6TR, STM32C011J4M3, STM32C011J4M6, STM32C011J6M3, STM32C011J6M6, STM32C0316-DK, STM32C031C4T3, STM32C031C4T6, STM32C031C4U3, STM32C031C4U6, STM32C031C6T3, STM32C031C6T6, STM32C031C6U3, STM32C031C6U6, STM32C031F4P3, STM32C031F4P6, STM32C031F6P3, STM32C031F6P6, STM32C031G4U3, STM32C031G4U6, STM32C031G6U3, STM32C031G6U6, STM32C031K4T3, STM32C031K4T6, STM32C031K4U3, STM32C031K4U6, STM32C031K6T3, STM32C031K6T6, STM32C031K6U3, STM32C031K6U6, STM32C071C8T6, STM32C071C8T6N, STM32C071C8U6, STM32C071C8U6N, STM32C071CBT6, STM32C071CBT6N, STM32C071CBU6, STM32C071CBU6N, STM32C071F8P6, STM32C071F8P6N, STM32C071FBP6, STM32C071FBP6N, STM32C071FBY6TR, STM32C071G8U6, STM32C071G8U6N, STM32C071GBU6, STM32C071GBU6N, STM32C071K8T6, STM32C071K8T6N, STM32C071K8U6, STM32C071K8U6N, STM32C071KBT6, STM32C071KBT6N, STM32C071KBU6, STM32C071KBU6N, STM32C071R8T6, STM32C071R8T6N, STM32C071RBI6N, STM32C071RBT6, STM32C071RBT6N, STM32G071K8TXN, STM32G071K8UXN, STM32G081GBU6N, STM32G081KBT6N, STM32G081KBUXN, STM32G0B1CCT6N, STM32G0B1KCT6, STM32G0B1NEY6TR, STM32G0B1RCT6N, STM32G0C1CCT6, STM32G0C1CCT6N, STM32G0C1CCU6N, STM32G0C1CET6N, STM32G0C1CEU6N, STM32G0C1KCT6, STM32G0C1NEY6TR, STM32G0C1RCI6N, STM32G0C1RCT6N, STM32G0C1REI6N, STM32G0C1RET6N, STM32G0C1VCI6, STM32G0C1VEI6, STM32G411C6T3, STM32G411C6T6, STM32G411C6U3, STM32G411C6U6, STM32G411C8T3, STM32G411C8T6, STM32G411C8U3, STM32G411C8U6, STM32G411CBT3, STM32G411CBT6, STM32G411CBU3, STM32G411CBU6, STM32G411K6T3, STM32G411K6T6, STM32G411K6U3, STM32G411K6U6, STM32G411K8T3, STM32G411K8T6, STM32G411K8U3, STM32G411K8U6, STM32G411KBT3, STM32G411KBT6, STM32G411KBU3, STM32G411KBU6, STM32G411M6T3, STM32G411M6T6, STM32G411M8T3, STM32G411M8T6, STM32G411MBT3, STM32G411MBT6, STM32G411R6T3, STM32G411R6T6, STM32G411R8T3, STM32G411R8T6, STM32G411RBT3, STM32G411RBT6, STM32G414CBT3, STM32G414CBT6, STM32G414CBU3, STM32G414CBU6, STM32G414CCT3, STM32G414CCT6, STM32G414CCU3, STM32G414CCU6, STM32G414MBT3, STM32G414MBT6, STM32G414MCT3, STM32G414MCT6, STM32G414RBT3, STM32G414RBT6, STM32G414RCT3, STM32G414RCT6, STM32G414VBT3, STM32G414VBT6, STM32G414VCT3, STM32G414VCT6, STM32G431CBT3Z, STM32G431RBT3Z, STM32G471CCT6, STM32G471CCU6, STM32G471CET3, STM32G471CET6, STM32G471CEU3, STM32G471CEU6, STM32G471MCT6, STM32G471MET3, STM32G471MET6, STM32G471MEY6TR, STM32G471QCT6, STM32G471QET3, STM32G471RCT6, STM32G471RET3, STM32G471RET6, STM32G471VCH6, STM32G471VCI6, STM32G471VCT6, STM32G471VEH3, STM32G471VEH6, STM32G471VEI3, STM32G471VEI6, STM32G471VET3, STM32G471VET6, STM32G473QET3Z, STM32G473RET3Z, STM32G474CCT6, STM32G491RET3Z, STM32H503CBT6, STM32H503CBU6, STM32H503EBY6TR, STM32H503KBU6, STM32H503RBT6, STM32H523CCT6, STM32H523CCU6, STM32H523CET6, STM32H523CEU6, STM32H523HEY6TR, STM32H523RCT6, STM32H523RET6, STM32H523VCI6, STM32H523VCT6, STM32H523VEI6, STM32H523VET6, STM32H523ZCJ6, STM32H523ZCT6, STM32H523ZEJ6, STM32H523ZET6, STM32H533CET6, STM32H533CEU6, STM32H533HEY6TR, STM32H533RET6, STM32H533VEI6, STM32H533VET6, STM32H533ZEJ6, STM32H533ZET6, STM32H562AGI6, STM32H562AII6, STM32H562IGK6, STM32H562IGT6, STM32H562IIK6, STM32H562IIT6, STM32H562RGT6, STM32H562RGV6, STM32H562RIT6, STM32H562RIV6, STM32H562VGT6, STM32H562VIT6, STM32H562ZGT6, STM32H562ZIT6, STM32H563AGI6, STM32H563AII3Q, STM32H563AII6, STM32H563IGK6, STM32H563IGT6, STM32H563IIK3Q, STM32H563IIK6, STM32H563IIT3Q, STM32H563IIT6, STM32H563MIY3QTR, STM32H563RGT6, STM32H563RGV6, STM32H563RIT6, STM32H563RIV6, STM32H563VGT6, STM32H563VIT3Q, STM32H563VIT6, STM32H563ZGT6, STM32H563ZIT3Q, STM32H563ZIT6, STM32H573AII3Q, STM32H573AII6, STM32H573I-DK, STM32H573IIK3Q, STM32H573IIK6, STM32H573IIT3Q, STM32H573IIT6, STM32H573MIY3QTR, STM32H573RIT6, STM32H573RIV6, STM32H573VIT3Q, STM32H573VIT6, STM32H573ZIT3Q, STM32H573ZIT6, STM32H7R3A8I6, STM32H7R3I8K6, STM32H7R3I8T6, STM32H7R3L8H6, STM32H7R3L8H6H, STM32H7R3R8V6, STM32H7R3V8H6, STM32H7R3V8T6, STM32H7R3V8Y6TR, STM32H7R3Z8J6, STM32H7R3Z8T6, STM32H7R7A8I6, STM32H7R7I8K6, STM32H7R7I8T6, STM32H7R7L8H6, STM32H7R7L8H6H, STM32H7R7Z8J6, STM32H7S3A8I6, STM32H7S3I8K6, STM32H7S3I8T6, STM32H7S3L8H6, STM32H7S3L8H6H, STM32H7S3R8V6, STM32H7S3V8H6, STM32H7S3V8T6, STM32H7S3V8Y6TR, STM32H7S3Z8J6, STM32H7S3Z8T6, STM32H7S78-DK, STM32H7S7A8I6, STM32H7S7I8K6, STM32H7S7I8T6, STM32H7S7L8H6, STM32H7S7L8H6H, STM32H7S7Z8J6, STM32L4R5QGI6STR, STM32MP131AAE3, STM32MP131AAF3, STM32MP131AAG3, STM32MP131CAE3, STM32MP131CAF3, STM32MP131CAG3, STM32MP131DAE7, STM32MP131DAF7, STM32MP131DAG7, STM32MP131FAE7, STM32MP131FAF7, STM32MP131FAG7, STM32MP133AAE3, STM32MP133AAF3, STM32MP133AAG3, STM32MP133CAE3, STM32MP133CAF3, STM32MP133CAG3, STM32MP133DAE7, STM32MP133DAF7, STM32MP133DAG7, STM32MP133FAE7, STM32MP133FAF7, STM32MP133FAG7, STM32MP135AAE3, STM32MP135AAF3, STM32MP135AAG3, STM32MP135CAE3, STM32MP135CAF3, STM32MP135CAG3, STM32MP135DAE7, STM32MP135DAF7, STM32MP135DAG7, STM32MP135F-DK, STM32MP135FAE7, STM32MP135FAF7, STM32MP135FAF7T, STM32MP135FAF7U, STM32MP135FAG7, STM32MP251AAI3, STM32MP251AAK3, STM32MP251AAL3, STM32MP251CAI3, STM32MP251CAK3, STM32MP251CAL3, STM32MP251DAI3, STM32MP251DAK3, STM32MP251DAL3, STM32MP251FAI3, STM32MP251FAK3, STM32MP251FAL3, STM32MP253AAI3, STM32MP253AAK3, STM32MP253AAL3, STM32MP253CAI3, STM32MP253CAK3, STM32MP253CAL3, STM32MP253DAI3, STM32MP253DAK3, STM32MP253DAL3, STM32MP253FAI3, STM32MP253FAK3, STM32MP253FAL3, STM32MP255AAI3, STM32MP255AAK3, STM32MP255AAL3, STM32MP255CAI3, STM32MP255CAK3, STM32MP255CAL3, STM32MP255DAI3, STM32MP255DAK3, STM32MP255DAL3, STM32MP255FAI3, STM32MP255FAK3, STM32MP255FAL3, STM32MP257AAI3, STM32MP257AAK3, STM32MP257AAL3, STM32MP257CAI3, STM32MP257CAK3, STM32MP257CAL3, STM32MP257DAI3, STM32MP257DAK3, STM32MP257DAL3, STM32MP257F-DK, STM32MP257F-EV1, STM32MP257FAI3, STM32MP257FAK3, STM32MP257FAL3, STM32U031C6T6, STM32U031C6U6, STM32U031C8T6, STM32U031C8U6, STM32U031F4P6, STM32U031F6P6, STM32U031F8P6, STM32U031G6Y6TR, STM32U031G8Y6TR, STM32U031K4U6, STM32U031K6U6, STM32U031K8U6, STM32U031R6I6, STM32U031R6T6, STM32U031R8I6, STM32U031R8T6, STM32U073C8T6, STM32U073C8U6, STM32U073CBT6, STM32U073CBU6, STM32U073CCT6, STM32U073CCU6, STM32U073H8Y6TR, STM32U073HBY6TR, STM32U073HCY6TR, STM32U073K8U6, STM32U073KBU6, STM32U073KCU6, STM32U073M8I6, STM32U073M8T6, STM32U073MBI6, STM32U073MBT6, STM32U073MCI6, STM32U073MCT6, STM32U073R8I6, STM32U073R8T6, STM32U073RBI6, STM32U073RBT6, STM32U073RCI6, STM32U073RCT6, STM32U083C-DK, STM32U083CCT6, STM32U083CCU6, STM32U083HCY6TR, STM32U083KCU6, STM32U083MCI6, STM32U083MCT6, STM32U083RCI6, STM32U083RCT6, STM32U535CBT6, STM32U535CBT6Q, STM32U535CBU6, STM32U535CBU6Q, STM32U535CCT6, STM32U535CCT6Q, STM32U535CCU6, STM32U535CCU6Q, STM32U535CET6, STM32U535CET6Q, STM32U535CEU6, STM32U535CEU6Q, STM32U535JEY6QTR, STM32U535NCY6QTR, STM32U535NEY6QTR, STM32U535RBI6, STM32U535RBI6Q, STM32U535RBT6, STM32U535RBT6Q, STM32U535RCI6, STM32U535RCI6Q, STM32U535RCT6, STM32U535RCT6Q, STM32U535REI6, STM32U535REI6Q, STM32U535RET6, STM32U535RET6Q, STM32U535VCI6, STM32U535VCI6Q, STM32U535VCT6, STM32U535VCT6Q, STM32U535VEI6, STM32U535VEI6Q, STM32U535VET6, STM32U535VET6Q, STM32U545CET6, STM32U545CET6Q, STM32U545CEU6, STM32U545CEU6Q, STM32U545JEY6QTR, STM32U545NEY6QTR, STM32U545REI6, STM32U545REI6Q, STM32U545RET6, STM32U545RET6Q, STM32U545VEI6, STM32U545VEI6Q, STM32U545VET6, STM32U545VET6Q, STM32U595AIH6, STM32U595AIH6Q, STM32U595AJH6, STM32U595AJH6Q, STM32U595QII6, STM32U595QII6Q, STM32U595QJI6, STM32U595QJI6Q, STM32U595RIT6, STM32U595RIT6Q, STM32U595RJT6, STM32U595RJT6Q, STM32U595VIT6, STM32U595VIT6Q, STM32U595VJT6, STM32U595VJT6Q, STM32U595ZIT6, STM32U595ZIT6Q, STM32U595ZIY6QTR, STM32U595ZJT6, STM32U595ZJT6Q, STM32U595ZJY6QTR, STM32U599BJY6QTR, STM32U599NIH6Q, STM32U599NJH6Q, STM32U599VIT6Q, STM32U599VJT6, STM32U599VJT6Q, STM32U599ZIT6Q, STM32U599ZIY6QTR, STM32U599ZJT6Q, STM32U599ZJY6QTR, STM32U5A5AJH6, STM32U5A5AJH6Q, STM32U5A5QII3Q , STM32U5A5QJI6, STM32U5A5QJI6Q, STM32U5A5RJT6, STM32U5A5RJT6Q, STM32U5A5VJT6, STM32U5A5VJT6Q, STM32U5A5ZJT6, STM32U5A5ZJT6Q, STM32U5A5ZJY6QTR, STM32U5A9BJY6QTR, STM32U5A9J-DK, STM32U5A9NJH6Q, STM32U5A9VJT6Q, STM32U5A9ZJT6Q, STM32U5A9ZJY6QTR, STM32U5F7VIT6, STM32U5F7VIT6Q, STM32U5F7VJT6, STM32U5F7VJT6Q, STM32U5F9BJY6QTR, STM32U5F9NJH6Q, STM32U5F9VIT6Q, STM32U5F9VJT6Q, STM32U5F9ZIJ6QTR, STM32U5F9ZIT6Q, STM32U5F9ZJJ6QTR, STM32U5F9ZJT6Q, STM32U5G7VJT6, STM32U5G7VJT6Q, STM32U5G9BJY6QTR, STM32U5G9J-DK1, STM32U5G9J-DK2, STM32U5G9NJH6Q, STM32U5G9VJT6Q, STM32U5G9ZJJ6QTR, STM32U5G9ZJT6Q, STM32WB05KZV6TR, STM32WB05KZV7TR, STM32WB05TZF6TR, STM32WB05TZF7TR, STM32WB06CCF6TR, STM32WB06CCF7TR, STM32WB06CCV6TR, STM32WB06CCV7TR, STM32WB06KCV6TR, STM32WB06KCV7TR, STM32WB07CCF6TR, STM32WB07CCF7TR, STM32WB07CCV6TR, STM32WB07CCV7TR, STM32WB07KCV6TR, STM32WB07KCV7TR, STM32WB09KEV6TR, STM32WB09KEV7TR, STM32WB09TEF6TR, STM32WB09TEF7TR, STM32WB1MMCH6, STM32WBA50KGU6, STM32WBA50KGU6TR, STM32WBA52CEU6, STM32WBA52CEU6TR, STM32WBA52CEU7, STM32WBA52CEU7TR, STM32WBA52CGU6, STM32WBA52CGU6TR, STM32WBA52CGU6U, STM32WBA52CGU7, STM32WBA52CGU7TR, STM32WBA52KEU6, STM32WBA52KEU6TR, STM32WBA52KGU6, STM32WBA52KGU6TR, STM32WBA54CEU6, STM32WBA54CEU6TR, STM32WBA54CEU7, STM32WBA54CEU7TR, STM32WBA54CGU6, STM32WBA54CGU6TR, STM32WBA54CGU7, STM32WBA54CGU7TR, STM32WBA54KEU6, STM32WBA54KEU6TR, STM32WBA54KEU7, STM32WBA54KEU7TR, STM32WBA54KGU6, STM32WBA54KGU6TR, STM32WBA54KGU7, STM32WBA54KGU7TR, STM32WBA55CEU6, STM32WBA55CEU6TR, STM32WBA55CEU7, STM32WBA55CEU7TR, STM32WBA55CGU6, STM32WBA55CGU6TR, STM32WBA55CGU6U, STM32WBA55CGU7, STM32WBA55CGU7TR, STM32WBA55G-DK1, STM32WBA55HEF6, STM32WBA55HEF7, STM32WBA55HGF6, STM32WBA55HGF7, STM32WBA55UEI6, STM32WBA55UEI6TR, STM32WBA55UEI7, STM32WBA55UEI7TR, STM32WBA55UGI6, STM32WBA55UGI6TR, STM32WBA55UGI7, STM32WBA55UGI7TR, STM32WL5MOCH6, STM32WL5MOCH6TR]
2025-02-04 18:29:35,459 [INFO] BoardInfo:889 - No configuration file found for board NUCLEO-N657X0-Q
2025-02-04 18:29:35,460 [INFO] DbBoards:161 - Board is not supported: NUCLEO-N657X0-Q
2025-02-04 18:29:35,513 [INFO] BoardInfo:889 - No configuration file found for board P-NUCLEO-WB55
2025-02-04 18:29:35,513 [INFO] DbBoards:161 - Kit is not supported: P-NUCLEO-WB55
2025-02-04 18:29:35,521 [INFO] BoardInfo:889 - No configuration file found for board STEVAL-BFA001V1B
2025-02-04 18:29:35,522 [INFO] DbBoards:161 - Kit is not supported: STEVAL-BFA001V1B
2025-02-04 18:29:35,523 [INFO] BoardInfo:889 - No configuration file found for board STEVAL-BFA001V2B
2025-02-04 18:29:35,524 [INFO] DbBoards:161 - Kit is not supported: STEVAL-BFA001V2B
2025-02-04 18:29:35,721 [INFO] BoardInfo:889 - No configuration file found for board STM32N6570-DK
2025-02-04 18:29:35,722 [INFO] DbBoards:161 - Board is not supported: STM32N6570-DK
2025-02-04 18:29:35,738 [INFO] DbBoards:168 - Found 203 boards, 198 are supported
2025-02-04 18:29:35,738 [INFO] DbBoards:169 - Found 203 boards, 25 of them is supported for  Bsp
2025-02-04 18:29:35,756 [INFO] ApiDb:423 - Load user favorites file C:\Users\danie/.stm32cubeide/favorites.boards.txt: 0 item(s)
2025-02-04 18:29:35,756 [INFO] ApiDb:427 - User favorites Boards=[]
2025-02-04 18:29:35,756 [INFO] DbBoards:198 - Set 0 / 0 favorites Boards
2025-02-04 18:29:35,760 [INFO] ApiDb:668 - CubeFinder database Data Model version=2.1
2025-02-04 18:29:35,760 [INFO] ApiDb:669 - CubeFinder database Configuration version=3.0.39
2025-02-04 18:29:35,760 [INFO] ApiDb:670 - CubeFinder database generation date=2024-12-10 (1733817889)
2025-02-04 18:29:35,760 [INFO] ApiDb:671 - CubeFinder database FW Pack versions=[FP-ATR-ASTRA1_V2.0.0, FP-SNS-FLIGHT1_V5.0.2, FP-SNS-MOTENV1_V5.0.0, FP-SNS-MOTENVWB1_V1.4.0, FP-SNS-SMARTAG2_V1.2.0, FP-SNS-STBOX1_V2.0.0, STM32Cube_FW_C0_V1.3.0, STM32Cube_FW_F4_V1.28.1, STM32Cube_FW_F7_V1.17.2, STM32Cube_FW_G0_V1.6.2, STM32Cube_FW_G4_V1.6.1, STM32Cube_FW_H5_V1.4.0, STM32Cube_FW_H7RS_V1.1.0, STM32Cube_FW_H7_V1.12.0, STM32Cube_FW_L0_V1.12.2, STM32Cube_FW_L4_V1.18.1, STM32Cube_FW_L5_V1.5.1, STM32Cube_FW_N6_V1.0.0, STM32Cube_FW_U0_V1.2.0, STM32Cube_FW_U3_V1.0.0, STM32Cube_FW_U5_V1.7.0, STM32Cube_FW_WB0_V1.1.0, STM32Cube_FW_WBA_V1.5.0, STM32Cube_FW_WB_V1.21.0, STM32Cube_FW_WL3_V1.0.0, STM32Cube_FW_WL_V1.3.0, X-CUBE-ALGOBUILD_V1.4.0, X-CUBE-ALS_V1.0.2, X-CUBE-AZRTOS-F4_V1.1.0, X-CUBE-AZRTOS-F7_V1.1.0, X-CUBE-AZRTOS-G0_V1.1.0, X-CUBE-AZRTOS-G4_V2.0.0, X-CUBE-AZRTOS-H7RS_V1.0.0, X-CUBE-AZRTOS-H7_V3.3.0, X-CUBE-AZRTOS-L4_V2.0.0, X-CUBE-AZRTOS-L5_V2.0.0, X-CUBE-AZRTOS-WB_V2.0.0, X-CUBE-AZRTOS-WL_V2.0.0, X-CUBE-BLE1_V7.0.0, X-CUBE-BLE2_V3.3.0, X-CUBE-BLEMGR_V3.1.0, X-CUBE-EEPRMA1_V5.1.0, X-CUBE-FREERTOS_V1.2.0, X-CUBE-GNSS1_V6.0.0, X-CUBE-MEMS1_V11.0.0, X-CUBE-NFC4_V3.0.0, X-CUBE-NFC7_V1.0.1, X-CUBE-SFXS2LP1_V4.0.0, X-CUBE-SUBG2_V5.0.0, X-CUBE-TOF1_V3.4.2]
2025-02-04 18:29:36,679 [ERROR] DbExamplesSqlite:437 - Missing JSON key: board_cpn
2025-02-04 18:29:36,680 [ERROR] DbExamplesSqlite:437 - Missing JSON key: board_cpn
2025-02-04 18:29:36,680 [ERROR] DbExamplesSqlite:437 - Missing JSON key: board_cpn
2025-02-04 18:29:36,680 [ERROR] DbExamplesSqlite:437 - Missing JSON key: board_cpn
2025-02-04 18:29:36,860 [ERROR] DbExamplesSqlite:437 - Missing JSON key: board_cpn
2025-02-04 18:29:36,860 [ERROR] DbExamplesSqlite:437 - Missing JSON key: board_cpn
2025-02-04 18:29:36,860 [ERROR] DbExamplesSqlite:437 - Missing JSON key: board_cpn
2025-02-04 18:29:36,861 [ERROR] DbExamplesSqlite:437 - Missing JSON key: board_cpn
2025-02-04 18:29:36,861 [ERROR] DbExamplesSqlite:437 - Missing JSON key: board_cpn
2025-02-04 18:29:36,861 [ERROR] DbExamplesSqlite:437 - Missing JSON key: board_cpn
2025-02-04 18:29:36,862 [ERROR] DbExamplesSqlite:437 - Missing JSON key: board_cpn
2025-02-04 18:29:36,862 [ERROR] DbExamplesSqlite:437 - Missing JSON key: board_cpn
2025-02-04 18:29:36,862 [ERROR] DbExamplesSqlite:437 - Missing JSON key: board_cpn
2025-02-04 18:29:37,073 [INFO] DbExamplesSqlite:395 - Ignored 77 examples not supported by CubeIDE
2025-02-04 18:29:37,073 [INFO] DbExamplesSqlite:396 - Found 10474 examples active
2025-02-04 18:29:37,073 [INFO] DbExamplesSqlite:397 - Found 0 examples obsolete
2025-02-04 18:29:37,073 [INFO] DbExamplesSqlite:398 - Found 0 examples under development
2025-02-04 18:29:37,073 [INFO] DbExamplesSqlite:399 - Found 43 examples not building
2025-02-04 18:29:37,075 [INFO] DbExamples:125 - Found 10440 examples
2025-02-04 18:29:37,285 [ERROR] DbExamples:208 - Found 551 examples with invalid data (board or MCU)
2025-02-04 18:29:37,286 [INFO] DbExamples:222 - Found 126 boards with related examples
2025-02-04 18:29:37,287 [INFO] DbExamples:235 - Found 106 MCUs with related examples
2025-02-04 18:29:37,319 [INFO] ApiDb:414 - User favorites file not found: C:\Users\danie/.stm32cubeide/favorites.examples.txt
2025-02-04 18:29:37,320 [INFO] DbExamples:250 - Set 0 / 0 favorites Examples
2025-02-04 18:29:38,386 [INFO] McuFinderGlobals:76 - Set McuFinderConnectedMode to true
2025-02-04 18:29:38,542 [INFO] MultiScanPanel:200 - Auto-refresh data requested => check proxy status ongoing
2025-02-04 18:29:38,575 [INFO] FinderPluginLoader:95 - Searching for filters in installed packs
2025-02-04 18:29:40,729 [INFO] LoadUrlFilesThread:185 - End of LoadServerUrlFiles without Thread
2025-02-04 18:29:40,803 [INFO] DetailPanel:341 - Set advertising image to C:/Users/danie/STM32Cube/Repository/\en.prom-stm32n6-mcu-finder.png
2025-02-04 18:31:46,464 [INFO] MainUpdater:2873 - connection check result : 10
2025-02-04 18:31:46,464 [INFO] MainUpdater:2873 - connection check result : 10
2025-02-04 18:31:47,136 [INFO] RulesReader:64 - Compatibility file has been processed (297 Rules)
2025-02-04 18:31:47,152 [INFO] RulesReader:64 - Compatibility file has been processed (297 Rules)
2025-02-04 18:31:47,277 [INFO] MicroXplorer:468 - Change Database Path : 
2025-02-04 18:31:47,277 [INFO] MicroXplorer:498 - Change Database Version : DB.6.0.121
2025-02-04 18:31:47,589 [WARN] ThirdParty:871 - waiting for thirdparty lock release [close project]
2025-02-04 18:31:47,589 [INFO] ThirdParty:873 - entering critical section [close project]
2025-02-04 18:31:47,589 [INFO] ThirdParty:883 - exiting critical section [close project]
2025-02-04 18:31:47,589 [INFO] PinOutPanel:1561 - setPackage(No Configuration,No Configuration)
2025-02-04 18:31:47,589 [INFO] UtilMem:75 - Begin LoadConfig() Used Memory: 727810776 Bytes (1073741824)
2025-02-04 18:31:47,589 [INFO] MicroXplorer:468 - Change Database Path : 
2025-02-04 18:31:47,605 [INFO] MicroXplorer:498 - Change Database Version : DB.6.0.121
2025-02-04 18:31:47,605 [INFO] OpenFileManager:332 - Change cursor
2025-02-04 18:31:47,933 [WARN] IntegrityCheckThread:84 - waiting for thirdparty lock release [integrity check]
2025-02-04 18:31:47,933 [INFO] IntegrityCheckThread:86 - entering critical section [integrity check]
2025-02-04 18:31:52,035 [WARN] PackLoader:240 - Cannot read IP mode file for STMicroelectronics.FP-SNS-MOTENVWB1.1.4.0
2025-02-04 18:31:52,077 [WARN] PackLoader:240 - Cannot read IP mode file for STMicroelectronics.FP-ATR-ASTRA1.2.0.1
2025-02-04 18:31:52,180 [WARN] PackLoader:240 - Cannot read IP mode file for STMicroelectronics.X-CUBE-SMBUS.2.1.0
2025-02-04 18:31:52,233 [WARN] PackLoader:240 - Cannot read IP mode file for STMicroelectronics.X-CUBE-WB05N.1.1.0
2025-02-04 18:31:52,417 [WARN] PackLoader:240 - Cannot read IP mode file for STMicroelectronics.X-CUBE-AZRTOS-F7.1.1.0
2025-02-04 18:31:52,866 [WARN] PackLoader:240 - Cannot read IP mode file for STMicroelectronics.X-CUBE-MEMS1.11.0.0
2025-02-04 18:31:53,355 [WARN] PackLoader:240 - Cannot read IP mode file for STMicroelectronics.FP-SNS-FLIGHT1.5.0.2
2025-02-04 18:31:53,580 [WARN] PackLoader:240 - Cannot read IP mode file for STMicroelectronics.X-CUBE-DISPLAY.3.0.0
2025-02-04 18:31:53,733 [WARN] PackLoader:240 - Cannot read IP mode file for STMicroelectronics.X-CUBE-BLE1.7.0.0
2025-02-04 18:31:53,909 [WARN] PackLoader:240 - Cannot read IP mode file for STMicroelectronics.X-CUBE-NFC10.1.0.0
2025-02-04 18:31:54,079 [WARN] PackLoader:240 - Cannot read IP mode file for STMicroelectronics.X-CUBE-BLEMGR.4.0.0
2025-02-04 18:31:54,241 [WARN] PackLoader:240 - Cannot read IP mode file for emotas.I-CUBE-CANOPEN.1.3.0
2025-02-04 18:31:54,332 [WARN] PackLoader:240 - Cannot read IP mode file for STMicroelectronics.X-CUBE-BLEMGR.3.1.0
2025-02-04 18:31:54,348 [WARN] PackLoader:240 - Cannot read IP mode file for STMicroelectronics.X-CUBE-AI.10.0.0
2025-02-04 18:31:54,445 [WARN] PackLoader:240 - Cannot read IP mode file for STMicroelectronics.FP-SNS-SMARTAG2.1.2.0
2025-02-04 18:31:54,614 [WARN] PackLoader:240 - Cannot read IP mode file for STMicroelectronics.X-CUBE-MEMS1.11.1.0
2025-02-04 18:31:55,115 [INFO] LogOutputStream:77 - [STDOUT_REDIRECT] 1 : Invalid condition id : UX_CORESTACK_Condition cause : null
2025-02-04 18:31:55,116 [INFO] LogOutputStream:77 - [STDOUT_REDIRECT] 1 : Invalid condition id : UX_CORESTACK_Condition cause : null
2025-02-04 18:31:55,119 [INFO] LogOutputStream:77 - [STDOUT_REDIRECT] 1 : Invalid condition id : UX_CORESTACK_Condition cause : null
2025-02-04 18:31:55,121 [INFO] LogOutputStream:77 - [STDOUT_REDIRECT] 1 : Invalid condition id : UX_CORESTACK_Condition cause : null
2025-02-04 18:31:55,124 [INFO] LogOutputStream:77 - [STDOUT_REDIRECT] 1 : Invalid condition id : UX_CORESTACK_Condition cause : null
2025-02-04 18:31:55,130 [WARN] PackLoader:240 - Cannot read IP mode file for STMicroelectronics.X-CUBE-AZRTOS-WL.2.0.0
2025-02-04 18:31:55,254 [WARN] PackLoader:240 - Cannot read IP mode file for STMicroelectronics.FP-SNS-MOTENV1.5.0.0
2025-02-04 18:31:55,370 [WARN] PackLoader:240 - Cannot read IP mode file for wolfSSL.I-CUBE-wolfMQTT.1.19.0
2025-02-04 18:31:55,616 [WARN] PackLoader:240 - Cannot read IP mode file for WES.I-CUBE-Cesium.1.3.0
2025-02-04 18:31:55,730 [WARN] PackLoader:240 - Cannot read IP mode file for STMicroelectronics.X-CUBE-BLE2.3.3.0
2025-02-04 18:31:55,998 [WARN] PackLoader:240 - Cannot read IP mode file for STMicroelectronics.X-CUBE-NFC9.1.0.0
2025-02-04 18:31:56,089 [WARN] PackLoader:240 - Cannot read IP mode file for STMicroelectronics.X-CUBE-TCPP.4.1.0
2025-02-04 18:31:56,272 [WARN] PackLoader:240 - Cannot read IP mode file for STMicroelectronics.X-CUBE-AZRTOS-G0.1.1.0
2025-02-04 18:31:56,549 [WARN] PackLoader:240 - Cannot read IP mode file for STMicroelectronics.X-CUBE-SAFEA1.1.2.2
2025-02-04 18:31:56,651 [WARN] PackLoader:240 - Cannot read IP mode file for STMicroelectronics.X-CUBE-NFC4.3.0.0
2025-02-04 18:31:56,952 [WARN] PackLoader:240 - Cannot read IP mode file for EmbeddedOffice.I-CUBE-FS-RTOS.1.0.1
2025-02-04 18:31:56,953 [ERROR] ConditionMgr:805 - Attr not supported : Dmpu
2025-02-04 18:31:56,953 [ERROR] ConditionMgr:805 - Attr not supported : Dmpu
2025-02-04 18:31:56,953 [ERROR] ConditionMgr:805 - Attr not supported : Dmpu
2025-02-04 18:31:56,953 [ERROR] ConditionMgr:805 - Attr not supported : Dmpu
2025-02-04 18:31:56,954 [ERROR] ConditionMgr:805 - Attr not supported : Dmpu
2025-02-04 18:31:56,954 [ERROR] ConditionMgr:805 - Attr not supported : Dmpu
2025-02-04 18:31:56,954 [ERROR] ConditionMgr:805 - Attr not supported : Dmpu
2025-02-04 18:31:56,954 [ERROR] ConditionMgr:805 - Attr not supported : Dmpu
2025-02-04 18:31:56,954 [ERROR] ConditionMgr:805 - Attr not supported : Dmpu
2025-02-04 18:31:56,954 [ERROR] ConditionMgr:805 - Attr not supported : Dmpu
2025-02-04 18:31:56,954 [ERROR] ConditionMgr:805 - Attr not supported : Dmpu
2025-02-04 18:31:56,954 [ERROR] ConditionMgr:805 - Attr not supported : Dmpu
2025-02-04 18:31:56,955 [ERROR] ConditionMgr:805 - Attr not supported : Dmpu
2025-02-04 18:31:56,955 [ERROR] ConditionMgr:805 - Attr not supported : Dmpu
2025-02-04 18:31:56,955 [ERROR] ConditionMgr:805 - Attr not supported : Dmpu
2025-02-04 18:31:56,956 [ERROR] ConditionMgr:805 - Attr not supported : Dmpu
2025-02-04 18:31:56,956 [ERROR] ConditionMgr:805 - Attr not supported : Dmpu
2025-02-04 18:31:56,956 [ERROR] ConditionMgr:805 - Attr not supported : Dmpu
2025-02-04 18:31:56,956 [ERROR] ConditionMgr:805 - Attr not supported : Dmpu
2025-02-04 18:31:56,956 [ERROR] ConditionMgr:805 - Attr not supported : Dmpu
2025-02-04 18:31:56,956 [ERROR] ConditionMgr:805 - Attr not supported : Dmpu
2025-02-04 18:31:56,956 [ERROR] ConditionMgr:805 - Attr not supported : Dmpu
2025-02-04 18:31:56,956 [ERROR] ConditionMgr:805 - Attr not supported : Dmpu
2025-02-04 18:31:56,957 [ERROR] ConditionMgr:805 - Attr not supported : Dmpu
2025-02-04 18:31:56,957 [ERROR] ConditionMgr:805 - Attr not supported : Dmpu
2025-02-04 18:31:56,957 [ERROR] ConditionMgr:805 - Attr not supported : Dmpu
2025-02-04 18:31:56,957 [ERROR] ConditionMgr:805 - Attr not supported : Dmpu
2025-02-04 18:31:56,957 [ERROR] ConditionMgr:805 - Attr not supported : Dmpu
2025-02-04 18:31:56,957 [ERROR] ConditionMgr:805 - Attr not supported : Dmpu
2025-02-04 18:31:56,957 [ERROR] ConditionMgr:805 - Attr not supported : Dmpu
2025-02-04 18:31:56,958 [ERROR] ConditionMgr:805 - Attr not supported : Dmpu
2025-02-04 18:31:56,958 [ERROR] ConditionMgr:805 - Attr not supported : Dmpu
2025-02-04 18:31:56,958 [ERROR] ConditionMgr:805 - Attr not supported : Dmpu
2025-02-04 18:31:56,958 [ERROR] ConditionMgr:805 - Attr not supported : Dmpu
2025-02-04 18:31:56,958 [ERROR] ConditionMgr:805 - Attr not supported : Dmpu
2025-02-04 18:31:56,958 [ERROR] ConditionMgr:805 - Attr not supported : Dmpu
2025-02-04 18:31:56,958 [ERROR] ConditionMgr:805 - Attr not supported : Dmpu
2025-02-04 18:31:56,959 [ERROR] ConditionMgr:805 - Attr not supported : Dmpu
2025-02-04 18:31:56,959 [ERROR] ConditionMgr:805 - Attr not supported : Dmpu
2025-02-04 18:31:56,959 [ERROR] ConditionMgr:805 - Attr not supported : Dmpu
2025-02-04 18:31:56,959 [ERROR] ConditionMgr:805 - Attr not supported : Dmpu
2025-02-04 18:31:56,959 [ERROR] ConditionMgr:805 - Attr not supported : Dmpu
2025-02-04 18:31:56,959 [ERROR] ConditionMgr:805 - Attr not supported : Dmpu
2025-02-04 18:31:56,960 [ERROR] ConditionMgr:805 - Attr not supported : Dmpu
2025-02-04 18:31:56,960 [ERROR] ConditionMgr:805 - Attr not supported : Dmpu
2025-02-04 18:31:56,960 [ERROR] ConditionMgr:805 - Attr not supported : Dmpu
2025-02-04 18:31:56,961 [ERROR] ConditionMgr:805 - Attr not supported : Dmpu
2025-02-04 18:31:56,961 [ERROR] ConditionMgr:805 - Attr not supported : Dmpu
2025-02-04 18:31:56,961 [ERROR] ConditionMgr:805 - Attr not supported : Dmpu
2025-02-04 18:31:56,961 [ERROR] ConditionMgr:805 - Attr not supported : Dmpu
2025-02-04 18:31:56,961 [ERROR] ConditionMgr:805 - Attr not supported : Dmpu
2025-02-04 18:31:56,961 [ERROR] ConditionMgr:805 - Attr not supported : Dmpu
2025-02-04 18:31:56,962 [ERROR] ConditionMgr:805 - Attr not supported : Dmpu
2025-02-04 18:31:56,962 [ERROR] ConditionMgr:805 - Attr not supported : Dmpu
2025-02-04 18:31:56,962 [ERROR] ConditionMgr:805 - Attr not supported : Dmpu
2025-02-04 18:31:56,962 [ERROR] ConditionMgr:805 - Attr not supported : Dmpu
2025-02-04 18:31:56,962 [ERROR] ConditionMgr:805 - Attr not supported : Dmpu
2025-02-04 18:31:56,962 [ERROR] ConditionMgr:805 - Attr not supported : Dmpu
2025-02-04 18:31:56,962 [ERROR] ConditionMgr:805 - Attr not supported : Dmpu
2025-02-04 18:31:56,962 [ERROR] ConditionMgr:805 - Attr not supported : Dmpu
2025-02-04 18:31:56,962 [ERROR] ConditionMgr:805 - Attr not supported : Dmpu
2025-02-04 18:31:56,962 [ERROR] ConditionMgr:805 - Attr not supported : Dmpu
2025-02-04 18:31:56,962 [ERROR] ConditionMgr:805 - Attr not supported : Dmpu
2025-02-04 18:31:56,963 [ERROR] ConditionMgr:805 - Attr not supported : Dmpu
2025-02-04 18:31:57,082 [ERROR] Engine:466 - C:\Users\danie\.stm32cubemx\thirdparties\pdsc\STMicroelectronics.X-CUBE-TCPP.4.2.0.pdsc: PDSC version is not supported
2025-02-04 18:31:57,208 [WARN] PackLoader:240 - Cannot read IP mode file for RealThread.X-CUBE-RT-Thread_Nano.4.1.1
2025-02-04 18:31:57,261 [WARN] PackLoader:240 - Cannot read IP mode file for STMicroelectronics.FP-ATR-SIGFOX1.3.2.0
2025-02-04 18:31:57,310 [WARN] PackLoader:240 - Cannot read IP mode file for wolfSSL.I-CUBE-wolfSSL.5.7.2
2025-02-04 18:31:57,404 [WARN] ConditionMgr:438 - getConditionDescription Invalid condition id : Cortex-A Device cause : null
2025-02-04 18:31:57,463 [WARN] ConditionMgr:1039 - genDependencies : Invalid condition id : Cortex-A Device cause : null
2025-02-04 18:31:57,463 [WARN] ConditionMgr:1039 - genDependencies : Invalid condition id : Cortex-A Device cause : null
2025-02-04 18:31:57,463 [WARN] ConditionMgr:1039 - genDependencies : Invalid condition id : Cortex-A Device cause : null
2025-02-04 18:31:57,533 [WARN] PackLoader:240 - Cannot read IP mode file for STMicroelectronics.X-CUBE-EEPRMA1.5.1.0
2025-02-04 18:31:57,616 [WARN] PackLoader:240 - Cannot read IP mode file for ITTIA_DB.I-CUBE-ITTIADB.8.9.0
2025-02-04 18:31:57,742 [WARN] PackLoader:240 - Cannot read IP mode file for SEGGER.I-CUBE-embOS.1.3.1
2025-02-04 18:31:57,956 [WARN] PackLoader:240 - Cannot read IP mode file for STMicroelectronics.X-CUBE-ALGOBUILD.1.4.0
2025-02-04 18:31:58,013 [WARN] PackLoader:240 - Cannot read IP mode file for STMicroelectronics.X-CUBE-AI.9.1.0
2025-02-04 18:31:58,086 [WARN] PackLoader:240 - Cannot read IP mode file for STMicroelectronics.X-CUBE-AZRTOS-F4.1.1.0
2025-02-04 18:31:58,157 [WARN] PackLoader:240 - Cannot read IP mode file for STMicroelectronics.X-CUBE-ISPU.2.1.0
2025-02-04 18:31:58,205 [WARN] PackLoader:240 - Cannot read IP mode file for STMicroelectronics.X-CUBE-FREERTOS.1.2.0
2025-02-04 18:31:58,382 [WARN] PackLoader:240 - Cannot read IP mode file for STMicroelectronics.X-CUBE-AZRTOS-L5.2.0.0
2025-02-04 18:31:58,610 [WARN] PackLoader:240 - Cannot read IP mode file for STMicroelectronics.X-CUBE-NFC6.3.1.0
2025-02-04 18:31:58,656 [WARN] PackLoader:240 - Cannot read IP mode file for STMicroelectronics.X-CUBE-DPower.1.2.0
2025-02-04 18:31:58,688 [WARN] PackLoader:240 - Cannot read IP mode file for STMicroelectronics.X-CUBE-FREERTOS.1.3.0
2025-02-04 18:31:58,735 [WARN] PackLoader:240 - Cannot read IP mode file for STMicroelectronics.X-CUBE-NFC7.1.0.1
2025-02-04 18:31:58,953 [WARN] ConditionMgr:438 - getConditionDescription Invalid condition id : LAN8742 Phy interface Condition cause : null
2025-02-04 18:31:58,969 [WARN] PackLoader:240 - Cannot read IP mode file for STMicroelectronics.X-CUBE-AZRTOS-L4.2.0.0
2025-02-04 18:31:58,969 [WARN] ConditionMgr:1039 - genDependencies : Invalid condition id : LAN8742 Phy interface Condition cause : null
2025-02-04 18:31:58,969 [WARN] ConditionMgr:1039 - genDependencies : Invalid condition id : LAN8742 Phy interface Condition cause : null
2025-02-04 18:31:58,969 [WARN] ConditionMgr:1039 - genDependencies : Invalid condition id : LAN8742 Phy interface Condition cause : null
2025-02-04 18:31:59,047 [WARN] PackLoader:240 - Cannot read IP mode file for STMicroelectronics.X-CUBE-SFXS2LP1.4.0.0
2025-02-04 18:31:59,125 [WARN] PackLoader:240 - Cannot read IP mode file for STMicroelectronics.X-CUBE-AZRTOS-H7.3.3.0
2025-02-04 18:31:59,156 [WARN] PackLoader:240 - Cannot read IP mode file for STMicroelectronics.X-CUBE-IPS.3.0.0
2025-02-04 18:31:59,328 [WARN] ConditionMgr:438 - getConditionDescription Invalid condition id : UX DEVICE CLASS RTOS Condition cause : null
2025-02-04 18:31:59,328 [WARN] ConditionMgr:438 - getConditionDescription Invalid condition id : UX DEVICE CLASS RTOS Condition cause : null
2025-02-04 18:31:59,344 [WARN] PackLoader:240 - Cannot read IP mode file for STMicroelectronics.X-CUBE-AZRTOS-WB.2.0.0
2025-02-04 18:31:59,344 [WARN] ConditionMgr:1039 - genDependencies : Invalid condition id : UX DEVICE CLASS RTOS Condition cause : null
2025-02-04 18:31:59,344 [WARN] ConditionMgr:1039 - genDependencies : Invalid condition id : UX DEVICE CLASS RTOS Condition cause : null
2025-02-04 18:31:59,344 [WARN] ConditionMgr:1039 - genDependencies : Invalid condition id : UX DEVICE CLASS RTOS Condition cause : null
2025-02-04 18:31:59,344 [WARN] ConditionMgr:1039 - genDependencies : Invalid condition id : UX DEVICE CLASS RTOS Condition cause : null
2025-02-04 18:31:59,344 [WARN] ConditionMgr:1039 - genDependencies : Invalid condition id : UX DEVICE CLASS RTOS Condition cause : null
2025-02-04 18:31:59,594 [WARN] PackLoader:240 - Cannot read IP mode file for STMicroelectronics.X-CUBE-GNSS1.7.0.0
2025-02-04 18:31:59,656 [WARN] PackLoader:240 - Cannot read IP mode file for STMicroelectronics.X-CUBE-GNSS1.7.0.1
2025-02-04 18:31:59,953 [WARN] PackLoader:240 - Cannot read IP mode file for STMicroelectronics.FP-SNS-STBOX1.2.0.0
2025-02-04 18:32:00,219 [WARN] PackLoader:240 - Cannot read IP mode file for STMicroelectronics.X-CUBE-SUBG2.5.0.0
2025-02-04 18:32:00,266 [WARN] PackLoader:240 - Cannot read IP mode file for Cesanta.I-CUBE-Mongoose.7.13.0
2025-02-04 18:32:00,328 [WARN] PackLoader:240 - Cannot read IP mode file for STMicroelectronics.X-CUBE-AZRTOS-G4.2.0.0
2025-02-04 18:32:00,328 [ERROR] Engine:466 - C:\Users\danie\.stm32cubemx\thirdparties\pdsc\STMicroelectronics.X-CUBE-IPS.3.1.0.pdsc: PDSC version is not supported
2025-02-04 18:32:00,359 [WARN] PackLoader:240 - Cannot read IP mode file for STMicroelectronics.X-CUBE-ALS.1.0.2
2025-02-04 18:32:00,375 [WARN] PackLoader:240 - Cannot read IP mode file for STMicroelectronics.X-CUBE-TOUCHGFX.4.24.2
2025-02-04 18:32:00,406 [WARN] PackLoader:240 - Cannot read IP mode file for STMicroelectronics.X-CUBE-TOUCHGFX.4.24.1
2025-02-04 18:32:00,438 [WARN] PackLoader:240 - Cannot read IP mode file for wolfSSL.I-CUBE-wolfTPM.3.4.0
2025-02-04 18:32:00,484 [WARN] PackLoader:240 - Cannot read IP mode file for portGmbH.I-Cube-SoM-uGOAL.1.1.0
2025-02-04 18:32:00,609 [WARN] PackLoader:240 - Cannot read IP mode file for STMicroelectronics.X-CUBE-AZRTOS-H7RS.1.0.0
2025-02-04 18:32:00,812 [WARN] PackLoader:240 - Cannot read IP mode file for STMicroelectronics.FP-ATR-ASTRA1.2.0.0
2025-02-04 18:32:00,984 [WARN] PackLoader:240 - Cannot read IP mode file for STMicroelectronics.X-CUBE-TOF1.3.4.2
2025-02-04 18:32:01,219 [WARN] PackLoader:240 - Cannot read IP mode file for Infineon.AIROC-Wi-Fi-Bluetooth-STM32.1.6.1
2025-02-04 18:32:01,578 [WARN] PackLoader:240 - Cannot read IP mode file for wolfSSL.I-CUBE-wolfSSH.1.4.17
2025-02-04 18:32:01,594 [INFO] ThirdParty:978 - Integrity check success = true
2025-02-04 18:32:01,594 [INFO] IntegrityCheckThread:100 - exiting critical section [integrity check]
2025-02-04 18:32:01,594 [INFO] IntegrityCheckThread:103 - End integrity checks thread
2025-02-04 18:32:02,094 [INFO] Mcu:2032 - Initializing MCU STM32F051R8Tx STM32F051R8Tx STM32F051R8T6
2025-02-04 18:32:11,630 [INFO] Context:742 - Trying to add GPIOservice into a context  which must be forbidden
2025-02-04 18:32:13,270 [INFO] RtosManager:555 - Registered RTOS mode: class=CMSIS, group=RTOS, mode=CMSIS_V1, owner=FREERTOS
2025-02-04 18:32:13,270 [INFO] RtosManager:555 - Registered RTOS mode: class=CMSIS, group=RTOS2, mode=CMSIS_V2, owner=FREERTOS
2025-02-04 18:32:13,271 [INFO] RtosManager:555 - Registered RTOS mode: class=RTOS, group=Core, mode=CMSIS_V1, owner=FREERTOS
2025-02-04 18:32:13,271 [INFO] RtosManager:555 - Registered RTOS mode: class=RTOS, group=Core, mode=CMSIS_V2, owner=FREERTOS
2025-02-04 18:32:13,271 [WARN] ModelIntegratedComponent:184 - Missing modes for component STMicroelectronics:FreeRTOS:0.0.1:STMicroelectronics:RTOS:FreeRTOS:Core:::10.2.0:
2025-02-04 18:32:13,284 [WARN] ModelIntegratedComponent:63 - No mode defined for component null
2025-02-04 18:32:13,284 [WARN] ModelIntegratedComponent:63 - No mode defined for component null
2025-02-04 18:32:13,284 [WARN] ModelIntegratedComponent:63 - No mode defined for component null
2025-02-04 18:32:13,285 [WARN] ModelIntegratedComponent:63 - No mode defined for component null
2025-02-04 18:32:13,285 [WARN] ModelIntegratedComponent:63 - No mode defined for component null
2025-02-04 18:32:13,285 [WARN] ModelIntegratedComponent:63 - No mode defined for component null
2025-02-04 18:32:13,285 [WARN] ModelIntegratedComponent:63 - No mode defined for component null
2025-02-04 18:32:13,285 [WARN] ModelIntegratedComponent:63 - No mode defined for component null
2025-02-04 18:32:13,285 [WARN] ModelIntegratedComponent:63 - No mode defined for component null
2025-02-04 18:32:13,285 [WARN] ModelIntegratedComponent:63 - No mode defined for component null
2025-02-04 18:32:13,285 [WARN] ModelIntegratedComponent:63 - No mode defined for component null
2025-02-04 18:32:13,285 [WARN] ModelIntegratedComponent:63 - No mode defined for component null
2025-02-04 18:32:13,285 [WARN] ModelIntegratedComponent:63 - No mode defined for component null
2025-02-04 18:32:13,285 [WARN] ModelIntegratedComponent:63 - No mode defined for component null
2025-02-04 18:32:13,285 [WARN] ModelIntegratedComponent:63 - No mode defined for component null
2025-02-04 18:32:13,287 [WARN] ModelIntegratedComponent:63 - No mode defined for component null
2025-02-04 18:32:13,287 [WARN] ModelIntegratedComponent:63 - No mode defined for component null
2025-02-04 18:32:13,287 [WARN] ModelIntegratedComponent:63 - No mode defined for component null
2025-02-04 18:32:13,287 [WARN] ModelIntegratedComponent:63 - No mode defined for component null
2025-02-04 18:32:13,287 [WARN] ModelIntegratedComponent:63 - No mode defined for component null
2025-02-04 18:32:13,287 [WARN] ModelIntegratedComponent:63 - No mode defined for component null
2025-02-04 18:32:13,287 [WARN] ModelIntegratedComponent:63 - No mode defined for component null
2025-02-04 18:32:13,287 [WARN] ModelIntegratedComponent:63 - No mode defined for component null
2025-02-04 18:32:13,288 [WARN] ModelIntegratedComponent:63 - No mode defined for component null
2025-02-04 18:32:13,288 [WARN] ModelIntegratedComponent:63 - No mode defined for component null
2025-02-04 18:32:13,288 [WARN] ModelIntegratedComponent:63 - No mode defined for component null
2025-02-04 18:32:13,288 [WARN] ModelIntegratedComponent:63 - No mode defined for component null
2025-02-04 18:32:13,288 [WARN] ModelIntegratedComponent:63 - No mode defined for component null
2025-02-04 18:32:13,288 [WARN] ModelIntegratedComponent:63 - No mode defined for component null
2025-02-04 18:32:13,288 [WARN] ModelIntegratedComponent:63 - No mode defined for component null
2025-02-04 18:32:13,288 [WARN] ModelIntegratedComponent:63 - No mode defined for component null
2025-02-04 18:32:13,288 [WARN] ModelIntegratedComponent:63 - No mode defined for component null
2025-02-04 18:32:13,288 [WARN] ModelIntegratedComponent:63 - No mode defined for component null
2025-02-04 18:32:13,288 [WARN] ModelIntegratedComponent:63 - No mode defined for component null
2025-02-04 18:32:13,289 [WARN] ModelIntegratedComponent:63 - No mode defined for component null
2025-02-04 18:32:13,289 [WARN] ModelPack:524 - Component already loaded: STMicroelectronics:HAL Drivers:0.0.0:STMicroelectronics:Device:STMicro_Driver:XSPI:HAL::0.0.1:HAL_XSPI
2025-02-04 18:32:13,442 [INFO] ThirdPartyModel:298 - Start build external matchings
2025-02-04 18:32:14,535 [INFO] ThirdPartyModel:316 - End build external matchings
2025-02-04 18:32:14,570 [INFO] ImportTextPane:205 - (OptionalMessage_ERROR) IP (DMA) : Parameter (Instance) has Id (ADC) currently not set
2025-02-04 18:32:14,570 [INFO] ImportTextPane:205 - (OptionalMessage_ERROR) IP (DMA) : Parameter (Direction) has Id (ADC) currently not set
2025-02-04 18:32:14,570 [INFO] ImportTextPane:205 - (OptionalMessage_ERROR) IP (DMA) : Parameter (PeriphInc) has Id (ADC) currently not set
2025-02-04 18:32:14,570 [INFO] ImportTextPane:205 - (OptionalMessage_ERROR) IP (DMA) : Parameter (MemInc) has Id (ADC) currently not set
2025-02-04 18:32:14,571 [INFO] ImportTextPane:205 - (OptionalMessage_ERROR) IP (DMA) : Parameter (PeriphDataAlignment) has Id (ADC) currently not set
2025-02-04 18:32:14,571 [INFO] ImportTextPane:205 - (OptionalMessage_ERROR) IP (DMA) : Parameter (MemDataAlignment) has Id (ADC) currently not set
2025-02-04 18:32:14,571 [INFO] ImportTextPane:205 - (OptionalMessage_ERROR) IP (DMA) : Parameter (Mode) has Id (ADC) currently not set
2025-02-04 18:32:14,571 [INFO] ImportTextPane:205 - (OptionalMessage_ERROR) IP (DMA) : Parameter (Priority) has Id (ADC) currently not set
2025-02-04 18:32:14,571 [INFO] ImportTextPane:205 - (OptionalMessage_ERROR) IP (DMA) : Parameter (Instance) has Id (USART1_RX) currently not set
2025-02-04 18:32:14,571 [INFO] ImportTextPane:205 - (OptionalMessage_ERROR) IP (DMA) : Parameter (Direction) has Id (USART1_RX) currently not set
2025-02-04 18:32:14,571 [INFO] ImportTextPane:205 - (OptionalMessage_ERROR) IP (DMA) : Parameter (PeriphInc) has Id (USART1_RX) currently not set
2025-02-04 18:32:14,571 [INFO] ImportTextPane:205 - (OptionalMessage_ERROR) IP (DMA) : Parameter (MemInc) has Id (USART1_RX) currently not set
2025-02-04 18:32:14,571 [INFO] ImportTextPane:205 - (OptionalMessage_ERROR) IP (DMA) : Parameter (PeriphDataAlignment) has Id (USART1_RX) currently not set
2025-02-04 18:32:14,571 [INFO] ImportTextPane:205 - (OptionalMessage_ERROR) IP (DMA) : Parameter (MemDataAlignment) has Id (USART1_RX) currently not set
2025-02-04 18:32:14,571 [INFO] ImportTextPane:205 - (OptionalMessage_ERROR) IP (DMA) : Parameter (Mode) has Id (USART1_RX) currently not set
2025-02-04 18:32:14,572 [INFO] ImportTextPane:205 - (OptionalMessage_ERROR) IP (DMA) : Parameter (Priority) has Id (USART1_RX) currently not set
2025-02-04 18:32:14,574 [INFO] ImportTextPane:205 - (OptionalMessage_ERROR) IP (RCC) : Invalid parameter (FamilyName)
2025-02-04 18:32:14,574 [INFO] ImportTextPane:205 - (OptionalMessage_ERROR) IP (RCC) : Invalid parameter (HSICECFreq_Value)
2025-02-04 18:32:14,990 [INFO] UtilMem:75 - End LoadConfig() Used Memory: 860490680 Bytes (1073741824)
2025-02-04 18:32:15,273 [WARN] ThirdParty:833 - waiting for thirdparty lock release [change project]
2025-02-04 18:32:15,273 [INFO] ThirdParty:835 - entering critical section [change project]
2025-02-04 18:32:15,273 [INFO] ThirdParty:1030 - CMSIS Pack Vendor :STMicroelectronics USBPD 4.1
2025-02-04 18:32:15,273 [INFO] ThirdParty:1030 - CMSIS Pack Vendor :STMicroelectronics X-CUBE-AZRTOS-H7 3.3.0
2025-02-04 18:32:15,273 [INFO] ThirdParty:1030 - CMSIS Pack Vendor :STMicroelectronics X-CUBE-NFC9 1.0.0
2025-02-04 18:32:15,273 [INFO] ThirdParty:1030 - CMSIS Pack Vendor :STMicroelectronics USB_HOST 2.0.0
2025-02-04 18:32:15,273 [INFO] ThirdParty:1030 - CMSIS Pack Vendor :STMicroelectronics FP-SNS-MOTENVWB1 1.4.0
2025-02-04 18:32:15,273 [INFO] ThirdParty:1030 - CMSIS Pack Vendor :STMicroelectronics X-CUBE-AZRTOS-F4 1.1.0
2025-02-04 18:32:15,273 [INFO] ThirdParty:1030 - CMSIS Pack Vendor :STMicroelectronics LIBJPEG 8.0.0
2025-02-04 18:32:15,273 [INFO] ThirdParty:1030 - CMSIS Pack Vendor :STMicroelectronics FP-ATR-ASTRA1 2.0.1
2025-02-04 18:32:15,273 [INFO] ThirdParty:1030 - CMSIS Pack Vendor :STMicroelectronics X-CUBE-SMBUS 2.1.0
2025-02-04 18:32:15,273 [INFO] ThirdParty:1030 - CMSIS Pack Vendor :STMicroelectronics X-CUBE-WB05N 1.1.0
2025-02-04 18:32:15,274 [INFO] ThirdParty:1030 - CMSIS Pack Vendor :STMicroelectronics USB_DEVICE 3.0.0
2025-02-04 18:32:15,274 [INFO] ThirdParty:1030 - CMSIS Pack Vendor :STMicroelectronics X-CUBE-TCPP 4.1.0
2025-02-04 18:32:15,274 [INFO] ThirdParty:1030 - CMSIS Pack Vendor :STMicroelectronics X-CUBE-ISPU 2.1.0
2025-02-04 18:32:15,274 [INFO] ThirdParty:1030 - CMSIS Pack Vendor :STMicroelectronics X-CUBE-FREERTOS 1.2.0
2025-02-04 18:32:15,274 [INFO] ThirdParty:1030 - CMSIS Pack Vendor :STMicroelectronics X-CUBE-IPS 3.0.0
2025-02-04 18:32:15,274 [INFO] ThirdParty:1030 - CMSIS Pack Vendor :STMicroelectronics X-CUBE-AZRTOS-WB 2.0.0
2025-02-04 18:32:15,274 [INFO] ThirdParty:1030 - CMSIS Pack Vendor :STMicroelectronics X-CUBE-GNSS1 7.0.0
2025-02-04 18:32:15,274 [INFO] ThirdParty:1030 - CMSIS Pack Vendor :STMicroelectronics X-CUBE-GNSS1 7.0.1
2025-02-04 18:32:15,274 [INFO] ThirdParty:1030 - CMSIS Pack Vendor :STMicroelectronics X-CUBE-AZRTOS-F7 1.1.0
2025-02-04 18:32:15,274 [INFO] ThirdParty:1030 - CMSIS Pack Vendor :STMicroelectronics X-CUBE-AZRTOS-L5 2.0.0
2025-02-04 18:32:15,274 [INFO] ThirdParty:1030 - CMSIS Pack Vendor :STMicroelectronics USB_DEVICE 2.0.0
2025-02-04 18:32:15,274 [INFO] ThirdParty:1030 - CMSIS Pack Vendor :STMicroelectronics X-CUBE-NFC6 3.1.0
2025-02-04 18:32:15,274 [INFO] ThirdParty:1030 - CMSIS Pack Vendor :STMicroelectronics FP-SNS-STBOX1 2.0.0
2025-02-04 18:32:15,274 [INFO] ThirdParty:1030 - CMSIS Pack Vendor :STMicroelectronics X-CUBE-MEMS1 11.0.0
2025-02-04 18:32:15,274 [INFO] ThirdParty:1030 - CMSIS Pack Vendor :STMicroelectronics FreeRTOS 0.0.1
2025-02-04 18:32:15,274 [INFO] ThirdParty:1030 - CMSIS Pack Vendor :STMicroelectronics X-CUBE-AZRTOS-G0 1.1.0
2025-02-04 18:32:15,274 [INFO] ThirdParty:1030 - CMSIS Pack Vendor :STMicroelectronics X-CUBE-SAFEA1 1.2.2
2025-02-04 18:32:15,274 [INFO] ThirdParty:1030 - CMSIS Pack Vendor :STMicroelectronics X-CUBE-NFC4 3.0.0
2025-02-04 18:32:15,274 [INFO] ThirdParty:1030 - CMSIS Pack Vendor :STMicroelectronics X-CUBE-DPower 1.2.0
2025-02-04 18:32:15,274 [INFO] ThirdParty:1030 - CMSIS Pack Vendor :STMicroelectronics X-CUBE-SUBG2 5.0.0
2025-02-04 18:32:15,274 [INFO] ThirdParty:1030 - CMSIS Pack Vendor :STMicroelectronics STM32_WPAN 1.0.0
2025-02-04 18:32:15,275 [INFO] ThirdParty:1030 - CMSIS Pack Vendor :EmbeddedOffice I-CUBE-FS-RTOS 1.0.1
2025-02-04 18:32:15,275 [INFO] ThirdParty:1030 - CMSIS Pack Vendor :STMicroelectronics lwIP 2.0.3
2025-02-04 18:32:15,275 [INFO] ThirdParty:1030 - CMSIS Pack Vendor :STMicroelectronics FP-SNS-FLIGHT1 5.0.2
2025-02-04 18:32:15,275 [INFO] ThirdParty:1030 - CMSIS Pack Vendor :Cesanta I-CUBE-Mongoose 7.13.0
2025-02-04 18:32:15,275 [INFO] ThirdParty:1030 - CMSIS Pack Vendor :STMicroelectronics USB_HOST 1.0.0
2025-02-04 18:32:15,275 [INFO] ThirdParty:1030 - CMSIS Pack Vendor :STMicroelectronics X-CUBE-AZRTOS-G4 2.0.0
2025-02-04 18:32:15,275 [INFO] ThirdParty:1030 - CMSIS Pack Vendor :STMicroelectronics PDM2PCM 3.1.0
2025-02-04 18:32:15,275 [INFO] ThirdParty:1030 - CMSIS Pack Vendor :STMicroelectronics PDM2PCM 3.3.0
2025-02-04 18:32:15,275 [INFO] ThirdParty:1030 - CMSIS Pack Vendor :STMicroelectronics X-CUBE-DISPLAY 3.0.0
2025-02-04 18:32:15,275 [INFO] ThirdParty:1030 - CMSIS Pack Vendor :RealThread X-CUBE-RT-Thread_Nano 4.1.1
2025-02-04 18:32:15,275 [INFO] ThirdParty:1030 - CMSIS Pack Vendor :STMicroelectronics X-CUBE-BLE1 7.0.0
2025-02-04 18:32:15,275 [INFO] ThirdParty:1030 - CMSIS Pack Vendor :STMicroelectronics FP-ATR-SIGFOX1 3.2.0
2025-02-04 18:32:15,275 [INFO] ThirdParty:1030 - CMSIS Pack Vendor :STMicroelectronics X-CUBE-NFC10 1.0.0
2025-02-04 18:32:15,275 [INFO] ThirdParty:1030 - CMSIS Pack Vendor :wolfSSL I-CUBE-wolfSSL 5.7.2
2025-02-04 18:32:15,275 [INFO] ThirdParty:1030 - CMSIS Pack Vendor :quantropi X-CUBE-qispace-sdk-base 1.9.3
2025-02-04 18:32:15,275 [INFO] ThirdParty:1030 - CMSIS Pack Vendor :STMicroelectronics X-CUBE-BLEMGR 4.0.0
2025-02-04 18:32:15,275 [INFO] ThirdParty:1030 - CMSIS Pack Vendor :STMicroelectronics X-CUBE-EEPRMA1 5.1.0
2025-02-04 18:32:15,275 [INFO] ThirdParty:1030 - CMSIS Pack Vendor :STMicroelectronics HAL Drivers 0.0.0
2025-02-04 18:32:15,275 [INFO] ThirdParty:1030 - CMSIS Pack Vendor :STMicroelectronics MBEDTLS 2.16.2
2025-02-04 18:32:15,275 [INFO] ThirdParty:1030 - CMSIS Pack Vendor :STMicroelectronics X-CUBE-ALS 1.0.2
2025-02-04 18:32:15,276 [INFO] ThirdParty:1030 - CMSIS Pack Vendor :emotas I-CUBE-CANOPEN 1.3.0
2025-02-04 18:32:15,276 [INFO] ThirdParty:1030 - CMSIS Pack Vendor :STMicroelectronics X-CUBE-FREERTOS 1.3.0
2025-02-04 18:32:15,276 [INFO] ThirdParty:1030 - CMSIS Pack Vendor :STMicroelectronics X-CUBE-NFC7 1.0.1
2025-02-04 18:32:15,276 [INFO] ThirdParty:1030 - CMSIS Pack Vendor :STMicroelectronics MBEDTLS 2.14.1
2025-02-04 18:32:15,276 [INFO] ThirdParty:1030 - CMSIS Pack Vendor :ITTIA_DB I-CUBE-ITTIADB 8.9.0
2025-02-04 18:32:15,276 [INFO] ThirdParty:1030 - CMSIS Pack Vendor :STMicroelectronics X-CUBE-TOUCHGFX 4.24.2
2025-02-04 18:32:15,276 [INFO] ThirdParty:1030 - CMSIS Pack Vendor :STMicroelectronics X-CUBE-TOUCHGFX 4.24.1
2025-02-04 18:32:15,276 [INFO] ThirdParty:1030 - CMSIS Pack Vendor :wolfSSL I-CUBE-wolfTPM 3.4.0
2025-02-04 18:32:15,276 [INFO] ThirdParty:1030 - CMSIS Pack Vendor :portGmbH I-Cube-SoM-uGOAL 1.1.0
2025-02-04 18:32:15,276 [INFO] ThirdParty:1030 - CMSIS Pack Vendor :STMicroelectronics X-CUBE-BLEMGR 3.1.0
2025-02-04 18:32:15,276 [INFO] ThirdParty:1030 - CMSIS Pack Vendor :STMicroelectronics X-CUBE-AI 10.0.0
2025-02-04 18:32:15,276 [INFO] ThirdParty:1030 - CMSIS Pack Vendor :STMicroelectronics ThreadX 1.0.0
2025-02-04 18:32:15,276 [INFO] ThirdParty:1030 - CMSIS Pack Vendor :STMicroelectronics FP-SNS-SMARTAG2 1.2.0
2025-02-04 18:32:15,276 [INFO] ThirdParty:1030 - CMSIS Pack Vendor :STMicroelectronics X-CUBE-MEMS1 11.1.0
2025-02-04 18:32:15,276 [INFO] ThirdParty:1030 - CMSIS Pack Vendor :STMicroelectronics X-CUBE-AZRTOS-WL 2.0.0
2025-02-04 18:32:15,276 [INFO] ThirdParty:1030 - CMSIS Pack Vendor :SEGGER I-CUBE-embOS 1.3.1
2025-02-04 18:32:15,276 [INFO] ThirdParty:1030 - CMSIS Pack Vendor :STMicroelectronics X-CUBE-ALGOBUILD 1.4.0
2025-02-04 18:32:15,276 [INFO] ThirdParty:1030 - CMSIS Pack Vendor :STMicroelectronics FP-SNS-MOTENV1 5.0.0
2025-02-04 18:32:15,276 [INFO] ThirdParty:1030 - CMSIS Pack Vendor :STMicroelectronics USB_DEVICE 1.0.0
2025-02-04 18:32:15,276 [INFO] ThirdParty:1030 - CMSIS Pack Vendor :STMicroelectronics X-CUBE-AZRTOS-H7RS 1.0.0
2025-02-04 18:32:15,276 [INFO] ThirdParty:1030 - CMSIS Pack Vendor :wolfSSL I-CUBE-wolfMQTT 1.19.0
2025-02-04 18:32:15,276 [INFO] ThirdParty:1030 - CMSIS Pack Vendor :STMicroelectronics X-CUBE-AZRTOS-L4 2.0.0
2025-02-04 18:32:15,276 [INFO] ThirdParty:1030 - CMSIS Pack Vendor :STMicroelectronics ThreadX 0.0.2
2025-02-04 18:32:15,277 [INFO] ThirdParty:1030 - CMSIS Pack Vendor :WES I-CUBE-Cesium 1.3.0
2025-02-04 18:32:15,277 [INFO] ThirdParty:1030 - CMSIS Pack Vendor :STMicroelectronics FP-ATR-ASTRA1 2.0.0
2025-02-04 18:32:15,277 [INFO] ThirdParty:1030 - CMSIS Pack Vendor :STMicroelectronics lwIP 2.1.2
2025-02-04 18:32:15,277 [INFO] ThirdParty:1030 - CMSIS Pack Vendor :STMicroelectronics X-CUBE-SFXS2LP1 4.0.0
2025-02-04 18:32:15,277 [INFO] ThirdParty:1030 - CMSIS Pack Vendor :STMicroelectronics X-CUBE-BLE2 3.3.0
2025-02-04 18:32:15,277 [INFO] ThirdParty:1030 - CMSIS Pack Vendor :STMicroelectronics X-CUBE-TOF1 3.4.2
2025-02-04 18:32:15,277 [INFO] ThirdParty:1030 - CMSIS Pack Vendor :STMicroelectronics X-CUBE-AI 9.1.0
2025-02-04 18:32:15,277 [INFO] ThirdParty:1030 - CMSIS Pack Vendor :Infineon AIROC-Wi-Fi-Bluetooth-STM32 1.6.1
2025-02-04 18:32:15,277 [INFO] ThirdParty:1030 - CMSIS Pack Vendor :STMicroelectronics PDM2PCM 3.2.0
2025-02-04 18:32:15,277 [INFO] ThirdParty:1030 - CMSIS Pack Vendor :wolfSSL I-CUBE-wolfSSH 1.4.17
2025-02-04 18:32:15,277 [INFO] ThirdParty:841 - exiting critical section [change project]
2025-02-04 18:32:16,671 [INFO] PinOutPanel:1561 - setPackage(No Configuration,No Configuration)
2025-02-04 18:32:16,673 [INFO] PinOutPanel:1561 - setPackage(STM32F051R8Tx,LQFP64)
2025-02-04 18:32:18,323 [INFO] UtilMem:75 - Before build in PCC Used Memory: 678253176 Bytes (1073741824)
2025-02-04 18:32:20,685 [INFO] UtilMem:75 - After build in PCC Used Memory: 809847416 Bytes (1073741824)
2025-02-04 18:32:20,740 [INFO] IPUIPlugin:80 - create IPUIPlugin
2025-02-04 18:32:20,741 [INFO] IPUIPlugin:80 - create IPUIPlugin
2025-02-04 18:32:20,741 [INFO] IPUIPlugin:80 - create IPUIPlugin
2025-02-04 18:32:20,741 [INFO] IPUIPlugin:80 - create IPUIPlugin
2025-02-04 18:32:20,741 [INFO] IPUIPlugin:80 - create IPUIPlugin
2025-02-04 18:32:20,741 [INFO] IPUIPlugin:80 - create IPUIPlugin
2025-02-04 18:32:20,741 [INFO] IPUIPlugin:80 - create IPUIPlugin
2025-02-04 18:32:20,741 [INFO] IPUIPlugin:80 - create IPUIPlugin
2025-02-04 18:32:20,742 [INFO] IPUIPlugin:80 - create IPUIPlugin
2025-02-04 18:32:20,742 [INFO] IPUIPlugin:80 - create IPUIPlugin
2025-02-04 18:32:20,742 [INFO] IPUIPlugin:80 - create IPUIPlugin
2025-02-04 18:32:20,742 [INFO] IPUIPlugin:80 - create IPUIPlugin
2025-02-04 18:32:20,742 [INFO] IPUIPlugin:80 - create IPUIPlugin
2025-02-04 18:32:20,743 [INFO] IPUIPlugin:80 - create IPUIPlugin
2025-02-04 18:32:20,743 [INFO] IPUIPlugin:80 - create IPUIPlugin
2025-02-04 18:32:20,743 [INFO] IPUIPlugin:80 - create IPUIPlugin
2025-02-04 18:32:20,743 [INFO] IPUIPlugin:80 - create IPUIPlugin
2025-02-04 18:32:20,744 [INFO] IPUIPlugin:80 - create IPUIPlugin
2025-02-04 18:32:20,744 [INFO] IPUIPlugin:80 - create IPUIPlugin
2025-02-04 18:32:20,744 [INFO] IPUIPlugin:80 - create IPUIPlugin
2025-02-04 18:32:20,745 [INFO] IPUIPlugin:80 - create IPUIPlugin
2025-02-04 18:32:20,745 [INFO] IPUIPlugin:80 - create IPUIPlugin
2025-02-04 18:32:20,745 [INFO] IPUIPlugin:80 - create IPUIPlugin
2025-02-04 18:32:20,746 [INFO] IPUIPlugin:80 - create IPUIPlugin
2025-02-04 18:32:20,746 [INFO] IPUIPlugin:80 - create IPUIPlugin
2025-02-04 18:32:20,746 [INFO] IPUIPlugin:80 - create IPUIPlugin
2025-02-04 18:32:20,746 [INFO] IPUIPlugin:80 - create IPUIPlugin
2025-02-04 18:32:20,747 [INFO] IPUIPlugin:80 - create IPUIPlugin
2025-02-04 18:32:20,747 [INFO] IPUIPlugin:80 - create IPUIPlugin
2025-02-04 18:32:20,747 [INFO] IPUIPlugin:80 - create IPUIPlugin
2025-02-04 18:32:20,747 [INFO] IPUIPlugin:80 - create IPUIPlugin
2025-02-04 18:32:20,747 [INFO] IPUIPlugin:80 - create IPUIPlugin
2025-02-04 18:32:20,748 [INFO] IPUIPlugin:80 - create IPUIPlugin
2025-02-04 18:32:20,748 [INFO] IPUIPlugin:80 - create IPUIPlugin
2025-02-04 18:32:21,381 [INFO] CADModel:165 - CPN selected for project levelSTM32F051R8T6
2025-02-04 18:32:21,381 [INFO] CADModel:114 - Register for checkConnection events
2025-02-04 18:32:21,430 [INFO] OpenFileManager:363 - Restore cursor
2025-02-04 18:32:24,695 [INFO] UtilMem:75 - End SaveConfig() Used Memory: 679805640 Bytes (1073741824)
2025-02-04 18:32:24,811 [INFO] UtilMem:75 - End SaveConfig() Used Memory: 646088072 Bytes (1073741824)
2025-02-04 18:32:25,529 [INFO] BlockDiagram:2766 - set Specific Code input for plugin: ADC
2025-02-04 18:32:25,530 [INFO] BlockDiagram:2766 - set Specific Code input for plugin: NVIC
2025-02-04 18:32:25,530 [INFO] BlockDiagram:2766 - set Specific Code input for plugin: USART
2025-02-04 18:32:25,530 [INFO] BlockDiagram:2766 - set Specific Code input for plugin: COMP
2025-02-04 18:32:25,530 [INFO] BlockDiagram:2766 - set Specific Code input for plugin: DMA
2025-02-04 18:32:25,530 [INFO] BlockDiagram:2766 - set Specific Code input for plugin: TIM1_8F0
2025-02-04 18:32:25,530 [INFO] BlockDiagram:2766 - set Specific Code input for plugin: TIM1_8F0
2025-02-04 18:32:25,530 [INFO] BlockDiagram:2766 - set Specific Code input for plugin: SYS
2025-02-04 18:32:25,531 [INFO] BlockDiagram:2766 - set Specific Code input for plugin: GPIO
2025-02-04 18:32:25,531 [INFO] BlockDiagram:2766 - set Specific Code input for plugin: RCC
2025-02-04 18:32:25,533 [INFO] CodeGenerator:807 - code generatio: config db path: C:\ST\STM32CubeIDE_1.16.0\STM32CubeIDE\plugins\com.st.stm32cube.common.mx_6.12.1.202409122256\\db\
2025-02-04 18:32:29,033 [INFO] CodeEngine:255 - oldGeneratedFile, C:\Users\danie\Documents\GitHub\Weller-to-JBC-converter\Firmware\Firmware\MXTmpFiles\license.tmp_save
2025-02-04 18:32:31,304 [INFO] CodeEngine:279 - Generated code: C:\Users\danie\Documents\GitHub\Weller-to-JBC-converter\Firmware\Firmware\MXTmpFiles\license.tmp
2025-02-04 18:32:31,940 [INFO] CodeEngine:255 - oldGeneratedFile, C:\Users\danie\Documents\GitHub\Weller-to-JBC-converter\Firmware\Firmware\MXTmpFiles\gpio.tmp_save
2025-02-04 18:32:32,163 [INFO] CodeEngine:279 - Generated code: C:\Users\danie\Documents\GitHub\Weller-to-JBC-converter\Firmware\Firmware\MXTmpFiles\gpio.tmp
2025-02-04 18:32:33,559 [INFO] CodeEngine:255 - oldGeneratedFile, C:\Users\danie\Documents\GitHub\Weller-to-JBC-converter\Firmware\Firmware\MXTmpFiles\dma.tmp_save
2025-02-04 18:32:33,761 [INFO] CodeEngine:279 - Generated code: C:\Users\danie\Documents\GitHub\Weller-to-JBC-converter\Firmware\Firmware\MXTmpFiles\dma.tmp
2025-02-04 18:32:33,775 [INFO] CodeEngine:255 - oldGeneratedFile, C:\Users\danie\Documents\GitHub\Weller-to-JBC-converter\Firmware\Firmware\MXTmpFiles\dma_GV.tmp_save
2025-02-04 18:32:33,869 [INFO] CodeEngine:279 - Generated code: C:\Users\danie\Documents\GitHub\Weller-to-JBC-converter\Firmware\Firmware\MXTmpFiles\dma_GV.tmp
2025-02-04 18:32:33,948 [INFO] CodeEngine:255 - oldGeneratedFile, C:\Users\danie\Documents\GitHub\Weller-to-JBC-converter\Firmware\Firmware\Core\Src\stm32f0xx_it.c_save
2025-02-04 18:32:34,258 [INFO] CodeEngine:279 - Generated code: C:\Users\danie\Documents\GitHub\Weller-to-JBC-converter\Firmware\Firmware\Core\Src\stm32f0xx_it.c
2025-02-04 18:32:34,355 [INFO] CodeEngine:255 - oldGeneratedFile, C:\Users\danie\Documents\GitHub\Weller-to-JBC-converter\Firmware\Firmware\Core\Inc\stm32f0xx_it.h_save
2025-02-04 18:32:34,597 [INFO] CodeEngine:279 - Generated code: C:\Users\danie\Documents\GitHub\Weller-to-JBC-converter\Firmware\Firmware\Core\Inc\stm32f0xx_it.h
2025-02-04 18:32:34,711 [INFO] CodeEngine:255 - oldGeneratedFile, C:\Users\danie\Documents\GitHub\Weller-to-JBC-converter\Firmware\Firmware\Core\Src\stm32f0xx_hal_msp.c_save
2025-02-04 18:32:35,026 [INFO] CodeEngine:279 - Generated code: C:\Users\danie\Documents\GitHub\Weller-to-JBC-converter\Firmware\Firmware\Core\Src\stm32f0xx_hal_msp.c
2025-02-04 18:32:35,193 [INFO] CodeEngine:255 - oldGeneratedFile, C:\Users\danie\Documents\GitHub\Weller-to-JBC-converter\Firmware\Firmware\MXTmpFiles\system.tmp_save
2025-02-04 18:32:35,298 [INFO] CodeEngine:279 - Generated code: C:\Users\danie\Documents\GitHub\Weller-to-JBC-converter\Firmware\Firmware\MXTmpFiles\system.tmp
2025-02-04 18:32:35,721 [INFO] CodeEngine:311 - oldGeneratedFile, C:\Users\danie\Documents\GitHub\Weller-to-JBC-converter\Firmware\Firmware\Core\Inc\stm32f0xx_hal_conf.h_save
2025-02-04 18:32:36,017 [INFO] CodeEngine:335 - Generated code: C:\Users\danie\Documents\GitHub\Weller-to-JBC-converter\Firmware\Firmware\Core\Inc\stm32f0xx_hal_conf.h
2025-02-04 18:32:36,173 [WARN] IPConfigManager:3554 - IP not found : TIM
2025-02-04 18:32:36,185 [WARN] CodeGenerator:4002 - IP not found : null
2025-02-04 18:32:36,272 [INFO] CodeEngine:255 - oldGeneratedFile, C:\Users\danie\Documents\GitHub\Weller-to-JBC-converter\Firmware\Firmware\Core\Inc\main.h_save
2025-02-04 18:32:36,685 [INFO] CodeEngine:279 - Generated code: C:\Users\danie\Documents\GitHub\Weller-to-JBC-converter\Firmware\Firmware\Core\Inc\main.h
2025-02-04 18:32:36,746 [INFO] CodeEngine:255 - oldGeneratedFile, C:\Users\danie\Documents\GitHub\Weller-to-JBC-converter\Firmware\Firmware\Core\Src\main.c_save
2025-02-04 18:32:37,089 [INFO] CodeEngine:279 - Generated code: C:\Users\danie\Documents\GitHub\Weller-to-JBC-converter\Firmware\Firmware\Core\Src\main.c
2025-02-04 18:32:46,039 [INFO] ProjectBuilder:3249 - Time for Copy HAL[1] : 8179mS.
2025-02-04 18:32:46,070 [INFO] ProjectBuilder:4828 - Project Generator version: 4.5.0-B34
2025-02-04 18:32:46,633 [INFO] ConfigFileManager:1531 - The Die is : DIE440
2025-02-04 18:32:47,289 [INFO] ApiDbMcu:508 - Load IP Config File for FATFS
2025-02-04 18:32:47,398 [INFO] ApiDbMcu:508 - Load IP Config File for FREERTOS
2025-02-04 18:32:47,929 [INFO] ApiDbMcu:508 - Load IP Config File for TOUCHSENSING
2025-02-04 18:32:51,065 [INFO] LogOutputStream:77 - [STDOUT_REDIRECT] 
2025-02-04 18:33:08,934 [INFO] ProjectBuilder:5097 - Time for Generating toolchain IDE Files: 22849mS.
2025-02-04 18:33:08,934 [INFO] ProjectBuilder:3107 - Time for Copy CMSIS : 0mS.
2025-02-04 18:33:08,934 [INFO] ProjectBuilder:3107 - Time for Copy CMSIS : 0mS.
2025-02-04 18:33:10,856 [INFO] McuFinderGlobals:76 - Set McuFinderConnectedMode to true
2025-02-04 18:33:10,856 [INFO] ApiDb:448 - Save user favorites file C:\Users\danie/.stm32cubeide/favorites.mcus.txt: 0 item(s)
2025-02-04 18:33:10,856 [INFO] ApiDb:452 - User favorites MCUs=[]
2025-02-04 18:33:34,269 [INFO] WebApp:189 - Connection lost
2025-02-04 18:33:34,425 [INFO] WebApp:186 - Connection restablished
2025-02-04 18:36:36,216 [INFO] WebApp:189 - Connection lost
2025-02-04 18:36:36,435 [INFO] WebApp:186 - Connection restablished
2025-02-04 18:40:29,545 [INFO] NvicIntPanel:101 - NVIC parent = com.st.microxplorer.plugins.ip.nvic.MultiNvicIntPanel[,0,0,452x158,layout=javax.swing.BoxLayout,alignmentX=0.0,alignmentY=0.0,border=,flags=9,maximumSize=,minimumSize=,preferredSize=]
2025-02-04 18:46:46,725 [ERROR] LogOutputStream:75 - [STDERR_REDIRECT] 
2025-02-04 18:46:46,727 [ERROR] LogOutputStream:75 - [STDERR_REDIRECT] 
