c:\users\danie\documents\github\weller-to-jbc-converter\gui\solderingstation\solderingstation\x64\debug\vc143.pdb
c:\users\danie\documents\github\weller-to-jbc-converter\gui\solderingstation\solderingstation\x64\debug\vc143.idb
c:\users\danie\documents\github\weller-to-jbc-converter\gui\solderingstation\solderingstation\x64\debug\wxplot.obj
c:\users\danie\documents\github\weller-to-jbc-converter\gui\solderingstation\solderingstation\x64\debug\plottypes.obj
c:\users\danie\documents\github\weller-to-jbc-converter\gui\solderingstation\solderingstation\x64\debug\line.obj
c:\users\danie\documents\github\weller-to-jbc-converter\gui\solderingstation\solderingstation\x64\debug\plots.obj
c:\users\danie\documents\github\weller-to-jbc-converter\gui\solderingstation\solderingstation\x64\debug\standard.obj
c:\users\danie\documents\github\weller-to-jbc-converter\gui\solderingstation\solderingstation\x64\debug\plotfigures.obj
c:\users\danie\documents\github\weller-to-jbc-converter\gui\solderingstation\solderingstation\x64\debug\usb.obj
c:\users\danie\documents\github\weller-to-jbc-converter\gui\solderingstation\solderingstation\x64\debug\modbus.obj
c:\users\danie\documents\github\weller-to-jbc-converter\gui\solderingstation\solderingstation\x64\debug\mainframe.obj
c:\users\danie\documents\github\weller-to-jbc-converter\gui\solderingstation\solderingstation\x64\debug\connectframe.obj
c:\users\danie\documents\github\weller-to-jbc-converter\gui\solderingstation\solderingstation\x64\debug\main.obj
c:\users\danie\documents\github\weller-to-jbc-converter\gui\solderingstation\x64\debug\solderingstation.exe
c:\users\danie\documents\github\weller-to-jbc-converter\gui\solderingstation\x64\debug\solderingstation.pdb
c:\users\danie\documents\github\weller-to-jbc-converter\gui\solderingstation\solderingstation\x64\debug\solderingstation.ilk
c:\users\danie\documents\github\weller-to-jbc-converter\gui\solderingstation\solderingstation\x64\debug\solderingstation.tlog\cl.command.1.tlog
c:\users\danie\documents\github\weller-to-jbc-converter\gui\solderingstation\solderingstation\x64\debug\solderingstation.tlog\cl.items.tlog
c:\users\danie\documents\github\weller-to-jbc-converter\gui\solderingstation\solderingstation\x64\debug\solderingstation.tlog\cl.read.1.tlog
c:\users\danie\documents\github\weller-to-jbc-converter\gui\solderingstation\solderingstation\x64\debug\solderingstation.tlog\cl.write.1.tlog
c:\users\danie\documents\github\weller-to-jbc-converter\gui\solderingstation\solderingstation\x64\debug\solderingstation.tlog\link.command.1.tlog
c:\users\danie\documents\github\weller-to-jbc-converter\gui\solderingstation\solderingstation\x64\debug\solderingstation.tlog\link.read.1.tlog
c:\users\danie\documents\github\weller-to-jbc-converter\gui\solderingstation\solderingstation\x64\debug\solderingstation.tlog\link.secondary.1.tlog
c:\users\danie\documents\github\weller-to-jbc-converter\gui\solderingstation\solderingstation\x64\debug\solderingstation.tlog\link.write.1.tlog
