2025-02-23 00:27:50,453 [INFO] WebApp:189 - Connection lost
2025-02-23 00:28:48,394 [INFO] WebApp:186 - Connection restablished
2025-02-23 00:42:28,296 [INFO] WebApp:189 - Connection lost
2025-02-23 00:42:28,427 [INFO] WebApp:186 - Connection restablished
2025-02-23 00:45:02,304 [INFO] WebApp:189 - Connection lost
2025-02-23 00:45:02,436 [INFO] WebApp:186 - Connection restablished
2025-02-23 00:50:21,282 [INFO] WebApp:189 - Connection lost
2025-02-23 00:50:21,411 [INFO] WebApp:186 - Connection restablished
2025-02-23 00:50:29,288 [INFO] WebApp:189 - Connection lost
2025-02-23 00:50:29,415 [INFO] WebApp:186 - Connection restablished
2025-02-23 00:54:11,305 [INFO] WebApp:189 - Connection lost
2025-02-23 00:54:11,455 [INFO] WebApp:186 - Connection restablished
2025-02-23 00:54:15,811 [INFO] WebApp:189 - Connection lost
2025-02-23 00:54:15,915 [INFO] WebApp:186 - Connection restablished
2025-02-23 00:54:29,796 [INFO] WebApp:189 - Connection lost
2025-02-23 00:54:29,907 [INFO] WebApp:186 - Connection restablished
2025-02-23 00:54:45,806 [INFO] WebApp:189 - Connection lost
2025-02-23 00:54:45,924 [INFO] WebApp:186 - Connection restablished
2025-02-23 00:55:57,792 [INFO] WebApp:189 - Connection lost
2025-02-23 00:55:57,936 [INFO] WebApp:186 - Connection restablished
2025-02-23 00:56:24,305 [INFO] WebApp:189 - Connection lost
2025-02-23 00:56:24,403 [INFO] WebApp:186 - Connection restablished
2025-02-23 10:47:22,380 [INFO] WebApp:189 - Connection lost
2025-02-23 10:47:51,388 [INFO] WebApp:186 - Connection restablished
2025-02-23 12:38:08,926 [INFO] WebApp:189 - Connection lost
2025-02-23 12:39:02,857 [INFO] WebApp:186 - Connection restablished
2025-02-23 13:53:00,727 [INFO] WebApp:189 - Connection lost
2025-02-23 13:53:02,524 [INFO] WebApp:186 - Connection restablished
2025-02-23 13:56:04,112 [INFO] WebApp:189 - Connection lost
2025-02-23 13:56:04,301 [INFO] WebApp:186 - Connection restablished
2025-02-23 14:02:07,647 [INFO] WebApp:189 - Connection lost
2025-02-23 14:02:07,835 [INFO] WebApp:186 - Connection restablished
2025-02-23 14:05:10,662 [INFO] WebApp:189 - Connection lost
2025-02-23 14:05:10,771 [INFO] WebApp:186 - Connection restablished
2025-02-23 14:37:19,371 [INFO] McuFinderGlobals:63 - Set McuFinder mode to 2 (CubeIDE integrated)
2025-02-23 14:37:26,197 [INFO] MainUpdater:2873 - connection check result : 10
2025-02-23 14:37:26,437 [INFO] MainUpdater:2873 - connection check result : 10
2025-02-23 14:37:44,037 [INFO] RulesReader:64 - Compatibility file has been processed (297 Rules)
2025-02-23 14:37:44,101 [INFO] RulesReader:64 - Compatibility file has been processed (297 Rules)
2025-02-23 14:37:45,221 [INFO] MicroXplorer:468 - Change Database Path : 
2025-02-23 14:37:45,241 [INFO] MicroXplorer:498 - Change Database Version : DB.6.0.121
2025-02-23 14:37:46,151 [WARN] ThirdParty:871 - waiting for thirdparty lock release [close project]
2025-02-23 14:37:46,171 [INFO] ThirdParty:873 - entering critical section [close project]
2025-02-23 14:37:46,607 [INFO] ThirdParty:883 - exiting critical section [close project]
2025-02-23 14:37:46,843 [INFO] PinOutPanel:1561 - setPackage(No Configuration,No Configuration)
2025-02-23 14:37:47,277 [INFO] UtilMem:75 - Begin LoadConfig() Used Memory: 614424744 Bytes (1073741824)
2025-02-23 14:37:47,422 [INFO] MicroXplorer:468 - Change Database Path : 
2025-02-23 14:37:47,422 [INFO] MicroXplorer:498 - Change Database Version : DB.6.0.121
2025-02-23 14:37:47,422 [INFO] OpenFileManager:332 - Change cursor
2025-02-23 14:37:54,128 [WARN] IntegrityCheckThread:84 - waiting for thirdparty lock release [integrity check]
2025-02-23 14:37:54,137 [INFO] IntegrityCheckThread:86 - entering critical section [integrity check]
2025-02-23 14:38:15,727 [WARN] PackLoader:240 - Cannot read IP mode file for STMicroelectronics.FP-SNS-MOTENVWB1.1.4.0
2025-02-23 14:38:16,307 [WARN] PackLoader:240 - Cannot read IP mode file for STMicroelectronics.FP-ATR-ASTRA1.2.0.1
2025-02-23 14:38:17,896 [WARN] PackLoader:240 - Cannot read IP mode file for STMicroelectronics.X-CUBE-SMBUS.2.1.0
2025-02-23 14:38:18,840 [WARN] PackLoader:240 - Cannot read IP mode file for STMicroelectronics.X-CUBE-WB05N.1.1.0
2025-02-23 14:38:19,817 [WARN] PackLoader:240 - Cannot read IP mode file for STMicroelectronics.X-CUBE-AZRTOS-F7.1.1.0
2025-02-23 14:38:21,129 [WARN] PackLoader:240 - Cannot read IP mode file for STMicroelectronics.X-CUBE-MEMS1.11.0.0
2025-02-23 14:38:25,006 [WARN] PackLoader:240 - Cannot read IP mode file for STMicroelectronics.FP-SNS-FLIGHT1.5.0.2
2025-02-23 14:38:25,396 [WARN] PackLoader:240 - Cannot read IP mode file for STMicroelectronics.X-CUBE-DISPLAY.3.0.0
2025-02-23 14:38:25,827 [WARN] PackLoader:240 - Cannot read IP mode file for STMicroelectronics.X-CUBE-BLE1.7.0.0
2025-02-23 14:38:27,107 [WARN] PackLoader:240 - Cannot read IP mode file for STMicroelectronics.X-CUBE-NFC10.1.0.0
2025-02-23 14:38:27,592 [WARN] PackLoader:240 - Cannot read IP mode file for STMicroelectronics.X-CUBE-BLEMGR.4.0.0
2025-02-23 14:38:28,477 [WARN] PackLoader:240 - Cannot read IP mode file for emotas.I-CUBE-CANOPEN.1.3.0
2025-02-23 14:38:29,017 [WARN] PackLoader:240 - Cannot read IP mode file for STMicroelectronics.X-CUBE-BLEMGR.3.1.0
2025-02-23 14:38:31,051 [WARN] PackLoader:240 - Cannot read IP mode file for STMicroelectronics.X-CUBE-AI.10.0.0
2025-02-23 14:38:31,290 [WARN] PackLoader:240 - Cannot read IP mode file for STMicroelectronics.FP-SNS-SMARTAG2.1.2.0
2025-02-23 14:38:32,847 [WARN] PackLoader:240 - Cannot read IP mode file for STMicroelectronics.X-CUBE-MEMS1.11.1.0
