2024-12-24 13:21:56,846 [INFO] Activator:176 - 


2024-12-24 13:21:56,867 [INFO] Activator:177 - !SESSION log4j initialized
2024-12-24 13:22:10,954 [INFO] LogOutputStream:77 - [STDOUT_REDIRECT] 
2024-12-24 13:22:47,842 [INFO] ApplicationProperties:184 - Using Application install path: C:\ST\STM32CubeIDE_1.16.0\STM32CubeIDE\plugins\com.st.stm32cube.common.mx_6.12.1.202409122256
2024-12-24 13:22:47,908 [INFO] DbMcusXml:78 - Set database path to: C:\ST\STM32CubeIDE_1.16.0\STM32CubeIDE\plugins\com.st.stm32cube.common.mx_6.12.1.202409122256\\db\/mcu/
2024-12-24 13:22:47,909 [INFO] ApiDb:274 - Set plugin database path to: C:\ST\STM32CubeIDE_1.16.0\STM32CubeIDE\plugins\com.st.stm32cube.common.mx_6.12.1.202409122256\\db\/plugins/boardmanager/
2024-12-24 13:22:47,911 [WARN] ApiDb:259 - Overriding images path with different value:  => C:\ST\STM32CubeIDE_1.16.0\STM32CubeIDE\plugins\com.st.stm32cube.common.mx_6.12.1.202409122256\\db\/plugins/mcufinder/images/
2024-12-24 13:22:48,078 [INFO] ApiDb:250 - Set database path to: C:\Users\danie\.stmcufinder\plugins\mcufinder//mcu/
2024-12-24 13:22:48,082 [INFO] DbMcusAds:125 - Set database path to: C:\Users\danie\.stmcufinder\plugins\mcufinder//mcu/
2024-12-24 13:22:48,092 [INFO] CrossReferenceDbSqlite:203 - Set database path to: C:\Users\danie\.stmcufinder\plugins\mcufinder//mcu/cs/
2024-12-24 13:22:48,360 [INFO] RulesReader:64 - Compatibility file has been processed (297 Rules)
2024-12-24 13:22:48,755 [INFO] DbMcusXml:78 - Set database path to: C:\ST\STM32CubeIDE_1.16.0\STM32CubeIDE\plugins\com.st.stm32cube.common.mx_6.12.1.202409122256\\db\/mcu/
2024-12-24 13:22:48,755 [INFO] ApiDb:274 - Set plugin database path to: C:\ST\STM32CubeIDE_1.16.0\STM32CubeIDE\plugins\com.st.stm32cube.common.mx_6.12.1.202409122256\\db\/plugins/boardmanager/
2024-12-24 13:22:48,756 [INFO] ApiDb:261 - Set plugin images path to: C:\ST\STM32CubeIDE_1.16.0\STM32CubeIDE\plugins\com.st.stm32cube.common.mx_6.12.1.202409122256\\db\/plugins/mcufinder/images/
2024-12-24 13:22:48,756 [WARN] DbFile:41 - Overriding database path with different value: C:\Users\danie\.stmcufinder\plugins\mcufinder/ => C:\Users\danie\.stmcufinder\plugins\mcufinder
2024-12-24 13:22:48,756 [INFO] ApiDb:250 - Set database path to: C:\Users\danie\.stmcufinder\plugins\mcufinder//mcu/
2024-12-24 13:22:48,757 [WARN] DbFile:41 - Overriding database path with different value: C:\Users\danie\.stmcufinder\plugins\mcufinder/ => C:\Users\danie\.stmcufinder\plugins\mcufinder
2024-12-24 13:22:48,757 [INFO] DbMcusAds:125 - Set database path to: C:\Users\danie\.stmcufinder\plugins\mcufinder//mcu/
2024-12-24 13:22:48,757 [WARN] DbFile:41 - Overriding database path with different value: C:\Users\danie\.stmcufinder\plugins\mcufinder/ => C:\Users\danie\.stmcufinder\plugins\mcufinder
2024-12-24 13:22:48,757 [WARN] DbFile:41 - Overriding database path with different value: C:\Users\danie\.stmcufinder\plugins\mcufinder/ => C:\Users\danie\.stmcufinder\plugins\mcufinder
2024-12-24 13:22:48,757 [INFO] CrossReferenceDbSqlite:203 - Set database path to: C:\Users\danie\.stmcufinder\plugins\mcufinder//mcu/cs/
2024-12-24 13:22:49,142 [INFO] MainPanel:268 - HeapMemory: 268435456
2024-12-24 13:22:50,200 [INFO] DbMcusXml:78 - Set database path to: C:\ST\STM32CubeIDE_1.16.0\STM32CubeIDE\plugins\com.st.stm32cube.common.mx_6.12.1.202409122256\\db\/mcu/
2024-12-24 13:22:50,200 [INFO] ApiDb:274 - Set plugin database path to: C:\ST\STM32CubeIDE_1.16.0\STM32CubeIDE\plugins\com.st.stm32cube.common.mx_6.12.1.202409122256\\db\/plugins/boardmanager/
2024-12-24 13:22:50,200 [INFO] ApiDb:261 - Set plugin images path to: C:\ST\STM32CubeIDE_1.16.0\STM32CubeIDE\plugins\com.st.stm32cube.common.mx_6.12.1.202409122256\\db\/plugins/mcufinder/images/
2024-12-24 13:22:50,201 [WARN] DbFile:41 - Overriding database path with different value: C:\Users\danie\.stmcufinder\plugins\mcufinder/ => C:\Users\danie\.stmcufinder\plugins\mcufinder
2024-12-24 13:22:50,201 [INFO] ApiDb:250 - Set database path to: C:\Users\danie\.stmcufinder\plugins\mcufinder//mcu/
2024-12-24 13:22:50,201 [WARN] DbFile:41 - Overriding database path with different value: C:\Users\danie\.stmcufinder\plugins\mcufinder/ => C:\Users\danie\.stmcufinder\plugins\mcufinder
2024-12-24 13:22:50,201 [INFO] DbMcusAds:125 - Set database path to: C:\Users\danie\.stmcufinder\plugins\mcufinder//mcu/
2024-12-24 13:22:50,201 [WARN] DbFile:41 - Overriding database path with different value: C:\Users\danie\.stmcufinder\plugins\mcufinder/ => C:\Users\danie\.stmcufinder\plugins\mcufinder
2024-12-24 13:22:50,202 [WARN] DbFile:41 - Overriding database path with different value: C:\Users\danie\.stmcufinder\plugins\mcufinder/ => C:\Users\danie\.stmcufinder\plugins\mcufinder
2024-12-24 13:22:50,202 [INFO] CrossReferenceDbSqlite:203 - Set database path to: C:\Users\danie\.stmcufinder\plugins\mcufinder//mcu/cs/
2024-12-24 13:22:50,275 [INFO] ApplicationProperties:184 - Using Application install path: C:\ST\STM32CubeIDE_1.16.0\STM32CubeIDE\plugins\com.st.stm32cube.common.mx_6.12.1.202409122256
2024-12-24 13:22:50,287 [INFO] PluginManage:196 - Search for loadable plugins [exclusion list=, ]
2024-12-24 13:22:50,310 [INFO] PluginManage:310 - Check plugin analytics
2024-12-24 13:22:50,628 [INFO] AnalyticsPlugin:253 - Accepted Software Licenses: 
2024-12-24 13:22:50,629 [INFO] AnalyticsPlugin:255 - Accepted CMSIS Pack Licenses: 
2024-12-24 13:22:50,629 [INFO] AnalyticsPlugin:257 - Accepted Firmware Licenses: 
2024-12-24 13:22:50,633 [INFO] PluginManage:359 - Loaded plugin analytics (category:tool,tabindex:-1)
2024-12-24 13:22:50,634 [INFO] PluginManage:310 - Check plugin cadmodel
2024-12-24 13:22:50,713 [INFO] CADModel:105 - Init CAD model plugin
2024-12-24 13:22:50,714 [INFO] PluginManage:359 - Loaded plugin cadmodel (category:power,tabindex:5)
2024-12-24 13:22:50,714 [INFO] PluginManage:310 - Check plugin clock
2024-12-24 13:22:50,772 [INFO] PluginManage:359 - Loaded plugin clock (category:base,tabindex:2)
2024-12-24 13:22:50,772 [INFO] PluginManage:310 - Check plugin ddr
2024-12-24 13:22:50,793 [INFO] PluginManage:359 - Loaded plugin ddr (category:tool,tabindex:6)
2024-12-24 13:22:50,793 [INFO] PluginManage:310 - Check plugin filemanager
2024-12-24 13:22:51,293 [INFO] PluginManage:359 - Loaded plugin filemanager (category:base,tabindex:10)
2024-12-24 13:22:51,294 [INFO] PluginManage:310 - Check plugin ipmanager
2024-12-24 13:22:51,324 [INFO] PluginManage:359 - Loaded plugin ipmanager (category:base,tabindex:5)
2024-12-24 13:22:51,324 [INFO] PluginManage:310 - Check plugin lpbam
2024-12-24 13:22:51,382 [INFO] PluginManage:359 - Loaded plugin lpbam (category:base,tabindex:0)
2024-12-24 13:22:51,383 [INFO] PluginManage:310 - Check plugin memorymap
2024-12-24 13:22:51,498 [INFO] PluginManage:359 - Loaded plugin memorymap (category:base,tabindex:4)
2024-12-24 13:22:51,498 [INFO] PluginManage:310 - Check plugin pinoutandconfiguration
2024-12-24 13:22:51,632 [INFO] PluginManage:359 - Loaded plugin pinoutandconfiguration (category:base,tabindex:1)
2024-12-24 13:22:51,632 [INFO] PluginManage:310 - Check plugin pinoutconfig
2024-12-24 13:22:51,888 [WARN] SupportedApi:132 - Cannot load RTOS API schema: s4s-elt-must-match.1: The content of 'definitions' must match (annotation?, (simpleType | complexType)?, (unique | key | keyref)*)). A problem was found starting at: attribute.
2024-12-24 13:22:52,069 [INFO] PluginManage:359 - Loaded plugin pinoutconfig (category:base,tabindex:0)
2024-12-24 13:22:52,070 [INFO] PluginManage:310 - Check plugin power
2024-12-24 13:22:52,174 [INFO] PluginManage:359 - Loaded plugin power (category:power,tabindex:4)
2024-12-24 13:22:52,174 [INFO] PluginManage:310 - Check plugin projectmanager
2024-12-24 13:22:52,246 [INFO] PluginManage:359 - Loaded plugin projectmanager (category:projectmanager,tabindex:4)
2024-12-24 13:22:52,246 [INFO] PluginManage:310 - Check plugin rif
2024-12-24 13:22:52,304 [INFO] PluginManage:359 - Loaded plugin rif (category:base,tabindex:3)
2024-12-24 13:22:52,305 [INFO] PluginManage:310 - Check plugin thirdparty
2024-12-24 13:22:53,335 [INFO] PluginManage:359 - Loaded plugin thirdparty (category:base,tabindex:-1)
2024-12-24 13:22:53,335 [WARN] IntegrityCheckThread:84 - waiting for thirdparty lock release [integrity check]
2024-12-24 13:22:53,335 [INFO] IntegrityCheckThread:86 - entering critical section [integrity check]
2024-12-24 13:22:53,335 [INFO] PluginManage:310 - Check plugin tools
2024-12-24 13:22:53,336 [INFO] ThirdPartyUpdaterWithRetryManager:70 - Updater plugin not ready yet. [1/15]
2024-12-24 13:22:53,449 [INFO] PluginManage:359 - Loaded plugin tools (category:base,tabindex:7)
2024-12-24 13:22:53,450 [INFO] PluginManage:310 - Check plugin tutovideos
2024-12-24 13:22:54,205 [INFO] PluginManage:359 - Loaded plugin tutovideos (category:base,tabindex:-1)
2024-12-24 13:22:54,205 [INFO] PluginManage:310 - Check plugin updater
2024-12-24 13:22:54,304 [INFO] PluginManage:359 - Loaded plugin updater (category:base,tabindex:12)
2024-12-24 13:22:54,305 [INFO] PluginManage:310 - Check plugin userauth
2024-12-24 13:22:54,349 [INFO] UserAuth:113 - Init User Auth plugin
2024-12-24 13:22:54,349 [INFO] PluginManage:359 - Loaded plugin userauth (category:base,tabindex:14)
2024-12-24 13:22:54,350 [INFO] PluginManage:283 - PluginManage : Loaded plugins [18]
2024-12-24 13:22:55,753 [INFO] PinOutPanel:1561 - setPackage(No Configuration,No Configuration)
2024-12-24 13:22:56,085 [INFO] CADModel:165 - CPN selected for project level
2024-12-24 13:22:56,086 [INFO] CADModel:114 - Register for checkConnection events
2024-12-24 13:22:56,177 [INFO] IPUIPlugin:80 - create IPUIPlugin
2024-12-24 13:22:56,178 [INFO] PluginManager:220 - loadIPPluginJar : add adc
2024-12-24 13:22:56,295 [INFO] IPUIPlugin:80 - create IPUIPlugin
2024-12-24 13:22:56,296 [INFO] PluginManager:220 - loadIPPluginJar : add aes
2024-12-24 13:22:56,337 [INFO] ThirdPartyUpdaterWithRetryManager:70 - Updater plugin not ready yet. [2/15]
2024-12-24 13:22:56,390 [INFO] IPUIPlugin:80 - create IPUIPlugin
2024-12-24 13:22:56,390 [INFO] PluginManager:220 - loadIPPluginJar : add can
2024-12-24 13:22:56,476 [INFO] IPUIPlugin:80 - create IPUIPlugin
2024-12-24 13:22:56,477 [INFO] PluginManager:220 - loadIPPluginJar : add comp
2024-12-24 13:22:56,536 [INFO] IPUIPlugin:80 - create IPUIPlugin
2024-12-24 13:22:56,536 [INFO] PluginManager:220 - loadIPPluginJar : add cryp
2024-12-24 13:22:56,642 [INFO] IPUIPlugin:80 - create IPUIPlugin
2024-12-24 13:22:56,642 [INFO] PluginManager:220 - loadIPPluginJar : add ddr_ctrl_phy
2024-12-24 13:22:56,713 [INFO] IPUIPlugin:80 - create IPUIPlugin
2024-12-24 13:22:56,713 [INFO] PluginManager:220 - loadIPPluginJar : add dfsdm
2024-12-24 13:22:56,742 [INFO] IPUIPlugin:80 - create IPUIPlugin
2024-12-24 13:22:56,743 [INFO] PluginManager:220 - loadIPPluginJar : add dma
2024-12-24 13:22:56,824 [INFO] IPUIPlugin:80 - create IPUIPlugin
2024-12-24 13:22:56,824 [INFO] PluginManager:220 - loadIPPluginJar : add dma3
2024-12-24 13:22:56,914 [INFO] IPUIPlugin:80 - create IPUIPlugin
2024-12-24 13:22:56,914 [INFO] PluginManager:220 - loadIPPluginJar : add extmemmanager
2024-12-24 13:22:56,958 [INFO] IPUIPlugin:80 - create IPUIPlugin
2024-12-24 13:22:56,958 [INFO] PluginManager:220 - loadIPPluginJar : add fatfs
2024-12-24 13:22:57,024 [INFO] IPUIPlugin:80 - create IPUIPlugin
2024-12-24 13:22:57,024 [INFO] PluginManager:220 - loadIPPluginJar : add fmc
2024-12-24 13:22:57,066 [INFO] IPUIPlugin:80 - create IPUIPlugin
2024-12-24 13:22:57,067 [INFO] PluginManager:220 - loadIPPluginJar : add freertos
2024-12-24 13:22:57,122 [INFO] IPUIPlugin:80 - create IPUIPlugin
2024-12-24 13:22:57,122 [INFO] PluginManager:220 - loadIPPluginJar : add genericplugin
2024-12-24 13:22:57,272 [INFO] IPUIPlugin:80 - create IPUIPlugin
2024-12-24 13:22:57,272 [INFO] PluginManager:220 - loadIPPluginJar : add gfxmmu
2024-12-24 13:22:57,461 [INFO] IPUIPlugin:80 - create IPUIPlugin
2024-12-24 13:22:57,462 [INFO] PluginManager:220 - loadIPPluginJar : add gic
2024-12-24 13:22:57,478 [INFO] IPUIPlugin:80 - create IPUIPlugin
2024-12-24 13:22:57,479 [INFO] PluginManager:220 - loadIPPluginJar : add gpio
2024-12-24 13:22:57,666 [INFO] IPUIPlugin:80 - create IPUIPlugin
2024-12-24 13:22:57,666 [INFO] PluginManager:220 - loadIPPluginJar : add gtzc
2024-12-24 13:22:57,734 [INFO] IPUIPlugin:80 - create IPUIPlugin
2024-12-24 13:22:57,734 [INFO] PluginManager:220 - loadIPPluginJar : add hash
2024-12-24 13:22:57,809 [INFO] IPUIPlugin:80 - create IPUIPlugin
2024-12-24 13:22:57,809 [INFO] PluginManager:220 - loadIPPluginJar : add i2c
2024-12-24 13:22:57,859 [INFO] IPUIPlugin:80 - create IPUIPlugin
2024-12-24 13:22:57,859 [INFO] PluginManager:220 - loadIPPluginJar : add i2s
2024-12-24 13:22:57,910 [INFO] IPUIPlugin:80 - create IPUIPlugin
2024-12-24 13:22:57,910 [INFO] PluginManager:220 - loadIPPluginJar : add i3c
2024-12-24 13:22:58,159 [INFO] IPUIPlugin:80 - create IPUIPlugin
2024-12-24 13:22:58,160 [INFO] PluginManager:220 - loadIPPluginJar : add ipddr
2024-12-24 13:22:58,314 [INFO] IPUIPlugin:80 - create IPUIPlugin
2024-12-24 13:22:58,314 [INFO] PluginManager:220 - loadIPPluginJar : add linkedlist
2024-12-24 13:22:58,426 [INFO] IPUIPlugin:80 - create IPUIPlugin
2024-12-24 13:22:58,426 [INFO] PluginManager:220 - loadIPPluginJar : add lorawan
2024-12-24 13:22:58,500 [INFO] IPUIPlugin:80 - create IPUIPlugin
2024-12-24 13:22:58,500 [INFO] PluginManager:220 - loadIPPluginJar : add ltdc
2024-12-24 13:22:58,532 [INFO] IPUIPlugin:80 - create IPUIPlugin
2024-12-24 13:22:58,532 [INFO] PluginManager:220 - loadIPPluginJar : add mdma
2024-12-24 13:22:58,547 [INFO] IPUIPlugin:80 - create IPUIPlugin
2024-12-24 13:22:58,547 [INFO] PluginManager:220 - loadIPPluginJar : add nvic
2024-12-24 13:22:58,606 [INFO] IPUIPlugin:80 - create IPUIPlugin
2024-12-24 13:22:58,606 [INFO] PluginManager:220 - loadIPPluginJar : add opamp
2024-12-24 13:22:58,689 [INFO] IPUIPlugin:80 - create IPUIPlugin
2024-12-24 13:22:58,689 [INFO] PluginManager:220 - loadIPPluginJar : add openamp
2024-12-24 13:22:58,756 [INFO] IPUIPlugin:80 - create IPUIPlugin
2024-12-24 13:22:58,756 [INFO] PluginManager:220 - loadIPPluginJar : add pdm2pcm
2024-12-24 13:22:58,779 [INFO] IPUIPlugin:80 - create IPUIPlugin
2024-12-24 13:22:58,782 [INFO] PluginManager:220 - loadIPPluginJar : add plateformsettings
2024-12-24 13:22:58,821 [INFO] IPUIPlugin:80 - create IPUIPlugin
2024-12-24 13:22:58,821 [INFO] PluginManager:220 - loadIPPluginJar : add quadspi
2024-12-24 13:22:58,888 [INFO] IPUIPlugin:80 - create IPUIPlugin
2024-12-24 13:22:58,909 [INFO] PluginManager:220 - loadIPPluginJar : add radio
2024-12-24 13:22:58,964 [INFO] IPUIPlugin:80 - create IPUIPlugin
2024-12-24 13:22:58,964 [INFO] PluginManager:220 - loadIPPluginJar : add resmgrutility
2024-12-24 13:22:59,049 [INFO] IPUIPlugin:80 - create IPUIPlugin
2024-12-24 13:22:59,049 [INFO] PluginManager:220 - loadIPPluginJar : add sai
2024-12-24 13:22:59,152 [INFO] IPUIPlugin:80 - create IPUIPlugin
2024-12-24 13:22:59,152 [INFO] PluginManager:220 - loadIPPluginJar : add spi
2024-12-24 13:22:59,306 [INFO] IPUIPlugin:80 - create IPUIPlugin
2024-12-24 13:22:59,306 [INFO] PluginManager:220 - loadIPPluginJar : add stm32_wpan
2024-12-24 13:22:59,338 [INFO] ThirdPartyUpdaterWithRetryManager:70 - Updater plugin not ready yet. [3/15]
2024-12-24 13:22:59,399 [INFO] IPUIPlugin:80 - create IPUIPlugin
2024-12-24 13:22:59,399 [INFO] PluginManager:220 - loadIPPluginJar : add tim
2024-12-24 13:22:59,484 [INFO] IPUIPlugin:80 - create IPUIPlugin
2024-12-24 13:22:59,484 [INFO] PluginManager:220 - loadIPPluginJar : add touchsensing
2024-12-24 13:22:59,524 [INFO] IPUIPlugin:80 - create IPUIPlugin
2024-12-24 13:22:59,524 [INFO] PluginManager:220 - loadIPPluginJar : add tracer_emb
2024-12-24 13:22:59,556 [INFO] IPUIPlugin:80 - create IPUIPlugin
2024-12-24 13:22:59,557 [INFO] PluginManager:220 - loadIPPluginJar : add ts
2024-12-24 13:22:59,590 [INFO] IPUIPlugin:80 - create IPUIPlugin
2024-12-24 13:22:59,590 [INFO] PluginManager:220 - loadIPPluginJar : add tsc
2024-12-24 13:22:59,624 [INFO] IPUIPlugin:80 - create IPUIPlugin
2024-12-24 13:22:59,624 [INFO] PluginManager:220 - loadIPPluginJar : add ucpd
2024-12-24 13:22:59,713 [INFO] IPUIPlugin:80 - create IPUIPlugin
2024-12-24 13:22:59,713 [INFO] PluginManager:220 - loadIPPluginJar : add usart
2024-12-24 13:22:59,800 [INFO] IPUIPlugin:80 - create IPUIPlugin
2024-12-24 13:22:59,800 [INFO] PluginManager:220 - loadIPPluginJar : add usbx
2024-12-24 13:23:00,085 [INFO] CADModel:165 - CPN selected for project level
2024-12-24 13:23:00,085 [INFO] CADModel:114 - Register for checkConnection events
2024-12-24 13:23:00,086 [FATAL] Updater:334 - Updater called before beeing initialized
2024-12-24 13:23:00,086 [ERROR] CADModel:125 - Updater not yet initialized, retry later 
2024-12-24 13:23:00,604 [INFO] CADModel:165 - CPN selected for project level
2024-12-24 13:23:00,604 [INFO] CADModel:114 - Register for checkConnection events
2024-12-24 13:23:00,604 [FATAL] Updater:334 - Updater called before beeing initialized
2024-12-24 13:23:00,604 [ERROR] CADModel:125 - Updater not yet initialized, retry later 
2024-12-24 13:23:00,607 [FATAL] Updater:334 - Updater called before beeing initialized
2024-12-24 13:23:00,881 [FATAL] Updater:334 - Updater called before beeing initialized
2024-12-24 13:23:00,951 [INFO] DbMcusAds:53 - JSON generation date=Fri Sep 20 15:04:23 CEST 2024 (1726837463113)
2024-12-24 13:23:00,951 [FATAL] Updater:334 - Updater called before beeing initialized
2024-12-24 13:23:01,201 [WARN] DetailPanel:346 - Failed to get advertising image, set to default
2024-12-24 13:23:01,324 [FATAL] Updater:334 - Updater called before beeing initialized
2024-12-24 13:23:01,326 [FATAL] Updater:334 - Updater called before beeing initialized
2024-12-24 13:23:01,326 [FATAL] Updater:334 - Updater called before beeing initialized
2024-12-24 13:23:01,326 [WARN] DetailPanel:346 - Failed to get advertising image, set to default
2024-12-24 13:23:01,327 [FATAL] Updater:334 - Updater called before beeing initialized
2024-12-24 13:23:01,548 [ERROR] Updater:1164 - MainUpdater not yet initialized. External WinMGr cannot be set.
2024-12-24 13:23:01,588 [INFO] Updater:1100 - Updater Version found : 6.12.1
2024-12-24 13:23:01,630 [INFO] ApplicationProperties:184 - Using Application install path: C:\ST\STM32CubeIDE_1.16.0\STM32CubeIDE\plugins\com.st.stm32cube.common.mx_6.12.1.202409122256
2024-12-24 13:23:02,340 [INFO] ThirdPartyUpdaterWithRetryManager:70 - Updater plugin not ready yet. [4/15]
2024-12-24 13:23:03,326 [ERROR] LogOutputStream:75 - [STDERR_REDIRECT] Dec 24, 2024 1:23:03 PM java.util.prefs.WindowsPreferences <init>
2024-12-24 13:23:03,332 [ERROR] LogOutputStream:75 - [STDERR_REDIRECT] WARNING: Could not open/create prefs root node Software\JavaSoft\Prefs at root 0xffffffff80000002. Windows RegCreateKeyEx(...) returned error code 5.
2024-12-24 13:23:03,332 [ERROR] LogOutputStream:75 - [STDERR_REDIRECT] 
2024-12-24 13:23:04,177 [INFO] MainUpdater:2873 - connection check result : 22
2024-12-24 13:23:04,178 [INFO] MainUpdater:290 - Updater Check For Update Now.
2024-12-24 13:23:04,179 [INFO] MicroXplorer:498 - Change Database Version : DB.6.0.121
2024-12-24 13:23:04,224 [INFO] McuFinderGlobals:63 - Set McuFinder mode to 2 (CubeIDE integrated)
2024-12-24 13:23:04,224 [INFO] UserAuth:179 - activating auth plugin
2024-12-24 13:23:04,257 [INFO] UserAuth:417 - Internet connection configuration mode: 2
2024-12-24 13:23:04,633 [INFO] UserAuth:417 - Internet connection configuration mode: 2
2024-12-24 13:23:04,634 [INFO] CheckServerUpdateThread:120 - End of CheckServer Thread
2024-12-24 13:23:08,454 [WARN] PackLoader:240 - Cannot read IP mode file for STMicroelectronics.FP-SNS-MOTENVWB1.1.4.0
2024-12-24 13:23:08,527 [WARN] PackLoader:240 - Cannot read IP mode file for STMicroelectronics.FP-ATR-ASTRA1.2.0.1
2024-12-24 13:23:08,573 [WARN] PackLoader:240 - Cannot read IP mode file for STMicroelectronics.X-CUBE-SMBUS.2.1.0
2024-12-24 13:23:08,636 [WARN] PackLoader:240 - Cannot read IP mode file for STMicroelectronics.X-CUBE-WB05N.1.1.0
2024-12-24 13:23:08,800 [WARN] PackLoader:240 - Cannot read IP mode file for STMicroelectronics.X-CUBE-AZRTOS-F7.1.1.0
2024-12-24 13:23:09,054 [WARN] PackLoader:240 - Cannot read IP mode file for STMicroelectronics.X-CUBE-MEMS1.11.0.0
2024-12-24 13:23:09,305 [WARN] PackLoader:240 - Cannot read IP mode file for STMicroelectronics.FP-SNS-FLIGHT1.5.0.2
2024-12-24 13:23:09,350 [WARN] PackLoader:240 - Cannot read IP mode file for STMicroelectronics.X-CUBE-DISPLAY.3.0.0
2024-12-24 13:23:09,429 [WARN] PackLoader:240 - Cannot read IP mode file for STMicroelectronics.X-CUBE-BLE1.7.0.0
2024-12-24 13:23:09,472 [WARN] PackLoader:240 - Cannot read IP mode file for STMicroelectronics.X-CUBE-NFC10.1.0.0
2024-12-24 13:23:09,533 [WARN] PackLoader:240 - Cannot read IP mode file for STMicroelectronics.X-CUBE-BLEMGR.4.0.0
2024-12-24 13:23:09,586 [WARN] PackLoader:240 - Cannot read IP mode file for emotas.I-CUBE-CANOPEN.1.3.0
2024-12-24 13:23:09,652 [WARN] PackLoader:240 - Cannot read IP mode file for STMicroelectronics.X-CUBE-BLEMGR.3.1.0
2024-12-24 13:23:09,705 [WARN] PackLoader:240 - Cannot read IP mode file for STMicroelectronics.FP-SNS-SMARTAG2.1.2.0
2024-12-24 13:23:09,887 [WARN] PackLoader:240 - Cannot read IP mode file for STMicroelectronics.X-CUBE-MEMS1.11.1.0
2024-12-24 13:23:10,156 [INFO] LogOutputStream:77 - [STDOUT_REDIRECT] 1 : Invalid condition id : UX_CORESTACK_Condition cause : null
2024-12-24 13:23:10,156 [INFO] LogOutputStream:77 - [STDOUT_REDIRECT] 1 : Invalid condition id : UX_CORESTACK_Condition cause : null
2024-12-24 13:23:10,158 [INFO] LogOutputStream:77 - [STDOUT_REDIRECT] 1 : Invalid condition id : UX_CORESTACK_Condition cause : null
2024-12-24 13:23:10,160 [INFO] LogOutputStream:77 - [STDOUT_REDIRECT] 1 : Invalid condition id : UX_CORESTACK_Condition cause : null
2024-12-24 13:23:10,162 [INFO] LogOutputStream:77 - [STDOUT_REDIRECT] 1 : Invalid condition id : UX_CORESTACK_Condition cause : null
2024-12-24 13:23:10,165 [WARN] PackLoader:240 - Cannot read IP mode file for STMicroelectronics.X-CUBE-AZRTOS-WL.2.0.0
2024-12-24 13:23:10,303 [WARN] PackLoader:240 - Cannot read IP mode file for STMicroelectronics.FP-SNS-MOTENV1.5.0.0
2024-12-24 13:23:10,340 [WARN] PackLoader:240 - Cannot read IP mode file for wolfSSL.I-CUBE-wolfMQTT.1.19.0
2024-12-24 13:23:10,385 [WARN] PackLoader:240 - Cannot read IP mode file for WES.I-CUBE-Cesium.1.3.0
2024-12-24 13:23:10,413 [WARN] PackLoader:240 - Cannot read IP mode file for STMicroelectronics.X-CUBE-BLE2.3.3.0
2024-12-24 13:23:10,448 [WARN] PackLoader:240 - Cannot read IP mode file for STMicroelectronics.X-CUBE-NFC9.1.0.0
2024-12-24 13:23:10,488 [WARN] PackLoader:240 - Cannot read IP mode file for STMicroelectronics.X-CUBE-TCPP.4.1.0
2024-12-24 13:23:10,583 [WARN] PackLoader:240 - Cannot read IP mode file for STMicroelectronics.X-CUBE-AZRTOS-G0.1.1.0
2024-12-24 13:23:10,700 [WARN] PackLoader:240 - Cannot read IP mode file for STMicroelectronics.X-CUBE-SAFEA1.1.2.2
2024-12-24 13:23:10,740 [WARN] PackLoader:240 - Cannot read IP mode file for STMicroelectronics.X-CUBE-NFC4.3.0.0
2024-12-24 13:23:10,784 [WARN] PackLoader:240 - Cannot read IP mode file for EmbeddedOffice.I-CUBE-FS-RTOS.1.0.1
2024-12-24 13:23:10,784 [ERROR] ConditionMgr:805 - Attr not supported : Dmpu
2024-12-24 13:23:10,784 [ERROR] ConditionMgr:805 - Attr not supported : Dmpu
2024-12-24 13:23:10,784 [ERROR] ConditionMgr:805 - Attr not supported : Dmpu
2024-12-24 13:23:10,785 [ERROR] ConditionMgr:805 - Attr not supported : Dmpu
2024-12-24 13:23:10,785 [ERROR] ConditionMgr:805 - Attr not supported : Dmpu
2024-12-24 13:23:10,785 [ERROR] ConditionMgr:805 - Attr not supported : Dmpu
2024-12-24 13:23:10,785 [ERROR] ConditionMgr:805 - Attr not supported : Dmpu
2024-12-24 13:23:10,785 [ERROR] ConditionMgr:805 - Attr not supported : Dmpu
2024-12-24 13:23:10,785 [ERROR] ConditionMgr:805 - Attr not supported : Dmpu
2024-12-24 13:23:10,785 [ERROR] ConditionMgr:805 - Attr not supported : Dmpu
2024-12-24 13:23:10,785 [ERROR] ConditionMgr:805 - Attr not supported : Dmpu
2024-12-24 13:23:10,785 [ERROR] ConditionMgr:805 - Attr not supported : Dmpu
2024-12-24 13:23:10,785 [ERROR] ConditionMgr:805 - Attr not supported : Dmpu
2024-12-24 13:23:10,785 [ERROR] ConditionMgr:805 - Attr not supported : Dmpu
2024-12-24 13:23:10,786 [ERROR] ConditionMgr:805 - Attr not supported : Dmpu
2024-12-24 13:23:10,786 [ERROR] ConditionMgr:805 - Attr not supported : Dmpu
2024-12-24 13:23:10,786 [ERROR] ConditionMgr:805 - Attr not supported : Dmpu
2024-12-24 13:23:10,786 [ERROR] ConditionMgr:805 - Attr not supported : Dmpu
2024-12-24 13:23:10,786 [ERROR] ConditionMgr:805 - Attr not supported : Dmpu
2024-12-24 13:23:10,786 [ERROR] ConditionMgr:805 - Attr not supported : Dmpu
2024-12-24 13:23:10,786 [ERROR] ConditionMgr:805 - Attr not supported : Dmpu
2024-12-24 13:23:10,786 [ERROR] ConditionMgr:805 - Attr not supported : Dmpu
2024-12-24 13:23:10,786 [ERROR] ConditionMgr:805 - Attr not supported : Dmpu
2024-12-24 13:23:10,786 [ERROR] ConditionMgr:805 - Attr not supported : Dmpu
2024-12-24 13:23:10,786 [ERROR] ConditionMgr:805 - Attr not supported : Dmpu
2024-12-24 13:23:10,786 [ERROR] ConditionMgr:805 - Attr not supported : Dmpu
2024-12-24 13:23:10,787 [ERROR] ConditionMgr:805 - Attr not supported : Dmpu
2024-12-24 13:23:10,787 [ERROR] ConditionMgr:805 - Attr not supported : Dmpu
2024-12-24 13:23:10,787 [ERROR] ConditionMgr:805 - Attr not supported : Dmpu
2024-12-24 13:23:10,787 [ERROR] ConditionMgr:805 - Attr not supported : Dmpu
2024-12-24 13:23:10,787 [ERROR] ConditionMgr:805 - Attr not supported : Dmpu
2024-12-24 13:23:10,787 [ERROR] ConditionMgr:805 - Attr not supported : Dmpu
2024-12-24 13:23:10,787 [ERROR] ConditionMgr:805 - Attr not supported : Dmpu
2024-12-24 13:23:10,787 [ERROR] ConditionMgr:805 - Attr not supported : Dmpu
2024-12-24 13:23:10,787 [ERROR] ConditionMgr:805 - Attr not supported : Dmpu
2024-12-24 13:23:10,787 [ERROR] ConditionMgr:805 - Attr not supported : Dmpu
2024-12-24 13:23:10,787 [ERROR] ConditionMgr:805 - Attr not supported : Dmpu
2024-12-24 13:23:10,788 [ERROR] ConditionMgr:805 - Attr not supported : Dmpu
2024-12-24 13:23:10,788 [ERROR] ConditionMgr:805 - Attr not supported : Dmpu
2024-12-24 13:23:10,788 [ERROR] ConditionMgr:805 - Attr not supported : Dmpu
2024-12-24 13:23:10,788 [ERROR] ConditionMgr:805 - Attr not supported : Dmpu
2024-12-24 13:23:10,788 [ERROR] ConditionMgr:805 - Attr not supported : Dmpu
2024-12-24 13:23:10,788 [ERROR] ConditionMgr:805 - Attr not supported : Dmpu
2024-12-24 13:23:10,788 [ERROR] ConditionMgr:805 - Attr not supported : Dmpu
2024-12-24 13:23:10,789 [ERROR] ConditionMgr:805 - Attr not supported : Dmpu
2024-12-24 13:23:10,789 [ERROR] ConditionMgr:805 - Attr not supported : Dmpu
2024-12-24 13:23:10,789 [ERROR] ConditionMgr:805 - Attr not supported : Dmpu
2024-12-24 13:23:10,789 [ERROR] ConditionMgr:805 - Attr not supported : Dmpu
2024-12-24 13:23:10,789 [ERROR] ConditionMgr:805 - Attr not supported : Dmpu
2024-12-24 13:23:10,789 [ERROR] ConditionMgr:805 - Attr not supported : Dmpu
2024-12-24 13:23:10,789 [ERROR] ConditionMgr:805 - Attr not supported : Dmpu
2024-12-24 13:23:10,790 [ERROR] ConditionMgr:805 - Attr not supported : Dmpu
2024-12-24 13:23:10,790 [ERROR] ConditionMgr:805 - Attr not supported : Dmpu
2024-12-24 13:23:10,790 [ERROR] ConditionMgr:805 - Attr not supported : Dmpu
2024-12-24 13:23:10,790 [ERROR] ConditionMgr:805 - Attr not supported : Dmpu
2024-12-24 13:23:10,790 [ERROR] ConditionMgr:805 - Attr not supported : Dmpu
2024-12-24 13:23:10,790 [ERROR] ConditionMgr:805 - Attr not supported : Dmpu
2024-12-24 13:23:10,790 [ERROR] ConditionMgr:805 - Attr not supported : Dmpu
2024-12-24 13:23:10,790 [ERROR] ConditionMgr:805 - Attr not supported : Dmpu
2024-12-24 13:23:10,790 [ERROR] ConditionMgr:805 - Attr not supported : Dmpu
2024-12-24 13:23:10,791 [ERROR] ConditionMgr:805 - Attr not supported : Dmpu
2024-12-24 13:23:10,791 [ERROR] ConditionMgr:805 - Attr not supported : Dmpu
2024-12-24 13:23:10,791 [ERROR] ConditionMgr:805 - Attr not supported : Dmpu
2024-12-24 13:23:10,791 [ERROR] ConditionMgr:805 - Attr not supported : Dmpu
2024-12-24 13:23:10,822 [ERROR] Engine:466 - C:\Users\danie\.stm32cubemx\thirdparties\pdsc\STMicroelectronics.X-CUBE-TCPP.4.2.0.pdsc: PDSC version is not supported
2024-12-24 13:23:10,848 [WARN] PackLoader:240 - Cannot read IP mode file for RealThread.X-CUBE-RT-Thread_Nano.4.1.1
2024-12-24 13:23:10,873 [WARN] PackLoader:240 - Cannot read IP mode file for STMicroelectronics.FP-ATR-SIGFOX1.3.2.0
2024-12-24 13:23:10,896 [WARN] PackLoader:240 - Cannot read IP mode file for wolfSSL.I-CUBE-wolfSSL.5.7.2
2024-12-24 13:23:10,922 [WARN] ConditionMgr:438 - getConditionDescription Invalid condition id : Cortex-A Device cause : null
2024-12-24 13:23:10,969 [WARN] ConditionMgr:1039 - genDependencies : Invalid condition id : Cortex-A Device cause : null
2024-12-24 13:23:10,970 [WARN] ConditionMgr:1039 - genDependencies : Invalid condition id : Cortex-A Device cause : null
2024-12-24 13:23:10,970 [WARN] ConditionMgr:1039 - genDependencies : Invalid condition id : Cortex-A Device cause : null
2024-12-24 13:23:10,996 [WARN] PackLoader:240 - Cannot read IP mode file for STMicroelectronics.X-CUBE-EEPRMA1.5.1.0
2024-12-24 13:23:11,026 [WARN] PackLoader:240 - Cannot read IP mode file for ITTIA_DB.I-CUBE-ITTIADB.8.9.0
2024-12-24 13:23:11,086 [WARN] PackLoader:240 - Cannot read IP mode file for SEGGER.I-CUBE-embOS.1.3.1
2024-12-24 13:23:11,144 [WARN] PackLoader:240 - Cannot read IP mode file for STMicroelectronics.X-CUBE-ALGOBUILD.1.4.0
2024-12-24 13:23:11,174 [WARN] PackLoader:240 - Cannot read IP mode file for STMicroelectronics.X-CUBE-AI.9.1.0
2024-12-24 13:23:11,217 [WARN] PackLoader:240 - Cannot read IP mode file for STMicroelectronics.X-CUBE-AZRTOS-F4.1.1.0
2024-12-24 13:23:11,244 [WARN] PackLoader:240 - Cannot read IP mode file for STMicroelectronics.X-CUBE-ISPU.2.1.0
2024-12-24 13:23:11,273 [WARN] PackLoader:240 - Cannot read IP mode file for STMicroelectronics.X-CUBE-FREERTOS.1.2.0
2024-12-24 13:23:11,349 [WARN] PackLoader:240 - Cannot read IP mode file for STMicroelectronics.X-CUBE-AZRTOS-L5.2.0.0
2024-12-24 13:23:11,409 [WARN] PackLoader:240 - Cannot read IP mode file for STMicroelectronics.X-CUBE-NFC6.3.1.0
2024-12-24 13:23:11,461 [WARN] PackLoader:240 - Cannot read IP mode file for STMicroelectronics.X-CUBE-DPower.1.2.0
2024-12-24 13:23:11,493 [WARN] PackLoader:240 - Cannot read IP mode file for STMicroelectronics.X-CUBE-FREERTOS.1.3.0
2024-12-24 13:23:11,522 [WARN] PackLoader:240 - Cannot read IP mode file for STMicroelectronics.X-CUBE-NFC7.1.0.1
2024-12-24 13:23:11,646 [WARN] ConditionMgr:438 - getConditionDescription Invalid condition id : LAN8742 Phy interface Condition cause : null
2024-12-24 13:23:11,647 [WARN] PackLoader:240 - Cannot read IP mode file for STMicroelectronics.X-CUBE-AZRTOS-L4.2.0.0
2024-12-24 13:23:11,648 [WARN] ConditionMgr:1039 - genDependencies : Invalid condition id : LAN8742 Phy interface Condition cause : null
2024-12-24 13:23:11,649 [WARN] ConditionMgr:1039 - genDependencies : Invalid condition id : LAN8742 Phy interface Condition cause : null
2024-12-24 13:23:11,649 [WARN] ConditionMgr:1039 - genDependencies : Invalid condition id : LAN8742 Phy interface Condition cause : null
2024-12-24 13:23:11,700 [WARN] PackLoader:240 - Cannot read IP mode file for STMicroelectronics.X-CUBE-SFXS2LP1.4.0.0
2024-12-24 13:23:11,771 [WARN] PackLoader:240 - Cannot read IP mode file for STMicroelectronics.X-CUBE-AZRTOS-H7.3.3.0
2024-12-24 13:23:11,810 [WARN] PackLoader:240 - Cannot read IP mode file for STMicroelectronics.X-CUBE-IPS.3.0.0
2024-12-24 13:23:11,886 [WARN] ConditionMgr:438 - getConditionDescription Invalid condition id : UX DEVICE CLASS RTOS Condition cause : null
2024-12-24 13:23:11,887 [WARN] ConditionMgr:438 - getConditionDescription Invalid condition id : UX DEVICE CLASS RTOS Condition cause : null
2024-12-24 13:23:11,888 [WARN] PackLoader:240 - Cannot read IP mode file for STMicroelectronics.X-CUBE-AZRTOS-WB.2.0.0
2024-12-24 13:23:11,889 [WARN] ConditionMgr:1039 - genDependencies : Invalid condition id : UX DEVICE CLASS RTOS Condition cause : null
2024-12-24 13:23:11,889 [WARN] ConditionMgr:1039 - genDependencies : Invalid condition id : UX DEVICE CLASS RTOS Condition cause : null
2024-12-24 13:23:11,890 [WARN] ConditionMgr:1039 - genDependencies : Invalid condition id : UX DEVICE CLASS RTOS Condition cause : null
2024-12-24 13:23:11,890 [WARN] ConditionMgr:1039 - genDependencies : Invalid condition id : UX DEVICE CLASS RTOS Condition cause : null
2024-12-24 13:23:11,890 [WARN] ConditionMgr:1039 - genDependencies : Invalid condition id : UX DEVICE CLASS RTOS Condition cause : null
2024-12-24 13:23:11,929 [WARN] PackLoader:240 - Cannot read IP mode file for STMicroelectronics.X-CUBE-GNSS1.7.0.0
2024-12-24 13:23:11,960 [WARN] PackLoader:240 - Cannot read IP mode file for STMicroelectronics.X-CUBE-GNSS1.7.0.1
2024-12-24 13:23:11,985 [WARN] PackLoader:240 - Cannot read IP mode file for STMicroelectronics.FP-SNS-STBOX1.2.0.0
2024-12-24 13:23:12,057 [WARN] PackLoader:240 - Cannot read IP mode file for STMicroelectronics.X-CUBE-SUBG2.5.0.0
2024-12-24 13:23:12,104 [WARN] PackLoader:240 - Cannot read IP mode file for Cesanta.I-CUBE-Mongoose.7.13.0
2024-12-24 13:23:12,146 [WARN] PackLoader:240 - Cannot read IP mode file for STMicroelectronics.X-CUBE-AZRTOS-G4.2.0.0
2024-12-24 13:23:12,175 [WARN] PackLoader:240 - Cannot read IP mode file for STMicroelectronics.X-CUBE-ALS.1.0.2
2024-12-24 13:23:12,200 [WARN] PackLoader:240 - Cannot read IP mode file for STMicroelectronics.X-CUBE-TOUCHGFX.4.24.1
2024-12-24 13:23:12,230 [WARN] PackLoader:240 - Cannot read IP mode file for wolfSSL.I-CUBE-wolfTPM.3.4.0
2024-12-24 13:23:12,255 [WARN] PackLoader:240 - Cannot read IP mode file for portGmbH.I-Cube-SoM-uGOAL.1.1.0
2024-12-24 13:23:12,303 [WARN] PackLoader:240 - Cannot read IP mode file for STMicroelectronics.X-CUBE-AZRTOS-H7RS.1.0.0
2024-12-24 13:23:12,349 [WARN] PackLoader:240 - Cannot read IP mode file for STMicroelectronics.FP-ATR-ASTRA1.2.0.0
2024-12-24 13:23:12,391 [WARN] PackLoader:240 - Cannot read IP mode file for STMicroelectronics.X-CUBE-TOF1.3.4.2
2024-12-24 13:23:12,438 [WARN] PackLoader:240 - Cannot read IP mode file for Infineon.AIROC-Wi-Fi-Bluetooth-STM32.1.6.1
2024-12-24 13:23:12,460 [WARN] PackLoader:240 - Cannot read IP mode file for wolfSSL.I-CUBE-wolfSSH.1.4.17
2024-12-24 13:23:12,461 [INFO] ThirdParty:978 - Integrity check success = true
2024-12-24 13:23:12,461 [INFO] IntegrityCheckThread:100 - exiting critical section [integrity check]
2024-12-24 13:23:12,461 [INFO] IntegrityCheckThread:103 - End integrity checks thread
2024-12-24 19:50:09,774 [ERROR] LogOutputStream:75 - [STDERR_REDIRECT] 
