2025-03-23 10:20:46,984 [INFO] WebApp:189 - Connection lost
2025-03-23 10:21:43,252 [INFO] WebApp:186 - Connection restablished
2025-03-23 10:39:20,603 [INFO] WebApp:189 - Connection lost
2025-03-23 10:39:20,802 [INFO] WebApp:186 - Connection restablished
2025-03-23 10:41:53,408 [INFO] WebApp:189 - Connection lost
2025-03-23 10:41:53,605 [INFO] WebApp:186 - Connection restablished
2025-03-23 10:44:27,899 [INFO] WebApp:189 - Connection lost
2025-03-23 10:44:28,054 [INFO] WebApp:186 - Connection restablished
2025-03-23 10:49:36,905 [INFO] WebApp:189 - Connection lost
2025-03-23 10:49:37,072 [INFO] WebApp:186 - Connection restablished
2025-03-23 10:52:08,400 [INFO] WebApp:189 - Connection lost
2025-03-23 10:52:08,553 [INFO] WebApp:186 - Connection restablished
2025-03-23 11:12:40,932 [INFO] WebApp:189 - Connection lost
2025-03-23 11:12:41,102 [INFO] WebApp:186 - Connection restablished
2025-03-23 11:17:48,994 [INFO] WebApp:189 - Connection lost
2025-03-23 11:17:49,158 [INFO] WebApp:186 - Connection restablished
2025-03-23 11:20:24,407 [INFO] WebApp:189 - Connection lost
2025-03-23 11:20:24,549 [INFO] WebApp:186 - Connection restablished
2025-03-23 11:22:58,912 [INFO] WebApp:189 - Connection lost
2025-03-23 11:22:59,058 [INFO] WebApp:186 - Connection restablished
2025-03-23 11:25:32,411 [INFO] WebApp:189 - Connection lost
2025-03-23 11:25:32,546 [INFO] WebApp:186 - Connection restablished
2025-03-23 11:28:06,897 [INFO] WebApp:189 - Connection lost
2025-03-23 11:28:07,038 [INFO] WebApp:186 - Connection restablished
2025-03-23 11:30:38,401 [INFO] WebApp:189 - Connection lost
2025-03-23 11:30:38,541 [INFO] WebApp:186 - Connection restablished
2025-03-23 11:35:48,914 [INFO] WebApp:189 - Connection lost
2025-03-23 11:35:49,066 [INFO] WebApp:186 - Connection restablished
2025-03-23 11:38:24,407 [INFO] WebApp:189 - Connection lost
2025-03-23 11:38:24,550 [INFO] WebApp:186 - Connection restablished
2025-03-23 11:51:12,411 [INFO] WebApp:189 - Connection lost
2025-03-23 11:51:12,561 [INFO] WebApp:186 - Connection restablished
2025-03-23 13:00:28,470 [INFO] WebApp:189 - Connection lost
2025-03-23 13:00:28,644 [INFO] WebApp:186 - Connection restablished
2025-03-23 13:03:04,398 [INFO] WebApp:189 - Connection lost
2025-03-23 13:03:04,609 [INFO] WebApp:186 - Connection restablished
2025-03-23 13:05:37,921 [INFO] WebApp:189 - Connection lost
2025-03-23 13:05:38,068 [INFO] WebApp:186 - Connection restablished
2025-03-23 13:08:11,909 [INFO] WebApp:189 - Connection lost
2025-03-23 13:08:12,107 [INFO] WebApp:186 - Connection restablished
2025-03-23 13:10:45,397 [INFO] WebApp:189 - Connection lost
2025-03-23 13:10:45,544 [INFO] WebApp:186 - Connection restablished
2025-03-23 13:13:19,902 [INFO] WebApp:189 - Connection lost
2025-03-23 13:13:20,058 [INFO] WebApp:186 - Connection restablished
2025-03-23 13:15:53,913 [INFO] WebApp:189 - Connection lost
2025-03-23 13:15:54,052 [INFO] WebApp:186 - Connection restablished
2025-03-23 13:18:27,407 [INFO] WebApp:189 - Connection lost
2025-03-23 13:18:27,543 [INFO] WebApp:186 - Connection restablished
2025-03-23 13:21:01,903 [INFO] WebApp:189 - Connection lost
2025-03-23 13:21:02,075 [INFO] WebApp:186 - Connection restablished
2025-03-23 13:23:35,903 [INFO] WebApp:189 - Connection lost
2025-03-23 13:23:36,049 [INFO] WebApp:186 - Connection restablished
2025-03-23 13:26:10,404 [INFO] WebApp:189 - Connection lost
2025-03-23 13:26:10,631 [INFO] WebApp:186 - Connection restablished
2025-03-23 13:28:43,899 [INFO] WebApp:189 - Connection lost
2025-03-23 13:28:44,033 [INFO] WebApp:186 - Connection restablished
2025-03-23 13:31:17,401 [INFO] WebApp:189 - Connection lost
2025-03-23 13:31:17,538 [INFO] WebApp:186 - Connection restablished
2025-03-23 13:33:17,892 [INFO] WebApp:189 - Connection lost
2025-03-23 13:33:18,041 [INFO] WebApp:186 - Connection restablished
2025-03-23 13:33:51,898 [INFO] WebApp:189 - Connection lost
2025-03-23 13:33:52,049 [INFO] WebApp:186 - Connection restablished
2025-03-23 13:34:35,415 [INFO] WebApp:189 - Connection lost
2025-03-23 13:34:35,567 [INFO] WebApp:186 - Connection restablished
2025-03-23 13:36:25,907 [INFO] WebApp:189 - Connection lost
2025-03-23 13:36:26,037 [INFO] WebApp:186 - Connection restablished
2025-03-23 13:36:30,469 [INFO] WebApp:189 - Connection lost
2025-03-23 13:36:30,620 [INFO] WebApp:186 - Connection restablished
2025-03-23 13:36:50,891 [INFO] WebApp:189 - Connection lost
2025-03-23 13:36:51,049 [INFO] WebApp:186 - Connection restablished
2025-03-23 13:37:32,888 [INFO] WebApp:189 - Connection lost
2025-03-23 13:37:33,051 [INFO] WebApp:186 - Connection restablished
2025-03-23 13:38:23,897 [INFO] WebApp:189 - Connection lost
2025-03-23 13:38:24,059 [INFO] WebApp:186 - Connection restablished
2025-03-23 13:38:35,895 [INFO] WebApp:189 - Connection lost
2025-03-23 13:38:36,016 [INFO] WebApp:186 - Connection restablished
2025-03-23 13:38:53,402 [INFO] WebApp:189 - Connection lost
2025-03-23 13:38:53,532 [INFO] WebApp:186 - Connection restablished
2025-03-23 13:39:00,397 [INFO] WebApp:189 - Connection lost
2025-03-23 13:39:00,562 [INFO] WebApp:186 - Connection restablished
2025-03-23 13:39:25,900 [INFO] WebApp:189 - Connection lost
2025-03-23 13:39:26,006 [INFO] WebApp:186 - Connection restablished
2025-03-23 13:39:33,891 [INFO] WebApp:189 - Connection lost
2025-03-23 13:39:34,005 [INFO] WebApp:186 - Connection restablished
2025-03-23 13:39:46,404 [INFO] WebApp:189 - Connection lost
2025-03-23 13:39:46,539 [INFO] WebApp:186 - Connection restablished
2025-03-23 13:39:50,383 [INFO] WebApp:189 - Connection lost
2025-03-23 13:39:50,500 [INFO] WebApp:186 - Connection restablished
2025-03-23 13:40:02,417 [INFO] WebApp:189 - Connection lost
2025-03-23 13:40:07,589 [INFO] WebApp:186 - Connection restablished
2025-03-23 13:40:10,901 [INFO] WebApp:189 - Connection lost
2025-03-23 13:40:13,890 [INFO] WebApp:186 - Connection restablished
2025-03-23 13:40:23,903 [INFO] WebApp:189 - Connection lost
2025-03-23 13:40:24,048 [INFO] WebApp:186 - Connection restablished
2025-03-23 13:40:35,899 [INFO] WebApp:189 - Connection lost
2025-03-23 13:40:36,158 [INFO] WebApp:186 - Connection restablished
2025-03-23 13:40:40,884 [INFO] WebApp:189 - Connection lost
2025-03-23 13:40:40,998 [INFO] WebApp:186 - Connection restablished
2025-03-23 13:40:48,904 [INFO] WebApp:189 - Connection lost
2025-03-23 13:40:49,017 [INFO] WebApp:186 - Connection restablished
2025-03-23 13:41:05,408 [INFO] WebApp:189 - Connection lost
2025-03-23 13:41:05,523 [INFO] WebApp:186 - Connection restablished
2025-03-23 13:41:33,406 [INFO] WebApp:189 - Connection lost
2025-03-23 13:41:33,522 [INFO] WebApp:186 - Connection restablished
2025-03-23 13:42:18,407 [INFO] WebApp:189 - Connection lost
2025-03-23 13:42:18,566 [INFO] WebApp:186 - Connection restablished
2025-03-23 13:42:31,876 [INFO] WebApp:189 - Connection lost
2025-03-23 13:42:31,990 [INFO] WebApp:186 - Connection restablished
2025-03-23 13:43:13,903 [INFO] WebApp:189 - Connection lost
2025-03-23 13:43:14,068 [INFO] WebApp:186 - Connection restablished
2025-03-23 13:43:17,886 [INFO] WebApp:189 - Connection lost
2025-03-23 13:43:17,991 [INFO] WebApp:186 - Connection restablished
2025-03-23 13:43:34,402 [INFO] WebApp:189 - Connection lost
2025-03-23 13:43:35,600 [INFO] WebApp:186 - Connection restablished
2025-03-23 13:43:39,893 [INFO] WebApp:189 - Connection lost
2025-03-23 13:43:40,041 [INFO] WebApp:186 - Connection restablished
2025-03-23 13:43:51,399 [INFO] WebApp:189 - Connection lost
2025-03-23 13:43:51,514 [INFO] WebApp:186 - Connection restablished
2025-03-23 13:44:08,965 [INFO] WebApp:189 - Connection lost
2025-03-23 13:44:09,073 [INFO] WebApp:186 - Connection restablished
2025-03-23 13:44:20,408 [INFO] WebApp:189 - Connection lost
2025-03-23 13:44:20,529 [INFO] WebApp:186 - Connection restablished
2025-03-23 13:44:40,403 [INFO] WebApp:189 - Connection lost
2025-03-23 13:44:40,524 [INFO] WebApp:186 - Connection restablished
2025-03-23 13:44:45,900 [INFO] WebApp:189 - Connection lost
2025-03-23 13:44:46,049 [INFO] WebApp:186 - Connection restablished
2025-03-23 13:44:53,903 [INFO] WebApp:189 - Connection lost
2025-03-23 13:44:54,023 [INFO] WebApp:186 - Connection restablished
2025-03-23 13:45:01,896 [INFO] WebApp:189 - Connection lost
2025-03-23 13:45:02,037 [INFO] WebApp:186 - Connection restablished
2025-03-23 13:45:06,919 [INFO] WebApp:189 - Connection lost
2025-03-23 13:45:30,262 [INFO] WebApp:186 - Connection restablished
2025-03-23 13:45:46,422 [INFO] WebApp:189 - Connection lost
2025-03-23 13:45:46,537 [INFO] WebApp:186 - Connection restablished
2025-03-23 13:45:50,389 [INFO] WebApp:189 - Connection lost
2025-03-23 13:46:01,039 [INFO] WebApp:186 - Connection restablished
2025-03-23 13:46:04,407 [INFO] WebApp:189 - Connection lost
2025-03-23 13:46:04,623 [INFO] WebApp:186 - Connection restablished
2025-03-23 13:46:25,398 [INFO] WebApp:189 - Connection lost
2025-03-23 13:46:25,597 [INFO] WebApp:186 - Connection restablished
2025-03-23 13:46:45,389 [INFO] WebApp:189 - Connection lost
2025-03-23 13:46:45,573 [INFO] WebApp:186 - Connection restablished
2025-03-23 13:49:13,911 [INFO] WebApp:189 - Connection lost
2025-03-23 13:49:17,104 [INFO] WebApp:186 - Connection restablished
2025-03-23 13:49:20,928 [INFO] WebApp:189 - Connection lost
2025-03-23 13:49:21,131 [INFO] WebApp:186 - Connection restablished
2025-03-23 13:51:47,894 [INFO] WebApp:189 - Connection lost
2025-03-23 13:51:49,123 [INFO] WebApp:186 - Connection restablished
2025-03-23 13:51:53,902 [INFO] WebApp:189 - Connection lost
2025-03-23 13:51:54,024 [INFO] WebApp:186 - Connection restablished
2025-03-23 13:54:24,411 [INFO] WebApp:189 - Connection lost
2025-03-23 13:54:24,578 [INFO] WebApp:186 - Connection restablished
2025-03-23 13:56:59,915 [INFO] WebApp:189 - Connection lost
2025-03-23 13:57:00,072 [INFO] WebApp:186 - Connection restablished
2025-03-23 13:59:33,411 [INFO] WebApp:189 - Connection lost
2025-03-23 13:59:33,564 [INFO] WebApp:186 - Connection restablished
2025-03-23 14:02:07,421 [INFO] WebApp:189 - Connection lost
2025-03-23 14:02:07,574 [INFO] WebApp:186 - Connection restablished
2025-03-23 14:09:49,387 [INFO] WebApp:189 - Connection lost
2025-03-23 14:09:49,526 [INFO] WebApp:186 - Connection restablished
2025-03-23 14:14:55,905 [INFO] WebApp:189 - Connection lost
2025-03-23 14:14:56,061 [INFO] WebApp:186 - Connection restablished
2025-03-23 14:17:37,776 [INFO] WebApp:189 - Connection lost
2025-03-23 14:17:49,458 [INFO] WebApp:186 - Connection restablished
2025-03-23 14:22:38,927 [INFO] WebApp:189 - Connection lost
2025-03-23 14:22:39,083 [INFO] WebApp:186 - Connection restablished
2025-03-23 14:27:47,381 [INFO] WebApp:189 - Connection lost
2025-03-23 14:27:47,550 [INFO] WebApp:186 - Connection restablished
2025-03-23 14:30:19,405 [INFO] WebApp:189 - Connection lost
2025-03-23 14:30:19,555 [INFO] WebApp:186 - Connection restablished
2025-03-23 14:35:29,933 [INFO] WebApp:189 - Connection lost
2025-03-23 14:35:30,038 [INFO] WebApp:186 - Connection restablished
2025-03-23 14:43:15,406 [INFO] WebApp:189 - Connection lost
2025-03-23 14:43:15,565 [INFO] WebApp:186 - Connection restablished
2025-03-23 14:45:47,405 [INFO] WebApp:189 - Connection lost
2025-03-23 14:45:47,583 [INFO] WebApp:186 - Connection restablished
2025-03-23 14:50:56,409 [INFO] WebApp:189 - Connection lost
2025-03-23 14:50:56,545 [INFO] WebApp:186 - Connection restablished
2025-03-23 14:53:29,880 [INFO] WebApp:189 - Connection lost
2025-03-23 14:53:30,077 [INFO] WebApp:186 - Connection restablished
2025-03-23 15:03:41,925 [INFO] WebApp:189 - Connection lost
2025-03-23 15:03:42,104 [INFO] WebApp:186 - Connection restablished
2025-03-23 15:33:45,462 [INFO] WebApp:189 - Connection lost
2025-03-23 15:33:45,694 [INFO] WebApp:186 - Connection restablished
2025-03-23 15:36:48,949 [INFO] WebApp:189 - Connection lost
2025-03-23 15:36:49,687 [INFO] WebApp:186 - Connection restablished
2025-03-23 16:10:44,003 [INFO] WebApp:189 - Connection lost
2025-03-23 16:11:23,187 [INFO] WebApp:186 - Connection restablished
2025-03-23 16:12:56,004 [INFO] WebApp:189 - Connection lost
2025-03-23 16:12:56,120 [INFO] WebApp:186 - Connection restablished
2025-03-23 16:18:13,919 [INFO] WebApp:189 - Connection lost
2025-03-23 16:18:14,080 [INFO] WebApp:186 - Connection restablished
2025-03-23 16:23:19,386 [INFO] WebApp:189 - Connection lost
2025-03-23 16:23:19,536 [INFO] WebApp:186 - Connection restablished
2025-03-23 16:43:53,015 [INFO] WebApp:189 - Connection lost
2025-03-23 16:43:53,205 [INFO] WebApp:186 - Connection restablished
2025-03-23 16:44:44,127 [INFO] McuFinderGlobals:63 - Set McuFinder mode to 2 (CubeIDE integrated)
2025-03-23 16:44:45,836 [INFO] MainUpdater:2873 - connection check result : 10
2025-03-23 16:44:45,906 [INFO] MainUpdater:2873 - connection check result : 10
2025-03-23 16:44:52,398 [INFO] RulesReader:64 - Compatibility file has been processed (297 Rules)
2025-03-23 16:44:52,416 [INFO] RulesReader:64 - Compatibility file has been processed (297 Rules)
2025-03-23 16:44:52,779 [INFO] MicroXplorer:468 - Change Database Path : 
2025-03-23 16:44:52,779 [INFO] MicroXplorer:498 - Change Database Version : DB.6.0.121
2025-03-23 16:44:53,026 [WARN] ThirdParty:871 - waiting for thirdparty lock release [close project]
2025-03-23 16:44:53,026 [INFO] ThirdParty:873 - entering critical section [close project]
2025-03-23 16:44:53,216 [INFO] ThirdParty:883 - exiting critical section [close project]
2025-03-23 16:44:53,286 [INFO] PinOutPanel:1561 - setPackage(No Configuration,No Configuration)
2025-03-23 16:44:53,436 [INFO] UtilMem:75 - Begin LoadConfig() Used Memory: 623700552 Bytes (1073741824)
2025-03-23 16:44:53,513 [INFO] MicroXplorer:468 - Change Database Path : 
2025-03-23 16:44:53,513 [INFO] MicroXplorer:498 - Change Database Version : DB.6.0.121
2025-03-23 16:44:53,516 [INFO] OpenFileManager:332 - Change cursor
2025-03-23 16:44:54,887 [INFO] Mcu:2032 - Initializing MCU STM32F051R8Tx STM32F051R8Tx STM32F051R8T6
2025-03-23 16:45:04,376 [INFO] Context:742 - Trying to add GPIOservice into a context  which must be forbidden
2025-03-23 16:45:07,169 [INFO] RtosManager:555 - Registered RTOS mode: class=CMSIS, group=RTOS, mode=CMSIS_V1, owner=FREERTOS
2025-03-23 16:45:07,170 [INFO] RtosManager:555 - Registered RTOS mode: class=CMSIS, group=RTOS2, mode=CMSIS_V2, owner=FREERTOS
2025-03-23 16:45:07,170 [INFO] RtosManager:555 - Registered RTOS mode: class=RTOS, group=Core, mode=CMSIS_V1, owner=FREERTOS
2025-03-23 16:45:07,170 [INFO] RtosManager:555 - Registered RTOS mode: class=RTOS, group=Core, mode=CMSIS_V2, owner=FREERTOS
2025-03-23 16:45:07,170 [WARN] ModelIntegratedComponent:184 - Missing modes for component STMicroelectronics:FreeRTOS:0.0.1:STMicroelectronics:RTOS:FreeRTOS:Core:::10.2.0:
2025-03-23 16:45:07,187 [WARN] ModelIntegratedComponent:63 - No mode defined for component null
2025-03-23 16:45:07,187 [WARN] ModelIntegratedComponent:63 - No mode defined for component null
2025-03-23 16:45:07,187 [WARN] ModelIntegratedComponent:63 - No mode defined for component null
2025-03-23 16:45:07,187 [WARN] ModelIntegratedComponent:63 - No mode defined for component null
2025-03-23 16:45:07,187 [WARN] ModelIntegratedComponent:63 - No mode defined for component null
2025-03-23 16:45:07,187 [WARN] ModelIntegratedComponent:63 - No mode defined for component null
2025-03-23 16:45:07,187 [WARN] ModelIntegratedComponent:63 - No mode defined for component null
2025-03-23 16:45:07,187 [WARN] ModelIntegratedComponent:63 - No mode defined for component null
2025-03-23 16:45:07,187 [WARN] ModelIntegratedComponent:63 - No mode defined for component null
2025-03-23 16:45:07,187 [WARN] ModelIntegratedComponent:63 - No mode defined for component null
2025-03-23 16:45:07,188 [WARN] ModelIntegratedComponent:63 - No mode defined for component null
2025-03-23 16:45:07,188 [WARN] ModelIntegratedComponent:63 - No mode defined for component null
2025-03-23 16:45:07,188 [WARN] ModelIntegratedComponent:63 - No mode defined for component null
2025-03-23 16:45:07,188 [WARN] ModelIntegratedComponent:63 - No mode defined for component null
2025-03-23 16:45:07,188 [WARN] ModelIntegratedComponent:63 - No mode defined for component null
2025-03-23 16:45:07,216 [WARN] ModelIntegratedComponent:63 - No mode defined for component null
2025-03-23 16:45:07,216 [WARN] ModelIntegratedComponent:63 - No mode defined for component null
2025-03-23 16:45:07,216 [WARN] ModelIntegratedComponent:63 - No mode defined for component null
2025-03-23 16:45:07,217 [WARN] ModelIntegratedComponent:63 - No mode defined for component null
2025-03-23 16:45:07,217 [WARN] ModelIntegratedComponent:63 - No mode defined for component null
2025-03-23 16:45:07,217 [WARN] ModelIntegratedComponent:63 - No mode defined for component null
2025-03-23 16:45:07,217 [WARN] ModelIntegratedComponent:63 - No mode defined for component null
2025-03-23 16:45:07,217 [WARN] ModelIntegratedComponent:63 - No mode defined for component null
2025-03-23 16:45:07,217 [WARN] ModelIntegratedComponent:63 - No mode defined for component null
2025-03-23 16:45:07,217 [WARN] ModelIntegratedComponent:63 - No mode defined for component null
2025-03-23 16:45:07,217 [WARN] ModelIntegratedComponent:63 - No mode defined for component null
2025-03-23 16:45:07,217 [WARN] ModelIntegratedComponent:63 - No mode defined for component null
2025-03-23 16:45:07,217 [WARN] ModelIntegratedComponent:63 - No mode defined for component null
2025-03-23 16:45:07,217 [WARN] ModelIntegratedComponent:63 - No mode defined for component null
2025-03-23 16:45:07,217 [WARN] ModelIntegratedComponent:63 - No mode defined for component null
2025-03-23 16:45:07,217 [WARN] ModelIntegratedComponent:63 - No mode defined for component null
2025-03-23 16:45:07,217 [WARN] ModelIntegratedComponent:63 - No mode defined for component null
2025-03-23 16:45:07,218 [WARN] ModelIntegratedComponent:63 - No mode defined for component null
2025-03-23 16:45:07,218 [WARN] ModelIntegratedComponent:63 - No mode defined for component null
2025-03-23 16:45:07,218 [WARN] ModelIntegratedComponent:63 - No mode defined for component null
2025-03-23 16:45:07,256 [WARN] ModelPack:524 - Component already loaded: STMicroelectronics:HAL Drivers:0.0.0:STMicroelectronics:Device:STMicro_Driver:XSPI:HAL::0.0.1:HAL_XSPI
2025-03-23 16:45:07,438 [INFO] ThirdPartyModel:298 - Start build external matchings
2025-03-23 16:45:08,282 [INFO] ThirdPartyModel:316 - End build external matchings
2025-03-23 16:45:08,572 [INFO] ImportTextPane:205 - (OptionalMessage_ERROR) IP (DMA) : Parameter (Instance) has Id (USART1_RX) currently not set
2025-03-23 16:45:08,572 [INFO] ImportTextPane:205 - (OptionalMessage_ERROR) IP (DMA) : Parameter (Direction) has Id (USART1_RX) currently not set
2025-03-23 16:45:08,573 [INFO] ImportTextPane:205 - (OptionalMessage_ERROR) IP (DMA) : Parameter (PeriphInc) has Id (USART1_RX) currently not set
2025-03-23 16:45:08,573 [INFO] ImportTextPane:205 - (OptionalMessage_ERROR) IP (DMA) : Parameter (MemInc) has Id (USART1_RX) currently not set
2025-03-23 16:45:08,573 [INFO] ImportTextPane:205 - (OptionalMessage_ERROR) IP (DMA) : Parameter (PeriphDataAlignment) has Id (USART1_RX) currently not set
2025-03-23 16:45:08,574 [INFO] ImportTextPane:205 - (OptionalMessage_ERROR) IP (DMA) : Parameter (MemDataAlignment) has Id (USART1_RX) currently not set
2025-03-23 16:45:08,574 [INFO] ImportTextPane:205 - (OptionalMessage_ERROR) IP (DMA) : Parameter (Mode) has Id (USART1_RX) currently not set
2025-03-23 16:45:08,575 [INFO] ImportTextPane:205 - (OptionalMessage_ERROR) IP (DMA) : Parameter (Priority) has Id (USART1_RX) currently not set
2025-03-23 16:45:08,575 [INFO] ImportTextPane:205 - (OptionalMessage_ERROR) IP (DMA) : Parameter (Instance) has Id (ADC) currently not set
2025-03-23 16:45:08,575 [INFO] ImportTextPane:205 - (OptionalMessage_ERROR) IP (DMA) : Parameter (Direction) has Id (ADC) currently not set
2025-03-23 16:45:08,576 [INFO] ImportTextPane:205 - (OptionalMessage_ERROR) IP (DMA) : Parameter (PeriphInc) has Id (ADC) currently not set
2025-03-23 16:45:08,577 [INFO] ImportTextPane:205 - (OptionalMessage_ERROR) IP (DMA) : Parameter (MemInc) has Id (ADC) currently not set
2025-03-23 16:45:08,577 [INFO] ImportTextPane:205 - (OptionalMessage_ERROR) IP (DMA) : Parameter (PeriphDataAlignment) has Id (ADC) currently not set
2025-03-23 16:45:08,577 [INFO] ImportTextPane:205 - (OptionalMessage_ERROR) IP (DMA) : Parameter (MemDataAlignment) has Id (ADC) currently not set
2025-03-23 16:45:08,578 [INFO] ImportTextPane:205 - (OptionalMessage_ERROR) IP (DMA) : Parameter (Mode) has Id (ADC) currently not set
2025-03-23 16:45:08,578 [INFO] ImportTextPane:205 - (OptionalMessage_ERROR) IP (DMA) : Parameter (Priority) has Id (ADC) currently not set
2025-03-23 16:45:08,647 [INFO] ImportTextPane:205 - (OptionalMessage_ERROR) IP (RCC) : Invalid parameter (FamilyName)
2025-03-23 16:45:08,648 [INFO] ImportTextPane:205 - (OptionalMessage_ERROR) IP (RCC) : Invalid parameter (HSICECFreq_Value)
2025-03-23 16:45:09,564 [INFO] ImportTextPane:205 - (OptionalMessage_ERROR) IP (TIM2) : Parameter (Channel) has Id (PWM Generation2 CH2) currently not set
2025-03-23 16:45:25,875 [INFO] ApiDb:581 - Connected to CubeFinder SQLite database (C:\Users\danie\.stmcufinder\plugins\mcufinder\mcu\cube-finder-db.db)
2025-03-23 16:45:27,033 [INFO] ApiDb:668 - CubeFinder database Data Model version=2.1
2025-03-23 16:45:27,033 [INFO] ApiDb:669 - CubeFinder database Configuration version=3.0.39
2025-03-23 16:45:27,035 [INFO] ApiDb:670 - CubeFinder database generation date=2024-12-10 (1733817889)
2025-03-23 16:45:27,035 [INFO] ApiDb:671 - CubeFinder database FW Pack versions=[FP-ATR-ASTRA1_V2.0.0, FP-SNS-FLIGHT1_V5.0.2, FP-SNS-MOTENV1_V5.0.0, FP-SNS-MOTENVWB1_V1.4.0, FP-SNS-SMARTAG2_V1.2.0, FP-SNS-STBOX1_V2.0.0, STM32Cube_FW_C0_V1.3.0, STM32Cube_FW_F4_V1.28.1, STM32Cube_FW_F7_V1.17.2, STM32Cube_FW_G0_V1.6.2, STM32Cube_FW_G4_V1.6.1, STM32Cube_FW_H5_V1.4.0, STM32Cube_FW_H7RS_V1.1.0, STM32Cube_FW_H7_V1.12.0, STM32Cube_FW_L0_V1.12.2, STM32Cube_FW_L4_V1.18.1, STM32Cube_FW_L5_V1.5.1, STM32Cube_FW_N6_V1.0.0, STM32Cube_FW_U0_V1.2.0, STM32Cube_FW_U3_V1.0.0, STM32Cube_FW_U5_V1.7.0, STM32Cube_FW_WB0_V1.1.0, STM32Cube_FW_WBA_V1.5.0, STM32Cube_FW_WB_V1.21.0, STM32Cube_FW_WL3_V1.0.0, STM32Cube_FW_WL_V1.3.0, X-CUBE-ALGOBUILD_V1.4.0, X-CUBE-ALS_V1.0.2, X-CUBE-AZRTOS-F4_V1.1.0, X-CUBE-AZRTOS-F7_V1.1.0, X-CUBE-AZRTOS-G0_V1.1.0, X-CUBE-AZRTOS-G4_V2.0.0, X-CUBE-AZRTOS-H7RS_V1.0.0, X-CUBE-AZRTOS-H7_V3.3.0, X-CUBE-AZRTOS-L4_V2.0.0, X-CUBE-AZRTOS-L5_V2.0.0, X-CUBE-AZRTOS-WB_V2.0.0, X-CUBE-AZRTOS-WL_V2.0.0, X-CUBE-BLE1_V7.0.0, X-CUBE-BLE2_V3.3.0, X-CUBE-BLEMGR_V3.1.0, X-CUBE-EEPRMA1_V5.1.0, X-CUBE-FREERTOS_V1.2.0, X-CUBE-GNSS1_V6.0.0, X-CUBE-MEMS1_V11.0.0, X-CUBE-NFC4_V3.0.0, X-CUBE-NFC7_V1.0.1, X-CUBE-SFXS2LP1_V4.0.0, X-CUBE-SUBG2_V5.0.0, X-CUBE-TOF1_V3.4.2]
2025-03-23 16:45:27,686 [INFO] DbBoardsSqlite:226 - include board P-NUCLEO-WB55-NUCLEO as a kit item of type 'Nucleo-64'
2025-03-23 16:45:27,686 [INFO] DbBoardsSqlite:226 - include board P-NUCLEO-WB55-USBDONGLE as a kit item of type 'Nucleo USB Dongle'
2025-03-23 16:45:27,700 [INFO] DbBoardsSqlite:226 - include board STEVAL-IDP005V1 as a kit item of type 'Evaluation Board'
2025-03-23 16:45:27,701 [INFO] DbBoardsSqlite:226 - include board STEVAL-IDP005V2 as a kit item of type 'Evaluation Board'
2025-03-23 16:45:28,994 [INFO] ApiDb:240 - Found 646 in-development CPN: [B-G473E-ZEST1S, B-WB1M-WPAN1, B-WL5M-SUBG1, NUCLEO-C031C6, NUCLEO-C071RB, NUCLEO-H503RB, NUCLEO-H533RE, NUCLEO-H563ZI, NUCLEO-H7S3L8, NUCLEO-U031R8, NUCLEO-U083RC, NUCLEO-U545RE-Q, NUCLEO-U5A5ZJ-Q, NUCLEO-WB05KZ, NUCLEO-WB07CC, NUCLEO-WB09KE, NUCLEO-WBA52CG, NUCLEO-WBA55CG, STEVAL-PROTEUS1, STEVAL-SMARTAG2, STEVAL-STWINBX1, STM320518-EVAL, STM32C0116-DK, STM32C011D6Y3TR, STM32C011D6Y6TR, STM32C011F4P3, STM32C011F4P6, STM32C011F4U3, STM32C011F4U6TR, STM32C011F6P3, STM32C011F6P6, STM32C011F6U3, STM32C011F6U6TR, STM32C011J4M3, STM32C011J4M6, STM32C011J6M3, STM32C011J6M6, STM32C0316-DK, STM32C031C4T3, STM32C031C4T6, STM32C031C4U3, STM32C031C4U6, STM32C031C6T3, STM32C031C6T6, STM32C031C6U3, STM32C031C6U6, STM32C031F4P3, STM32C031F4P6, STM32C031F6P3, STM32C031F6P6, STM32C031G4U3, STM32C031G4U6, STM32C031G6U3, STM32C031G6U6, STM32C031K4T3, STM32C031K4T6, STM32C031K4U3, STM32C031K4U6, STM32C031K6T3, STM32C031K6T6, STM32C031K6U3, STM32C031K6U6, STM32C071C8T6, STM32C071C8T6N, STM32C071C8U6, STM32C071C8U6N, STM32C071CBT6, STM32C071CBT6N, STM32C071CBU6, STM32C071CBU6N, STM32C071F8P6, STM32C071F8P6N, STM32C071FBP6, STM32C071FBP6N, STM32C071FBY6TR, STM32C071G8U6, STM32C071G8U6N, STM32C071GBU6, STM32C071GBU6N, STM32C071K8T6, STM32C071K8T6N, STM32C071K8U6, STM32C071K8U6N, STM32C071KBT6, STM32C071KBT6N, STM32C071KBU6, STM32C071KBU6N, STM32C071R8T6, STM32C071R8T6N, STM32C071RBI6N, STM32C071RBT6, STM32C071RBT6N, STM32G071K8TXN, STM32G071K8UXN, STM32G081GBU6N, STM32G081KBT6N, STM32G081KBUXN, STM32G0B1CCT6N, STM32G0B1KCT6, STM32G0B1NEY6TR, STM32G0B1RCT6N, STM32G0C1CCT6, STM32G0C1CCT6N, STM32G0C1CCU6N, STM32G0C1CET6N, STM32G0C1CEU6N, STM32G0C1KCT6, STM32G0C1NEY6TR, STM32G0C1RCI6N, STM32G0C1RCT6N, STM32G0C1REI6N, STM32G0C1RET6N, STM32G0C1VCI6, STM32G0C1VEI6, STM32G411C6T3, STM32G411C6T6, STM32G411C6U3, STM32G411C6U6, STM32G411C8T3, STM32G411C8T6, STM32G411C8U3, STM32G411C8U6, STM32G411CBT3, STM32G411CBT6, STM32G411CBU3, STM32G411CBU6, STM32G411K6T3, STM32G411K6T6, STM32G411K6U3, STM32G411K6U6, STM32G411K8T3, STM32G411K8T6, STM32G411K8U3, STM32G411K8U6, STM32G411KBT3, STM32G411KBT6, STM32G411KBU3, STM32G411KBU6, STM32G411M6T3, STM32G411M6T6, STM32G411M8T3, STM32G411M8T6, STM32G411MBT3, STM32G411MBT6, STM32G411R6T3, STM32G411R6T6, STM32G411R8T3, STM32G411R8T6, STM32G411RBT3, STM32G411RBT6, STM32G414CBT3, STM32G414CBT6, STM32G414CBU3, STM32G414CBU6, STM32G414CCT3, STM32G414CCT6, STM32G414CCU3, STM32G414CCU6, STM32G414MBT3, STM32G414MBT6, STM32G414MCT3, STM32G414MCT6, STM32G414RBT3, STM32G414RBT6, STM32G414RCT3, STM32G414RCT6, STM32G414VBT3, STM32G414VBT6, STM32G414VCT3, STM32G414VCT6, STM32G431CBT3Z, STM32G431RBT3Z, STM32G471CCT6, STM32G471CCU6, STM32G471CET3, STM32G471CET6, STM32G471CEU3, STM32G471CEU6, STM32G471MCT6, STM32G471MET3, STM32G471MET6, STM32G471MEY6TR, STM32G471QCT6, STM32G471QET3, STM32G471RCT6, STM32G471RET3, STM32G471RET6, STM32G471VCH6, STM32G471VCI6, STM32G471VCT6, STM32G471VEH3, STM32G471VEH6, STM32G471VEI3, STM32G471VEI6, STM32G471VET3, STM32G471VET6, STM32G473QET3Z, STM32G473RET3Z, STM32G474CCT6, STM32G491RET3Z, STM32H503CBT6, STM32H503CBU6, STM32H503EBY6TR, STM32H503KBU6, STM32H503RBT6, STM32H523CCT6, STM32H523CCU6, STM32H523CET6, STM32H523CEU6, STM32H523HEY6TR, STM32H523RCT6, STM32H523RET6, STM32H523VCI6, STM32H523VCT6, STM32H523VEI6, STM32H523VET6, STM32H523ZCJ6, STM32H523ZCT6, STM32H523ZEJ6, STM32H523ZET6, STM32H533CET6, STM32H533CEU6, STM32H533HEY6TR, STM32H533RET6, STM32H533VEI6, STM32H533VET6, STM32H533ZEJ6, STM32H533ZET6, STM32H562AGI6, STM32H562AII6, STM32H562IGK6, STM32H562IGT6, STM32H562IIK6, STM32H562IIT6, STM32H562RGT6, STM32H562RGV6, STM32H562RIT6, STM32H562RIV6, STM32H562VGT6, STM32H562VIT6, STM32H562ZGT6, STM32H562ZIT6, STM32H563AGI6, STM32H563AII3Q, STM32H563AII6, STM32H563IGK6, STM32H563IGT6, STM32H563IIK3Q, STM32H563IIK6, STM32H563IIT3Q, STM32H563IIT6, STM32H563MIY3QTR, STM32H563RGT6, STM32H563RGV6, STM32H563RIT6, STM32H563RIV6, STM32H563VGT6, STM32H563VIT3Q, STM32H563VIT6, STM32H563ZGT6, STM32H563ZIT3Q, STM32H563ZIT6, STM32H573AII3Q, STM32H573AII6, STM32H573I-DK, STM32H573IIK3Q, STM32H573IIK6, STM32H573IIT3Q, STM32H573IIT6, STM32H573MIY3QTR, STM32H573RIT6, STM32H573RIV6, STM32H573VIT3Q, STM32H573VIT6, STM32H573ZIT3Q, STM32H573ZIT6, STM32H7R3A8I6, STM32H7R3I8K6, STM32H7R3I8T6, STM32H7R3L8H6, STM32H7R3L8H6H, STM32H7R3R8V6, STM32H7R3V8H6, STM32H7R3V8T6, STM32H7R3V8Y6TR, STM32H7R3Z8J6, STM32H7R3Z8T6, STM32H7R7A8I6, STM32H7R7I8K6, STM32H7R7I8T6, STM32H7R7L8H6, STM32H7R7L8H6H, STM32H7R7Z8J6, STM32H7S3A8I6, STM32H7S3I8K6, STM32H7S3I8T6, STM32H7S3L8H6, STM32H7S3L8H6H, STM32H7S3R8V6, STM32H7S3V8H6, STM32H7S3V8T6, STM32H7S3V8Y6TR, STM32H7S3Z8J6, STM32H7S3Z8T6, STM32H7S78-DK, STM32H7S7A8I6, STM32H7S7I8K6, STM32H7S7I8T6, STM32H7S7L8H6, STM32H7S7L8H6H, STM32H7S7Z8J6, STM32L4R5QGI6STR, STM32MP131AAE3, STM32MP131AAF3, STM32MP131AAG3, STM32MP131CAE3, STM32MP131CAF3, STM32MP131CAG3, STM32MP131DAE7, STM32MP131DAF7, STM32MP131DAG7, STM32MP131FAE7, STM32MP131FAF7, STM32MP131FAG7, STM32MP133AAE3, STM32MP133AAF3, STM32MP133AAG3, STM32MP133CAE3, STM32MP133CAF3, STM32MP133CAG3, STM32MP133DAE7, STM32MP133DAF7, STM32MP133DAG7, STM32MP133FAE7, STM32MP133FAF7, STM32MP133FAG7, STM32MP135AAE3, STM32MP135AAF3, STM32MP135AAG3, STM32MP135CAE3, STM32MP135CAF3, STM32MP135CAG3, STM32MP135DAE7, STM32MP135DAF7, STM32MP135DAG7, STM32MP135F-DK, STM32MP135FAE7, STM32MP135FAF7, STM32MP135FAF7T, STM32MP135FAF7U, STM32MP135FAG7, STM32MP251AAI3, STM32MP251AAK3, STM32MP251AAL3, STM32MP251CAI3, STM32MP251CAK3, STM32MP251CAL3, STM32MP251DAI3, STM32MP251DAK3, STM32MP251DAL3, STM32MP251FAI3, STM32MP251FAK3, STM32MP251FAL3, STM32MP253AAI3, STM32MP253AAK3, STM32MP253AAL3, STM32MP253CAI3, STM32MP253CAK3, STM32MP253CAL3, STM32MP253DAI3, STM32MP253DAK3, STM32MP253DAL3, STM32MP253FAI3, STM32MP253FAK3, STM32MP253FAL3, STM32MP255AAI3, STM32MP255AAK3, STM32MP255AAL3, STM32MP255CAI3, STM32MP255CAK3, STM32MP255CAL3, STM32MP255DAI3, STM32MP255DAK3, STM32MP255DAL3, STM32MP255FAI3, STM32MP255FAK3, STM32MP255FAL3, STM32MP257AAI3, STM32MP257AAK3, STM32MP257AAL3, STM32MP257CAI3, STM32MP257CAK3, STM32MP257CAL3, STM32MP257DAI3, STM32MP257DAK3, STM32MP257DAL3, STM32MP257F-DK, STM32MP257F-EV1, STM32MP257FAI3, STM32MP257FAK3, STM32MP257FAL3, STM32U031C6T6, STM32U031C6U6, STM32U031C8T6, STM32U031C8U6, STM32U031F4P6, STM32U031F6P6, STM32U031F8P6, STM32U031G6Y6TR, STM32U031G8Y6TR, STM32U031K4U6, STM32U031K6U6, STM32U031K8U6, STM32U031R6I6, STM32U031R6T6, STM32U031R8I6, STM32U031R8T6, STM32U073C8T6, STM32U073C8U6, STM32U073CBT6, STM32U073CBU6, STM32U073CCT6, STM32U073CCU6, STM32U073H8Y6TR, STM32U073HBY6TR, STM32U073HCY6TR, STM32U073K8U6, STM32U073KBU6, STM32U073KCU6, STM32U073M8I6, STM32U073M8T6, STM32U073MBI6, STM32U073MBT6, STM32U073MCI6, STM32U073MCT6, STM32U073R8I6, STM32U073R8T6, STM32U073RBI6, STM32U073RBT6, STM32U073RCI6, STM32U073RCT6, STM32U083C-DK, STM32U083CCT6, STM32U083CCU6, STM32U083HCY6TR, STM32U083KCU6, STM32U083MCI6, STM32U083MCT6, STM32U083RCI6, STM32U083RCT6, STM32U535CBT6, STM32U535CBT6Q, STM32U535CBU6, STM32U535CBU6Q, STM32U535CCT6, STM32U535CCT6Q, STM32U535CCU6, STM32U535CCU6Q, STM32U535CET6, STM32U535CET6Q, STM32U535CEU6, STM32U535CEU6Q, STM32U535JEY6QTR, STM32U535NCY6QTR, STM32U535NEY6QTR, STM32U535RBI6, STM32U535RBI6Q, STM32U535RBT6, STM32U535RBT6Q, STM32U535RCI6, STM32U535RCI6Q, STM32U535RCT6, STM32U535RCT6Q, STM32U535REI6, STM32U535REI6Q, STM32U535RET6, STM32U535RET6Q, STM32U535VCI6, STM32U535VCI6Q, STM32U535VCT6, STM32U535VCT6Q, STM32U535VEI6, STM32U535VEI6Q, STM32U535VET6, STM32U535VET6Q, STM32U545CET6, STM32U545CET6Q, STM32U545CEU6, STM32U545CEU6Q, STM32U545JEY6QTR, STM32U545NEY6QTR, STM32U545REI6, STM32U545REI6Q, STM32U545RET6, STM32U545RET6Q, STM32U545VEI6, STM32U545VEI6Q, STM32U545VET6, STM32U545VET6Q, STM32U595AIH6, STM32U595AIH6Q, STM32U595AJH6, STM32U595AJH6Q, STM32U595QII6, STM32U595QII6Q, STM32U595QJI6, STM32U595QJI6Q, STM32U595RIT6, STM32U595RIT6Q, STM32U595RJT6, STM32U595RJT6Q, STM32U595VIT6, STM32U595VIT6Q, STM32U595VJT6, STM32U595VJT6Q, STM32U595ZIT6, STM32U595ZIT6Q, STM32U595ZIY6QTR, STM32U595ZJT6, STM32U595ZJT6Q, STM32U595ZJY6QTR, STM32U599BJY6QTR, STM32U599NIH6Q, STM32U599NJH6Q, STM32U599VIT6Q, STM32U599VJT6, STM32U599VJT6Q, STM32U599ZIT6Q, STM32U599ZIY6QTR, STM32U599ZJT6Q, STM32U599ZJY6QTR, STM32U5A5AJH6, STM32U5A5AJH6Q, STM32U5A5QII3Q , STM32U5A5QJI6, STM32U5A5QJI6Q, STM32U5A5RJT6, STM32U5A5RJT6Q, STM32U5A5VJT6, STM32U5A5VJT6Q, STM32U5A5ZJT6, STM32U5A5ZJT6Q, STM32U5A5ZJY6QTR, STM32U5A9BJY6QTR, STM32U5A9J-DK, STM32U5A9NJH6Q, STM32U5A9VJT6Q, STM32U5A9ZJT6Q, STM32U5A9ZJY6QTR, STM32U5F7VIT6, STM32U5F7VIT6Q, STM32U5F7VJT6, STM32U5F7VJT6Q, STM32U5F9BJY6QTR, STM32U5F9NJH6Q, STM32U5F9VIT6Q, STM32U5F9VJT6Q, STM32U5F9ZIJ6QTR, STM32U5F9ZIT6Q, STM32U5F9ZJJ6QTR, STM32U5F9ZJT6Q, STM32U5G7VJT6, STM32U5G7VJT6Q, STM32U5G9BJY6QTR, STM32U5G9J-DK1, STM32U5G9J-DK2, STM32U5G9NJH6Q, STM32U5G9VJT6Q, STM32U5G9ZJJ6QTR, STM32U5G9ZJT6Q, STM32WB05KZV6TR, STM32WB05KZV7TR, STM32WB05TZF6TR, STM32WB05TZF7TR, STM32WB06CCF6TR, STM32WB06CCF7TR, STM32WB06CCV6TR, STM32WB06CCV7TR, STM32WB06KCV6TR, STM32WB06KCV7TR, STM32WB07CCF6TR, STM32WB07CCF7TR, STM32WB07CCV6TR, STM32WB07CCV7TR, STM32WB07KCV6TR, STM32WB07KCV7TR, STM32WB09KEV6TR, STM32WB09KEV7TR, STM32WB09TEF6TR, STM32WB09TEF7TR, STM32WB1MMCH6, STM32WBA50KGU6, STM32WBA50KGU6TR, STM32WBA52CEU6, STM32WBA52CEU6TR, STM32WBA52CEU7, STM32WBA52CEU7TR, STM32WBA52CGU6, STM32WBA52CGU6TR, STM32WBA52CGU6U, STM32WBA52CGU7, STM32WBA52CGU7TR, STM32WBA52KEU6, STM32WBA52KEU6TR, STM32WBA52KGU6, STM32WBA52KGU6TR, STM32WBA54CEU6, STM32WBA54CEU6TR, STM32WBA54CEU7, STM32WBA54CEU7TR, STM32WBA54CGU6, STM32WBA54CGU6TR, STM32WBA54CGU7, STM32WBA54CGU7TR, STM32WBA54KEU6, STM32WBA54KEU6TR, STM32WBA54KEU7, STM32WBA54KEU7TR, STM32WBA54KGU6, STM32WBA54KGU6TR, STM32WBA54KGU7, STM32WBA54KGU7TR, STM32WBA55CEU6, STM32WBA55CEU6TR, STM32WBA55CEU7, STM32WBA55CEU7TR, STM32WBA55CGU6, STM32WBA55CGU6TR, STM32WBA55CGU6U, STM32WBA55CGU7, STM32WBA55CGU7TR, STM32WBA55G-DK1, STM32WBA55HEF6, STM32WBA55HEF7, STM32WBA55HGF6, STM32WBA55HGF7, STM32WBA55UEI6, STM32WBA55UEI6TR, STM32WBA55UEI7, STM32WBA55UEI7TR, STM32WBA55UGI6, STM32WBA55UGI6TR, STM32WBA55UGI7, STM32WBA55UGI7TR, STM32WL5MOCH6, STM32WL5MOCH6TR]
2025-03-23 16:45:29,006 [INFO] ApiDb:668 - CubeFinder database Data Model version=2.1
2025-03-23 16:45:29,006 [INFO] ApiDb:669 - CubeFinder database Configuration version=3.0.39
2025-03-23 16:45:29,006 [INFO] ApiDb:670 - CubeFinder database generation date=2024-12-10 (1733817889)
2025-03-23 16:45:29,007 [INFO] ApiDb:671 - CubeFinder database FW Pack versions=[FP-ATR-ASTRA1_V2.0.0, FP-SNS-FLIGHT1_V5.0.2, FP-SNS-MOTENV1_V5.0.0, FP-SNS-MOTENVWB1_V1.4.0, FP-SNS-SMARTAG2_V1.2.0, FP-SNS-STBOX1_V2.0.0, STM32Cube_FW_C0_V1.3.0, STM32Cube_FW_F4_V1.28.1, STM32Cube_FW_F7_V1.17.2, STM32Cube_FW_G0_V1.6.2, STM32Cube_FW_G4_V1.6.1, STM32Cube_FW_H5_V1.4.0, STM32Cube_FW_H7RS_V1.1.0, STM32Cube_FW_H7_V1.12.0, STM32Cube_FW_L0_V1.12.2, STM32Cube_FW_L4_V1.18.1, STM32Cube_FW_L5_V1.5.1, STM32Cube_FW_N6_V1.0.0, STM32Cube_FW_U0_V1.2.0, STM32Cube_FW_U3_V1.0.0, STM32Cube_FW_U5_V1.7.0, STM32Cube_FW_WB0_V1.1.0, STM32Cube_FW_WBA_V1.5.0, STM32Cube_FW_WB_V1.21.0, STM32Cube_FW_WL3_V1.0.0, STM32Cube_FW_WL_V1.3.0, X-CUBE-ALGOBUILD_V1.4.0, X-CUBE-ALS_V1.0.2, X-CUBE-AZRTOS-F4_V1.1.0, X-CUBE-AZRTOS-F7_V1.1.0, X-CUBE-AZRTOS-G0_V1.1.0, X-CUBE-AZRTOS-G4_V2.0.0, X-CUBE-AZRTOS-H7RS_V1.0.0, X-CUBE-AZRTOS-H7_V3.3.0, X-CUBE-AZRTOS-L4_V2.0.0, X-CUBE-AZRTOS-L5_V2.0.0, X-CUBE-AZRTOS-WB_V2.0.0, X-CUBE-AZRTOS-WL_V2.0.0, X-CUBE-BLE1_V7.0.0, X-CUBE-BLE2_V3.3.0, X-CUBE-BLEMGR_V3.1.0, X-CUBE-EEPRMA1_V5.1.0, X-CUBE-FREERTOS_V1.2.0, X-CUBE-GNSS1_V6.0.0, X-CUBE-MEMS1_V11.0.0, X-CUBE-NFC4_V3.0.0, X-CUBE-NFC7_V1.0.1, X-CUBE-SFXS2LP1_V4.0.0, X-CUBE-SUBG2_V5.0.0, X-CUBE-TOF1_V3.4.2]
2025-03-23 16:45:33,481 [INFO] ApiDb:240 - Found 646 in-development CPN: [B-G473E-ZEST1S, B-WB1M-WPAN1, B-WL5M-SUBG1, NUCLEO-C031C6, NUCLEO-C071RB, NUCLEO-H503RB, NUCLEO-H533RE, NUCLEO-H563ZI, NUCLEO-H7S3L8, NUCLEO-U031R8, NUCLEO-U083RC, NUCLEO-U545RE-Q, NUCLEO-U5A5ZJ-Q, NUCLEO-WB05KZ, NUCLEO-WB07CC, NUCLEO-WB09KE, NUCLEO-WBA52CG, NUCLEO-WBA55CG, STEVAL-PROTEUS1, STEVAL-SMARTAG2, STEVAL-STWINBX1, STM320518-EVAL, STM32C0116-DK, STM32C011D6Y3TR, STM32C011D6Y6TR, STM32C011F4P3, STM32C011F4P6, STM32C011F4U3, STM32C011F4U6TR, STM32C011F6P3, STM32C011F6P6, STM32C011F6U3, STM32C011F6U6TR, STM32C011J4M3, STM32C011J4M6, STM32C011J6M3, STM32C011J6M6, STM32C0316-DK, STM32C031C4T3, STM32C031C4T6, STM32C031C4U3, STM32C031C4U6, STM32C031C6T3, STM32C031C6T6, STM32C031C6U3, STM32C031C6U6, STM32C031F4P3, STM32C031F4P6, STM32C031F6P3, STM32C031F6P6, STM32C031G4U3, STM32C031G4U6, STM32C031G6U3, STM32C031G6U6, STM32C031K4T3, STM32C031K4T6, STM32C031K4U3, STM32C031K4U6, STM32C031K6T3, STM32C031K6T6, STM32C031K6U3, STM32C031K6U6, STM32C071C8T6, STM32C071C8T6N, STM32C071C8U6, STM32C071C8U6N, STM32C071CBT6, STM32C071CBT6N, STM32C071CBU6, STM32C071CBU6N, STM32C071F8P6, STM32C071F8P6N, STM32C071FBP6, STM32C071FBP6N, STM32C071FBY6TR, STM32C071G8U6, STM32C071G8U6N, STM32C071GBU6, STM32C071GBU6N, STM32C071K8T6, STM32C071K8T6N, STM32C071K8U6, STM32C071K8U6N, STM32C071KBT6, STM32C071KBT6N, STM32C071KBU6, STM32C071KBU6N, STM32C071R8T6, STM32C071R8T6N, STM32C071RBI6N, STM32C071RBT6, STM32C071RBT6N, STM32G071K8TXN, STM32G071K8UXN, STM32G081GBU6N, STM32G081KBT6N, STM32G081KBUXN, STM32G0B1CCT6N, STM32G0B1KCT6, STM32G0B1NEY6TR, STM32G0B1RCT6N, STM32G0C1CCT6, STM32G0C1CCT6N, STM32G0C1CCU6N, STM32G0C1CET6N, STM32G0C1CEU6N, STM32G0C1KCT6, STM32G0C1NEY6TR, STM32G0C1RCI6N, STM32G0C1RCT6N, STM32G0C1REI6N, STM32G0C1RET6N, STM32G0C1VCI6, STM32G0C1VEI6, STM32G411C6T3, STM32G411C6T6, STM32G411C6U3, STM32G411C6U6, STM32G411C8T3, STM32G411C8T6, STM32G411C8U3, STM32G411C8U6, STM32G411CBT3, STM32G411CBT6, STM32G411CBU3, STM32G411CBU6, STM32G411K6T3, STM32G411K6T6, STM32G411K6U3, STM32G411K6U6, STM32G411K8T3, STM32G411K8T6, STM32G411K8U3, STM32G411K8U6, STM32G411KBT3, STM32G411KBT6, STM32G411KBU3, STM32G411KBU6, STM32G411M6T3, STM32G411M6T6, STM32G411M8T3, STM32G411M8T6, STM32G411MBT3, STM32G411MBT6, STM32G411R6T3, STM32G411R6T6, STM32G411R8T3, STM32G411R8T6, STM32G411RBT3, STM32G411RBT6, STM32G414CBT3, STM32G414CBT6, STM32G414CBU3, STM32G414CBU6, STM32G414CCT3, STM32G414CCT6, STM32G414CCU3, STM32G414CCU6, STM32G414MBT3, STM32G414MBT6, STM32G414MCT3, STM32G414MCT6, STM32G414RBT3, STM32G414RBT6, STM32G414RCT3, STM32G414RCT6, STM32G414VBT3, STM32G414VBT6, STM32G414VCT3, STM32G414VCT6, STM32G431CBT3Z, STM32G431RBT3Z, STM32G471CCT6, STM32G471CCU6, STM32G471CET3, STM32G471CET6, STM32G471CEU3, STM32G471CEU6, STM32G471MCT6, STM32G471MET3, STM32G471MET6, STM32G471MEY6TR, STM32G471QCT6, STM32G471QET3, STM32G471RCT6, STM32G471RET3, STM32G471RET6, STM32G471VCH6, STM32G471VCI6, STM32G471VCT6, STM32G471VEH3, STM32G471VEH6, STM32G471VEI3, STM32G471VEI6, STM32G471VET3, STM32G471VET6, STM32G473QET3Z, STM32G473RET3Z, STM32G474CCT6, STM32G491RET3Z, STM32H503CBT6, STM32H503CBU6, STM32H503EBY6TR, STM32H503KBU6, STM32H503RBT6, STM32H523CCT6, STM32H523CCU6, STM32H523CET6, STM32H523CEU6, STM32H523HEY6TR, STM32H523RCT6, STM32H523RET6, STM32H523VCI6, STM32H523VCT6, STM32H523VEI6, STM32H523VET6, STM32H523ZCJ6, STM32H523ZCT6, STM32H523ZEJ6, STM32H523ZET6, STM32H533CET6, STM32H533CEU6, STM32H533HEY6TR, STM32H533RET6, STM32H533VEI6, STM32H533VET6, STM32H533ZEJ6, STM32H533ZET6, STM32H562AGI6, STM32H562AII6, STM32H562IGK6, STM32H562IGT6, STM32H562IIK6, STM32H562IIT6, STM32H562RGT6, STM32H562RGV6, STM32H562RIT6, STM32H562RIV6, STM32H562VGT6, STM32H562VIT6, STM32H562ZGT6, STM32H562ZIT6, STM32H563AGI6, STM32H563AII3Q, STM32H563AII6, STM32H563IGK6, STM32H563IGT6, STM32H563IIK3Q, STM32H563IIK6, STM32H563IIT3Q, STM32H563IIT6, STM32H563MIY3QTR, STM32H563RGT6, STM32H563RGV6, STM32H563RIT6, STM32H563RIV6, STM32H563VGT6, STM32H563VIT3Q, STM32H563VIT6, STM32H563ZGT6, STM32H563ZIT3Q, STM32H563ZIT6, STM32H573AII3Q, STM32H573AII6, STM32H573I-DK, STM32H573IIK3Q, STM32H573IIK6, STM32H573IIT3Q, STM32H573IIT6, STM32H573MIY3QTR, STM32H573RIT6, STM32H573RIV6, STM32H573VIT3Q, STM32H573VIT6, STM32H573ZIT3Q, STM32H573ZIT6, STM32H7R3A8I6, STM32H7R3I8K6, STM32H7R3I8T6, STM32H7R3L8H6, STM32H7R3L8H6H, STM32H7R3R8V6, STM32H7R3V8H6, STM32H7R3V8T6, STM32H7R3V8Y6TR, STM32H7R3Z8J6, STM32H7R3Z8T6, STM32H7R7A8I6, STM32H7R7I8K6, STM32H7R7I8T6, STM32H7R7L8H6, STM32H7R7L8H6H, STM32H7R7Z8J6, STM32H7S3A8I6, STM32H7S3I8K6, STM32H7S3I8T6, STM32H7S3L8H6, STM32H7S3L8H6H, STM32H7S3R8V6, STM32H7S3V8H6, STM32H7S3V8T6, STM32H7S3V8Y6TR, STM32H7S3Z8J6, STM32H7S3Z8T6, STM32H7S78-DK, STM32H7S7A8I6, STM32H7S7I8K6, STM32H7S7I8T6, STM32H7S7L8H6, STM32H7S7L8H6H, STM32H7S7Z8J6, STM32L4R5QGI6STR, STM32MP131AAE3, STM32MP131AAF3, STM32MP131AAG3, STM32MP131CAE3, STM32MP131CAF3, STM32MP131CAG3, STM32MP131DAE7, STM32MP131DAF7, STM32MP131DAG7, STM32MP131FAE7, STM32MP131FAF7, STM32MP131FAG7, STM32MP133AAE3, STM32MP133AAF3, STM32MP133AAG3, STM32MP133CAE3, STM32MP133CAF3, STM32MP133CAG3, STM32MP133DAE7, STM32MP133DAF7, STM32MP133DAG7, STM32MP133FAE7, STM32MP133FAF7, STM32MP133FAG7, STM32MP135AAE3, STM32MP135AAF3, STM32MP135AAG3, STM32MP135CAE3, STM32MP135CAF3, STM32MP135CAG3, STM32MP135DAE7, STM32MP135DAF7, STM32MP135DAG7, STM32MP135F-DK, STM32MP135FAE7, STM32MP135FAF7, STM32MP135FAF7T, STM32MP135FAF7U, STM32MP135FAG7, STM32MP251AAI3, STM32MP251AAK3, STM32MP251AAL3, STM32MP251CAI3, STM32MP251CAK3, STM32MP251CAL3, STM32MP251DAI3, STM32MP251DAK3, STM32MP251DAL3, STM32MP251FAI3, STM32MP251FAK3, STM32MP251FAL3, STM32MP253AAI3, STM32MP253AAK3, STM32MP253AAL3, STM32MP253CAI3, STM32MP253CAK3, STM32MP253CAL3, STM32MP253DAI3, STM32MP253DAK3, STM32MP253DAL3, STM32MP253FAI3, STM32MP253FAK3, STM32MP253FAL3, STM32MP255AAI3, STM32MP255AAK3, STM32MP255AAL3, STM32MP255CAI3, STM32MP255CAK3, STM32MP255CAL3, STM32MP255DAI3, STM32MP255DAK3, STM32MP255DAL3, STM32MP255FAI3, STM32MP255FAK3, STM32MP255FAL3, STM32MP257AAI3, STM32MP257AAK3, STM32MP257AAL3, STM32MP257CAI3, STM32MP257CAK3, STM32MP257CAL3, STM32MP257DAI3, STM32MP257DAK3, STM32MP257DAL3, STM32MP257F-DK, STM32MP257F-EV1, STM32MP257FAI3, STM32MP257FAK3, STM32MP257FAL3, STM32U031C6T6, STM32U031C6U6, STM32U031C8T6, STM32U031C8U6, STM32U031F4P6, STM32U031F6P6, STM32U031F8P6, STM32U031G6Y6TR, STM32U031G8Y6TR, STM32U031K4U6, STM32U031K6U6, STM32U031K8U6, STM32U031R6I6, STM32U031R6T6, STM32U031R8I6, STM32U031R8T6, STM32U073C8T6, STM32U073C8U6, STM32U073CBT6, STM32U073CBU6, STM32U073CCT6, STM32U073CCU6, STM32U073H8Y6TR, STM32U073HBY6TR, STM32U073HCY6TR, STM32U073K8U6, STM32U073KBU6, STM32U073KCU6, STM32U073M8I6, STM32U073M8T6, STM32U073MBI6, STM32U073MBT6, STM32U073MCI6, STM32U073MCT6, STM32U073R8I6, STM32U073R8T6, STM32U073RBI6, STM32U073RBT6, STM32U073RCI6, STM32U073RCT6, STM32U083C-DK, STM32U083CCT6, STM32U083CCU6, STM32U083HCY6TR, STM32U083KCU6, STM32U083MCI6, STM32U083MCT6, STM32U083RCI6, STM32U083RCT6, STM32U535CBT6, STM32U535CBT6Q, STM32U535CBU6, STM32U535CBU6Q, STM32U535CCT6, STM32U535CCT6Q, STM32U535CCU6, STM32U535CCU6Q, STM32U535CET6, STM32U535CET6Q, STM32U535CEU6, STM32U535CEU6Q, STM32U535JEY6QTR, STM32U535NCY6QTR, STM32U535NEY6QTR, STM32U535RBI6, STM32U535RBI6Q, STM32U535RBT6, STM32U535RBT6Q, STM32U535RCI6, STM32U535RCI6Q, STM32U535RCT6, STM32U535RCT6Q, STM32U535REI6, STM32U535REI6Q, STM32U535RET6, STM32U535RET6Q, STM32U535VCI6, STM32U535VCI6Q, STM32U535VCT6, STM32U535VCT6Q, STM32U535VEI6, STM32U535VEI6Q, STM32U535VET6, STM32U535VET6Q, STM32U545CET6, STM32U545CET6Q, STM32U545CEU6, STM32U545CEU6Q, STM32U545JEY6QTR, STM32U545NEY6QTR, STM32U545REI6, STM32U545REI6Q, STM32U545RET6, STM32U545RET6Q, STM32U545VEI6, STM32U545VEI6Q, STM32U545VET6, STM32U545VET6Q, STM32U595AIH6, STM32U595AIH6Q, STM32U595AJH6, STM32U595AJH6Q, STM32U595QII6, STM32U595QII6Q, STM32U595QJI6, STM32U595QJI6Q, STM32U595RIT6, STM32U595RIT6Q, STM32U595RJT6, STM32U595RJT6Q, STM32U595VIT6, STM32U595VIT6Q, STM32U595VJT6, STM32U595VJT6Q, STM32U595ZIT6, STM32U595ZIT6Q, STM32U595ZIY6QTR, STM32U595ZJT6, STM32U595ZJT6Q, STM32U595ZJY6QTR, STM32U599BJY6QTR, STM32U599NIH6Q, STM32U599NJH6Q, STM32U599VIT6Q, STM32U599VJT6, STM32U599VJT6Q, STM32U599ZIT6Q, STM32U599ZIY6QTR, STM32U599ZJT6Q, STM32U599ZJY6QTR, STM32U5A5AJH6, STM32U5A5AJH6Q, STM32U5A5QII3Q , STM32U5A5QJI6, STM32U5A5QJI6Q, STM32U5A5RJT6, STM32U5A5RJT6Q, STM32U5A5VJT6, STM32U5A5VJT6Q, STM32U5A5ZJT6, STM32U5A5ZJT6Q, STM32U5A5ZJY6QTR, STM32U5A9BJY6QTR, STM32U5A9J-DK, STM32U5A9NJH6Q, STM32U5A9VJT6Q, STM32U5A9ZJT6Q, STM32U5A9ZJY6QTR, STM32U5F7VIT6, STM32U5F7VIT6Q, STM32U5F7VJT6, STM32U5F7VJT6Q, STM32U5F9BJY6QTR, STM32U5F9NJH6Q, STM32U5F9VIT6Q, STM32U5F9VJT6Q, STM32U5F9ZIJ6QTR, STM32U5F9ZIT6Q, STM32U5F9ZJJ6QTR, STM32U5F9ZJT6Q, STM32U5G7VJT6, STM32U5G7VJT6Q, STM32U5G9BJY6QTR, STM32U5G9J-DK1, STM32U5G9J-DK2, STM32U5G9NJH6Q, STM32U5G9VJT6Q, STM32U5G9ZJJ6QTR, STM32U5G9ZJT6Q, STM32WB05KZV6TR, STM32WB05KZV7TR, STM32WB05TZF6TR, STM32WB05TZF7TR, STM32WB06CCF6TR, STM32WB06CCF7TR, STM32WB06CCV6TR, STM32WB06CCV7TR, STM32WB06KCV6TR, STM32WB06KCV7TR, STM32WB07CCF6TR, STM32WB07CCF7TR, STM32WB07CCV6TR, STM32WB07CCV7TR, STM32WB07KCV6TR, STM32WB07KCV7TR, STM32WB09KEV6TR, STM32WB09KEV7TR, STM32WB09TEF6TR, STM32WB09TEF7TR, STM32WB1MMCH6, STM32WBA50KGU6, STM32WBA50KGU6TR, STM32WBA52CEU6, STM32WBA52CEU6TR, STM32WBA52CEU7, STM32WBA52CEU7TR, STM32WBA52CGU6, STM32WBA52CGU6TR, STM32WBA52CGU6U, STM32WBA52CGU7, STM32WBA52CGU7TR, STM32WBA52KEU6, STM32WBA52KEU6TR, STM32WBA52KGU6, STM32WBA52KGU6TR, STM32WBA54CEU6, STM32WBA54CEU6TR, STM32WBA54CEU7, STM32WBA54CEU7TR, STM32WBA54CGU6, STM32WBA54CGU6TR, STM32WBA54CGU7, STM32WBA54CGU7TR, STM32WBA54KEU6, STM32WBA54KEU6TR, STM32WBA54KEU7, STM32WBA54KEU7TR, STM32WBA54KGU6, STM32WBA54KGU6TR, STM32WBA54KGU7, STM32WBA54KGU7TR, STM32WBA55CEU6, STM32WBA55CEU6TR, STM32WBA55CEU7, STM32WBA55CEU7TR, STM32WBA55CGU6, STM32WBA55CGU6TR, STM32WBA55CGU6U, STM32WBA55CGU7, STM32WBA55CGU7TR, STM32WBA55G-DK1, STM32WBA55HEF6, STM32WBA55HEF7, STM32WBA55HGF6, STM32WBA55HGF7, STM32WBA55UEI6, STM32WBA55UEI6TR, STM32WBA55UEI7, STM32WBA55UEI7TR, STM32WBA55UGI6, STM32WBA55UGI6TR, STM32WBA55UGI7, STM32WBA55UGI7TR, STM32WL5MOCH6, STM32WL5MOCH6TR]
2025-03-23 16:45:33,494 [INFO] DbMcus:218 - Found 4404 MCUs, 4404 are supported
2025-03-23 16:45:33,511 [INFO] ApiDb:423 - Load user favorites file C:\Users\danie/.stm32cubeide/favorites.mcus.txt: 0 item(s)
2025-03-23 16:45:33,512 [INFO] ApiDb:427 - User favorites MCUs=[]
2025-03-23 16:45:33,512 [INFO] DbMcus:224 - Set 0 / 0 favorites MCUs
2025-03-23 16:45:34,932 [INFO] BoardInfo:889 - No configuration file found for board NUCLEO-N657X0-Q
2025-03-23 16:45:34,934 [INFO] DbBoards:161 - Board is not supported: NUCLEO-N657X0-Q
2025-03-23 16:45:34,971 [INFO] BoardInfo:889 - No configuration file found for board P-NUCLEO-WB55
2025-03-23 16:45:34,971 [INFO] DbBoards:161 - Kit is not supported: P-NUCLEO-WB55
2025-03-23 16:45:34,980 [INFO] BoardInfo:889 - No configuration file found for board STEVAL-BFA001V1B
2025-03-23 16:45:34,981 [INFO] DbBoards:161 - Kit is not supported: STEVAL-BFA001V1B
2025-03-23 16:45:34,983 [INFO] BoardInfo:889 - No configuration file found for board STEVAL-BFA001V2B
2025-03-23 16:45:34,984 [INFO] DbBoards:161 - Kit is not supported: STEVAL-BFA001V2B
2025-03-23 16:45:35,264 [INFO] BoardInfo:889 - No configuration file found for board STM32N6570-DK
2025-03-23 16:45:35,265 [INFO] DbBoards:161 - Board is not supported: STM32N6570-DK
2025-03-23 16:45:35,289 [INFO] DbBoards:168 - Found 203 boards, 198 are supported
2025-03-23 16:45:35,290 [INFO] DbBoards:169 - Found 203 boards, 25 of them is supported for  Bsp
2025-03-23 16:45:35,322 [INFO] ApiDb:423 - Load user favorites file C:\Users\danie/.stm32cubeide/favorites.boards.txt: 0 item(s)
2025-03-23 16:45:35,322 [INFO] ApiDb:427 - User favorites Boards=[]
2025-03-23 16:45:35,322 [INFO] DbBoards:198 - Set 0 / 0 favorites Boards
2025-03-23 16:45:35,409 [INFO] UtilMem:75 - End LoadConfig() Used Memory: 681155808 Bytes (1073741824)
2025-03-23 16:45:36,062 [WARN] ThirdParty:833 - waiting for thirdparty lock release [change project]
2025-03-23 16:45:36,063 [INFO] ThirdParty:835 - entering critical section [change project]
2025-03-23 16:45:36,063 [INFO] ThirdParty:1030 - CMSIS Pack Vendor :STMicroelectronics USBPD 4.1
2025-03-23 16:45:36,063 [INFO] ThirdParty:1030 - CMSIS Pack Vendor :STMicroelectronics X-CUBE-AZRTOS-H7 3.3.0
2025-03-23 16:45:36,063 [INFO] ThirdParty:1030 - CMSIS Pack Vendor :STMicroelectronics X-CUBE-NFC9 1.0.0
2025-03-23 16:45:36,063 [INFO] ThirdParty:1030 - CMSIS Pack Vendor :STMicroelectronics USB_HOST 2.0.0
2025-03-23 16:45:36,064 [INFO] ThirdParty:1030 - CMSIS Pack Vendor :STMicroelectronics FP-SNS-MOTENVWB1 1.4.0
2025-03-23 16:45:36,064 [INFO] ThirdParty:1030 - CMSIS Pack Vendor :STMicroelectronics X-CUBE-AZRTOS-F4 1.1.0
2025-03-23 16:45:36,064 [INFO] ThirdParty:1030 - CMSIS Pack Vendor :STMicroelectronics LIBJPEG 8.0.0
2025-03-23 16:45:36,064 [INFO] ThirdParty:1030 - CMSIS Pack Vendor :STMicroelectronics FP-ATR-ASTRA1 2.0.2
2025-03-23 16:45:36,064 [INFO] ThirdParty:1030 - CMSIS Pack Vendor :STMicroelectronics FP-ATR-ASTRA1 2.0.1
2025-03-23 16:45:36,064 [INFO] ThirdParty:1030 - CMSIS Pack Vendor :STMicroelectronics X-CUBE-BLE1 7.1.0
2025-03-23 16:45:36,064 [INFO] ThirdParty:1030 - CMSIS Pack Vendor :STMicroelectronics X-CUBE-SMBUS 2.1.0
2025-03-23 16:45:36,064 [INFO] ThirdParty:1030 - CMSIS Pack Vendor :STMicroelectronics X-CUBE-WB05N 1.1.0
2025-03-23 16:45:36,064 [INFO] ThirdParty:1030 - CMSIS Pack Vendor :STMicroelectronics USB_DEVICE 3.0.0
2025-03-23 16:45:36,065 [INFO] ThirdParty:1030 - CMSIS Pack Vendor :STMicroelectronics X-CUBE-TCPP 4.1.0
2025-03-23 16:45:36,065 [INFO] ThirdParty:1030 - CMSIS Pack Vendor :STMicroelectronics X-CUBE-ISPU 2.1.0
2025-03-23 16:45:36,065 [INFO] ThirdParty:1030 - CMSIS Pack Vendor :STMicroelectronics X-CUBE-FREERTOS 1.2.0
2025-03-23 16:45:36,065 [INFO] ThirdParty:1030 - CMSIS Pack Vendor :STMicroelectronics X-CUBE-IPS 3.0.0
2025-03-23 16:45:36,065 [INFO] ThirdParty:1030 - CMSIS Pack Vendor :STMicroelectronics X-CUBE-AZRTOS-WB 2.0.0
2025-03-23 16:45:36,065 [INFO] ThirdParty:1030 - CMSIS Pack Vendor :STMicroelectronics X-CUBE-GNSS1 7.0.0
2025-03-23 16:45:36,065 [INFO] ThirdParty:1030 - CMSIS Pack Vendor :STMicroelectronics X-CUBE-GNSS1 7.0.1
2025-03-23 16:45:36,065 [INFO] ThirdParty:1030 - CMSIS Pack Vendor :STMicroelectronics X-CUBE-AZRTOS-F7 1.1.0
2025-03-23 16:45:36,065 [INFO] ThirdParty:1030 - CMSIS Pack Vendor :STMicroelectronics X-CUBE-AZRTOS-L5 2.0.0
2025-03-23 16:45:36,065 [INFO] ThirdParty:1030 - CMSIS Pack Vendor :STMicroelectronics X-CUBE-TOUCHGFX 4.25.0
2025-03-23 16:45:36,065 [INFO] ThirdParty:1030 - CMSIS Pack Vendor :STMicroelectronics USB_DEVICE 2.0.0
2025-03-23 16:45:36,065 [INFO] ThirdParty:1030 - CMSIS Pack Vendor :STMicroelectronics X-CUBE-NFC6 3.1.0
2025-03-23 16:45:36,065 [INFO] ThirdParty:1030 - CMSIS Pack Vendor :STMicroelectronics FP-SNS-STBOX1 2.0.0
2025-03-23 16:45:36,065 [INFO] ThirdParty:1030 - CMSIS Pack Vendor :STMicroelectronics X-CUBE-MEMS1 11.0.0
2025-03-23 16:45:36,065 [INFO] ThirdParty:1030 - CMSIS Pack Vendor :STMicroelectronics FreeRTOS 0.0.1
2025-03-23 16:45:36,065 [INFO] ThirdParty:1030 - CMSIS Pack Vendor :STMicroelectronics X-CUBE-AZRTOS-G0 1.1.0
2025-03-23 16:45:36,065 [INFO] ThirdParty:1030 - CMSIS Pack Vendor :STMicroelectronics X-CUBE-SAFEA1 1.2.2
2025-03-23 16:45:36,065 [INFO] ThirdParty:1030 - CMSIS Pack Vendor :STMicroelectronics X-CUBE-NFC4 3.0.0
2025-03-23 16:45:36,065 [INFO] ThirdParty:1030 - CMSIS Pack Vendor :STMicroelectronics X-CUBE-DPower 1.2.0
2025-03-23 16:45:36,066 [INFO] ThirdParty:1030 - CMSIS Pack Vendor :STMicroelectronics X-CUBE-SUBG2 5.0.0
2025-03-23 16:45:36,066 [INFO] ThirdParty:1030 - CMSIS Pack Vendor :STMicroelectronics X-CUBE-AZRTOS-H7RS 1.1.0
2025-03-23 16:45:36,066 [INFO] ThirdParty:1030 - CMSIS Pack Vendor :STMicroelectronics STM32_WPAN 1.0.0
2025-03-23 16:45:36,066 [INFO] ThirdParty:1030 - CMSIS Pack Vendor :EmbeddedOffice I-CUBE-FS-RTOS 1.0.1
2025-03-23 16:45:36,066 [INFO] ThirdParty:1030 - CMSIS Pack Vendor :STMicroelectronics lwIP 2.0.3
2025-03-23 16:45:36,066 [INFO] ThirdParty:1030 - CMSIS Pack Vendor :STMicroelectronics FP-SNS-FLIGHT1 5.0.2
2025-03-23 16:45:36,066 [INFO] ThirdParty:1030 - CMSIS Pack Vendor :Cesanta I-CUBE-Mongoose 7.13.0
2025-03-23 16:45:36,066 [INFO] ThirdParty:1030 - CMSIS Pack Vendor :STMicroelectronics USB_HOST 1.0.0
2025-03-23 16:45:36,066 [INFO] ThirdParty:1030 - CMSIS Pack Vendor :STMicroelectronics X-CUBE-AZRTOS-G4 2.0.0
2025-03-23 16:45:36,066 [INFO] ThirdParty:1030 - CMSIS Pack Vendor :STMicroelectronics PDM2PCM 3.1.0
2025-03-23 16:45:36,066 [INFO] ThirdParty:1030 - CMSIS Pack Vendor :STMicroelectronics PDM2PCM 3.3.0
2025-03-23 16:45:36,066 [INFO] ThirdParty:1030 - CMSIS Pack Vendor :STMicroelectronics X-CUBE-DISPLAY 3.0.0
2025-03-23 16:45:36,066 [INFO] ThirdParty:1030 - CMSIS Pack Vendor :RealThread X-CUBE-RT-Thread_Nano 4.1.1
2025-03-23 16:45:36,066 [INFO] ThirdParty:1030 - CMSIS Pack Vendor :STMicroelectronics X-CUBE-BLE1 7.0.0
2025-03-23 16:45:36,066 [INFO] ThirdParty:1030 - CMSIS Pack Vendor :STMicroelectronics FP-ATR-SIGFOX1 3.2.0
2025-03-23 16:45:36,066 [INFO] ThirdParty:1030 - CMSIS Pack Vendor :STMicroelectronics X-CUBE-NFC10 1.0.0
2025-03-23 16:45:36,066 [INFO] ThirdParty:1030 - CMSIS Pack Vendor :wolfSSL I-CUBE-wolfSSL 5.7.2
2025-03-23 16:45:36,066 [INFO] ThirdParty:1030 - CMSIS Pack Vendor :quantropi X-CUBE-qispace-sdk-base 1.9.3
2025-03-23 16:45:36,066 [INFO] ThirdParty:1030 - CMSIS Pack Vendor :STMicroelectronics X-CUBE-BLEMGR 4.0.0
2025-03-23 16:45:36,066 [INFO] ThirdParty:1030 - CMSIS Pack Vendor :STMicroelectronics X-CUBE-EEPRMA1 5.1.0
2025-03-23 16:45:36,066 [INFO] ThirdParty:1030 - CMSIS Pack Vendor :STMicroelectronics HAL Drivers 0.0.0
2025-03-23 16:45:36,066 [INFO] ThirdParty:1030 - CMSIS Pack Vendor :STMicroelectronics MBEDTLS 2.16.2
2025-03-23 16:45:36,066 [INFO] ThirdParty:1030 - CMSIS Pack Vendor :STMicroelectronics X-CUBE-ALS 1.0.2
2025-03-23 16:45:36,066 [INFO] ThirdParty:1030 - CMSIS Pack Vendor :emotas I-CUBE-CANOPEN 1.3.0
2025-03-23 16:45:36,066 [INFO] ThirdParty:1030 - CMSIS Pack Vendor :STMicroelectronics X-CUBE-FREERTOS 1.3.0
2025-03-23 16:45:36,066 [INFO] ThirdParty:1030 - CMSIS Pack Vendor :STMicroelectronics X-CUBE-NFC7 1.0.1
2025-03-23 16:45:36,066 [INFO] ThirdParty:1030 - CMSIS Pack Vendor :STMicroelectronics MBEDTLS 2.14.1
2025-03-23 16:45:36,066 [INFO] ThirdParty:1030 - CMSIS Pack Vendor :ITTIA_DB I-CUBE-ITTIADB 8.9.0
2025-03-23 16:45:36,066 [INFO] ThirdParty:1030 - CMSIS Pack Vendor :STMicroelectronics X-CUBE-TOUCHGFX 4.24.2
2025-03-23 16:45:36,066 [INFO] ThirdParty:1030 - CMSIS Pack Vendor :STMicroelectronics X-CUBE-TOUCHGFX 4.24.1
2025-03-23 16:45:36,066 [INFO] ThirdParty:1030 - CMSIS Pack Vendor :wolfSSL I-CUBE-wolfTPM 3.4.0
2025-03-23 16:45:36,066 [INFO] ThirdParty:1030 - CMSIS Pack Vendor :portGmbH I-Cube-SoM-uGOAL 1.1.0
2025-03-23 16:45:36,067 [INFO] ThirdParty:1030 - CMSIS Pack Vendor :STMicroelectronics X-CUBE-BLEMGR 3.1.0
2025-03-23 16:45:36,067 [INFO] ThirdParty:1030 - CMSIS Pack Vendor :STMicroelectronics X-CUBE-AI 10.0.0
2025-03-23 16:45:36,067 [INFO] ThirdParty:1030 - CMSIS Pack Vendor :STMicroelectronics ThreadX 1.0.0
2025-03-23 16:45:36,067 [INFO] ThirdParty:1030 - CMSIS Pack Vendor :STMicroelectronics FP-SNS-SMARTAG2 1.2.0
2025-03-23 16:45:36,067 [INFO] ThirdParty:1030 - CMSIS Pack Vendor :STMicroelectronics X-CUBE-MEMS1 11.1.0
2025-03-23 16:45:36,067 [INFO] ThirdParty:1030 - CMSIS Pack Vendor :STMicroelectronics X-CUBE-AZRTOS-WL 2.0.0
2025-03-23 16:45:36,067 [INFO] ThirdParty:1030 - CMSIS Pack Vendor :SEGGER I-CUBE-embOS 1.3.1
2025-03-23 16:45:36,067 [INFO] ThirdParty:1030 - CMSIS Pack Vendor :STMicroelectronics X-CUBE-ALGOBUILD 1.4.0
2025-03-23 16:45:36,067 [INFO] ThirdParty:1030 - CMSIS Pack Vendor :STMicroelectronics FP-SNS-MOTENV1 5.0.0
2025-03-23 16:45:36,067 [INFO] ThirdParty:1030 - CMSIS Pack Vendor :STMicroelectronics USB_DEVICE 1.0.0
2025-03-23 16:45:36,067 [INFO] ThirdParty:1030 - CMSIS Pack Vendor :STMicroelectronics X-CUBE-AZRTOS-H7RS 1.0.0
2025-03-23 16:45:36,067 [INFO] ThirdParty:1030 - CMSIS Pack Vendor :wolfSSL I-CUBE-wolfMQTT 1.19.0
2025-03-23 16:45:36,067 [INFO] ThirdParty:1030 - CMSIS Pack Vendor :STMicroelectronics X-CUBE-AZRTOS-L4 2.0.0
2025-03-23 16:45:36,067 [INFO] ThirdParty:1030 - CMSIS Pack Vendor :STMicroelectronics ThreadX 0.0.2
2025-03-23 16:45:36,067 [INFO] ThirdParty:1030 - CMSIS Pack Vendor :WES I-CUBE-Cesium 1.3.0
2025-03-23 16:45:36,067 [INFO] ThirdParty:1030 - CMSIS Pack Vendor :STMicroelectronics FP-ATR-ASTRA1 2.0.0
2025-03-23 16:45:36,067 [INFO] ThirdParty:1030 - CMSIS Pack Vendor :STMicroelectronics lwIP 2.1.2
2025-03-23 16:45:36,067 [INFO] ThirdParty:1030 - CMSIS Pack Vendor :STMicroelectronics X-CUBE-SFXS2LP1 4.0.0
2025-03-23 16:45:36,067 [INFO] ThirdParty:1030 - CMSIS Pack Vendor :STMicroelectronics X-CUBE-BLE2 3.3.0
2025-03-23 16:45:36,067 [INFO] ThirdParty:1030 - CMSIS Pack Vendor :STMicroelectronics X-CUBE-TOF1 3.4.2
2025-03-23 16:45:36,068 [INFO] ThirdParty:1030 - CMSIS Pack Vendor :STMicroelectronics X-CUBE-AI 9.1.0
2025-03-23 16:45:36,068 [INFO] ThirdParty:1030 - CMSIS Pack Vendor :Infineon AIROC-Wi-Fi-Bluetooth-STM32 1.6.1
2025-03-23 16:45:36,068 [INFO] ThirdParty:1030 - CMSIS Pack Vendor :STMicroelectronics PDM2PCM 3.2.0
2025-03-23 16:45:36,068 [INFO] ThirdParty:1030 - CMSIS Pack Vendor :wolfSSL I-CUBE-wolfSSH 1.4.17
2025-03-23 16:45:36,068 [INFO] ThirdParty:841 - exiting critical section [change project]
2025-03-23 16:45:42,426 [INFO] PinOutPanel:1561 - setPackage(No Configuration,No Configuration)
2025-03-23 16:45:42,494 [INFO] PinOutPanel:1561 - setPackage(STM32F051R8Tx,LQFP64)
2025-03-23 16:45:46,217 [INFO] UtilMem:75 - Before build in PCC Used Memory: 693271944 Bytes (1073741824)
2025-03-23 16:45:51,908 [INFO] UtilMem:75 - After build in PCC Used Memory: 654295952 Bytes (1073741824)
2025-03-23 16:45:52,129 [INFO] IPUIPlugin:80 - create IPUIPlugin
2025-03-23 16:45:52,129 [INFO] IPUIPlugin:80 - create IPUIPlugin
2025-03-23 16:45:52,129 [INFO] IPUIPlugin:80 - create IPUIPlugin
2025-03-23 16:45:52,130 [INFO] IPUIPlugin:80 - create IPUIPlugin
2025-03-23 16:45:52,131 [INFO] IPUIPlugin:80 - create IPUIPlugin
2025-03-23 16:45:52,141 [INFO] IPUIPlugin:80 - create IPUIPlugin
2025-03-23 16:45:52,141 [INFO] IPUIPlugin:80 - create IPUIPlugin
2025-03-23 16:45:52,142 [INFO] IPUIPlugin:80 - create IPUIPlugin
2025-03-23 16:45:52,143 [INFO] IPUIPlugin:80 - create IPUIPlugin
2025-03-23 16:45:52,143 [INFO] IPUIPlugin:80 - create IPUIPlugin
2025-03-23 16:45:52,143 [INFO] IPUIPlugin:80 - create IPUIPlugin
2025-03-23 16:45:52,143 [INFO] IPUIPlugin:80 - create IPUIPlugin
2025-03-23 16:45:52,143 [INFO] IPUIPlugin:80 - create IPUIPlugin
2025-03-23 16:45:52,144 [INFO] IPUIPlugin:80 - create IPUIPlugin
2025-03-23 16:45:52,144 [INFO] IPUIPlugin:80 - create IPUIPlugin
2025-03-23 16:45:52,144 [INFO] IPUIPlugin:80 - create IPUIPlugin
2025-03-23 16:45:52,145 [INFO] IPUIPlugin:80 - create IPUIPlugin
2025-03-23 16:45:52,145 [INFO] IPUIPlugin:80 - create IPUIPlugin
2025-03-23 16:45:52,145 [INFO] IPUIPlugin:80 - create IPUIPlugin
2025-03-23 16:45:52,146 [INFO] IPUIPlugin:80 - create IPUIPlugin
2025-03-23 16:45:52,146 [INFO] IPUIPlugin:80 - create IPUIPlugin
2025-03-23 16:45:52,147 [INFO] IPUIPlugin:80 - create IPUIPlugin
2025-03-23 16:45:52,147 [INFO] IPUIPlugin:80 - create IPUIPlugin
2025-03-23 16:45:52,147 [INFO] IPUIPlugin:80 - create IPUIPlugin
2025-03-23 16:45:52,147 [INFO] IPUIPlugin:80 - create IPUIPlugin
2025-03-23 16:45:52,148 [INFO] IPUIPlugin:80 - create IPUIPlugin
2025-03-23 16:45:52,148 [INFO] IPUIPlugin:80 - create IPUIPlugin
2025-03-23 16:45:52,148 [INFO] IPUIPlugin:80 - create IPUIPlugin
2025-03-23 16:45:52,149 [INFO] IPUIPlugin:80 - create IPUIPlugin
2025-03-23 16:45:52,149 [INFO] IPUIPlugin:80 - create IPUIPlugin
2025-03-23 16:45:52,149 [INFO] IPUIPlugin:80 - create IPUIPlugin
2025-03-23 16:45:52,157 [INFO] IPUIPlugin:80 - create IPUIPlugin
2025-03-23 16:45:52,159 [INFO] IPUIPlugin:80 - create IPUIPlugin
2025-03-23 16:45:52,162 [INFO] IPUIPlugin:80 - create IPUIPlugin
2025-03-23 16:45:53,538 [INFO] CADModel:165 - CPN selected for project levelSTM32F051R8T6
2025-03-23 16:45:53,538 [INFO] CADModel:114 - Register for checkConnection events
2025-03-23 16:45:53,578 [INFO] OpenFileManager:363 - Restore cursor
2025-03-23 16:46:26,434 [INFO] WebApp:189 - Connection lost
2025-03-23 16:46:26,601 [INFO] WebApp:186 - Connection restablished
2025-03-23 16:48:58,964 [INFO] WebApp:189 - Connection lost
2025-03-23 16:48:59,122 [INFO] WebApp:186 - Connection restablished
2025-03-23 16:51:33,420 [INFO] WebApp:189 - Connection lost
2025-03-23 16:51:33,595 [INFO] WebApp:186 - Connection restablished
2025-03-23 17:01:47,935 [INFO] WebApp:189 - Connection lost
2025-03-23 17:01:48,073 [INFO] WebApp:186 - Connection restablished
2025-03-23 17:27:27,516 [INFO] WebApp:189 - Connection lost
2025-03-23 17:27:27,683 [INFO] WebApp:186 - Connection restablished
2025-03-23 17:29:58,921 [INFO] WebApp:189 - Connection lost
2025-03-23 17:29:59,073 [INFO] WebApp:186 - Connection restablished
2025-03-23 17:32:34,233 [INFO] WebApp:189 - Connection lost
2025-03-23 17:32:35,133 [INFO] WebApp:186 - Connection restablished
2025-03-23 17:33:33,742 [INFO] Gpio:277 - dependency for GPIO [ADC, COMP2, RCC, SYS, TIM2, USART1]
2025-03-23 17:33:55,254 [INFO] UtilMem:75 - End SaveConfig() Used Memory: 677450088 Bytes (1073741824)
2025-03-23 17:33:55,874 [INFO] UtilMem:75 - End SaveConfig() Used Memory: 695291968 Bytes (1073741824)
2025-03-23 17:34:16,588 [INFO] UtilMem:75 - End SaveConfig() Used Memory: 776606800 Bytes (1073741824)
2025-03-23 17:34:21,881 [INFO] BlockDiagram:2766 - set Specific Code input for plugin: ADC
2025-03-23 17:34:21,881 [INFO] BlockDiagram:2766 - set Specific Code input for plugin: NVIC
2025-03-23 17:34:21,882 [INFO] BlockDiagram:2766 - set Specific Code input for plugin: USART
2025-03-23 17:34:21,882 [INFO] BlockDiagram:2766 - set Specific Code input for plugin: COMP
2025-03-23 17:34:21,882 [INFO] BlockDiagram:2766 - set Specific Code input for plugin: DMA
2025-03-23 17:34:21,882 [INFO] BlockDiagram:2766 - set Specific Code input for plugin: TIM1_8F0
2025-03-23 17:34:21,882 [INFO] BlockDiagram:2766 - set Specific Code input for plugin: TIM1_8F0
2025-03-23 17:34:21,882 [INFO] BlockDiagram:2766 - set Specific Code input for plugin: TIM1_8F0
2025-03-23 17:34:21,882 [INFO] BlockDiagram:2766 - set Specific Code input for plugin: SYS
2025-03-23 17:34:21,882 [INFO] BlockDiagram:2766 - set Specific Code input for plugin: GPIO
2025-03-23 17:34:21,883 [INFO] BlockDiagram:2766 - set Specific Code input for plugin: RCC
2025-03-23 17:34:21,917 [INFO] CodeGenerator:807 - code generatio: config db path: C:\ST\STM32CubeIDE_1.16.0\STM32CubeIDE\plugins\com.st.stm32cube.common.mx_6.12.1.202409122256\\db\
2025-03-23 17:34:27,437 [INFO] CodeEngine:255 - oldGeneratedFile, C:\Users\danie\Documents\GitHub\Weller-to-JBC-converter\Firmware\MXTmpFiles\license.tmp_save
2025-03-23 17:34:32,692 [INFO] CodeEngine:279 - Generated code: C:\Users\danie\Documents\GitHub\Weller-to-JBC-converter\Firmware\MXTmpFiles\license.tmp
2025-03-23 17:34:36,503 [INFO] CodeEngine:255 - oldGeneratedFile, C:\Users\danie\Documents\GitHub\Weller-to-JBC-converter\Firmware\MXTmpFiles\gpio.tmp_save
2025-03-23 17:34:36,998 [INFO] CodeEngine:279 - Generated code: C:\Users\danie\Documents\GitHub\Weller-to-JBC-converter\Firmware\MXTmpFiles\gpio.tmp
2025-03-23 17:34:40,549 [INFO] CodeEngine:255 - oldGeneratedFile, C:\Users\danie\Documents\GitHub\Weller-to-JBC-converter\Firmware\MXTmpFiles\dma.tmp_save
2025-03-23 17:34:40,855 [INFO] CodeEngine:279 - Generated code: C:\Users\danie\Documents\GitHub\Weller-to-JBC-converter\Firmware\MXTmpFiles\dma.tmp
2025-03-23 17:34:40,911 [INFO] CodeEngine:255 - oldGeneratedFile, C:\Users\danie\Documents\GitHub\Weller-to-JBC-converter\Firmware\MXTmpFiles\dma_GV.tmp_save
2025-03-23 17:34:41,033 [INFO] CodeEngine:279 - Generated code: C:\Users\danie\Documents\GitHub\Weller-to-JBC-converter\Firmware\MXTmpFiles\dma_GV.tmp
2025-03-23 17:34:41,321 [INFO] CodeEngine:255 - oldGeneratedFile, C:\Users\danie\Documents\GitHub\Weller-to-JBC-converter\Firmware\Core\Src\stm32f0xx_it.c_save
2025-03-23 17:34:41,833 [INFO] CodeEngine:279 - Generated code: C:\Users\danie\Documents\GitHub\Weller-to-JBC-converter\Firmware\Core\Src\stm32f0xx_it.c
2025-03-23 17:34:42,288 [INFO] CodeEngine:255 - oldGeneratedFile, C:\Users\danie\Documents\GitHub\Weller-to-JBC-converter\Firmware\Core\Inc\stm32f0xx_it.h_save
2025-03-23 17:34:42,628 [INFO] CodeEngine:279 - Generated code: C:\Users\danie\Documents\GitHub\Weller-to-JBC-converter\Firmware\Core\Inc\stm32f0xx_it.h
2025-03-23 17:34:42,909 [INFO] CodeEngine:255 - oldGeneratedFile, C:\Users\danie\Documents\GitHub\Weller-to-JBC-converter\Firmware\Core\Src\stm32f0xx_hal_msp.c_save
2025-03-23 17:34:43,375 [INFO] CodeEngine:279 - Generated code: C:\Users\danie\Documents\GitHub\Weller-to-JBC-converter\Firmware\Core\Src\stm32f0xx_hal_msp.c
2025-03-23 17:34:43,434 [INFO] CodeEngine:255 - oldGeneratedFile, C:\Users\danie\Documents\GitHub\Weller-to-JBC-converter\Firmware\MXTmpFiles\system.tmp_save
2025-03-23 17:34:43,645 [INFO] CodeEngine:279 - Generated code: C:\Users\danie\Documents\GitHub\Weller-to-JBC-converter\Firmware\MXTmpFiles\system.tmp
2025-03-23 17:34:43,784 [INFO] CodeEngine:311 - oldGeneratedFile, C:\Users\danie\Documents\GitHub\Weller-to-JBC-converter\Firmware\Core\Inc\stm32f0xx_hal_conf.h_save
2025-03-23 17:34:43,975 [INFO] CodeEngine:335 - Generated code: C:\Users\danie\Documents\GitHub\Weller-to-JBC-converter\Firmware\Core\Inc\stm32f0xx_hal_conf.h
2025-03-23 17:34:44,235 [WARN] IPConfigManager:3554 - IP not found : TIM
2025-03-23 17:34:44,256 [WARN] CodeGenerator:4002 - IP not found : null
2025-03-23 17:34:44,514 [INFO] CodeEngine:255 - oldGeneratedFile, C:\Users\danie\Documents\GitHub\Weller-to-JBC-converter\Firmware\Core\Inc\main.h_save
2025-03-23 17:34:44,732 [INFO] CodeEngine:279 - Generated code: C:\Users\danie\Documents\GitHub\Weller-to-JBC-converter\Firmware\Core\Inc\main.h
2025-03-23 17:34:44,844 [INFO] CodeEngine:255 - oldGeneratedFile, C:\Users\danie\Documents\GitHub\Weller-to-JBC-converter\Firmware\Core\Src\main.c_save
2025-03-23 17:34:45,228 [INFO] CodeEngine:279 - Generated code: C:\Users\danie\Documents\GitHub\Weller-to-JBC-converter\Firmware\Core\Src\main.c
2025-03-23 17:34:53,238 [INFO] ProjectBuilder:3249 - Time for Copy HAL[1] : 4828mS.
2025-03-23 17:34:53,305 [INFO] ProjectBuilder:4828 - Project Generator version: 4.5.0-B34
2025-03-23 17:34:54,205 [INFO] ConfigFileManager:1531 - The Die is : DIE440
2025-03-23 17:34:54,352 [INFO] ApiDbMcu:508 - Load IP Config File for FATFS
2025-03-23 17:34:54,463 [INFO] ApiDbMcu:508 - Load IP Config File for FREERTOS
2025-03-23 17:34:54,696 [INFO] ApiDbMcu:508 - Load IP Config File for TOUCHSENSING
