2025-02-11 00:19:26,373 [INFO] WebApp:189 - Connection lost
2025-02-11 00:19:28,341 [INFO] WebApp:186 - Connection restablished
2025-02-11 00:22:29,854 [INFO] WebApp:189 - Connection lost
2025-02-11 00:22:30,706 [INFO] WebApp:186 - Connection restablished
2025-02-11 17:52:26,740 [INFO] WebApp:189 - Connection lost
2025-02-11 17:52:32,363 [INFO] WebApp:186 - Connection restablished
2025-02-11 18:15:51,962 [INFO] WebApp:189 - Connection lost
2025-02-11 18:15:52,986 [INFO] WebApp:186 - Connection restablished
2025-02-11 18:33:56,453 [INFO] WebApp:189 - Connection lost
2025-02-11 18:33:57,866 [INFO] WebApp:186 - Connection restablished
2025-02-11 18:36:59,035 [INFO] WebApp:189 - Connection lost
2025-02-11 18:36:59,215 [INFO] WebApp:186 - Connection restablished
2025-02-11 18:40:02,588 [INFO] WebApp:189 - Connection lost
2025-02-11 18:40:04,004 [INFO] WebApp:186 - Connection restablished
2025-02-11 18:49:06,035 [INFO] WebApp:189 - Connection lost
2025-02-11 18:49:06,229 [INFO] WebApp:186 - Connection restablished
2025-02-11 18:55:09,564 [INFO] WebApp:189 - Connection lost
2025-02-11 18:55:09,756 [INFO] WebApp:186 - Connection restablished
2025-02-11 19:04:18,498 [INFO] UtilMem:75 - End SaveConfig() Used Memory: 801412488 Bytes (1073741824)
2025-02-11 19:04:22,153 [INFO] UtilMem:75 - End SaveConfig() Used Memory: 816849568 Bytes (1073741824)
2025-02-11 19:05:51,172 [INFO] UtilMem:75 - End SaveConfig() Used Memory: 823453904 Bytes (1073741824)
2025-02-11 19:05:56,091 [INFO] BlockDiagram:2766 - set Specific Code input for plugin: ADC
2025-02-11 19:05:56,091 [INFO] BlockDiagram:2766 - set Specific Code input for plugin: NVIC
2025-02-11 19:05:56,091 [INFO] BlockDiagram:2766 - set Specific Code input for plugin: USART
2025-02-11 19:05:56,091 [INFO] BlockDiagram:2766 - set Specific Code input for plugin: COMP
2025-02-11 19:05:56,091 [INFO] BlockDiagram:2766 - set Specific Code input for plugin: DMA
2025-02-11 19:05:56,091 [INFO] BlockDiagram:2766 - set Specific Code input for plugin: TIM1_8F0
2025-02-11 19:05:56,091 [INFO] BlockDiagram:2766 - set Specific Code input for plugin: TIM1_8F0
2025-02-11 19:05:56,091 [INFO] BlockDiagram:2766 - set Specific Code input for plugin: SYS
2025-02-11 19:05:56,091 [INFO] BlockDiagram:2766 - set Specific Code input for plugin: GPIO
2025-02-11 19:05:56,091 [INFO] BlockDiagram:2766 - set Specific Code input for plugin: RCC
2025-02-11 19:05:56,092 [INFO] CodeGenerator:807 - code generatio: config db path: C:\ST\STM32CubeIDE_1.16.0\STM32CubeIDE\plugins\com.st.stm32cube.common.mx_6.12.1.202409122256\\db\
2025-02-11 19:05:56,550 [INFO] Argument:325 - Argument : hdmavalue: null
2025-02-11 19:05:56,550 [INFO] Argument:327 - 	 sub Args: 
2025-02-11 19:05:56,550 [INFO] Argument:325 - Argument : Instancevalue: DMA1_Channel1
2025-02-11 19:05:56,550 [INFO] Argument:335 - Argument : Instancevalue: DMA1_Channel1
2025-02-11 19:05:56,550 [INFO] Argument:325 - Argument : Initvalue: null
2025-02-11 19:05:56,550 [INFO] Argument:327 - 	 sub Args: 
2025-02-11 19:05:56,550 [INFO] Argument:325 - Argument : Directionvalue: DMA_PERIPH_TO_MEMORY
2025-02-11 19:05:56,550 [INFO] Argument:335 - Argument : Directionvalue: DMA_PERIPH_TO_MEMORY
2025-02-11 19:05:56,550 [INFO] Argument:325 - Argument : PeriphIncvalue: DMA_PINC_DISABLE
2025-02-11 19:05:56,550 [INFO] Argument:335 - Argument : PeriphIncvalue: DMA_PINC_DISABLE
2025-02-11 19:05:56,550 [INFO] Argument:325 - Argument : MemIncvalue: DMA_MINC_ENABLE
2025-02-11 19:05:56,550 [INFO] Argument:335 - Argument : MemIncvalue: DMA_MINC_ENABLE
2025-02-11 19:05:56,550 [INFO] Argument:325 - Argument : PeriphDataAlignmentvalue: DMA_PDATAALIGN_HALFWORD
2025-02-11 19:05:56,550 [INFO] Argument:335 - Argument : PeriphDataAlignmentvalue: DMA_PDATAALIGN_HALFWORD
2025-02-11 19:05:56,550 [INFO] Argument:325 - Argument : MemDataAlignmentvalue: DMA_MDATAALIGN_HALFWORD
2025-02-11 19:05:56,550 [INFO] Argument:335 - Argument : MemDataAlignmentvalue: DMA_MDATAALIGN_HALFWORD
2025-02-11 19:05:56,550 [INFO] Argument:325 - Argument : Modevalue: DMA_CIRCULAR
2025-02-11 19:05:56,550 [INFO] Argument:335 - Argument : Modevalue: DMA_CIRCULAR
2025-02-11 19:05:56,550 [INFO] Argument:325 - Argument : Priorityvalue: DMA_PRIORITY_LOW
2025-02-11 19:05:56,550 [INFO] Argument:335 - Argument : Priorityvalue: DMA_PRIORITY_LOW
2025-02-11 19:05:56,550 [INFO] Argument:325 - Argument : Lockvalue: null
2025-02-11 19:05:56,550 [INFO] Argument:335 - Argument : Lockvalue: null
2025-02-11 19:05:56,551 [INFO] Argument:325 - Argument : Statevalue: null
2025-02-11 19:05:56,551 [INFO] Argument:335 - Argument : Statevalue: null
2025-02-11 19:05:56,551 [INFO] Argument:325 - Argument : Parentvalue: null
2025-02-11 19:05:56,551 [INFO] Argument:335 - Argument : Parentvalue: null
2025-02-11 19:05:56,551 [INFO] Argument:325 - Argument : XferCpltCallbackvalue: null
2025-02-11 19:05:56,551 [INFO] Argument:335 - Argument : XferCpltCallbackvalue: null
2025-02-11 19:05:56,551 [INFO] Argument:325 - Argument : XferHalfCpltCallbackvalue: null
2025-02-11 19:05:56,551 [INFO] Argument:335 - Argument : XferHalfCpltCallbackvalue: null
2025-02-11 19:05:56,551 [INFO] Argument:325 - Argument : XferErrorCallbackvalue: null
2025-02-11 19:05:56,551 [INFO] Argument:335 - Argument : XferErrorCallbackvalue: null
2025-02-11 19:05:56,551 [INFO] Argument:325 - Argument : ErrorCodevalue: null
2025-02-11 19:05:56,551 [INFO] Argument:335 - Argument : ErrorCodevalue: null
2025-02-11 19:05:56,551 [INFO] Argument:325 - Argument : DMA_Remapvalue: null
2025-02-11 19:05:56,551 [INFO] Argument:335 - Argument : DMA_Remapvalue: null
2025-02-11 19:05:56,830 [INFO] Argument:325 - Argument : hdmavalue: null
2025-02-11 19:05:56,830 [INFO] Argument:327 - 	 sub Args: 
2025-02-11 19:05:56,830 [INFO] Argument:325 - Argument : Instancevalue: DMA1_Channel3
2025-02-11 19:05:56,830 [INFO] Argument:335 - Argument : Instancevalue: DMA1_Channel3
2025-02-11 19:05:56,830 [INFO] Argument:325 - Argument : Initvalue: null
2025-02-11 19:05:56,830 [INFO] Argument:327 - 	 sub Args: 
2025-02-11 19:05:56,830 [INFO] Argument:325 - Argument : Directionvalue: DMA_PERIPH_TO_MEMORY
2025-02-11 19:05:56,830 [INFO] Argument:335 - Argument : Directionvalue: DMA_PERIPH_TO_MEMORY
2025-02-11 19:05:56,830 [INFO] Argument:325 - Argument : PeriphIncvalue: DMA_PINC_DISABLE
2025-02-11 19:05:56,830 [INFO] Argument:335 - Argument : PeriphIncvalue: DMA_PINC_DISABLE
2025-02-11 19:05:56,830 [INFO] Argument:325 - Argument : MemIncvalue: DMA_MINC_ENABLE
2025-02-11 19:05:56,830 [INFO] Argument:335 - Argument : MemIncvalue: DMA_MINC_ENABLE
2025-02-11 19:05:56,830 [INFO] Argument:325 - Argument : PeriphDataAlignmentvalue: DMA_PDATAALIGN_BYTE
2025-02-11 19:05:56,830 [INFO] Argument:335 - Argument : PeriphDataAlignmentvalue: DMA_PDATAALIGN_BYTE
2025-02-11 19:05:56,830 [INFO] Argument:325 - Argument : MemDataAlignmentvalue: DMA_MDATAALIGN_BYTE
2025-02-11 19:05:56,830 [INFO] Argument:335 - Argument : MemDataAlignmentvalue: DMA_MDATAALIGN_BYTE
2025-02-11 19:05:56,831 [INFO] Argument:325 - Argument : Modevalue: DMA_CIRCULAR
2025-02-11 19:05:56,831 [INFO] Argument:335 - Argument : Modevalue: DMA_CIRCULAR
2025-02-11 19:05:56,831 [INFO] Argument:325 - Argument : Priorityvalue: DMA_PRIORITY_LOW
2025-02-11 19:05:56,831 [INFO] Argument:335 - Argument : Priorityvalue: DMA_PRIORITY_LOW
2025-02-11 19:05:56,831 [INFO] Argument:325 - Argument : Lockvalue: null
2025-02-11 19:05:56,831 [INFO] Argument:335 - Argument : Lockvalue: null
2025-02-11 19:05:56,831 [INFO] Argument:325 - Argument : Statevalue: null
2025-02-11 19:05:56,831 [INFO] Argument:335 - Argument : Statevalue: null
2025-02-11 19:05:56,831 [INFO] Argument:325 - Argument : Parentvalue: null
2025-02-11 19:05:56,831 [INFO] Argument:335 - Argument : Parentvalue: null
2025-02-11 19:05:56,831 [INFO] Argument:325 - Argument : XferCpltCallbackvalue: null
2025-02-11 19:05:56,831 [INFO] Argument:335 - Argument : XferCpltCallbackvalue: null
2025-02-11 19:05:56,831 [INFO] Argument:325 - Argument : XferHalfCpltCallbackvalue: null
2025-02-11 19:05:56,831 [INFO] Argument:335 - Argument : XferHalfCpltCallbackvalue: null
2025-02-11 19:05:56,831 [INFO] Argument:325 - Argument : XferErrorCallbackvalue: null
2025-02-11 19:05:56,831 [INFO] Argument:335 - Argument : XferErrorCallbackvalue: null
2025-02-11 19:05:56,831 [INFO] Argument:325 - Argument : ErrorCodevalue: null
2025-02-11 19:05:56,831 [INFO] Argument:335 - Argument : ErrorCodevalue: null
2025-02-11 19:05:56,831 [INFO] Argument:325 - Argument : DMA_Remapvalue: null
2025-02-11 19:05:56,831 [INFO] Argument:335 - Argument : DMA_Remapvalue: null
2025-02-11 19:06:01,766 [INFO] CodeEngine:255 - oldGeneratedFile, C:\Users\danie\Documents\GitHub\Weller-to-JBC-converter\Firmware\MXTmpFiles\license.tmp_save
2025-02-11 19:06:02,435 [INFO] CodeEngine:279 - Generated code: C:\Users\danie\Documents\GitHub\Weller-to-JBC-converter\Firmware\MXTmpFiles\license.tmp
2025-02-11 19:06:02,676 [INFO] CodeEngine:255 - oldGeneratedFile, C:\Users\danie\Documents\GitHub\Weller-to-JBC-converter\Firmware\MXTmpFiles\gpio.tmp_save
2025-02-11 19:06:04,138 [INFO] CodeEngine:279 - Generated code: C:\Users\danie\Documents\GitHub\Weller-to-JBC-converter\Firmware\MXTmpFiles\gpio.tmp
2025-02-11 19:06:07,004 [INFO] CodeEngine:255 - oldGeneratedFile, C:\Users\danie\Documents\GitHub\Weller-to-JBC-converter\Firmware\MXTmpFiles\dma.tmp_save
2025-02-11 19:06:07,143 [INFO] CodeEngine:279 - Generated code: C:\Users\danie\Documents\GitHub\Weller-to-JBC-converter\Firmware\MXTmpFiles\dma.tmp
2025-02-11 19:06:07,218 [INFO] CodeEngine:255 - oldGeneratedFile, C:\Users\danie\Documents\GitHub\Weller-to-JBC-converter\Firmware\MXTmpFiles\dma_GV.tmp_save
2025-02-11 19:06:07,317 [INFO] CodeEngine:279 - Generated code: C:\Users\danie\Documents\GitHub\Weller-to-JBC-converter\Firmware\MXTmpFiles\dma_GV.tmp
2025-02-11 19:06:07,465 [INFO] CodeEngine:255 - oldGeneratedFile, C:\Users\danie\Documents\GitHub\Weller-to-JBC-converter\Firmware\Core\Src\stm32f0xx_it.c_save
2025-02-11 19:06:08,534 [INFO] CodeEngine:279 - Generated code: C:\Users\danie\Documents\GitHub\Weller-to-JBC-converter\Firmware\Core\Src\stm32f0xx_it.c
2025-02-11 19:06:08,613 [INFO] CodeEngine:255 - oldGeneratedFile, C:\Users\danie\Documents\GitHub\Weller-to-JBC-converter\Firmware\Core\Inc\stm32f0xx_it.h_save
2025-02-11 19:06:08,797 [INFO] CodeEngine:279 - Generated code: C:\Users\danie\Documents\GitHub\Weller-to-JBC-converter\Firmware\Core\Inc\stm32f0xx_it.h
2025-02-11 19:06:09,000 [INFO] CodeEngine:255 - oldGeneratedFile, C:\Users\danie\Documents\GitHub\Weller-to-JBC-converter\Firmware\Core\Src\stm32f0xx_hal_msp.c_save
2025-02-11 19:06:09,506 [INFO] CodeEngine:279 - Generated code: C:\Users\danie\Documents\GitHub\Weller-to-JBC-converter\Firmware\Core\Src\stm32f0xx_hal_msp.c
2025-02-11 19:06:09,563 [INFO] CodeEngine:255 - oldGeneratedFile, C:\Users\danie\Documents\GitHub\Weller-to-JBC-converter\Firmware\MXTmpFiles\system.tmp_save
2025-02-11 19:06:09,715 [INFO] CodeEngine:279 - Generated code: C:\Users\danie\Documents\GitHub\Weller-to-JBC-converter\Firmware\MXTmpFiles\system.tmp
2025-02-11 19:06:09,872 [INFO] CodeEngine:311 - oldGeneratedFile, C:\Users\danie\Documents\GitHub\Weller-to-JBC-converter\Firmware\Core\Inc\stm32f0xx_hal_conf.h_save
2025-02-11 19:06:10,073 [INFO] CodeEngine:335 - Generated code: C:\Users\danie\Documents\GitHub\Weller-to-JBC-converter\Firmware\Core\Inc\stm32f0xx_hal_conf.h
2025-02-11 19:06:10,214 [WARN] IPConfigManager:3554 - IP not found : TIM
2025-02-11 19:06:10,235 [WARN] CodeGenerator:4002 - IP not found : null
2025-02-11 19:06:10,416 [INFO] CodeEngine:255 - oldGeneratedFile, C:\Users\danie\Documents\GitHub\Weller-to-JBC-converter\Firmware\Core\Inc\main.h_save
2025-02-11 19:06:10,737 [INFO] CodeEngine:279 - Generated code: C:\Users\danie\Documents\GitHub\Weller-to-JBC-converter\Firmware\Core\Inc\main.h
2025-02-11 19:06:10,929 [INFO] CodeEngine:255 - oldGeneratedFile, C:\Users\danie\Documents\GitHub\Weller-to-JBC-converter\Firmware\Core\Src\main.c_save
2025-02-11 19:06:12,293 [INFO] CodeEngine:279 - Generated code: C:\Users\danie\Documents\GitHub\Weller-to-JBC-converter\Firmware\Core\Src\main.c
2025-02-11 19:06:25,344 [INFO] ProjectBuilder:3249 - Time for Copy HAL[1] : 10423mS.
2025-02-11 19:06:25,381 [INFO] ProjectBuilder:4828 - Project Generator version: 4.5.0-B34
2025-02-11 19:06:25,736 [INFO] ConfigFileManager:1531 - The Die is : DIE440
2025-02-11 19:06:48,184 [INFO] ProjectBuilder:5097 - Time for Generating toolchain IDE Files: 22804mS.
2025-02-11 19:06:48,185 [INFO] ProjectBuilder:3107 - Time for Copy CMSIS : 0mS.
2025-02-11 19:06:48,226 [INFO] ProjectBuilder:3107 - Time for Copy CMSIS : 0mS.
2025-02-11 19:19:13,110 [INFO] WebApp:189 - Connection lost
2025-02-11 19:19:13,350 [INFO] WebApp:186 - Connection restablished
2025-02-11 19:22:16,555 [INFO] WebApp:189 - Connection lost
2025-02-11 19:22:16,746 [INFO] WebApp:186 - Connection restablished
2025-02-11 19:31:20,014 [INFO] WebApp:189 - Connection lost
2025-02-11 19:31:20,156 [INFO] WebApp:186 - Connection restablished
2025-02-11 19:34:23,505 [INFO] WebApp:189 - Connection lost
2025-02-11 19:34:23,651 [INFO] WebApp:186 - Connection restablished
2025-02-11 19:37:27,015 [INFO] WebApp:189 - Connection lost
2025-02-11 19:37:27,158 [INFO] WebApp:186 - Connection restablished
2025-02-11 19:46:30,515 [INFO] WebApp:189 - Connection lost
2025-02-11 19:46:30,667 [INFO] WebApp:186 - Connection restablished
2025-02-11 20:22:34,021 [INFO] WebApp:189 - Connection lost
2025-02-11 20:22:34,197 [INFO] WebApp:186 - Connection restablished
2025-02-11 20:25:37,040 [INFO] WebApp:189 - Connection lost
2025-02-11 20:25:37,195 [INFO] WebApp:186 - Connection restablished
2025-02-11 20:55:40,560 [INFO] WebApp:189 - Connection lost
2025-02-11 20:55:40,788 [INFO] WebApp:186 - Connection restablished
2025-02-11 20:58:44,023 [INFO] WebApp:189 - Connection lost
2025-02-11 20:58:44,179 [INFO] WebApp:186 - Connection restablished
2025-02-11 21:07:47,518 [INFO] WebApp:189 - Connection lost
2025-02-11 21:07:47,690 [INFO] WebApp:186 - Connection restablished
2025-02-11 21:10:51,010 [INFO] WebApp:189 - Connection lost
2025-02-11 21:10:51,286 [INFO] WebApp:186 - Connection restablished
2025-02-11 21:13:54,011 [INFO] WebApp:189 - Connection lost
2025-02-11 21:13:54,149 [INFO] WebApp:186 - Connection restablished
2025-02-11 21:22:57,516 [INFO] WebApp:189 - Connection lost
2025-02-11 21:22:57,658 [INFO] WebApp:186 - Connection restablished
2025-02-11 21:59:01,756 [INFO] WebApp:189 - Connection lost
2025-02-11 21:59:02,158 [INFO] WebApp:186 - Connection restablished
2025-02-11 22:02:05,040 [INFO] WebApp:189 - Connection lost
2025-02-11 22:02:05,268 [INFO] WebApp:186 - Connection restablished
2025-02-11 22:26:08,528 [INFO] WebApp:189 - Connection lost
2025-02-11 22:26:08,692 [INFO] WebApp:186 - Connection restablished
2025-02-11 22:29:12,078 [INFO] WebApp:189 - Connection lost
2025-02-11 22:29:12,256 [INFO] WebApp:186 - Connection restablished
2025-02-11 23:23:15,876 [INFO] WebApp:189 - Connection lost
2025-02-11 23:23:16,126 [INFO] WebApp:186 - Connection restablished
2025-02-11 23:26:19,113 [INFO] WebApp:189 - Connection lost
2025-02-11 23:26:19,254 [INFO] WebApp:186 - Connection restablished
2025-02-11 23:32:22,782 [INFO] WebApp:189 - Connection lost
2025-02-11 23:32:22,844 [INFO] WebApp:186 - Connection restablished
2025-02-11 23:35:25,566 [INFO] WebApp:189 - Connection lost
2025-02-11 23:35:26,051 [INFO] WebApp:186 - Connection restablished
2025-02-11 23:44:29,106 [INFO] WebApp:189 - Connection lost
2025-02-11 23:44:29,262 [INFO] WebApp:186 - Connection restablished
2025-02-11 23:50:32,552 [INFO] WebApp:189 - Connection lost
2025-02-11 23:50:32,693 [INFO] WebApp:186 - Connection restablished
