2025-02-09 11:08:23,320 [INFO] WebApp:189 - Connection lost
2025-02-09 11:08:26,777 [INFO] WebApp:186 - Connection restablished
2025-02-09 11:08:26,796 [INFO] WebApp:189 - Connection lost
2025-02-09 11:08:28,550 [INFO] WebApp:186 - Connection restablished
2025-02-09 11:11:06,303 [INFO] WebApp:189 - Connection lost
2025-02-09 11:11:06,460 [INFO] WebApp:186 - Connection restablished
2025-02-09 11:17:09,826 [INFO] WebApp:189 - Connection lost
2025-02-09 11:17:10,022 [INFO] WebApp:186 - Connection restablished
2025-02-09 11:56:13,326 [INFO] WebApp:189 - Connection lost
2025-02-09 11:56:13,560 [INFO] WebApp:186 - Connection restablished
2025-02-09 11:59:16,310 [INFO] WebApp:189 - Connection lost
2025-02-09 11:59:16,529 [INFO] WebApp:186 - Connection restablished
2025-02-09 12:50:22,082 [INFO] WebApp:189 - Connection lost
2025-02-09 12:50:29,722 [INFO] WebApp:186 - Connection restablished
2025-02-09 12:53:23,339 [INFO] WebApp:189 - Connection lost
2025-02-09 12:53:23,495 [INFO] WebApp:186 - Connection restablished
2025-02-09 13:50:33,205 [INFO] WebApp:189 - Connection lost
2025-02-09 13:50:47,309 [INFO] WebApp:186 - Connection restablished
2025-02-09 13:56:29,884 [INFO] WebApp:189 - Connection lost
2025-02-09 13:56:30,063 [INFO] WebApp:186 - Connection restablished
2025-02-09 13:59:33,327 [INFO] WebApp:189 - Connection lost
2025-02-09 13:59:33,473 [INFO] WebApp:186 - Connection restablished
2025-02-09 14:02:36,328 [INFO] WebApp:189 - Connection lost
2025-02-09 14:02:36,513 [INFO] WebApp:186 - Connection restablished
2025-02-09 14:11:40,084 [INFO] WebApp:189 - Connection lost
2025-02-09 14:11:45,580 [INFO] WebApp:186 - Connection restablished
2025-02-09 14:14:42,825 [INFO] WebApp:189 - Connection lost
2025-02-09 14:14:43,324 [INFO] WebApp:186 - Connection restablished
2025-02-09 14:20:49,813 [INFO] WebApp:189 - Connection lost
2025-02-09 14:20:49,982 [INFO] WebApp:186 - Connection restablished
2025-02-09 14:23:52,838 [INFO] WebApp:189 - Connection lost
2025-02-09 14:23:52,990 [INFO] WebApp:186 - Connection restablished
2025-02-09 14:35:56,294 [INFO] WebApp:189 - Connection lost
2025-02-09 14:35:56,458 [INFO] WebApp:186 - Connection restablished
2025-02-09 14:38:59,803 [INFO] WebApp:189 - Connection lost
2025-02-09 14:39:00,036 [INFO] WebApp:186 - Connection restablished
2025-02-09 15:49:23,845 [INFO] WebApp:189 - Connection lost
2025-02-09 15:51:47,795 [INFO] WebApp:186 - Connection restablished
2025-02-09 17:18:26,381 [INFO] WebApp:189 - Connection lost
2025-02-09 17:18:45,932 [INFO] WebApp:186 - Connection restablished
2025-02-09 17:21:14,086 [INFO] WebApp:189 - Connection lost
2025-02-09 17:21:14,259 [INFO] WebApp:186 - Connection restablished
2025-02-09 17:27:17,305 [INFO] WebApp:189 - Connection lost
2025-02-09 17:27:17,442 [INFO] WebApp:186 - Connection restablished
2025-02-09 17:30:20,816 [INFO] WebApp:189 - Connection lost
2025-02-09 17:30:21,005 [INFO] WebApp:186 - Connection restablished
2025-02-09 17:33:24,306 [INFO] WebApp:189 - Connection lost
2025-02-09 17:33:24,446 [INFO] WebApp:186 - Connection restablished
2025-02-09 17:36:27,353 [INFO] WebApp:189 - Connection lost
2025-02-09 17:36:27,509 [INFO] WebApp:186 - Connection restablished
2025-02-09 17:52:54,960 [INFO] WebApp:189 - Connection lost
2025-02-09 17:54:38,066 [INFO] WebApp:186 - Connection restablished
2025-02-09 18:09:37,985 [INFO] WebApp:189 - Connection lost
2025-02-09 18:09:39,745 [INFO] WebApp:186 - Connection restablished
2025-02-09 18:12:41,447 [INFO] WebApp:189 - Connection lost
2025-02-09 18:12:41,647 [INFO] WebApp:186 - Connection restablished
2025-02-09 18:15:44,309 [INFO] WebApp:189 - Connection lost
2025-02-09 18:15:44,446 [INFO] WebApp:186 - Connection restablished
2025-02-09 18:21:48,290 [INFO] WebApp:189 - Connection lost
2025-02-09 18:21:48,457 [INFO] WebApp:186 - Connection restablished
2025-02-09 18:39:54,628 [INFO] WebApp:189 - Connection lost
2025-02-09 18:40:01,530 [INFO] WebApp:186 - Connection restablished
2025-02-09 18:54:54,827 [INFO] WebApp:189 - Connection lost
2025-02-09 18:54:55,028 [INFO] WebApp:186 - Connection restablished
2025-02-09 18:57:58,345 [INFO] WebApp:189 - Connection lost
2025-02-09 18:57:58,514 [INFO] WebApp:186 - Connection restablished
2025-02-09 19:07:01,783 [INFO] WebApp:189 - Connection lost
2025-02-09 19:07:01,925 [INFO] WebApp:186 - Connection restablished
2025-02-09 19:13:05,288 [INFO] WebApp:189 - Connection lost
2025-02-09 19:13:05,424 [INFO] WebApp:186 - Connection restablished
2025-02-09 19:16:08,303 [INFO] WebApp:189 - Connection lost
2025-02-09 19:16:08,453 [INFO] WebApp:186 - Connection restablished
2025-02-09 19:22:26,096 [INFO] UtilMem:75 - End SaveConfig() Used Memory: 894504416 Bytes (1073741824)
2025-02-09 19:22:29,908 [INFO] UtilMem:75 - End SaveConfig() Used Memory: 913071864 Bytes (1073741824)
2025-02-09 19:22:33,547 [INFO] UtilMem:75 - End SaveConfig() Used Memory: 736505304 Bytes (1073741824)
2025-02-09 19:22:35,394 [INFO] BlockDiagram:2766 - set Specific Code input for plugin: ADC
2025-02-09 19:22:35,395 [INFO] BlockDiagram:2766 - set Specific Code input for plugin: NVIC
2025-02-09 19:22:35,395 [INFO] BlockDiagram:2766 - set Specific Code input for plugin: USART
2025-02-09 19:22:35,395 [INFO] BlockDiagram:2766 - set Specific Code input for plugin: COMP
2025-02-09 19:22:35,395 [INFO] BlockDiagram:2766 - set Specific Code input for plugin: DMA
2025-02-09 19:22:35,395 [INFO] BlockDiagram:2766 - set Specific Code input for plugin: TIM1_8F0
2025-02-09 19:22:35,395 [INFO] BlockDiagram:2766 - set Specific Code input for plugin: TIM1_8F0
2025-02-09 19:22:35,395 [INFO] BlockDiagram:2766 - set Specific Code input for plugin: SYS
2025-02-09 19:22:35,395 [INFO] BlockDiagram:2766 - set Specific Code input for plugin: GPIO
2025-02-09 19:22:35,395 [INFO] BlockDiagram:2766 - set Specific Code input for plugin: RCC
2025-02-09 19:22:35,396 [INFO] CodeGenerator:807 - code generatio: config db path: C:\ST\STM32CubeIDE_1.16.0\STM32CubeIDE\plugins\com.st.stm32cube.common.mx_6.12.1.202409122256\\db\
2025-02-09 19:22:35,740 [INFO] Argument:325 - Argument : hdmavalue: null
2025-02-09 19:22:35,740 [INFO] Argument:327 - 	 sub Args: 
2025-02-09 19:22:35,740 [INFO] Argument:325 - Argument : Instancevalue: DMA1_Channel1
2025-02-09 19:22:35,740 [INFO] Argument:335 - Argument : Instancevalue: DMA1_Channel1
2025-02-09 19:22:35,740 [INFO] Argument:325 - Argument : Initvalue: null
2025-02-09 19:22:35,740 [INFO] Argument:327 - 	 sub Args: 
2025-02-09 19:22:35,740 [INFO] Argument:325 - Argument : Directionvalue: DMA_PERIPH_TO_MEMORY
2025-02-09 19:22:35,740 [INFO] Argument:335 - Argument : Directionvalue: DMA_PERIPH_TO_MEMORY
2025-02-09 19:22:35,740 [INFO] Argument:325 - Argument : PeriphIncvalue: DMA_PINC_DISABLE
2025-02-09 19:22:35,741 [INFO] Argument:335 - Argument : PeriphIncvalue: DMA_PINC_DISABLE
2025-02-09 19:22:35,741 [INFO] Argument:325 - Argument : MemIncvalue: DMA_MINC_ENABLE
2025-02-09 19:22:35,741 [INFO] Argument:335 - Argument : MemIncvalue: DMA_MINC_ENABLE
2025-02-09 19:22:35,741 [INFO] Argument:325 - Argument : PeriphDataAlignmentvalue: DMA_PDATAALIGN_HALFWORD
2025-02-09 19:22:35,741 [INFO] Argument:335 - Argument : PeriphDataAlignmentvalue: DMA_PDATAALIGN_HALFWORD
2025-02-09 19:22:35,741 [INFO] Argument:325 - Argument : MemDataAlignmentvalue: DMA_MDATAALIGN_HALFWORD
2025-02-09 19:22:35,741 [INFO] Argument:335 - Argument : MemDataAlignmentvalue: DMA_MDATAALIGN_HALFWORD
2025-02-09 19:22:35,741 [INFO] Argument:325 - Argument : Modevalue: DMA_CIRCULAR
2025-02-09 19:22:35,741 [INFO] Argument:335 - Argument : Modevalue: DMA_CIRCULAR
2025-02-09 19:22:35,741 [INFO] Argument:325 - Argument : Priorityvalue: DMA_PRIORITY_LOW
2025-02-09 19:22:35,741 [INFO] Argument:335 - Argument : Priorityvalue: DMA_PRIORITY_LOW
2025-02-09 19:22:35,741 [INFO] Argument:325 - Argument : Lockvalue: null
2025-02-09 19:22:35,741 [INFO] Argument:335 - Argument : Lockvalue: null
2025-02-09 19:22:35,741 [INFO] Argument:325 - Argument : Statevalue: null
2025-02-09 19:22:35,741 [INFO] Argument:335 - Argument : Statevalue: null
2025-02-09 19:22:35,741 [INFO] Argument:325 - Argument : Parentvalue: null
2025-02-09 19:22:35,741 [INFO] Argument:335 - Argument : Parentvalue: null
2025-02-09 19:22:35,741 [INFO] Argument:325 - Argument : XferCpltCallbackvalue: null
2025-02-09 19:22:35,741 [INFO] Argument:335 - Argument : XferCpltCallbackvalue: null
2025-02-09 19:22:35,741 [INFO] Argument:325 - Argument : XferHalfCpltCallbackvalue: null
2025-02-09 19:22:35,741 [INFO] Argument:335 - Argument : XferHalfCpltCallbackvalue: null
2025-02-09 19:22:35,741 [INFO] Argument:325 - Argument : XferErrorCallbackvalue: null
2025-02-09 19:22:35,742 [INFO] Argument:335 - Argument : XferErrorCallbackvalue: null
2025-02-09 19:22:35,742 [INFO] Argument:325 - Argument : ErrorCodevalue: null
2025-02-09 19:22:35,742 [INFO] Argument:335 - Argument : ErrorCodevalue: null
2025-02-09 19:22:35,742 [INFO] Argument:325 - Argument : DMA_Remapvalue: null
2025-02-09 19:22:35,742 [INFO] Argument:335 - Argument : DMA_Remapvalue: null
2025-02-09 19:22:36,091 [INFO] Argument:325 - Argument : hdmavalue: null
2025-02-09 19:22:36,091 [INFO] Argument:327 - 	 sub Args: 
2025-02-09 19:22:36,091 [INFO] Argument:325 - Argument : Instancevalue: DMA1_Channel3
2025-02-09 19:22:36,091 [INFO] Argument:335 - Argument : Instancevalue: DMA1_Channel3
2025-02-09 19:22:36,091 [INFO] Argument:325 - Argument : Initvalue: null
2025-02-09 19:22:36,091 [INFO] Argument:327 - 	 sub Args: 
2025-02-09 19:22:36,091 [INFO] Argument:325 - Argument : Directionvalue: DMA_PERIPH_TO_MEMORY
2025-02-09 19:22:36,092 [INFO] Argument:335 - Argument : Directionvalue: DMA_PERIPH_TO_MEMORY
2025-02-09 19:22:36,092 [INFO] Argument:325 - Argument : PeriphIncvalue: DMA_PINC_DISABLE
2025-02-09 19:22:36,092 [INFO] Argument:335 - Argument : PeriphIncvalue: DMA_PINC_DISABLE
2025-02-09 19:22:36,092 [INFO] Argument:325 - Argument : MemIncvalue: DMA_MINC_ENABLE
2025-02-09 19:22:36,092 [INFO] Argument:335 - Argument : MemIncvalue: DMA_MINC_ENABLE
2025-02-09 19:22:36,092 [INFO] Argument:325 - Argument : PeriphDataAlignmentvalue: DMA_PDATAALIGN_BYTE
2025-02-09 19:22:36,092 [INFO] Argument:335 - Argument : PeriphDataAlignmentvalue: DMA_PDATAALIGN_BYTE
2025-02-09 19:22:36,092 [INFO] Argument:325 - Argument : MemDataAlignmentvalue: DMA_MDATAALIGN_BYTE
2025-02-09 19:22:36,092 [INFO] Argument:335 - Argument : MemDataAlignmentvalue: DMA_MDATAALIGN_BYTE
2025-02-09 19:22:36,092 [INFO] Argument:325 - Argument : Modevalue: DMA_CIRCULAR
2025-02-09 19:22:36,092 [INFO] Argument:335 - Argument : Modevalue: DMA_CIRCULAR
2025-02-09 19:22:36,092 [INFO] Argument:325 - Argument : Priorityvalue: DMA_PRIORITY_LOW
2025-02-09 19:22:36,092 [INFO] Argument:335 - Argument : Priorityvalue: DMA_PRIORITY_LOW
2025-02-09 19:22:36,092 [INFO] Argument:325 - Argument : Lockvalue: null
2025-02-09 19:22:36,092 [INFO] Argument:335 - Argument : Lockvalue: null
2025-02-09 19:22:36,092 [INFO] Argument:325 - Argument : Statevalue: null
2025-02-09 19:22:36,092 [INFO] Argument:335 - Argument : Statevalue: null
2025-02-09 19:22:36,092 [INFO] Argument:325 - Argument : Parentvalue: null
2025-02-09 19:22:36,092 [INFO] Argument:335 - Argument : Parentvalue: null
2025-02-09 19:22:36,092 [INFO] Argument:325 - Argument : XferCpltCallbackvalue: null
2025-02-09 19:22:36,092 [INFO] Argument:335 - Argument : XferCpltCallbackvalue: null
2025-02-09 19:22:36,093 [INFO] Argument:325 - Argument : XferHalfCpltCallbackvalue: null
2025-02-09 19:22:36,093 [INFO] Argument:335 - Argument : XferHalfCpltCallbackvalue: null
2025-02-09 19:22:36,093 [INFO] Argument:325 - Argument : XferErrorCallbackvalue: null
2025-02-09 19:22:36,093 [INFO] Argument:335 - Argument : XferErrorCallbackvalue: null
2025-02-09 19:22:36,093 [INFO] Argument:325 - Argument : ErrorCodevalue: null
2025-02-09 19:22:36,093 [INFO] Argument:335 - Argument : ErrorCodevalue: null
2025-02-09 19:22:36,093 [INFO] Argument:325 - Argument : DMA_Remapvalue: null
2025-02-09 19:22:36,093 [INFO] Argument:335 - Argument : DMA_Remapvalue: null
2025-02-09 19:22:37,770 [INFO] CodeEngine:255 - oldGeneratedFile, C:\Users\danie\Documents\GitHub\Weller-to-JBC-converter\Firmware\MXTmpFiles\license.tmp_save
2025-02-09 19:22:38,429 [INFO] CodeEngine:279 - Generated code: C:\Users\danie\Documents\GitHub\Weller-to-JBC-converter\Firmware\MXTmpFiles\license.tmp
2025-02-09 19:22:39,109 [INFO] CodeEngine:255 - oldGeneratedFile, C:\Users\danie\Documents\GitHub\Weller-to-JBC-converter\Firmware\MXTmpFiles\gpio.tmp_save
2025-02-09 19:22:39,442 [INFO] CodeEngine:279 - Generated code: C:\Users\danie\Documents\GitHub\Weller-to-JBC-converter\Firmware\MXTmpFiles\gpio.tmp
2025-02-09 19:22:40,406 [INFO] CodeEngine:255 - oldGeneratedFile, C:\Users\danie\Documents\GitHub\Weller-to-JBC-converter\Firmware\MXTmpFiles\dma.tmp_save
2025-02-09 19:22:40,863 [INFO] CodeEngine:279 - Generated code: C:\Users\danie\Documents\GitHub\Weller-to-JBC-converter\Firmware\MXTmpFiles\dma.tmp
2025-02-09 19:22:40,931 [INFO] CodeEngine:255 - oldGeneratedFile, C:\Users\danie\Documents\GitHub\Weller-to-JBC-converter\Firmware\MXTmpFiles\dma_GV.tmp_save
2025-02-09 19:22:41,011 [INFO] CodeEngine:279 - Generated code: C:\Users\danie\Documents\GitHub\Weller-to-JBC-converter\Firmware\MXTmpFiles\dma_GV.tmp
2025-02-09 19:22:41,090 [INFO] CodeEngine:255 - oldGeneratedFile, C:\Users\danie\Documents\GitHub\Weller-to-JBC-converter\Firmware\Core\Src\stm32f0xx_it.c_save
2025-02-09 19:22:41,727 [INFO] CodeEngine:279 - Generated code: C:\Users\danie\Documents\GitHub\Weller-to-JBC-converter\Firmware\Core\Src\stm32f0xx_it.c
2025-02-09 19:22:41,798 [INFO] CodeEngine:255 - oldGeneratedFile, C:\Users\danie\Documents\GitHub\Weller-to-JBC-converter\Firmware\Core\Inc\stm32f0xx_it.h_save
2025-02-09 19:22:42,033 [INFO] CodeEngine:279 - Generated code: C:\Users\danie\Documents\GitHub\Weller-to-JBC-converter\Firmware\Core\Inc\stm32f0xx_it.h
2025-02-09 19:22:42,199 [INFO] CodeEngine:255 - oldGeneratedFile, C:\Users\danie\Documents\GitHub\Weller-to-JBC-converter\Firmware\Core\Src\stm32f0xx_hal_msp.c_save
2025-02-09 19:22:42,624 [INFO] CodeEngine:279 - Generated code: C:\Users\danie\Documents\GitHub\Weller-to-JBC-converter\Firmware\Core\Src\stm32f0xx_hal_msp.c
2025-02-09 19:22:42,945 [INFO] CodeEngine:255 - oldGeneratedFile, C:\Users\danie\Documents\GitHub\Weller-to-JBC-converter\Firmware\MXTmpFiles\system.tmp_save
2025-02-09 19:22:43,041 [INFO] CodeEngine:279 - Generated code: C:\Users\danie\Documents\GitHub\Weller-to-JBC-converter\Firmware\MXTmpFiles\system.tmp
2025-02-09 19:22:43,228 [INFO] CodeEngine:311 - oldGeneratedFile, C:\Users\danie\Documents\GitHub\Weller-to-JBC-converter\Firmware\Core\Inc\stm32f0xx_hal_conf.h_save
2025-02-09 19:22:43,600 [INFO] CodeEngine:335 - Generated code: C:\Users\danie\Documents\GitHub\Weller-to-JBC-converter\Firmware\Core\Inc\stm32f0xx_hal_conf.h
2025-02-09 19:22:43,759 [WARN] IPConfigManager:3554 - IP not found : TIM
2025-02-09 19:22:43,858 [WARN] CodeGenerator:4002 - IP not found : null
2025-02-09 19:22:43,978 [INFO] CodeEngine:255 - oldGeneratedFile, C:\Users\danie\Documents\GitHub\Weller-to-JBC-converter\Firmware\Core\Inc\main.h_save
2025-02-09 19:22:44,329 [INFO] CodeEngine:279 - Generated code: C:\Users\danie\Documents\GitHub\Weller-to-JBC-converter\Firmware\Core\Inc\main.h
2025-02-09 19:22:44,483 [INFO] CodeEngine:255 - oldGeneratedFile, C:\Users\danie\Documents\GitHub\Weller-to-JBC-converter\Firmware\Core\Src\main.c_save
2025-02-09 19:22:44,981 [INFO] CodeEngine:279 - Generated code: C:\Users\danie\Documents\GitHub\Weller-to-JBC-converter\Firmware\Core\Src\main.c
2025-02-09 19:22:52,120 [INFO] ProjectBuilder:3249 - Time for Copy HAL[1] : 5270mS.
2025-02-09 19:22:52,126 [INFO] ProjectBuilder:4828 - Project Generator version: 4.5.0-B34
2025-02-09 19:22:53,481 [INFO] ConfigFileManager:1531 - The Die is : DIE440
2025-02-09 19:23:04,775 [INFO] ProjectBuilder:5097 - Time for Generating toolchain IDE Files: 12649mS.
2025-02-09 19:23:04,776 [INFO] ProjectBuilder:3107 - Time for Copy CMSIS : 1mS.
2025-02-09 19:23:04,806 [INFO] ProjectBuilder:3107 - Time for Copy CMSIS : 0mS.
2025-02-09 19:57:42,287 [INFO] WebApp:189 - Connection lost
2025-02-09 19:57:46,865 [INFO] WebApp:186 - Connection restablished
2025-02-09 20:00:16,283 [INFO] WebApp:189 - Connection lost
2025-02-09 20:00:16,426 [INFO] WebApp:186 - Connection restablished
2025-02-09 20:06:20,304 [INFO] WebApp:189 - Connection lost
2025-02-09 20:06:20,502 [INFO] WebApp:186 - Connection restablished
2025-02-09 20:14:17,834 [INFO] UtilMem:75 - End SaveConfig() Used Memory: 725814872 Bytes (1073741824)
2025-02-09 20:14:18,251 [INFO] UtilMem:75 - End SaveConfig() Used Memory: 740936048 Bytes (1073741824)
2025-02-09 20:14:20,748 [INFO] UtilMem:75 - End SaveConfig() Used Memory: 735688040 Bytes (1073741824)
2025-02-09 20:14:22,229 [INFO] BlockDiagram:2766 - set Specific Code input for plugin: ADC
2025-02-09 20:14:22,229 [INFO] BlockDiagram:2766 - set Specific Code input for plugin: NVIC
2025-02-09 20:14:22,229 [INFO] BlockDiagram:2766 - set Specific Code input for plugin: USART
2025-02-09 20:14:22,230 [INFO] BlockDiagram:2766 - set Specific Code input for plugin: COMP
2025-02-09 20:14:22,230 [INFO] BlockDiagram:2766 - set Specific Code input for plugin: DMA
2025-02-09 20:14:22,230 [INFO] BlockDiagram:2766 - set Specific Code input for plugin: TIM1_8F0
2025-02-09 20:14:22,230 [INFO] BlockDiagram:2766 - set Specific Code input for plugin: TIM1_8F0
2025-02-09 20:14:22,230 [INFO] BlockDiagram:2766 - set Specific Code input for plugin: SYS
2025-02-09 20:14:22,231 [INFO] BlockDiagram:2766 - set Specific Code input for plugin: GPIO
2025-02-09 20:14:22,231 [INFO] BlockDiagram:2766 - set Specific Code input for plugin: RCC
2025-02-09 20:14:22,233 [INFO] CodeGenerator:807 - code generatio: config db path: C:\ST\STM32CubeIDE_1.16.0\STM32CubeIDE\plugins\com.st.stm32cube.common.mx_6.12.1.202409122256\\db\
2025-02-09 20:14:22,237 [INFO] Argument:325 - Argument : hdmavalue: null
2025-02-09 20:14:22,237 [INFO] Argument:327 - 	 sub Args: 
2025-02-09 20:14:22,238 [INFO] Argument:325 - Argument : Instancevalue: DMA1_Channel1
2025-02-09 20:14:22,238 [INFO] Argument:335 - Argument : Instancevalue: DMA1_Channel1
2025-02-09 20:14:22,238 [INFO] Argument:325 - Argument : Initvalue: null
2025-02-09 20:14:22,238 [INFO] Argument:327 - 	 sub Args: 
2025-02-09 20:14:22,238 [INFO] Argument:325 - Argument : Directionvalue: DMA_PERIPH_TO_MEMORY
2025-02-09 20:14:22,239 [INFO] Argument:335 - Argument : Directionvalue: DMA_PERIPH_TO_MEMORY
2025-02-09 20:14:22,239 [INFO] Argument:325 - Argument : PeriphIncvalue: DMA_PINC_DISABLE
2025-02-09 20:14:22,239 [INFO] Argument:335 - Argument : PeriphIncvalue: DMA_PINC_DISABLE
2025-02-09 20:14:22,239 [INFO] Argument:325 - Argument : MemIncvalue: DMA_MINC_ENABLE
2025-02-09 20:14:22,239 [INFO] Argument:335 - Argument : MemIncvalue: DMA_MINC_ENABLE
2025-02-09 20:14:22,239 [INFO] Argument:325 - Argument : PeriphDataAlignmentvalue: DMA_PDATAALIGN_HALFWORD
2025-02-09 20:14:22,239 [INFO] Argument:335 - Argument : PeriphDataAlignmentvalue: DMA_PDATAALIGN_HALFWORD
2025-02-09 20:14:22,239 [INFO] Argument:325 - Argument : MemDataAlignmentvalue: DMA_MDATAALIGN_HALFWORD
2025-02-09 20:14:22,239 [INFO] Argument:335 - Argument : MemDataAlignmentvalue: DMA_MDATAALIGN_HALFWORD
2025-02-09 20:14:22,239 [INFO] Argument:325 - Argument : Modevalue: DMA_CIRCULAR
2025-02-09 20:14:22,239 [INFO] Argument:335 - Argument : Modevalue: DMA_CIRCULAR
2025-02-09 20:14:22,239 [INFO] Argument:325 - Argument : Priorityvalue: DMA_PRIORITY_LOW
2025-02-09 20:14:22,239 [INFO] Argument:335 - Argument : Priorityvalue: DMA_PRIORITY_LOW
2025-02-09 20:14:22,239 [INFO] Argument:325 - Argument : Lockvalue: null
2025-02-09 20:14:22,239 [INFO] Argument:335 - Argument : Lockvalue: null
2025-02-09 20:14:22,239 [INFO] Argument:325 - Argument : Statevalue: null
2025-02-09 20:14:22,239 [INFO] Argument:335 - Argument : Statevalue: null
2025-02-09 20:14:22,239 [INFO] Argument:325 - Argument : Parentvalue: null
2025-02-09 20:14:22,239 [INFO] Argument:335 - Argument : Parentvalue: null
2025-02-09 20:14:22,239 [INFO] Argument:325 - Argument : XferCpltCallbackvalue: null
2025-02-09 20:14:22,239 [INFO] Argument:335 - Argument : XferCpltCallbackvalue: null
2025-02-09 20:14:22,239 [INFO] Argument:325 - Argument : XferHalfCpltCallbackvalue: null
2025-02-09 20:14:22,240 [INFO] Argument:335 - Argument : XferHalfCpltCallbackvalue: null
2025-02-09 20:14:22,240 [INFO] Argument:325 - Argument : XferErrorCallbackvalue: null
2025-02-09 20:14:22,240 [INFO] Argument:335 - Argument : XferErrorCallbackvalue: null
2025-02-09 20:14:22,240 [INFO] Argument:325 - Argument : ErrorCodevalue: null
2025-02-09 20:14:22,240 [INFO] Argument:335 - Argument : ErrorCodevalue: null
2025-02-09 20:14:22,240 [INFO] Argument:325 - Argument : DMA_Remapvalue: null
2025-02-09 20:14:22,240 [INFO] Argument:335 - Argument : DMA_Remapvalue: null
2025-02-09 20:14:22,273 [INFO] Argument:325 - Argument : hdmavalue: null
2025-02-09 20:14:22,273 [INFO] Argument:327 - 	 sub Args: 
2025-02-09 20:14:22,273 [INFO] Argument:325 - Argument : Instancevalue: DMA1_Channel3
2025-02-09 20:14:22,273 [INFO] Argument:335 - Argument : Instancevalue: DMA1_Channel3
2025-02-09 20:14:22,273 [INFO] Argument:325 - Argument : Initvalue: null
2025-02-09 20:14:22,273 [INFO] Argument:327 - 	 sub Args: 
2025-02-09 20:14:22,273 [INFO] Argument:325 - Argument : Directionvalue: DMA_PERIPH_TO_MEMORY
2025-02-09 20:14:22,273 [INFO] Argument:335 - Argument : Directionvalue: DMA_PERIPH_TO_MEMORY
2025-02-09 20:14:22,273 [INFO] Argument:325 - Argument : PeriphIncvalue: DMA_PINC_DISABLE
2025-02-09 20:14:22,273 [INFO] Argument:335 - Argument : PeriphIncvalue: DMA_PINC_DISABLE
2025-02-09 20:14:22,273 [INFO] Argument:325 - Argument : MemIncvalue: DMA_MINC_ENABLE
2025-02-09 20:14:22,273 [INFO] Argument:335 - Argument : MemIncvalue: DMA_MINC_ENABLE
2025-02-09 20:14:22,273 [INFO] Argument:325 - Argument : PeriphDataAlignmentvalue: DMA_PDATAALIGN_BYTE
2025-02-09 20:14:22,273 [INFO] Argument:335 - Argument : PeriphDataAlignmentvalue: DMA_PDATAALIGN_BYTE
2025-02-09 20:14:22,273 [INFO] Argument:325 - Argument : MemDataAlignmentvalue: DMA_MDATAALIGN_BYTE
2025-02-09 20:14:22,273 [INFO] Argument:335 - Argument : MemDataAlignmentvalue: DMA_MDATAALIGN_BYTE
2025-02-09 20:14:22,273 [INFO] Argument:325 - Argument : Modevalue: DMA_CIRCULAR
2025-02-09 20:14:22,273 [INFO] Argument:335 - Argument : Modevalue: DMA_CIRCULAR
2025-02-09 20:14:22,274 [INFO] Argument:325 - Argument : Priorityvalue: DMA_PRIORITY_LOW
2025-02-09 20:14:22,274 [INFO] Argument:335 - Argument : Priorityvalue: DMA_PRIORITY_LOW
2025-02-09 20:14:22,274 [INFO] Argument:325 - Argument : Lockvalue: null
2025-02-09 20:14:22,274 [INFO] Argument:335 - Argument : Lockvalue: null
2025-02-09 20:14:22,274 [INFO] Argument:325 - Argument : Statevalue: null
2025-02-09 20:14:22,274 [INFO] Argument:335 - Argument : Statevalue: null
2025-02-09 20:14:22,274 [INFO] Argument:325 - Argument : Parentvalue: null
2025-02-09 20:14:22,274 [INFO] Argument:335 - Argument : Parentvalue: null
2025-02-09 20:14:22,274 [INFO] Argument:325 - Argument : XferCpltCallbackvalue: null
2025-02-09 20:14:22,274 [INFO] Argument:335 - Argument : XferCpltCallbackvalue: null
2025-02-09 20:14:22,274 [INFO] Argument:325 - Argument : XferHalfCpltCallbackvalue: null
2025-02-09 20:14:22,274 [INFO] Argument:335 - Argument : XferHalfCpltCallbackvalue: null
2025-02-09 20:14:22,274 [INFO] Argument:325 - Argument : XferErrorCallbackvalue: null
2025-02-09 20:14:22,274 [INFO] Argument:335 - Argument : XferErrorCallbackvalue: null
2025-02-09 20:14:22,274 [INFO] Argument:325 - Argument : ErrorCodevalue: null
2025-02-09 20:14:22,274 [INFO] Argument:335 - Argument : ErrorCodevalue: null
2025-02-09 20:14:22,274 [INFO] Argument:325 - Argument : DMA_Remapvalue: null
2025-02-09 20:14:22,274 [INFO] Argument:335 - Argument : DMA_Remapvalue: null
2025-02-09 20:14:22,802 [INFO] CodeEngine:255 - oldGeneratedFile, C:\Users\danie\Documents\GitHub\Weller-to-JBC-converter\Firmware\MXTmpFiles\license.tmp_save
2025-02-09 20:14:22,908 [INFO] CodeEngine:279 - Generated code: C:\Users\danie\Documents\GitHub\Weller-to-JBC-converter\Firmware\MXTmpFiles\license.tmp
2025-02-09 20:14:23,064 [INFO] CodeEngine:255 - oldGeneratedFile, C:\Users\danie\Documents\GitHub\Weller-to-JBC-converter\Firmware\MXTmpFiles\gpio.tmp_save
2025-02-09 20:14:23,216 [INFO] CodeEngine:279 - Generated code: C:\Users\danie\Documents\GitHub\Weller-to-JBC-converter\Firmware\MXTmpFiles\gpio.tmp
2025-02-09 20:14:23,994 [INFO] CodeEngine:255 - oldGeneratedFile, C:\Users\danie\Documents\GitHub\Weller-to-JBC-converter\Firmware\MXTmpFiles\dma.tmp_save
2025-02-09 20:14:24,096 [INFO] CodeEngine:279 - Generated code: C:\Users\danie\Documents\GitHub\Weller-to-JBC-converter\Firmware\MXTmpFiles\dma.tmp
2025-02-09 20:14:24,102 [INFO] CodeEngine:255 - oldGeneratedFile, C:\Users\danie\Documents\GitHub\Weller-to-JBC-converter\Firmware\MXTmpFiles\dma_GV.tmp_save
2025-02-09 20:14:24,192 [INFO] CodeEngine:279 - Generated code: C:\Users\danie\Documents\GitHub\Weller-to-JBC-converter\Firmware\MXTmpFiles\dma_GV.tmp
2025-02-09 20:14:24,244 [INFO] CodeEngine:255 - oldGeneratedFile, C:\Users\danie\Documents\GitHub\Weller-to-JBC-converter\Firmware\Core\Src\stm32f0xx_it.c_save
2025-02-09 20:14:24,508 [INFO] CodeEngine:279 - Generated code: C:\Users\danie\Documents\GitHub\Weller-to-JBC-converter\Firmware\Core\Src\stm32f0xx_it.c
2025-02-09 20:14:24,541 [INFO] CodeEngine:255 - oldGeneratedFile, C:\Users\danie\Documents\GitHub\Weller-to-JBC-converter\Firmware\Core\Inc\stm32f0xx_it.h_save
2025-02-09 20:14:24,671 [INFO] CodeEngine:279 - Generated code: C:\Users\danie\Documents\GitHub\Weller-to-JBC-converter\Firmware\Core\Inc\stm32f0xx_it.h
2025-02-09 20:14:24,757 [INFO] CodeEngine:255 - oldGeneratedFile, C:\Users\danie\Documents\GitHub\Weller-to-JBC-converter\Firmware\Core\Src\stm32f0xx_hal_msp.c_save
2025-02-09 20:14:25,064 [INFO] CodeEngine:279 - Generated code: C:\Users\danie\Documents\GitHub\Weller-to-JBC-converter\Firmware\Core\Src\stm32f0xx_hal_msp.c
2025-02-09 20:14:25,156 [INFO] CodeEngine:255 - oldGeneratedFile, C:\Users\danie\Documents\GitHub\Weller-to-JBC-converter\Firmware\MXTmpFiles\system.tmp_save
2025-02-09 20:14:26,169 [INFO] CodeEngine:279 - Generated code: C:\Users\danie\Documents\GitHub\Weller-to-JBC-converter\Firmware\MXTmpFiles\system.tmp
2025-02-09 20:14:26,306 [INFO] CodeEngine:311 - oldGeneratedFile, C:\Users\danie\Documents\GitHub\Weller-to-JBC-converter\Firmware\Core\Inc\stm32f0xx_hal_conf.h_save
2025-02-09 20:14:26,514 [INFO] CodeEngine:335 - Generated code: C:\Users\danie\Documents\GitHub\Weller-to-JBC-converter\Firmware\Core\Inc\stm32f0xx_hal_conf.h
2025-02-09 20:14:26,635 [WARN] IPConfigManager:3554 - IP not found : TIM
2025-02-09 20:14:26,655 [WARN] CodeGenerator:4002 - IP not found : null
2025-02-09 20:14:27,070 [INFO] CodeEngine:255 - oldGeneratedFile, C:\Users\danie\Documents\GitHub\Weller-to-JBC-converter\Firmware\Core\Inc\main.h_save
2025-02-09 20:14:27,230 [INFO] CodeEngine:279 - Generated code: C:\Users\danie\Documents\GitHub\Weller-to-JBC-converter\Firmware\Core\Inc\main.h
2025-02-09 20:14:27,299 [INFO] CodeEngine:255 - oldGeneratedFile, C:\Users\danie\Documents\GitHub\Weller-to-JBC-converter\Firmware\Core\Src\main.c_save
2025-02-09 20:14:27,525 [INFO] CodeEngine:279 - Generated code: C:\Users\danie\Documents\GitHub\Weller-to-JBC-converter\Firmware\Core\Src\main.c
2025-02-09 20:14:30,522 [INFO] ProjectBuilder:3249 - Time for Copy HAL[1] : 2141mS.
2025-02-09 20:14:30,530 [INFO] ProjectBuilder:4828 - Project Generator version: 4.5.0-B34
2025-02-09 20:14:30,874 [INFO] ConfigFileManager:1531 - The Die is : DIE440
2025-02-09 20:14:41,244 [INFO] ProjectBuilder:5097 - Time for Generating toolchain IDE Files: 10714mS.
2025-02-09 20:14:41,245 [INFO] ProjectBuilder:3107 - Time for Copy CMSIS : 1mS.
2025-02-09 20:14:41,271 [INFO] ProjectBuilder:3107 - Time for Copy CMSIS : 0mS.
2025-02-09 20:21:23,863 [INFO] WebApp:189 - Connection lost
2025-02-09 20:21:24,264 [INFO] WebApp:186 - Connection restablished
2025-02-09 20:24:27,821 [INFO] WebApp:189 - Connection lost
2025-02-09 20:24:27,982 [INFO] WebApp:186 - Connection restablished
2025-02-09 20:31:06,966 [INFO] UtilMem:75 - End SaveConfig() Used Memory: 711079944 Bytes (1073741824)
2025-02-09 20:31:07,315 [INFO] UtilMem:75 - End SaveConfig() Used Memory: 733538048 Bytes (1073741824)
2025-02-09 20:31:08,759 [INFO] UtilMem:75 - End SaveConfig() Used Memory: 840549016 Bytes (1073741824)
2025-02-09 20:31:09,362 [INFO] BlockDiagram:2766 - set Specific Code input for plugin: ADC
2025-02-09 20:31:09,362 [INFO] BlockDiagram:2766 - set Specific Code input for plugin: NVIC
2025-02-09 20:31:09,362 [INFO] BlockDiagram:2766 - set Specific Code input for plugin: USART
2025-02-09 20:31:09,362 [INFO] BlockDiagram:2766 - set Specific Code input for plugin: COMP
2025-02-09 20:31:09,362 [INFO] BlockDiagram:2766 - set Specific Code input for plugin: DMA
2025-02-09 20:31:09,362 [INFO] BlockDiagram:2766 - set Specific Code input for plugin: TIM1_8F0
2025-02-09 20:31:09,362 [INFO] BlockDiagram:2766 - set Specific Code input for plugin: TIM1_8F0
2025-02-09 20:31:09,362 [INFO] BlockDiagram:2766 - set Specific Code input for plugin: SYS
2025-02-09 20:31:09,363 [INFO] BlockDiagram:2766 - set Specific Code input for plugin: GPIO
2025-02-09 20:31:09,363 [INFO] BlockDiagram:2766 - set Specific Code input for plugin: RCC
2025-02-09 20:31:09,364 [INFO] CodeGenerator:807 - code generatio: config db path: C:\ST\STM32CubeIDE_1.16.0\STM32CubeIDE\plugins\com.st.stm32cube.common.mx_6.12.1.202409122256\\db\
2025-02-09 20:31:09,368 [INFO] Argument:325 - Argument : hdmavalue: null
2025-02-09 20:31:09,368 [INFO] Argument:327 - 	 sub Args: 
2025-02-09 20:31:09,368 [INFO] Argument:325 - Argument : Instancevalue: DMA1_Channel1
2025-02-09 20:31:09,368 [INFO] Argument:335 - Argument : Instancevalue: DMA1_Channel1
2025-02-09 20:31:09,368 [INFO] Argument:325 - Argument : Initvalue: null
2025-02-09 20:31:09,368 [INFO] Argument:327 - 	 sub Args: 
2025-02-09 20:31:09,368 [INFO] Argument:325 - Argument : Directionvalue: DMA_PERIPH_TO_MEMORY
2025-02-09 20:31:09,368 [INFO] Argument:335 - Argument : Directionvalue: DMA_PERIPH_TO_MEMORY
2025-02-09 20:31:09,369 [INFO] Argument:325 - Argument : PeriphIncvalue: DMA_PINC_DISABLE
2025-02-09 20:31:09,369 [INFO] Argument:335 - Argument : PeriphIncvalue: DMA_PINC_DISABLE
2025-02-09 20:31:09,369 [INFO] Argument:325 - Argument : MemIncvalue: DMA_MINC_ENABLE
2025-02-09 20:31:09,369 [INFO] Argument:335 - Argument : MemIncvalue: DMA_MINC_ENABLE
2025-02-09 20:31:09,369 [INFO] Argument:325 - Argument : PeriphDataAlignmentvalue: DMA_PDATAALIGN_HALFWORD
2025-02-09 20:31:09,369 [INFO] Argument:335 - Argument : PeriphDataAlignmentvalue: DMA_PDATAALIGN_HALFWORD
2025-02-09 20:31:09,369 [INFO] Argument:325 - Argument : MemDataAlignmentvalue: DMA_MDATAALIGN_HALFWORD
2025-02-09 20:31:09,369 [INFO] Argument:335 - Argument : MemDataAlignmentvalue: DMA_MDATAALIGN_HALFWORD
2025-02-09 20:31:09,369 [INFO] Argument:325 - Argument : Modevalue: DMA_CIRCULAR
2025-02-09 20:31:09,369 [INFO] Argument:335 - Argument : Modevalue: DMA_CIRCULAR
2025-02-09 20:31:09,369 [INFO] Argument:325 - Argument : Priorityvalue: DMA_PRIORITY_LOW
2025-02-09 20:31:09,369 [INFO] Argument:335 - Argument : Priorityvalue: DMA_PRIORITY_LOW
2025-02-09 20:31:09,369 [INFO] Argument:325 - Argument : Lockvalue: null
2025-02-09 20:31:09,369 [INFO] Argument:335 - Argument : Lockvalue: null
2025-02-09 20:31:09,369 [INFO] Argument:325 - Argument : Statevalue: null
2025-02-09 20:31:09,369 [INFO] Argument:335 - Argument : Statevalue: null
2025-02-09 20:31:09,369 [INFO] Argument:325 - Argument : Parentvalue: null
2025-02-09 20:31:09,369 [INFO] Argument:335 - Argument : Parentvalue: null
2025-02-09 20:31:09,370 [INFO] Argument:325 - Argument : XferCpltCallbackvalue: null
2025-02-09 20:31:09,370 [INFO] Argument:335 - Argument : XferCpltCallbackvalue: null
2025-02-09 20:31:09,370 [INFO] Argument:325 - Argument : XferHalfCpltCallbackvalue: null
2025-02-09 20:31:09,370 [INFO] Argument:335 - Argument : XferHalfCpltCallbackvalue: null
2025-02-09 20:31:09,370 [INFO] Argument:325 - Argument : XferErrorCallbackvalue: null
2025-02-09 20:31:09,370 [INFO] Argument:335 - Argument : XferErrorCallbackvalue: null
2025-02-09 20:31:09,370 [INFO] Argument:325 - Argument : ErrorCodevalue: null
2025-02-09 20:31:09,370 [INFO] Argument:335 - Argument : ErrorCodevalue: null
2025-02-09 20:31:09,370 [INFO] Argument:325 - Argument : DMA_Remapvalue: null
2025-02-09 20:31:09,370 [INFO] Argument:335 - Argument : DMA_Remapvalue: null
2025-02-09 20:31:09,414 [INFO] Argument:325 - Argument : hdmavalue: null
2025-02-09 20:31:09,414 [INFO] Argument:327 - 	 sub Args: 
2025-02-09 20:31:09,414 [INFO] Argument:325 - Argument : Instancevalue: DMA1_Channel3
2025-02-09 20:31:09,414 [INFO] Argument:335 - Argument : Instancevalue: DMA1_Channel3
2025-02-09 20:31:09,414 [INFO] Argument:325 - Argument : Initvalue: null
2025-02-09 20:31:09,414 [INFO] Argument:327 - 	 sub Args: 
2025-02-09 20:31:09,414 [INFO] Argument:325 - Argument : Directionvalue: DMA_PERIPH_TO_MEMORY
2025-02-09 20:31:09,414 [INFO] Argument:335 - Argument : Directionvalue: DMA_PERIPH_TO_MEMORY
2025-02-09 20:31:09,414 [INFO] Argument:325 - Argument : PeriphIncvalue: DMA_PINC_DISABLE
2025-02-09 20:31:09,414 [INFO] Argument:335 - Argument : PeriphIncvalue: DMA_PINC_DISABLE
2025-02-09 20:31:09,414 [INFO] Argument:325 - Argument : MemIncvalue: DMA_MINC_ENABLE
2025-02-09 20:31:09,414 [INFO] Argument:335 - Argument : MemIncvalue: DMA_MINC_ENABLE
2025-02-09 20:31:09,415 [INFO] Argument:325 - Argument : PeriphDataAlignmentvalue: DMA_PDATAALIGN_BYTE
2025-02-09 20:31:09,415 [INFO] Argument:335 - Argument : PeriphDataAlignmentvalue: DMA_PDATAALIGN_BYTE
2025-02-09 20:31:09,415 [INFO] Argument:325 - Argument : MemDataAlignmentvalue: DMA_MDATAALIGN_BYTE
2025-02-09 20:31:09,415 [INFO] Argument:335 - Argument : MemDataAlignmentvalue: DMA_MDATAALIGN_BYTE
2025-02-09 20:31:09,415 [INFO] Argument:325 - Argument : Modevalue: DMA_CIRCULAR
2025-02-09 20:31:09,415 [INFO] Argument:335 - Argument : Modevalue: DMA_CIRCULAR
2025-02-09 20:31:09,415 [INFO] Argument:325 - Argument : Priorityvalue: DMA_PRIORITY_LOW
2025-02-09 20:31:09,415 [INFO] Argument:335 - Argument : Priorityvalue: DMA_PRIORITY_LOW
2025-02-09 20:31:09,415 [INFO] Argument:325 - Argument : Lockvalue: null
2025-02-09 20:31:09,415 [INFO] Argument:335 - Argument : Lockvalue: null
2025-02-09 20:31:09,415 [INFO] Argument:325 - Argument : Statevalue: null
2025-02-09 20:31:09,415 [INFO] Argument:335 - Argument : Statevalue: null
2025-02-09 20:31:09,415 [INFO] Argument:325 - Argument : Parentvalue: null
2025-02-09 20:31:09,415 [INFO] Argument:335 - Argument : Parentvalue: null
2025-02-09 20:31:09,415 [INFO] Argument:325 - Argument : XferCpltCallbackvalue: null
2025-02-09 20:31:09,415 [INFO] Argument:335 - Argument : XferCpltCallbackvalue: null
2025-02-09 20:31:09,415 [INFO] Argument:325 - Argument : XferHalfCpltCallbackvalue: null
2025-02-09 20:31:09,415 [INFO] Argument:335 - Argument : XferHalfCpltCallbackvalue: null
2025-02-09 20:31:09,415 [INFO] Argument:325 - Argument : XferErrorCallbackvalue: null
2025-02-09 20:31:09,415 [INFO] Argument:335 - Argument : XferErrorCallbackvalue: null
2025-02-09 20:31:09,415 [INFO] Argument:325 - Argument : ErrorCodevalue: null
2025-02-09 20:31:09,415 [INFO] Argument:335 - Argument : ErrorCodevalue: null
2025-02-09 20:31:09,415 [INFO] Argument:325 - Argument : DMA_Remapvalue: null
2025-02-09 20:31:09,415 [INFO] Argument:335 - Argument : DMA_Remapvalue: null
2025-02-09 20:31:09,526 [INFO] CodeEngine:255 - oldGeneratedFile, C:\Users\danie\Documents\GitHub\Weller-to-JBC-converter\Firmware\MXTmpFiles\license.tmp_save
2025-02-09 20:31:09,670 [INFO] CodeEngine:279 - Generated code: C:\Users\danie\Documents\GitHub\Weller-to-JBC-converter\Firmware\MXTmpFiles\license.tmp
2025-02-09 20:31:09,723 [INFO] CodeEngine:255 - oldGeneratedFile, C:\Users\danie\Documents\GitHub\Weller-to-JBC-converter\Firmware\MXTmpFiles\gpio.tmp_save
2025-02-09 20:31:09,857 [INFO] CodeEngine:279 - Generated code: C:\Users\danie\Documents\GitHub\Weller-to-JBC-converter\Firmware\MXTmpFiles\gpio.tmp
2025-02-09 20:31:10,207 [INFO] CodeEngine:255 - oldGeneratedFile, C:\Users\danie\Documents\GitHub\Weller-to-JBC-converter\Firmware\MXTmpFiles\dma.tmp_save
2025-02-09 20:31:10,323 [INFO] CodeEngine:279 - Generated code: C:\Users\danie\Documents\GitHub\Weller-to-JBC-converter\Firmware\MXTmpFiles\dma.tmp
2025-02-09 20:31:10,328 [INFO] CodeEngine:255 - oldGeneratedFile, C:\Users\danie\Documents\GitHub\Weller-to-JBC-converter\Firmware\MXTmpFiles\dma_GV.tmp_save
2025-02-09 20:31:10,398 [INFO] CodeEngine:279 - Generated code: C:\Users\danie\Documents\GitHub\Weller-to-JBC-converter\Firmware\MXTmpFiles\dma_GV.tmp
2025-02-09 20:31:10,442 [INFO] CodeEngine:255 - oldGeneratedFile, C:\Users\danie\Documents\GitHub\Weller-to-JBC-converter\Firmware\Core\Src\stm32f0xx_it.c_save
2025-02-09 20:31:10,652 [INFO] CodeEngine:279 - Generated code: C:\Users\danie\Documents\GitHub\Weller-to-JBC-converter\Firmware\Core\Src\stm32f0xx_it.c
2025-02-09 20:31:10,668 [INFO] CodeEngine:255 - oldGeneratedFile, C:\Users\danie\Documents\GitHub\Weller-to-JBC-converter\Firmware\Core\Inc\stm32f0xx_it.h_save
2025-02-09 20:31:10,795 [INFO] CodeEngine:279 - Generated code: C:\Users\danie\Documents\GitHub\Weller-to-JBC-converter\Firmware\Core\Inc\stm32f0xx_it.h
2025-02-09 20:31:10,840 [INFO] CodeEngine:255 - oldGeneratedFile, C:\Users\danie\Documents\GitHub\Weller-to-JBC-converter\Firmware\Core\Src\stm32f0xx_hal_msp.c_save
2025-02-09 20:31:11,050 [INFO] CodeEngine:279 - Generated code: C:\Users\danie\Documents\GitHub\Weller-to-JBC-converter\Firmware\Core\Src\stm32f0xx_hal_msp.c
2025-02-09 20:31:11,092 [INFO] CodeEngine:255 - oldGeneratedFile, C:\Users\danie\Documents\GitHub\Weller-to-JBC-converter\Firmware\MXTmpFiles\system.tmp_save
2025-02-09 20:31:11,167 [INFO] CodeEngine:279 - Generated code: C:\Users\danie\Documents\GitHub\Weller-to-JBC-converter\Firmware\MXTmpFiles\system.tmp
2025-02-09 20:31:11,213 [INFO] CodeEngine:311 - oldGeneratedFile, C:\Users\danie\Documents\GitHub\Weller-to-JBC-converter\Firmware\Core\Inc\stm32f0xx_hal_conf.h_save
2025-02-09 20:31:11,381 [INFO] CodeEngine:335 - Generated code: C:\Users\danie\Documents\GitHub\Weller-to-JBC-converter\Firmware\Core\Inc\stm32f0xx_hal_conf.h
2025-02-09 20:31:11,405 [WARN] IPConfigManager:3554 - IP not found : TIM
2025-02-09 20:31:11,406 [WARN] CodeGenerator:4002 - IP not found : null
2025-02-09 20:31:11,454 [INFO] CodeEngine:255 - oldGeneratedFile, C:\Users\danie\Documents\GitHub\Weller-to-JBC-converter\Firmware\Core\Inc\main.h_save
2025-02-09 20:31:11,582 [INFO] CodeEngine:279 - Generated code: C:\Users\danie\Documents\GitHub\Weller-to-JBC-converter\Firmware\Core\Inc\main.h
2025-02-09 20:31:11,608 [INFO] CodeEngine:255 - oldGeneratedFile, C:\Users\danie\Documents\GitHub\Weller-to-JBC-converter\Firmware\Core\Src\main.c_save
2025-02-09 20:31:11,838 [INFO] CodeEngine:279 - Generated code: C:\Users\danie\Documents\GitHub\Weller-to-JBC-converter\Firmware\Core\Src\main.c
2025-02-09 20:31:13,674 [INFO] ProjectBuilder:3249 - Time for Copy HAL[1] : 1597mS.
2025-02-09 20:31:13,678 [INFO] ProjectBuilder:4828 - Project Generator version: 4.5.0-B34
2025-02-09 20:31:13,959 [INFO] ConfigFileManager:1531 - The Die is : DIE440
2025-02-09 20:31:17,284 [INFO] ProjectBuilder:5097 - Time for Generating toolchain IDE Files: 3607mS.
2025-02-09 20:31:17,285 [INFO] ProjectBuilder:3107 - Time for Copy CMSIS : 1mS.
2025-02-09 20:31:17,313 [INFO] ProjectBuilder:3107 - Time for Copy CMSIS : 0mS.
2025-02-09 22:13:01,507 [INFO] WebApp:189 - Connection lost
2025-02-09 22:13:02,139 [INFO] WebApp:186 - Connection restablished
2025-02-09 22:13:02,568 [INFO] WebApp:189 - Connection lost
2025-02-09 22:13:05,783 [INFO] WebApp:186 - Connection restablished
2025-02-09 23:16:15,231 [INFO] WebApp:189 - Connection lost
2025-02-09 23:16:27,441 [INFO] WebApp:186 - Connection restablished
