2025-05-05 18:27:44,849 [INFO] Activator:176 - 


2025-05-05 18:27:44,943 [INFO] Activator:177 - !SESSION log4j initialized
2025-05-05 18:28:30,030 [INFO] LogOutputStream:77 - [STDOUT_REDIRECT] 
2025-05-05 18:28:51,892 [INFO] ApplicationProperties:184 - Using Application install path: C:\ST\STM32CubeIDE_1.16.0\STM32CubeIDE\plugins\com.st.stm32cube.common.mx_6.12.1.202409122256
2025-05-05 18:28:51,941 [INFO] DbMcusXml:78 - Set database path to: C:\ST\STM32CubeIDE_1.16.0\STM32CubeIDE\plugins\com.st.stm32cube.common.mx_6.12.1.202409122256\\db\/mcu/
2025-05-05 18:28:51,941 [INFO] ApiDb:274 - Set plugin database path to: C:\ST\STM32CubeIDE_1.16.0\STM32CubeIDE\plugins\com.st.stm32cube.common.mx_6.12.1.202409122256\\db\/plugins/boardmanager/
2025-05-05 18:28:51,943 [WARN] ApiDb:259 - Overriding images path with different value:  => C:\ST\STM32CubeIDE_1.16.0\STM32CubeIDE\plugins\com.st.stm32cube.common.mx_6.12.1.202409122256\\db\/plugins/mcufinder/images/
2025-05-05 18:28:52,131 [INFO] ApiDb:250 - Set database path to: C:\Users\danie\.stmcufinder\plugins\mcufinder//mcu/
2025-05-05 18:28:52,132 [INFO] DbMcusAds:125 - Set database path to: C:\Users\danie\.stmcufinder\plugins\mcufinder//mcu/
2025-05-05 18:28:55,866 [INFO] CrossReferenceDbSqlite:203 - Set database path to: C:\Users\danie\.stmcufinder\plugins\mcufinder//mcu/cs/
2025-05-05 18:28:56,127 [INFO] RulesReader:64 - Compatibility file has been processed (297 Rules)
2025-05-05 18:28:56,459 [INFO] DbMcusXml:78 - Set database path to: C:\ST\STM32CubeIDE_1.16.0\STM32CubeIDE\plugins\com.st.stm32cube.common.mx_6.12.1.202409122256\\db\/mcu/
2025-05-05 18:28:56,460 [INFO] ApiDb:274 - Set plugin database path to: C:\ST\STM32CubeIDE_1.16.0\STM32CubeIDE\plugins\com.st.stm32cube.common.mx_6.12.1.202409122256\\db\/plugins/boardmanager/
2025-05-05 18:28:56,460 [INFO] ApiDb:261 - Set plugin images path to: C:\ST\STM32CubeIDE_1.16.0\STM32CubeIDE\plugins\com.st.stm32cube.common.mx_6.12.1.202409122256\\db\/plugins/mcufinder/images/
2025-05-05 18:28:56,460 [WARN] DbFile:41 - Overriding database path with different value: C:\Users\danie\.stmcufinder\plugins\mcufinder/ => C:\Users\danie\.stmcufinder\plugins\mcufinder
2025-05-05 18:28:56,461 [INFO] ApiDb:250 - Set database path to: C:\Users\danie\.stmcufinder\plugins\mcufinder//mcu/
2025-05-05 18:28:56,461 [WARN] DbFile:41 - Overriding database path with different value: C:\Users\danie\.stmcufinder\plugins\mcufinder/ => C:\Users\danie\.stmcufinder\plugins\mcufinder
2025-05-05 18:28:56,461 [INFO] DbMcusAds:125 - Set database path to: C:\Users\danie\.stmcufinder\plugins\mcufinder//mcu/
2025-05-05 18:28:56,461 [WARN] DbFile:41 - Overriding database path with different value: C:\Users\danie\.stmcufinder\plugins\mcufinder/ => C:\Users\danie\.stmcufinder\plugins\mcufinder
2025-05-05 18:28:56,461 [WARN] DbFile:41 - Overriding database path with different value: C:\Users\danie\.stmcufinder\plugins\mcufinder/ => C:\Users\danie\.stmcufinder\plugins\mcufinder
2025-05-05 18:28:56,461 [INFO] CrossReferenceDbSqlite:203 - Set database path to: C:\Users\danie\.stmcufinder\plugins\mcufinder//mcu/cs/
2025-05-05 18:28:57,002 [INFO] MainPanel:268 - HeapMemory: 268435456
2025-05-05 18:28:58,834 [INFO] DbMcusXml:78 - Set database path to: C:\ST\STM32CubeIDE_1.16.0\STM32CubeIDE\plugins\com.st.stm32cube.common.mx_6.12.1.202409122256\\db\/mcu/
2025-05-05 18:28:58,834 [INFO] ApiDb:274 - Set plugin database path to: C:\ST\STM32CubeIDE_1.16.0\STM32CubeIDE\plugins\com.st.stm32cube.common.mx_6.12.1.202409122256\\db\/plugins/boardmanager/
2025-05-05 18:28:58,835 [INFO] ApiDb:261 - Set plugin images path to: C:\ST\STM32CubeIDE_1.16.0\STM32CubeIDE\plugins\com.st.stm32cube.common.mx_6.12.1.202409122256\\db\/plugins/mcufinder/images/
2025-05-05 18:28:58,835 [WARN] DbFile:41 - Overriding database path with different value: C:\Users\danie\.stmcufinder\plugins\mcufinder/ => C:\Users\danie\.stmcufinder\plugins\mcufinder
2025-05-05 18:28:58,835 [INFO] ApiDb:250 - Set database path to: C:\Users\danie\.stmcufinder\plugins\mcufinder//mcu/
2025-05-05 18:28:58,835 [WARN] DbFile:41 - Overriding database path with different value: C:\Users\danie\.stmcufinder\plugins\mcufinder/ => C:\Users\danie\.stmcufinder\plugins\mcufinder
2025-05-05 18:28:58,835 [INFO] DbMcusAds:125 - Set database path to: C:\Users\danie\.stmcufinder\plugins\mcufinder//mcu/
2025-05-05 18:28:58,835 [WARN] DbFile:41 - Overriding database path with different value: C:\Users\danie\.stmcufinder\plugins\mcufinder/ => C:\Users\danie\.stmcufinder\plugins\mcufinder
2025-05-05 18:28:58,835 [WARN] DbFile:41 - Overriding database path with different value: C:\Users\danie\.stmcufinder\plugins\mcufinder/ => C:\Users\danie\.stmcufinder\plugins\mcufinder
2025-05-05 18:28:58,836 [INFO] CrossReferenceDbSqlite:203 - Set database path to: C:\Users\danie\.stmcufinder\plugins\mcufinder//mcu/cs/
2025-05-05 18:28:58,897 [INFO] ApplicationProperties:184 - Using Application install path: C:\ST\STM32CubeIDE_1.16.0\STM32CubeIDE\plugins\com.st.stm32cube.common.mx_6.12.1.202409122256
2025-05-05 18:28:58,911 [INFO] PluginManage:196 - Search for loadable plugins [exclusion list=, ]
2025-05-05 18:28:58,944 [INFO] PluginManage:310 - Check plugin analytics
2025-05-05 18:29:03,033 [INFO] AnalyticsPlugin:253 - Accepted Software Licenses: 
2025-05-05 18:29:03,033 [INFO] AnalyticsPlugin:255 - Accepted CMSIS Pack Licenses: 
2025-05-05 18:29:03,034 [INFO] AnalyticsPlugin:257 - Accepted Firmware Licenses: 
2025-05-05 18:29:03,037 [INFO] PluginManage:359 - Loaded plugin analytics (category:tool,tabindex:-1)
2025-05-05 18:29:03,037 [INFO] PluginManage:310 - Check plugin cadmodel
2025-05-05 18:29:03,094 [INFO] CADModel:105 - Init CAD model plugin
2025-05-05 18:29:03,095 [INFO] PluginManage:359 - Loaded plugin cadmodel (category:power,tabindex:5)
2025-05-05 18:29:03,095 [INFO] PluginManage:310 - Check plugin clock
2025-05-05 18:29:03,134 [INFO] PluginManage:359 - Loaded plugin clock (category:base,tabindex:2)
2025-05-05 18:29:03,134 [INFO] PluginManage:310 - Check plugin ddr
2025-05-05 18:29:03,159 [INFO] PluginManage:359 - Loaded plugin ddr (category:tool,tabindex:6)
2025-05-05 18:29:03,160 [INFO] PluginManage:310 - Check plugin filemanager
2025-05-05 18:29:03,958 [INFO] PluginManage:359 - Loaded plugin filemanager (category:base,tabindex:10)
2025-05-05 18:29:03,958 [INFO] PluginManage:310 - Check plugin ipmanager
2025-05-05 18:29:04,027 [INFO] PluginManage:359 - Loaded plugin ipmanager (category:base,tabindex:5)
2025-05-05 18:29:04,027 [INFO] PluginManage:310 - Check plugin lpbam
2025-05-05 18:29:04,122 [INFO] PluginManage:359 - Loaded plugin lpbam (category:base,tabindex:0)
2025-05-05 18:29:04,122 [INFO] PluginManage:310 - Check plugin memorymap
2025-05-05 18:29:04,421 [INFO] PluginManage:359 - Loaded plugin memorymap (category:base,tabindex:4)
2025-05-05 18:29:04,421 [INFO] PluginManage:310 - Check plugin pinoutandconfiguration
2025-05-05 18:29:04,590 [INFO] PluginManage:359 - Loaded plugin pinoutandconfiguration (category:base,tabindex:1)
2025-05-05 18:29:04,590 [INFO] PluginManage:310 - Check plugin pinoutconfig
2025-05-05 18:29:05,752 [WARN] SupportedApi:132 - Cannot load RTOS API schema: s4s-elt-must-match.1: The content of 'definitions' must match (annotation?, (simpleType | complexType)?, (unique | key | keyref)*)). A problem was found starting at: attribute.
2025-05-05 18:29:06,872 [INFO] PluginManage:359 - Loaded plugin pinoutconfig (category:base,tabindex:0)
2025-05-05 18:29:06,872 [INFO] PluginManage:310 - Check plugin power
2025-05-05 18:29:07,063 [INFO] PluginManage:359 - Loaded plugin power (category:power,tabindex:4)
2025-05-05 18:29:07,063 [INFO] PluginManage:310 - Check plugin projectmanager
2025-05-05 18:29:07,204 [INFO] PluginManage:359 - Loaded plugin projectmanager (category:projectmanager,tabindex:4)
2025-05-05 18:29:07,205 [INFO] PluginManage:310 - Check plugin rif
2025-05-05 18:29:07,340 [INFO] PluginManage:359 - Loaded plugin rif (category:base,tabindex:3)
2025-05-05 18:29:07,340 [INFO] PluginManage:310 - Check plugin thirdparty
2025-05-05 18:29:08,600 [INFO] PluginManage:359 - Loaded plugin thirdparty (category:base,tabindex:-1)
2025-05-05 18:29:08,600 [WARN] IntegrityCheckThread:84 - waiting for thirdparty lock release [integrity check]
2025-05-05 18:29:08,601 [INFO] PluginManage:310 - Check plugin tools
2025-05-05 18:29:08,601 [INFO] IntegrityCheckThread:86 - entering critical section [integrity check]
2025-05-05 18:29:08,601 [INFO] ThirdPartyUpdaterWithRetryManager:70 - Updater plugin not ready yet. [1/15]
2025-05-05 18:29:08,678 [INFO] PluginManage:359 - Loaded plugin tools (category:base,tabindex:7)
2025-05-05 18:29:08,678 [INFO] PluginManage:310 - Check plugin tutovideos
2025-05-05 18:29:09,113 [INFO] PluginManage:359 - Loaded plugin tutovideos (category:base,tabindex:-1)
2025-05-05 18:29:09,114 [INFO] PluginManage:310 - Check plugin updater
2025-05-05 18:29:09,149 [INFO] PluginManage:359 - Loaded plugin updater (category:base,tabindex:12)
2025-05-05 18:29:09,149 [INFO] PluginManage:310 - Check plugin userauth
2025-05-05 18:29:09,199 [INFO] UserAuth:113 - Init User Auth plugin
2025-05-05 18:29:09,199 [INFO] PluginManage:359 - Loaded plugin userauth (category:base,tabindex:14)
2025-05-05 18:29:09,199 [INFO] PluginManage:283 - PluginManage : Loaded plugins [18]
2025-05-05 18:29:09,661 [INFO] PinOutPanel:1561 - setPackage(No Configuration,No Configuration)
2025-05-05 18:29:09,874 [INFO] CADModel:165 - CPN selected for project level
2025-05-05 18:29:09,874 [INFO] CADModel:114 - Register for checkConnection events
2025-05-05 18:29:09,969 [INFO] IPUIPlugin:80 - create IPUIPlugin
2025-05-05 18:29:09,969 [INFO] PluginManager:220 - loadIPPluginJar : add adc
2025-05-05 18:29:10,093 [INFO] IPUIPlugin:80 - create IPUIPlugin
2025-05-05 18:29:10,094 [INFO] PluginManager:220 - loadIPPluginJar : add aes
2025-05-05 18:29:10,202 [INFO] IPUIPlugin:80 - create IPUIPlugin
2025-05-05 18:29:10,202 [INFO] PluginManager:220 - loadIPPluginJar : add can
2025-05-05 18:29:10,294 [INFO] IPUIPlugin:80 - create IPUIPlugin
2025-05-05 18:29:10,294 [INFO] PluginManager:220 - loadIPPluginJar : add comp
2025-05-05 18:29:10,357 [INFO] IPUIPlugin:80 - create IPUIPlugin
2025-05-05 18:29:10,357 [INFO] PluginManager:220 - loadIPPluginJar : add cryp
2025-05-05 18:29:10,479 [INFO] IPUIPlugin:80 - create IPUIPlugin
2025-05-05 18:29:10,479 [INFO] PluginManager:220 - loadIPPluginJar : add ddr_ctrl_phy
2025-05-05 18:29:10,528 [INFO] IPUIPlugin:80 - create IPUIPlugin
2025-05-05 18:29:10,528 [INFO] PluginManager:220 - loadIPPluginJar : add dfsdm
2025-05-05 18:29:10,573 [INFO] IPUIPlugin:80 - create IPUIPlugin
2025-05-05 18:29:10,573 [INFO] PluginManager:220 - loadIPPluginJar : add dma
2025-05-05 18:29:10,668 [INFO] IPUIPlugin:80 - create IPUIPlugin
2025-05-05 18:29:10,669 [INFO] PluginManager:220 - loadIPPluginJar : add dma3
2025-05-05 18:29:10,752 [INFO] IPUIPlugin:80 - create IPUIPlugin
2025-05-05 18:29:10,752 [INFO] PluginManager:220 - loadIPPluginJar : add extmemmanager
2025-05-05 18:29:10,809 [INFO] IPUIPlugin:80 - create IPUIPlugin
2025-05-05 18:29:10,810 [INFO] PluginManager:220 - loadIPPluginJar : add fatfs
2025-05-05 18:29:10,881 [INFO] IPUIPlugin:80 - create IPUIPlugin
2025-05-05 18:29:10,881 [INFO] PluginManager:220 - loadIPPluginJar : add fmc
2025-05-05 18:29:10,912 [INFO] IPUIPlugin:80 - create IPUIPlugin
2025-05-05 18:29:10,912 [INFO] PluginManager:220 - loadIPPluginJar : add freertos
2025-05-05 18:29:10,949 [INFO] IPUIPlugin:80 - create IPUIPlugin
2025-05-05 18:29:10,950 [INFO] PluginManager:220 - loadIPPluginJar : add genericplugin
2025-05-05 18:29:11,092 [INFO] IPUIPlugin:80 - create IPUIPlugin
2025-05-05 18:29:11,093 [INFO] PluginManager:220 - loadIPPluginJar : add gfxmmu
2025-05-05 18:29:11,321 [INFO] IPUIPlugin:80 - create IPUIPlugin
2025-05-05 18:29:11,322 [INFO] PluginManager:220 - loadIPPluginJar : add gic
2025-05-05 18:29:11,339 [INFO] IPUIPlugin:80 - create IPUIPlugin
2025-05-05 18:29:11,339 [INFO] PluginManager:220 - loadIPPluginJar : add gpio
2025-05-05 18:29:11,498 [INFO] IPUIPlugin:80 - create IPUIPlugin
2025-05-05 18:29:11,498 [INFO] PluginManager:220 - loadIPPluginJar : add gtzc
2025-05-05 18:29:11,551 [INFO] IPUIPlugin:80 - create IPUIPlugin
2025-05-05 18:29:11,551 [INFO] PluginManager:220 - loadIPPluginJar : add hash
2025-05-05 18:29:11,602 [INFO] ThirdPartyUpdaterWithRetryManager:70 - Updater plugin not ready yet. [2/15]
2025-05-05 18:29:11,634 [INFO] IPUIPlugin:80 - create IPUIPlugin
2025-05-05 18:29:11,635 [INFO] PluginManager:220 - loadIPPluginJar : add i2c
2025-05-05 18:29:11,689 [INFO] IPUIPlugin:80 - create IPUIPlugin
2025-05-05 18:29:11,690 [INFO] PluginManager:220 - loadIPPluginJar : add i2s
2025-05-05 18:29:11,747 [INFO] IPUIPlugin:80 - create IPUIPlugin
2025-05-05 18:29:11,747 [INFO] PluginManager:220 - loadIPPluginJar : add i3c
2025-05-05 18:29:11,966 [INFO] IPUIPlugin:80 - create IPUIPlugin
2025-05-05 18:29:11,967 [INFO] PluginManager:220 - loadIPPluginJar : add ipddr
2025-05-05 18:29:12,187 [INFO] IPUIPlugin:80 - create IPUIPlugin
2025-05-05 18:29:12,187 [INFO] PluginManager:220 - loadIPPluginJar : add linkedlist
2025-05-05 18:29:12,301 [INFO] IPUIPlugin:80 - create IPUIPlugin
2025-05-05 18:29:12,301 [INFO] PluginManager:220 - loadIPPluginJar : add lorawan
2025-05-05 18:29:12,372 [INFO] IPUIPlugin:80 - create IPUIPlugin
2025-05-05 18:29:12,372 [INFO] PluginManager:220 - loadIPPluginJar : add ltdc
2025-05-05 18:29:12,398 [INFO] IPUIPlugin:80 - create IPUIPlugin
2025-05-05 18:29:12,398 [INFO] PluginManager:220 - loadIPPluginJar : add mdma
2025-05-05 18:29:12,414 [INFO] IPUIPlugin:80 - create IPUIPlugin
2025-05-05 18:29:12,414 [INFO] PluginManager:220 - loadIPPluginJar : add nvic
2025-05-05 18:29:12,572 [INFO] IPUIPlugin:80 - create IPUIPlugin
2025-05-05 18:29:12,572 [INFO] PluginManager:220 - loadIPPluginJar : add opamp
2025-05-05 18:29:12,666 [INFO] IPUIPlugin:80 - create IPUIPlugin
2025-05-05 18:29:12,666 [INFO] PluginManager:220 - loadIPPluginJar : add openamp
2025-05-05 18:29:12,747 [INFO] IPUIPlugin:80 - create IPUIPlugin
2025-05-05 18:29:12,747 [INFO] PluginManager:220 - loadIPPluginJar : add pdm2pcm
2025-05-05 18:29:12,770 [INFO] IPUIPlugin:80 - create IPUIPlugin
2025-05-05 18:29:12,772 [INFO] PluginManager:220 - loadIPPluginJar : add plateformsettings
2025-05-05 18:29:12,842 [INFO] IPUIPlugin:80 - create IPUIPlugin
2025-05-05 18:29:12,842 [INFO] PluginManager:220 - loadIPPluginJar : add quadspi
2025-05-05 18:29:12,914 [INFO] IPUIPlugin:80 - create IPUIPlugin
2025-05-05 18:29:12,948 [INFO] PluginManager:220 - loadIPPluginJar : add radio
2025-05-05 18:29:12,983 [INFO] IPUIPlugin:80 - create IPUIPlugin
2025-05-05 18:29:12,983 [INFO] PluginManager:220 - loadIPPluginJar : add resmgrutility
2025-05-05 18:29:13,100 [INFO] IPUIPlugin:80 - create IPUIPlugin
2025-05-05 18:29:13,100 [INFO] PluginManager:220 - loadIPPluginJar : add sai
2025-05-05 18:29:13,211 [INFO] IPUIPlugin:80 - create IPUIPlugin
2025-05-05 18:29:13,211 [INFO] PluginManager:220 - loadIPPluginJar : add spi
2025-05-05 18:29:13,328 [INFO] IPUIPlugin:80 - create IPUIPlugin
2025-05-05 18:29:13,328 [INFO] PluginManager:220 - loadIPPluginJar : add stm32_wpan
2025-05-05 18:29:13,383 [INFO] IPUIPlugin:80 - create IPUIPlugin
2025-05-05 18:29:13,384 [INFO] PluginManager:220 - loadIPPluginJar : add tim
2025-05-05 18:29:13,552 [INFO] IPUIPlugin:80 - create IPUIPlugin
2025-05-05 18:29:13,552 [INFO] PluginManager:220 - loadIPPluginJar : add touchsensing
2025-05-05 18:29:13,621 [INFO] IPUIPlugin:80 - create IPUIPlugin
2025-05-05 18:29:13,621 [INFO] PluginManager:220 - loadIPPluginJar : add tracer_emb
2025-05-05 18:29:13,659 [INFO] IPUIPlugin:80 - create IPUIPlugin
2025-05-05 18:29:13,659 [INFO] PluginManager:220 - loadIPPluginJar : add ts
2025-05-05 18:29:13,707 [INFO] IPUIPlugin:80 - create IPUIPlugin
2025-05-05 18:29:13,707 [INFO] PluginManager:220 - loadIPPluginJar : add tsc
2025-05-05 18:29:13,743 [INFO] IPUIPlugin:80 - create IPUIPlugin
2025-05-05 18:29:13,743 [INFO] PluginManager:220 - loadIPPluginJar : add ucpd
2025-05-05 18:29:13,816 [INFO] IPUIPlugin:80 - create IPUIPlugin
2025-05-05 18:29:13,816 [INFO] PluginManager:220 - loadIPPluginJar : add usart
2025-05-05 18:29:13,886 [INFO] IPUIPlugin:80 - create IPUIPlugin
2025-05-05 18:29:13,886 [INFO] PluginManager:220 - loadIPPluginJar : add usbx
2025-05-05 18:29:14,085 [INFO] CADModel:165 - CPN selected for project level
2025-05-05 18:29:14,086 [INFO] CADModel:114 - Register for checkConnection events
2025-05-05 18:29:14,087 [FATAL] Updater:334 - Updater called before beeing initialized
2025-05-05 18:29:14,087 [ERROR] CADModel:125 - Updater not yet initialized, retry later 
2025-05-05 18:29:14,527 [INFO] CADModel:165 - CPN selected for project level
2025-05-05 18:29:14,527 [INFO] CADModel:114 - Register for checkConnection events
2025-05-05 18:29:14,528 [FATAL] Updater:334 - Updater called before beeing initialized
2025-05-05 18:29:14,528 [ERROR] CADModel:125 - Updater not yet initialized, retry later 
2025-05-05 18:29:14,531 [FATAL] Updater:334 - Updater called before beeing initialized
2025-05-05 18:29:14,604 [INFO] ThirdPartyUpdaterWithRetryManager:70 - Updater plugin not ready yet. [3/15]
2025-05-05 18:29:14,777 [FATAL] Updater:334 - Updater called before beeing initialized
2025-05-05 18:29:14,814 [INFO] DbMcusAds:53 - JSON generation date=Tue Dec 17 17:01:15 CET 2024 (1734451275111)
2025-05-05 18:29:14,814 [FATAL] Updater:334 - Updater called before beeing initialized
2025-05-05 18:29:14,980 [WARN] DetailPanel:346 - Failed to get advertising image, set to default
2025-05-05 18:29:15,135 [FATAL] Updater:334 - Updater called before beeing initialized
2025-05-05 18:29:15,137 [FATAL] Updater:334 - Updater called before beeing initialized
2025-05-05 18:29:15,137 [FATAL] Updater:334 - Updater called before beeing initialized
2025-05-05 18:29:15,138 [WARN] DetailPanel:346 - Failed to get advertising image, set to default
2025-05-05 18:29:15,138 [FATAL] Updater:334 - Updater called before beeing initialized
2025-05-05 18:29:15,324 [ERROR] Updater:1164 - MainUpdater not yet initialized. External WinMGr cannot be set.
2025-05-05 18:29:15,360 [INFO] Updater:1100 - Updater Version found : 6.12.1
2025-05-05 18:29:15,407 [INFO] ApplicationProperties:184 - Using Application install path: C:\ST\STM32CubeIDE_1.16.0\STM32CubeIDE\plugins\com.st.stm32cube.common.mx_6.12.1.202409122256
2025-05-05 18:29:17,078 [ERROR] LogOutputStream:75 - [STDERR_REDIRECT] May 05, 2025 6:29:17 PM java.util.prefs.WindowsPreferences <init>
2025-05-05 18:29:17,082 [ERROR] LogOutputStream:75 - [STDERR_REDIRECT] WARNING: Could not open/create prefs root node Software\JavaSoft\Prefs at root 0xffffffff80000002. Windows RegCreateKeyEx(...) returned error code 5.
2025-05-05 18:29:17,082 [ERROR] LogOutputStream:75 - [STDERR_REDIRECT] 
2025-05-05 18:29:17,604 [FATAL] Updater:334 - Updater called before beeing initialized
2025-05-05 18:29:17,604 [ERROR] IntegrityCheckThread:130 - Cannot retrieve database content from updater: error 21
2025-05-05 18:29:17,605 [INFO] ThirdParty:978 - Integrity check success = false
2025-05-05 18:29:17,605 [INFO] IntegrityCheckThread:100 - exiting critical section [integrity check]
2025-05-05 18:29:17,605 [INFO] IntegrityCheckThread:103 - End integrity checks thread
2025-05-05 18:29:18,745 [INFO] MainUpdater:2873 - connection check result : 10
2025-05-05 18:29:18,746 [INFO] MainUpdater:290 - Updater Check For Update Now.
2025-05-05 18:29:18,746 [INFO] MicroXplorer:498 - Change Database Version : DB.6.0.121
2025-05-05 18:29:18,802 [INFO] McuFinderGlobals:63 - Set McuFinder mode to 2 (CubeIDE integrated)
2025-05-05 18:29:18,802 [INFO] UserAuth:179 - activating auth plugin
2025-05-05 18:29:18,847 [INFO] UserAuth:417 - Internet connection configuration mode: 1
2025-05-05 18:29:19,018 [INFO] JxBrowserEngine:152 - Initiate JxBrowser Engine with user profile folder
2025-05-05 18:29:19,149 [INFO] CheckServerUpdateThread:120 - End of CheckServer Thread
2025-05-05 18:29:50,886 [INFO] WebApp:167 - Instantiating new browser for Auth
2025-05-05 18:30:07,224 [INFO] WebApp:448 - Apply proxy settings
2025-05-05 18:30:07,224 [INFO] WebApp:533 - Chromium requires no authentication
2025-05-05 18:30:07,802 [INFO] WebApp:476 - Direct internet connection detected
2025-05-05 18:30:08,849 [INFO] WebApp:869 - Register for checkConnection events
2025-05-05 18:30:08,850 [INFO] WebApp:448 - Apply proxy settings
2025-05-05 18:30:08,850 [INFO] WebApp:533 - Chromium requires no authentication
2025-05-05 18:30:08,852 [INFO] WebApp:476 - Direct internet connection detected
2025-05-05 18:30:14,457 [INFO] WebApp:186 - Connection restablished
2025-05-05 18:30:17,525 [INFO] WebApp:220 - Starting web application
2025-05-05 18:30:17,526 [INFO] WebApp:578 - Web application path used C:\ST\STM32CubeIDE_1.16.0\STM32CubeIDE\plugins\com.st.stm32cube.common.mx_6.12.1.202409122256\db\plugins\mcufinder\reactClient1\index.html
2025-05-05 18:30:32,082 [INFO] WebApp:189 - Connection lost
2025-05-05 18:30:32,198 [INFO] WebApp:186 - Connection restablished
2025-05-05 18:35:12,045 [INFO] WebApp:189 - Connection lost
2025-05-05 18:35:12,232 [INFO] WebApp:186 - Connection restablished
2025-05-05 18:37:46,019 [INFO] WebApp:189 - Connection lost
2025-05-05 18:37:46,191 [INFO] WebApp:186 - Connection restablished
2025-05-05 18:40:18,997 [INFO] WebApp:189 - Connection lost
2025-05-05 18:40:19,143 [INFO] WebApp:186 - Connection restablished
2025-05-05 18:42:54,003 [INFO] WebApp:189 - Connection lost
2025-05-05 18:42:54,189 [INFO] WebApp:186 - Connection restablished
2025-05-05 18:45:27,449 [INFO] WebApp:189 - Connection lost
2025-05-05 18:45:27,609 [INFO] WebApp:186 - Connection restablished
2025-05-05 18:48:01,927 [INFO] WebApp:189 - Connection lost
2025-05-05 18:48:02,142 [INFO] WebApp:186 - Connection restablished
2025-05-05 18:50:32,926 [INFO] WebApp:189 - Connection lost
2025-05-05 18:50:33,096 [INFO] WebApp:186 - Connection restablished
2025-05-05 19:00:51,859 [INFO] WebApp:189 - Connection lost
2025-05-05 19:00:52,368 [INFO] WebApp:186 - Connection restablished
2025-05-05 19:05:57,851 [INFO] WebApp:189 - Connection lost
2025-05-05 19:05:57,997 [INFO] WebApp:186 - Connection restablished
2025-05-05 19:08:57,833 [INFO] WebApp:189 - Connection lost
2025-05-05 19:08:58,010 [INFO] WebApp:186 - Connection restablished
2025-05-05 19:10:05,331 [INFO] WebApp:189 - Connection lost
2025-05-05 19:10:05,480 [INFO] WebApp:186 - Connection restablished
2025-05-05 19:29:05,320 [INFO] WebApp:189 - Connection lost
2025-05-05 19:29:05,493 [INFO] WebApp:186 - Connection restablished
2025-05-05 19:31:37,767 [INFO] WebApp:189 - Connection lost
2025-05-05 19:31:37,920 [INFO] WebApp:186 - Connection restablished
2025-05-05 19:36:46,757 [INFO] WebApp:189 - Connection lost
2025-05-05 19:36:46,932 [INFO] WebApp:186 - Connection restablished
2025-05-05 19:39:20,785 [INFO] WebApp:189 - Connection lost
2025-05-05 19:39:20,921 [INFO] WebApp:186 - Connection restablished
2025-05-05 19:41:54,237 [INFO] WebApp:189 - Connection lost
2025-05-05 19:41:54,469 [INFO] WebApp:186 - Connection restablished
2025-05-05 19:49:35,744 [INFO] WebApp:189 - Connection lost
2025-05-05 19:49:35,893 [INFO] WebApp:186 - Connection restablished
2025-05-05 19:52:10,238 [INFO] WebApp:189 - Connection lost
2025-05-05 19:52:10,424 [INFO] WebApp:186 - Connection restablished
2025-05-05 20:02:25,218 [INFO] WebApp:189 - Connection lost
2025-05-05 20:02:25,378 [INFO] WebApp:186 - Connection restablished
2025-05-05 20:07:32,718 [INFO] WebApp:189 - Connection lost
2025-05-05 20:07:32,877 [INFO] WebApp:186 - Connection restablished
2025-05-05 20:10:08,712 [INFO] WebApp:189 - Connection lost
2025-05-05 20:10:08,866 [INFO] WebApp:186 - Connection restablished
2025-05-05 20:12:40,707 [INFO] WebApp:189 - Connection lost
2025-05-05 20:12:40,865 [INFO] WebApp:186 - Connection restablished
2025-05-05 20:15:15,205 [INFO] WebApp:189 - Connection lost
2025-05-05 20:15:15,371 [INFO] WebApp:186 - Connection restablished
2025-05-05 20:17:47,207 [INFO] WebApp:189 - Connection lost
2025-05-05 20:17:47,367 [INFO] WebApp:186 - Connection restablished
2025-05-05 20:22:57,198 [INFO] WebApp:189 - Connection lost
2025-05-05 20:22:57,359 [INFO] WebApp:186 - Connection restablished
2025-05-05 20:25:29,684 [INFO] WebApp:189 - Connection lost
2025-05-05 20:25:29,837 [INFO] WebApp:186 - Connection restablished
2025-05-05 20:27:11,788 [ERROR] LogOutputStream:75 - [STDERR_REDIRECT] 
2025-05-05 20:27:11,791 [ERROR] LogOutputStream:75 - [STDERR_REDIRECT] 
