2025-05-24 00:02:58,417 [INFO] WebApp:189 - Connection lost
2025-05-24 00:02:58,565 [INFO] WebApp:186 - Connection restablished
2025-05-24 00:05:36,405 [INFO] WebApp:189 - Connection lost
2025-05-24 00:05:36,565 [INFO] WebApp:186 - Connection restablished
2025-05-24 00:10:45,412 [INFO] WebApp:189 - Connection lost
2025-05-24 00:10:45,569 [INFO] WebApp:186 - Connection restablished
2025-05-24 00:13:17,918 [INFO] WebApp:189 - Connection lost
2025-05-24 00:13:18,104 [INFO] WebApp:186 - Connection restablished
2025-05-24 00:18:26,411 [INFO] WebApp:189 - Connection lost
2025-05-24 00:18:26,561 [INFO] WebApp:186 - Connection restablished
2025-05-24 00:20:59,912 [INFO] WebApp:189 - Connection lost
2025-05-24 00:21:00,064 [INFO] WebApp:186 - Connection restablished
2025-05-24 00:23:31,443 [INFO] WebApp:189 - Connection lost
2025-05-24 00:23:31,593 [INFO] WebApp:186 - Connection restablished
2025-05-24 00:28:41,469 [INFO] WebApp:189 - Connection lost
2025-05-24 00:28:41,670 [INFO] WebApp:186 - Connection restablished
2025-05-24 00:31:14,925 [INFO] WebApp:189 - Connection lost
2025-05-24 00:31:15,104 [INFO] WebApp:186 - Connection restablished
2025-05-24 00:33:48,929 [INFO] WebApp:189 - Connection lost
2025-05-24 00:33:49,099 [INFO] WebApp:186 - Connection restablished
2025-05-24 00:36:22,919 [INFO] WebApp:189 - Connection lost
2025-05-24 00:36:23,061 [INFO] WebApp:186 - Connection restablished
2025-05-24 00:38:55,917 [INFO] WebApp:189 - Connection lost
2025-05-24 00:38:56,083 [INFO] WebApp:186 - Connection restablished
2025-05-24 00:41:30,925 [INFO] WebApp:189 - Connection lost
2025-05-24 00:41:31,091 [INFO] WebApp:186 - Connection restablished
2025-05-24 00:49:12,974 [INFO] WebApp:189 - Connection lost
2025-05-24 00:49:13,170 [INFO] WebApp:186 - Connection restablished
2025-05-24 00:54:19,904 [INFO] WebApp:189 - Connection lost
2025-05-24 00:54:20,076 [INFO] WebApp:186 - Connection restablished
2025-05-24 00:56:50,909 [INFO] WebApp:189 - Connection lost
2025-05-24 00:56:51,066 [INFO] WebApp:186 - Connection restablished
2025-05-24 01:07:08,398 [INFO] WebApp:189 - Connection lost
2025-05-24 01:07:08,538 [INFO] WebApp:186 - Connection restablished
2025-05-24 01:12:19,407 [INFO] WebApp:189 - Connection lost
2025-05-24 01:12:19,563 [INFO] WebApp:186 - Connection restablished
2025-05-24 01:19:58,429 [INFO] WebApp:189 - Connection lost
2025-05-24 01:19:58,555 [INFO] WebApp:186 - Connection restablished
2025-05-24 01:22:34,423 [INFO] WebApp:189 - Connection lost
2025-05-24 01:22:34,570 [INFO] WebApp:186 - Connection restablished
2025-05-24 01:27:39,900 [INFO] WebApp:189 - Connection lost
2025-05-24 01:27:40,057 [INFO] WebApp:186 - Connection restablished
2025-05-24 01:32:51,402 [INFO] WebApp:189 - Connection lost
2025-05-24 01:32:51,593 [INFO] WebApp:186 - Connection restablished
2025-05-24 01:35:22,910 [INFO] WebApp:189 - Connection lost
2025-05-24 01:35:23,057 [INFO] WebApp:186 - Connection restablished
2025-05-24 01:40:29,406 [INFO] WebApp:189 - Connection lost
2025-05-24 01:40:29,546 [INFO] WebApp:186 - Connection restablished
2025-05-24 01:45:34,403 [INFO] WebApp:189 - Connection lost
2025-05-24 01:45:34,559 [INFO] WebApp:186 - Connection restablished
2025-05-24 01:48:11,393 [INFO] WebApp:189 - Connection lost
2025-05-24 01:48:11,549 [INFO] WebApp:186 - Connection restablished
2025-05-24 01:48:53,406 [INFO] WebApp:189 - Connection lost
2025-05-24 01:48:53,562 [INFO] WebApp:186 - Connection restablished
2025-05-24 01:49:06,436 [INFO] WebApp:189 - Connection lost
2025-05-24 01:49:06,546 [INFO] WebApp:186 - Connection restablished
2025-05-24 01:50:44,893 [INFO] WebApp:189 - Connection lost
2025-05-24 01:50:45,049 [INFO] WebApp:186 - Connection restablished
2025-05-24 01:53:17,395 [INFO] WebApp:189 - Connection lost
2025-05-24 01:53:17,536 [INFO] WebApp:186 - Connection restablished
2025-05-24 01:55:52,899 [INFO] WebApp:189 - Connection lost
2025-05-24 01:55:53,040 [INFO] WebApp:186 - Connection restablished
2025-05-24 01:58:26,424 [INFO] WebApp:189 - Connection lost
2025-05-24 01:58:26,564 [INFO] WebApp:186 - Connection restablished
2025-05-24 02:08:44,894 [INFO] WebApp:189 - Connection lost
2025-05-24 02:08:45,035 [INFO] WebApp:186 - Connection restablished
2025-05-24 02:11:16,396 [INFO] WebApp:189 - Connection lost
2025-05-24 02:11:16,552 [INFO] WebApp:186 - Connection restablished
2025-05-24 02:13:49,401 [INFO] WebApp:189 - Connection lost
2025-05-24 02:13:49,558 [INFO] WebApp:186 - Connection restablished
2025-05-24 02:16:23,907 [INFO] WebApp:189 - Connection lost
2025-05-24 02:16:24,110 [INFO] WebApp:186 - Connection restablished
2025-05-24 02:26:39,418 [INFO] WebApp:189 - Connection lost
2025-05-24 02:26:39,611 [INFO] WebApp:186 - Connection restablished
2025-05-24 02:39:30,428 [INFO] WebApp:189 - Connection lost
2025-05-24 02:39:30,606 [INFO] WebApp:186 - Connection restablished
2025-05-24 02:42:02,398 [INFO] WebApp:189 - Connection lost
2025-05-24 02:42:02,554 [INFO] WebApp:186 - Connection restablished
2025-05-24 02:44:34,903 [INFO] WebApp:189 - Connection lost
2025-05-24 02:44:35,059 [INFO] WebApp:186 - Connection restablished
2025-05-24 03:12:48,406 [INFO] WebApp:189 - Connection lost
2025-05-24 03:12:48,541 [INFO] WebApp:186 - Connection restablished
2025-05-24 03:15:21,456 [INFO] WebApp:189 - Connection lost
2025-05-24 03:15:25,748 [INFO] WebApp:186 - Connection restablished
2025-05-24 03:16:34,942 [INFO] WebApp:189 - Connection lost
2025-05-24 03:16:35,097 [INFO] WebApp:186 - Connection restablished
2025-05-24 03:17:55,957 [INFO] WebApp:189 - Connection lost
2025-05-24 03:17:56,103 [INFO] WebApp:186 - Connection restablished
2025-05-24 03:19:24,330 [INFO] UtilMem:75 - End SaveConfig() Used Memory: 824174008 Bytes (1073741824)
2025-05-24 03:19:27,090 [INFO] BlockDiagram:2766 - set Specific Code input for plugin: ADC
2025-05-24 03:19:27,090 [INFO] BlockDiagram:2766 - set Specific Code input for plugin: NVIC
2025-05-24 03:19:27,090 [INFO] BlockDiagram:2766 - set Specific Code input for plugin: USART
2025-05-24 03:19:27,090 [INFO] BlockDiagram:2766 - set Specific Code input for plugin: DMA
2025-05-24 03:19:27,090 [INFO] BlockDiagram:2766 - set Specific Code input for plugin: TIM1_8F0
2025-05-24 03:19:27,091 [INFO] BlockDiagram:2766 - set Specific Code input for plugin: TIM1_8F0
2025-05-24 03:19:27,091 [INFO] BlockDiagram:2766 - set Specific Code input for plugin: SYS
2025-05-24 03:19:27,091 [INFO] BlockDiagram:2766 - set Specific Code input for plugin: GPIO
2025-05-24 03:19:27,091 [INFO] BlockDiagram:2766 - set Specific Code input for plugin: RCC
2025-05-24 03:19:27,108 [INFO] CodeGenerator:807 - code generatio: config db path: C:\ST\STM32CubeIDE_1.16.0\STM32CubeIDE\plugins\com.st.stm32cube.common.mx_6.12.1.202409122256\\db\
2025-05-24 03:19:30,398 [INFO] CodeEngine:255 - oldGeneratedFile, C:\Users\danie\Documents\GitHub\Weller-to-JBC-converter\Firmware\MXTmpFiles\license.tmp_save
2025-05-24 03:19:32,324 [INFO] CodeEngine:279 - Generated code: C:\Users\danie\Documents\GitHub\Weller-to-JBC-converter\Firmware\MXTmpFiles\license.tmp
2025-05-24 03:19:32,828 [INFO] CodeEngine:255 - oldGeneratedFile, C:\Users\danie\Documents\GitHub\Weller-to-JBC-converter\Firmware\MXTmpFiles\gpio.tmp_save
2025-05-24 03:19:33,240 [INFO] CodeEngine:279 - Generated code: C:\Users\danie\Documents\GitHub\Weller-to-JBC-converter\Firmware\MXTmpFiles\gpio.tmp
2025-05-24 03:19:34,499 [INFO] CodeEngine:255 - oldGeneratedFile, C:\Users\danie\Documents\GitHub\Weller-to-JBC-converter\Firmware\MXTmpFiles\dma.tmp_save
2025-05-24 03:19:34,682 [INFO] CodeEngine:279 - Generated code: C:\Users\danie\Documents\GitHub\Weller-to-JBC-converter\Firmware\MXTmpFiles\dma.tmp
2025-05-24 03:19:34,706 [INFO] CodeEngine:255 - oldGeneratedFile, C:\Users\danie\Documents\GitHub\Weller-to-JBC-converter\Firmware\MXTmpFiles\dma_GV.tmp_save
2025-05-24 03:19:34,843 [INFO] CodeEngine:279 - Generated code: C:\Users\danie\Documents\GitHub\Weller-to-JBC-converter\Firmware\MXTmpFiles\dma_GV.tmp
2025-05-24 03:19:34,959 [INFO] CodeEngine:255 - oldGeneratedFile, C:\Users\danie\Documents\GitHub\Weller-to-JBC-converter\Firmware\Core\Src\stm32f0xx_it.c_save
2025-05-24 03:19:35,398 [INFO] CodeEngine:279 - Generated code: C:\Users\danie\Documents\GitHub\Weller-to-JBC-converter\Firmware\Core\Src\stm32f0xx_it.c
2025-05-24 03:19:35,504 [INFO] CodeEngine:255 - oldGeneratedFile, C:\Users\danie\Documents\GitHub\Weller-to-JBC-converter\Firmware\Core\Inc\stm32f0xx_it.h_save
2025-05-24 03:19:35,768 [INFO] CodeEngine:279 - Generated code: C:\Users\danie\Documents\GitHub\Weller-to-JBC-converter\Firmware\Core\Inc\stm32f0xx_it.h
2025-05-24 03:19:36,108 [INFO] CodeEngine:255 - oldGeneratedFile, C:\Users\danie\Documents\GitHub\Weller-to-JBC-converter\Firmware\Core\Src\stm32f0xx_hal_msp.c_save
2025-05-24 03:19:36,489 [INFO] CodeEngine:279 - Generated code: C:\Users\danie\Documents\GitHub\Weller-to-JBC-converter\Firmware\Core\Src\stm32f0xx_hal_msp.c
2025-05-24 03:19:36,539 [INFO] CodeEngine:255 - oldGeneratedFile, C:\Users\danie\Documents\GitHub\Weller-to-JBC-converter\Firmware\MXTmpFiles\system.tmp_save
2025-05-24 03:19:36,662 [INFO] CodeEngine:279 - Generated code: C:\Users\danie\Documents\GitHub\Weller-to-JBC-converter\Firmware\MXTmpFiles\system.tmp
2025-05-24 03:19:36,737 [INFO] CodeEngine:311 - oldGeneratedFile, C:\Users\danie\Documents\GitHub\Weller-to-JBC-converter\Firmware\Core\Inc\stm32f0xx_hal_conf.h_save
2025-05-24 03:19:36,896 [INFO] CodeEngine:335 - Generated code: C:\Users\danie\Documents\GitHub\Weller-to-JBC-converter\Firmware\Core\Inc\stm32f0xx_hal_conf.h
2025-05-24 03:19:36,987 [WARN] IPConfigManager:3554 - IP not found : TIM
2025-05-24 03:19:36,997 [WARN] CodeGenerator:4002 - IP not found : null
2025-05-24 03:19:37,260 [INFO] CodeEngine:255 - oldGeneratedFile, C:\Users\danie\Documents\GitHub\Weller-to-JBC-converter\Firmware\Core\Inc\main.h_save
2025-05-24 03:19:37,463 [INFO] CodeEngine:279 - Generated code: C:\Users\danie\Documents\GitHub\Weller-to-JBC-converter\Firmware\Core\Inc\main.h
2025-05-24 03:19:37,525 [INFO] CodeEngine:255 - oldGeneratedFile, C:\Users\danie\Documents\GitHub\Weller-to-JBC-converter\Firmware\Core\Src\main.c_save
2025-05-24 03:19:37,814 [INFO] CodeEngine:279 - Generated code: C:\Users\danie\Documents\GitHub\Weller-to-JBC-converter\Firmware\Core\Src\main.c
2025-05-24 03:19:40,805 [INFO] ProjectBuilder:3249 - Time for Copy HAL[1] : 2341mS.
2025-05-24 03:19:40,837 [INFO] ProjectBuilder:4828 - Project Generator version: 4.5.0-B34
2025-05-24 03:19:41,062 [INFO] ConfigFileManager:1531 - The Die is : DIE440
2025-05-24 03:19:41,156 [INFO] ApiDbMcu:508 - Load IP Config File for FATFS
2025-05-24 03:19:41,196 [INFO] ApiDbMcu:508 - Load IP Config File for FREERTOS
2025-05-24 03:19:41,493 [INFO] ApiDbMcu:508 - Load IP Config File for TOUCHSENSING
