2024-12-02 20:02:19,848 [ERROR] LogOutputStream:75 - [STDERR_REDIRECT] 
2024-12-02 21:28:02,393 [INFO] Activator:176 - 


2024-12-02 21:28:02,402 [INFO] Activator:177 - !SESSION log4j initialized
2024-12-02 21:28:18,385 [INFO] LogOutputStream:77 - [STDOUT_REDIRECT] 
2024-12-02 21:28:55,318 [INFO] ApplicationProperties:184 - Using Application install path: C:\ST\STM32CubeIDE_1.16.0\STM32CubeIDE\plugins\com.st.stm32cube.common.mx_6.12.1.202409122256
2024-12-02 21:28:55,406 [INFO] DbMcusXml:78 - Set database path to: C:\ST\STM32CubeIDE_1.16.0\STM32CubeIDE\plugins\com.st.stm32cube.common.mx_6.12.1.202409122256\\db\/mcu/
2024-12-02 21:28:55,407 [INFO] ApiDb:274 - Set plugin database path to: C:\ST\STM32CubeIDE_1.16.0\STM32CubeIDE\plugins\com.st.stm32cube.common.mx_6.12.1.202409122256\\db\/plugins/boardmanager/
2024-12-02 21:28:55,407 [WARN] ApiDb:259 - Overriding images path with different value:  => C:\ST\STM32CubeIDE_1.16.0\STM32CubeIDE\plugins\com.st.stm32cube.common.mx_6.12.1.202409122256\\db\/plugins/mcufinder/images/
2024-12-02 21:28:55,621 [INFO] ApiDb:250 - Set database path to: C:\Users\danie\.stmcufinder\plugins\mcufinder//mcu/
2024-12-02 21:28:55,624 [INFO] DbMcusAds:125 - Set database path to: C:\Users\danie\.stmcufinder\plugins\mcufinder//mcu/
2024-12-02 21:28:58,888 [INFO] CrossReferenceDbSqlite:203 - Set database path to: C:\Users\danie\.stmcufinder\plugins\mcufinder//mcu/cs/
2024-12-02 21:28:59,162 [INFO] RulesReader:64 - Compatibility file has been processed (297 Rules)
2024-12-02 21:28:59,584 [INFO] DbMcusXml:78 - Set database path to: C:\ST\STM32CubeIDE_1.16.0\STM32CubeIDE\plugins\com.st.stm32cube.common.mx_6.12.1.202409122256\\db\/mcu/
2024-12-02 21:28:59,584 [INFO] ApiDb:274 - Set plugin database path to: C:\ST\STM32CubeIDE_1.16.0\STM32CubeIDE\plugins\com.st.stm32cube.common.mx_6.12.1.202409122256\\db\/plugins/boardmanager/
2024-12-02 21:28:59,584 [INFO] ApiDb:261 - Set plugin images path to: C:\ST\STM32CubeIDE_1.16.0\STM32CubeIDE\plugins\com.st.stm32cube.common.mx_6.12.1.202409122256\\db\/plugins/mcufinder/images/
2024-12-02 21:28:59,585 [WARN] DbFile:41 - Overriding database path with different value: C:\Users\danie\.stmcufinder\plugins\mcufinder/ => C:\Users\danie\.stmcufinder\plugins\mcufinder
2024-12-02 21:28:59,585 [INFO] ApiDb:250 - Set database path to: C:\Users\danie\.stmcufinder\plugins\mcufinder//mcu/
2024-12-02 21:28:59,585 [WARN] DbFile:41 - Overriding database path with different value: C:\Users\danie\.stmcufinder\plugins\mcufinder/ => C:\Users\danie\.stmcufinder\plugins\mcufinder
2024-12-02 21:28:59,585 [INFO] DbMcusAds:125 - Set database path to: C:\Users\danie\.stmcufinder\plugins\mcufinder//mcu/
2024-12-02 21:28:59,585 [WARN] DbFile:41 - Overriding database path with different value: C:\Users\danie\.stmcufinder\plugins\mcufinder/ => C:\Users\danie\.stmcufinder\plugins\mcufinder
2024-12-02 21:28:59,585 [WARN] DbFile:41 - Overriding database path with different value: C:\Users\danie\.stmcufinder\plugins\mcufinder/ => C:\Users\danie\.stmcufinder\plugins\mcufinder
2024-12-02 21:28:59,585 [INFO] CrossReferenceDbSqlite:203 - Set database path to: C:\Users\danie\.stmcufinder\plugins\mcufinder//mcu/cs/
2024-12-02 21:29:00,077 [INFO] MainPanel:268 - HeapMemory: 268435456
2024-12-02 21:29:00,994 [INFO] DbMcusXml:78 - Set database path to: C:\ST\STM32CubeIDE_1.16.0\STM32CubeIDE\plugins\com.st.stm32cube.common.mx_6.12.1.202409122256\\db\/mcu/
2024-12-02 21:29:00,995 [INFO] ApiDb:274 - Set plugin database path to: C:\ST\STM32CubeIDE_1.16.0\STM32CubeIDE\plugins\com.st.stm32cube.common.mx_6.12.1.202409122256\\db\/plugins/boardmanager/
2024-12-02 21:29:00,995 [INFO] ApiDb:261 - Set plugin images path to: C:\ST\STM32CubeIDE_1.16.0\STM32CubeIDE\plugins\com.st.stm32cube.common.mx_6.12.1.202409122256\\db\/plugins/mcufinder/images/
2024-12-02 21:29:00,995 [WARN] DbFile:41 - Overriding database path with different value: C:\Users\danie\.stmcufinder\plugins\mcufinder/ => C:\Users\danie\.stmcufinder\plugins\mcufinder
2024-12-02 21:29:00,995 [INFO] ApiDb:250 - Set database path to: C:\Users\danie\.stmcufinder\plugins\mcufinder//mcu/
2024-12-02 21:29:00,995 [WARN] DbFile:41 - Overriding database path with different value: C:\Users\danie\.stmcufinder\plugins\mcufinder/ => C:\Users\danie\.stmcufinder\plugins\mcufinder
2024-12-02 21:29:00,995 [INFO] DbMcusAds:125 - Set database path to: C:\Users\danie\.stmcufinder\plugins\mcufinder//mcu/
2024-12-02 21:29:00,995 [WARN] DbFile:41 - Overriding database path with different value: C:\Users\danie\.stmcufinder\plugins\mcufinder/ => C:\Users\danie\.stmcufinder\plugins\mcufinder
2024-12-02 21:29:00,996 [WARN] DbFile:41 - Overriding database path with different value: C:\Users\danie\.stmcufinder\plugins\mcufinder/ => C:\Users\danie\.stmcufinder\plugins\mcufinder
2024-12-02 21:29:00,996 [INFO] CrossReferenceDbSqlite:203 - Set database path to: C:\Users\danie\.stmcufinder\plugins\mcufinder//mcu/cs/
2024-12-02 21:29:01,074 [INFO] ApplicationProperties:184 - Using Application install path: C:\ST\STM32CubeIDE_1.16.0\STM32CubeIDE\plugins\com.st.stm32cube.common.mx_6.12.1.202409122256
2024-12-02 21:29:01,088 [INFO] PluginManage:196 - Search for loadable plugins [exclusion list=, ]
2024-12-02 21:29:01,110 [INFO] PluginManage:310 - Check plugin analytics
2024-12-02 21:29:09,958 [INFO] AnalyticsPlugin:253 - Accepted Software Licenses: 
2024-12-02 21:29:09,959 [INFO] AnalyticsPlugin:255 - Accepted CMSIS Pack Licenses: 
2024-12-02 21:29:09,959 [INFO] AnalyticsPlugin:257 - Accepted Firmware Licenses: 
2024-12-02 21:29:09,961 [INFO] PluginManage:359 - Loaded plugin analytics (category:tool,tabindex:-1)
2024-12-02 21:29:09,962 [INFO] PluginManage:310 - Check plugin cadmodel
2024-12-02 21:29:10,031 [INFO] CADModel:105 - Init CAD model plugin
2024-12-02 21:29:10,032 [INFO] PluginManage:359 - Loaded plugin cadmodel (category:power,tabindex:5)
2024-12-02 21:29:10,032 [INFO] PluginManage:310 - Check plugin clock
2024-12-02 21:29:10,070 [INFO] PluginManage:359 - Loaded plugin clock (category:base,tabindex:2)
2024-12-02 21:29:10,070 [INFO] PluginManage:310 - Check plugin ddr
2024-12-02 21:29:10,095 [INFO] PluginManage:359 - Loaded plugin ddr (category:tool,tabindex:6)
2024-12-02 21:29:10,096 [INFO] PluginManage:310 - Check plugin filemanager
2024-12-02 21:29:10,435 [INFO] PluginManage:359 - Loaded plugin filemanager (category:base,tabindex:10)
2024-12-02 21:29:10,436 [INFO] PluginManage:310 - Check plugin ipmanager
2024-12-02 21:29:10,465 [INFO] PluginManage:359 - Loaded plugin ipmanager (category:base,tabindex:5)
2024-12-02 21:29:10,465 [INFO] PluginManage:310 - Check plugin lpbam
2024-12-02 21:29:10,514 [INFO] PluginManage:359 - Loaded plugin lpbam (category:base,tabindex:0)
2024-12-02 21:29:10,514 [INFO] PluginManage:310 - Check plugin memorymap
2024-12-02 21:29:10,593 [INFO] PluginManage:359 - Loaded plugin memorymap (category:base,tabindex:4)
2024-12-02 21:29:10,593 [INFO] PluginManage:310 - Check plugin pinoutandconfiguration
2024-12-02 21:29:10,623 [INFO] PluginManage:359 - Loaded plugin pinoutandconfiguration (category:base,tabindex:1)
2024-12-02 21:29:10,623 [INFO] PluginManage:310 - Check plugin pinoutconfig
2024-12-02 21:29:10,858 [WARN] SupportedApi:132 - Cannot load RTOS API schema: s4s-elt-must-match.1: The content of 'definitions' must match (annotation?, (simpleType | complexType)?, (unique | key | keyref)*)). A problem was found starting at: attribute.
2024-12-02 21:29:11,059 [INFO] PluginManage:359 - Loaded plugin pinoutconfig (category:base,tabindex:0)
2024-12-02 21:29:11,060 [INFO] PluginManage:310 - Check plugin power
2024-12-02 21:29:11,264 [INFO] PluginManage:359 - Loaded plugin power (category:power,tabindex:4)
2024-12-02 21:29:11,264 [INFO] PluginManage:310 - Check plugin projectmanager
2024-12-02 21:29:11,317 [INFO] PluginManage:359 - Loaded plugin projectmanager (category:projectmanager,tabindex:4)
2024-12-02 21:29:11,318 [INFO] PluginManage:310 - Check plugin rif
2024-12-02 21:29:11,392 [INFO] PluginManage:359 - Loaded plugin rif (category:base,tabindex:3)
2024-12-02 21:29:11,392 [INFO] PluginManage:310 - Check plugin thirdparty
2024-12-02 21:29:12,229 [INFO] PluginManage:359 - Loaded plugin thirdparty (category:base,tabindex:-1)
2024-12-02 21:29:12,229 [INFO] PluginManage:310 - Check plugin tools
2024-12-02 21:29:12,229 [WARN] IntegrityCheckThread:84 - waiting for thirdparty lock release [integrity check]
2024-12-02 21:29:12,229 [INFO] IntegrityCheckThread:86 - entering critical section [integrity check]
2024-12-02 21:29:12,230 [INFO] ThirdPartyUpdaterWithRetryManager:70 - Updater plugin not ready yet. [1/15]
2024-12-02 21:29:12,287 [INFO] PluginManage:359 - Loaded plugin tools (category:base,tabindex:7)
2024-12-02 21:29:12,287 [INFO] PluginManage:310 - Check plugin tutovideos
2024-12-02 21:29:12,575 [INFO] PluginManage:359 - Loaded plugin tutovideos (category:base,tabindex:-1)
2024-12-02 21:29:12,575 [INFO] PluginManage:310 - Check plugin updater
2024-12-02 21:29:12,610 [INFO] PluginManage:359 - Loaded plugin updater (category:base,tabindex:12)
2024-12-02 21:29:12,611 [INFO] PluginManage:310 - Check plugin userauth
2024-12-02 21:29:12,642 [INFO] UserAuth:113 - Init User Auth plugin
2024-12-02 21:29:12,643 [INFO] PluginManage:359 - Loaded plugin userauth (category:base,tabindex:14)
2024-12-02 21:29:12,643 [INFO] PluginManage:283 - PluginManage : Loaded plugins [18]
2024-12-02 21:29:13,564 [INFO] PinOutPanel:1561 - setPackage(No Configuration,No Configuration)
2024-12-02 21:29:14,005 [INFO] CADModel:165 - CPN selected for project level
2024-12-02 21:29:14,005 [INFO] CADModel:114 - Register for checkConnection events
2024-12-02 21:29:14,113 [INFO] IPUIPlugin:80 - create IPUIPlugin
2024-12-02 21:29:14,114 [INFO] PluginManager:220 - loadIPPluginJar : add adc
2024-12-02 21:29:14,227 [INFO] IPUIPlugin:80 - create IPUIPlugin
2024-12-02 21:29:14,227 [INFO] PluginManager:220 - loadIPPluginJar : add aes
2024-12-02 21:29:14,300 [INFO] IPUIPlugin:80 - create IPUIPlugin
2024-12-02 21:29:14,301 [INFO] PluginManager:220 - loadIPPluginJar : add can
2024-12-02 21:29:14,342 [INFO] IPUIPlugin:80 - create IPUIPlugin
2024-12-02 21:29:14,343 [INFO] PluginManager:220 - loadIPPluginJar : add comp
2024-12-02 21:29:14,413 [INFO] IPUIPlugin:80 - create IPUIPlugin
2024-12-02 21:29:14,413 [INFO] PluginManager:220 - loadIPPluginJar : add cryp
2024-12-02 21:29:14,465 [INFO] IPUIPlugin:80 - create IPUIPlugin
2024-12-02 21:29:14,465 [INFO] PluginManager:220 - loadIPPluginJar : add ddr_ctrl_phy
2024-12-02 21:29:14,505 [INFO] IPUIPlugin:80 - create IPUIPlugin
2024-12-02 21:29:14,505 [INFO] PluginManager:220 - loadIPPluginJar : add dfsdm
2024-12-02 21:29:14,528 [INFO] IPUIPlugin:80 - create IPUIPlugin
2024-12-02 21:29:14,529 [INFO] PluginManager:220 - loadIPPluginJar : add dma
2024-12-02 21:29:14,620 [INFO] IPUIPlugin:80 - create IPUIPlugin
2024-12-02 21:29:14,620 [INFO] PluginManager:220 - loadIPPluginJar : add dma3
2024-12-02 21:29:14,697 [INFO] IPUIPlugin:80 - create IPUIPlugin
2024-12-02 21:29:14,697 [INFO] PluginManager:220 - loadIPPluginJar : add extmemmanager
2024-12-02 21:29:14,730 [INFO] IPUIPlugin:80 - create IPUIPlugin
2024-12-02 21:29:14,730 [INFO] PluginManager:220 - loadIPPluginJar : add fatfs
2024-12-02 21:29:14,796 [INFO] IPUIPlugin:80 - create IPUIPlugin
2024-12-02 21:29:14,796 [INFO] PluginManager:220 - loadIPPluginJar : add fmc
2024-12-02 21:29:14,823 [INFO] IPUIPlugin:80 - create IPUIPlugin
2024-12-02 21:29:14,824 [INFO] PluginManager:220 - loadIPPluginJar : add freertos
2024-12-02 21:29:14,876 [INFO] IPUIPlugin:80 - create IPUIPlugin
2024-12-02 21:29:14,876 [INFO] PluginManager:220 - loadIPPluginJar : add genericplugin
2024-12-02 21:29:15,009 [INFO] IPUIPlugin:80 - create IPUIPlugin
2024-12-02 21:29:15,009 [INFO] PluginManager:220 - loadIPPluginJar : add gfxmmu
2024-12-02 21:29:15,213 [INFO] IPUIPlugin:80 - create IPUIPlugin
2024-12-02 21:29:15,213 [INFO] PluginManager:220 - loadIPPluginJar : add gic
2024-12-02 21:29:15,232 [INFO] ThirdPartyUpdaterWithRetryManager:70 - Updater plugin not ready yet. [2/15]
2024-12-02 21:29:15,259 [INFO] IPUIPlugin:80 - create IPUIPlugin
2024-12-02 21:29:15,259 [INFO] PluginManager:220 - loadIPPluginJar : add gpio
2024-12-02 21:29:15,407 [INFO] IPUIPlugin:80 - create IPUIPlugin
2024-12-02 21:29:15,407 [INFO] PluginManager:220 - loadIPPluginJar : add gtzc
2024-12-02 21:29:15,461 [INFO] IPUIPlugin:80 - create IPUIPlugin
2024-12-02 21:29:15,461 [INFO] PluginManager:220 - loadIPPluginJar : add hash
2024-12-02 21:29:15,542 [INFO] IPUIPlugin:80 - create IPUIPlugin
2024-12-02 21:29:15,542 [INFO] PluginManager:220 - loadIPPluginJar : add i2c
2024-12-02 21:29:15,595 [INFO] IPUIPlugin:80 - create IPUIPlugin
2024-12-02 21:29:15,596 [INFO] PluginManager:220 - loadIPPluginJar : add i2s
2024-12-02 21:29:15,653 [INFO] IPUIPlugin:80 - create IPUIPlugin
2024-12-02 21:29:15,653 [INFO] PluginManager:220 - loadIPPluginJar : add i3c
2024-12-02 21:29:15,836 [INFO] IPUIPlugin:80 - create IPUIPlugin
2024-12-02 21:29:15,836 [INFO] PluginManager:220 - loadIPPluginJar : add ipddr
2024-12-02 21:29:15,989 [INFO] IPUIPlugin:80 - create IPUIPlugin
2024-12-02 21:29:15,989 [INFO] PluginManager:220 - loadIPPluginJar : add linkedlist
2024-12-02 21:29:16,069 [INFO] IPUIPlugin:80 - create IPUIPlugin
2024-12-02 21:29:16,069 [INFO] PluginManager:220 - loadIPPluginJar : add lorawan
2024-12-02 21:29:16,123 [INFO] IPUIPlugin:80 - create IPUIPlugin
2024-12-02 21:29:16,123 [INFO] PluginManager:220 - loadIPPluginJar : add ltdc
2024-12-02 21:29:16,152 [INFO] IPUIPlugin:80 - create IPUIPlugin
2024-12-02 21:29:16,152 [INFO] PluginManager:220 - loadIPPluginJar : add mdma
2024-12-02 21:29:16,168 [INFO] IPUIPlugin:80 - create IPUIPlugin
2024-12-02 21:29:16,168 [INFO] PluginManager:220 - loadIPPluginJar : add nvic
2024-12-02 21:29:16,237 [INFO] IPUIPlugin:80 - create IPUIPlugin
2024-12-02 21:29:16,237 [INFO] PluginManager:220 - loadIPPluginJar : add opamp
2024-12-02 21:29:16,346 [INFO] IPUIPlugin:80 - create IPUIPlugin
2024-12-02 21:29:16,346 [INFO] PluginManager:220 - loadIPPluginJar : add openamp
2024-12-02 21:29:16,425 [INFO] IPUIPlugin:80 - create IPUIPlugin
2024-12-02 21:29:16,425 [INFO] PluginManager:220 - loadIPPluginJar : add pdm2pcm
2024-12-02 21:29:16,448 [INFO] IPUIPlugin:80 - create IPUIPlugin
2024-12-02 21:29:16,450 [INFO] PluginManager:220 - loadIPPluginJar : add plateformsettings
2024-12-02 21:29:16,492 [INFO] IPUIPlugin:80 - create IPUIPlugin
2024-12-02 21:29:16,492 [INFO] PluginManager:220 - loadIPPluginJar : add quadspi
2024-12-02 21:29:16,539 [INFO] IPUIPlugin:80 - create IPUIPlugin
2024-12-02 21:29:16,551 [INFO] PluginManager:220 - loadIPPluginJar : add radio
2024-12-02 21:29:16,634 [INFO] IPUIPlugin:80 - create IPUIPlugin
2024-12-02 21:29:16,634 [INFO] PluginManager:220 - loadIPPluginJar : add resmgrutility
2024-12-02 21:29:16,714 [INFO] IPUIPlugin:80 - create IPUIPlugin
2024-12-02 21:29:16,714 [INFO] PluginManager:220 - loadIPPluginJar : add sai
2024-12-02 21:29:16,777 [INFO] IPUIPlugin:80 - create IPUIPlugin
2024-12-02 21:29:16,777 [INFO] PluginManager:220 - loadIPPluginJar : add spi
2024-12-02 21:29:16,876 [INFO] IPUIPlugin:80 - create IPUIPlugin
2024-12-02 21:29:16,877 [INFO] PluginManager:220 - loadIPPluginJar : add stm32_wpan
2024-12-02 21:29:16,920 [INFO] IPUIPlugin:80 - create IPUIPlugin
2024-12-02 21:29:16,921 [INFO] PluginManager:220 - loadIPPluginJar : add tim
2024-12-02 21:29:17,012 [INFO] IPUIPlugin:80 - create IPUIPlugin
2024-12-02 21:29:17,012 [INFO] PluginManager:220 - loadIPPluginJar : add touchsensing
2024-12-02 21:29:17,191 [INFO] IPUIPlugin:80 - create IPUIPlugin
2024-12-02 21:29:17,192 [INFO] PluginManager:220 - loadIPPluginJar : add tracer_emb
2024-12-02 21:29:17,240 [INFO] IPUIPlugin:80 - create IPUIPlugin
2024-12-02 21:29:17,240 [INFO] PluginManager:220 - loadIPPluginJar : add ts
2024-12-02 21:29:17,287 [INFO] IPUIPlugin:80 - create IPUIPlugin
2024-12-02 21:29:17,287 [INFO] PluginManager:220 - loadIPPluginJar : add tsc
2024-12-02 21:29:17,328 [INFO] IPUIPlugin:80 - create IPUIPlugin
2024-12-02 21:29:17,329 [INFO] PluginManager:220 - loadIPPluginJar : add ucpd
2024-12-02 21:29:17,428 [INFO] IPUIPlugin:80 - create IPUIPlugin
2024-12-02 21:29:17,428 [INFO] PluginManager:220 - loadIPPluginJar : add usart
2024-12-02 21:29:17,527 [INFO] IPUIPlugin:80 - create IPUIPlugin
2024-12-02 21:29:17,527 [INFO] PluginManager:220 - loadIPPluginJar : add usbx
2024-12-02 21:29:17,775 [INFO] CADModel:165 - CPN selected for project level
2024-12-02 21:29:17,775 [INFO] CADModel:114 - Register for checkConnection events
2024-12-02 21:29:17,775 [FATAL] Updater:334 - Updater called before beeing initialized
2024-12-02 21:29:17,776 [ERROR] CADModel:125 - Updater not yet initialized, retry later 
2024-12-02 21:29:18,235 [INFO] ThirdPartyUpdaterWithRetryManager:70 - Updater plugin not ready yet. [3/15]
2024-12-02 21:29:18,248 [INFO] CADModel:165 - CPN selected for project level
2024-12-02 21:29:18,248 [INFO] CADModel:114 - Register for checkConnection events
2024-12-02 21:29:18,248 [FATAL] Updater:334 - Updater called before beeing initialized
2024-12-02 21:29:18,248 [ERROR] CADModel:125 - Updater not yet initialized, retry later 
2024-12-02 21:29:18,251 [FATAL] Updater:334 - Updater called before beeing initialized
2024-12-02 21:29:18,399 [FATAL] Updater:334 - Updater called before beeing initialized
2024-12-02 21:29:18,412 [INFO] DbMcusAds:53 - JSON generation date=Fri Sep 20 15:04:23 CEST 2024 (1726837463113)
2024-12-02 21:29:18,412 [FATAL] Updater:334 - Updater called before beeing initialized
2024-12-02 21:29:18,574 [WARN] DetailPanel:346 - Failed to get advertising image, set to default
2024-12-02 21:29:18,756 [FATAL] Updater:334 - Updater called before beeing initialized
2024-12-02 21:29:18,759 [FATAL] Updater:334 - Updater called before beeing initialized
2024-12-02 21:29:18,759 [FATAL] Updater:334 - Updater called before beeing initialized
2024-12-02 21:29:18,759 [WARN] DetailPanel:346 - Failed to get advertising image, set to default
2024-12-02 21:29:18,775 [FATAL] Updater:334 - Updater called before beeing initialized
2024-12-02 21:29:19,051 [ERROR] Updater:1164 - MainUpdater not yet initialized. External WinMGr cannot be set.
2024-12-02 21:29:19,109 [INFO] Updater:1100 - Updater Version found : 6.12.1
2024-12-02 21:29:19,162 [INFO] ApplicationProperties:184 - Using Application install path: C:\ST\STM32CubeIDE_1.16.0\STM32CubeIDE\plugins\com.st.stm32cube.common.mx_6.12.1.202409122256
2024-12-02 21:29:20,803 [ERROR] LogOutputStream:75 - [STDERR_REDIRECT] Dec 02, 2024 9:29:20 PM java.util.prefs.WindowsPreferences <init>
2024-12-02 21:29:20,807 [ERROR] LogOutputStream:75 - [STDERR_REDIRECT] WARNING: Could not open/create prefs root node Software\JavaSoft\Prefs at root 0xffffffff80000002. Windows RegCreateKeyEx(...) returned error code 5.
2024-12-02 21:29:20,807 [ERROR] LogOutputStream:75 - [STDERR_REDIRECT] 
2024-12-02 21:29:21,236 [FATAL] Updater:334 - Updater called before beeing initialized
2024-12-02 21:29:21,236 [ERROR] IntegrityCheckThread:130 - Cannot retrieve database content from updater: error 21
2024-12-02 21:29:21,236 [INFO] ThirdParty:978 - Integrity check success = false
2024-12-02 21:29:21,237 [INFO] IntegrityCheckThread:100 - exiting critical section [integrity check]
2024-12-02 21:29:21,237 [INFO] IntegrityCheckThread:103 - End integrity checks thread
2024-12-02 21:29:21,409 [INFO] MainUpdater:2873 - connection check result : 10
2024-12-02 21:29:21,409 [INFO] MainUpdater:3567 - Updater definition file requires update
2024-12-02 21:29:21,410 [INFO] MainUpdater:290 - Updater Check For Update Now.
2024-12-02 21:29:21,411 [INFO] MicroXplorer:498 - Change Database Version : DB.6.0.121
2024-12-02 21:29:21,457 [INFO] McuFinderGlobals:63 - Set McuFinder mode to 2 (CubeIDE integrated)
2024-12-02 21:29:21,457 [INFO] UserAuth:179 - activating auth plugin
2024-12-02 21:29:21,467 [INFO] UserAuth:417 - Internet connection configuration mode: 1
2024-12-02 21:29:21,671 [INFO] JxBrowserEngine:152 - Initiate JxBrowser Engine with user profile folder
2024-12-02 21:29:21,744 [INFO] ServerAccessManage:473 - Download File updaters.zip
2024-12-02 21:29:21,963 [INFO] FileExtend:240 - Unzip File : updaters.zip
2024-12-02 21:29:21,963 [INFO] FileExtend:255 - Standard Zip Deflate
2024-12-02 21:29:24,697 [INFO] ServerAccessManage:473 - Download File PacksControlFlags.xml
2024-12-02 21:29:25,703 [INFO] ServerAccessManage:473 - Download File cubemx.pidx
2024-12-02 21:29:27,081 [INFO] LoadServerUpdatesThread:375 - End of LoadServerUpdate Thread
2024-12-02 21:29:27,756 [INFO] CheckServerUpdateThread:120 - End of CheckServer Thread
2024-12-02 21:29:55,381 [INFO] WebApp:167 - Instantiating new browser for Auth
2024-12-02 21:30:07,928 [INFO] WebApp:448 - Apply proxy settings
2024-12-02 21:30:07,928 [INFO] WebApp:533 - Chromium requires no authentication
2024-12-02 21:30:08,402 [INFO] WebApp:476 - Direct internet connection detected
2024-12-02 21:30:09,613 [INFO] WebApp:869 - Register for checkConnection events
2024-12-02 21:30:09,614 [INFO] WebApp:448 - Apply proxy settings
2024-12-02 21:30:09,614 [INFO] WebApp:533 - Chromium requires no authentication
2024-12-02 21:30:09,616 [INFO] WebApp:476 - Direct internet connection detected
2024-12-02 21:30:12,118 [INFO] WebApp:186 - Connection restablished
2024-12-02 21:30:16,828 [INFO] WebApp:220 - Starting web application
2024-12-02 21:30:16,828 [INFO] WebApp:578 - Web application path used C:\ST\STM32CubeIDE_1.16.0\STM32CubeIDE\plugins\com.st.stm32cube.common.mx_6.12.1.202409122256\db\plugins\mcufinder\reactClient1\index.html
2024-12-02 21:33:26,996 [INFO] WebApp:189 - Connection lost
2024-12-02 21:33:27,655 [INFO] WebApp:186 - Connection restablished
2024-12-02 21:33:29,674 [INFO] WebApp:189 - Connection lost
2024-12-02 21:33:29,924 [INFO] WebApp:186 - Connection restablished
2024-12-02 23:26:24,297 [INFO] WebApp:189 - Connection lost
2024-12-02 23:26:30,939 [INFO] WebApp:186 - Connection restablished
2024-12-02 23:26:51,476 [INFO] WebApp:189 - Connection lost
2024-12-02 23:26:55,195 [INFO] WebApp:186 - Connection restablished
2024-12-02 23:26:58,995 [INFO] WebApp:189 - Connection lost
2024-12-02 23:26:59,153 [INFO] WebApp:186 - Connection restablished
2024-12-02 23:27:33,530 [INFO] WebApp:189 - Connection lost
2024-12-02 23:27:33,659 [INFO] WebApp:186 - Connection restablished
2024-12-02 23:27:49,558 [INFO] WebApp:189 - Connection lost
2024-12-02 23:27:49,667 [INFO] WebApp:186 - Connection restablished
2024-12-02 23:28:01,558 [INFO] WebApp:189 - Connection lost
2024-12-02 23:28:01,664 [INFO] WebApp:186 - Connection restablished
2024-12-02 23:28:17,534 [INFO] WebApp:189 - Connection lost
2024-12-02 23:28:17,661 [INFO] WebApp:186 - Connection restablished
2024-12-02 23:28:25,518 [INFO] WebApp:189 - Connection lost
2024-12-02 23:28:25,633 [INFO] WebApp:186 - Connection restablished
2024-12-02 23:28:37,507 [INFO] WebApp:189 - Connection lost
2024-12-02 23:28:37,635 [INFO] WebApp:186 - Connection restablished
2024-12-02 23:29:03,498 [INFO] WebApp:189 - Connection lost
2024-12-02 23:29:03,613 [INFO] WebApp:186 - Connection restablished
2024-12-02 23:29:19,517 [INFO] WebApp:189 - Connection lost
2024-12-02 23:29:19,619 [INFO] WebApp:186 - Connection restablished
2024-12-02 23:29:24,530 [INFO] WebApp:189 - Connection lost
2024-12-02 23:29:24,700 [INFO] WebApp:186 - Connection restablished
2024-12-02 23:29:35,497 [INFO] WebApp:189 - Connection lost
2024-12-02 23:29:35,604 [INFO] WebApp:186 - Connection restablished
2024-12-02 23:29:40,032 [INFO] WebApp:189 - Connection lost
2024-12-02 23:29:47,322 [INFO] WebApp:186 - Connection restablished
2024-12-02 23:29:52,534 [INFO] WebApp:189 - Connection lost
2024-12-02 23:29:52,744 [INFO] WebApp:186 - Connection restablished
2024-12-02 23:30:14,034 [INFO] WebApp:189 - Connection lost
2024-12-02 23:30:14,205 [INFO] WebApp:186 - Connection restablished
2024-12-02 23:30:19,541 [INFO] WebApp:189 - Connection lost
2024-12-02 23:30:19,684 [INFO] WebApp:186 - Connection restablished
2024-12-02 23:30:28,533 [INFO] WebApp:189 - Connection lost
2024-12-02 23:30:28,689 [INFO] WebApp:186 - Connection restablished
2024-12-02 23:30:32,537 [INFO] WebApp:189 - Connection lost
2024-12-02 23:30:32,694 [INFO] WebApp:186 - Connection restablished
2024-12-02 23:30:43,517 [INFO] WebApp:189 - Connection lost
2024-12-02 23:30:51,478 [INFO] WebApp:186 - Connection restablished
2024-12-02 23:30:54,518 [INFO] WebApp:189 - Connection lost
2024-12-02 23:30:54,688 [INFO] WebApp:186 - Connection restablished
2024-12-02 23:31:06,552 [INFO] WebApp:189 - Connection lost
2024-12-02 23:31:08,128 [INFO] WebApp:186 - Connection restablished
2024-12-02 23:31:12,049 [INFO] WebApp:189 - Connection lost
2024-12-02 23:31:12,226 [INFO] WebApp:186 - Connection restablished
2024-12-02 23:31:28,538 [INFO] WebApp:189 - Connection lost
2024-12-02 23:31:28,715 [INFO] WebApp:186 - Connection restablished
2024-12-02 23:31:39,039 [INFO] WebApp:189 - Connection lost
2024-12-02 23:31:39,320 [INFO] WebApp:186 - Connection restablished
2024-12-02 23:31:44,015 [INFO] WebApp:189 - Connection lost
2024-12-02 23:31:44,220 [INFO] WebApp:186 - Connection restablished
2024-12-02 23:31:56,034 [INFO] WebApp:189 - Connection lost
2024-12-02 23:31:59,462 [INFO] WebApp:186 - Connection restablished
2024-12-02 23:32:04,528 [INFO] WebApp:189 - Connection lost
2024-12-02 23:32:04,692 [INFO] WebApp:186 - Connection restablished
2024-12-02 23:32:12,034 [INFO] WebApp:189 - Connection lost
2024-12-02 23:32:12,206 [INFO] WebApp:186 - Connection restablished
2024-12-02 23:32:18,516 [INFO] WebApp:189 - Connection lost
2024-12-02 23:32:18,739 [INFO] WebApp:186 - Connection restablished
2024-12-02 23:32:32,999 [INFO] WebApp:189 - Connection lost
2024-12-02 23:32:33,200 [INFO] WebApp:186 - Connection restablished
2024-12-02 23:34:05,012 [INFO] WebApp:189 - Connection lost
2024-12-02 23:34:05,226 [INFO] WebApp:186 - Connection restablished
2024-12-02 23:34:40,012 [INFO] WebApp:189 - Connection lost
2024-12-02 23:34:40,180 [INFO] WebApp:186 - Connection restablished
