2025-02-10 12:11:52,730 [INFO] WebApp:189 - Connection lost
2025-02-10 12:12:06,999 [INFO] WebApp:186 - Connection restablished
2025-02-10 12:46:55,934 [INFO] WebApp:189 - Connection lost
2025-02-10 12:46:57,286 [INFO] WebApp:186 - Connection restablished
2025-02-10 12:49:59,204 [INFO] WebApp:189 - Connection lost
2025-02-10 12:49:59,331 [INFO] WebApp:186 - Connection restablished
2025-02-10 18:18:36,538 [INFO] WebApp:189 - Connection lost
2025-02-10 18:18:51,317 [INFO] WebApp:186 - Connection restablished
2025-02-10 18:26:12,355 [INFO] UtilMem:75 - End SaveConfig() Used Memory: 726864208 Bytes (1073741824)
2025-02-10 18:26:13,326 [INFO] UtilMem:75 - End SaveConfig() Used Memory: 744840248 Bytes (1073741824)
2025-02-10 18:26:14,786 [INFO] UtilMem:75 - End SaveConfig() Used Memory: 837298360 Bytes (1073741824)
2025-02-10 18:26:15,461 [INFO] BlockDiagram:2766 - set Specific Code input for plugin: ADC
2025-02-10 18:26:15,461 [INFO] BlockDiagram:2766 - set Specific Code input for plugin: NVIC
2025-02-10 18:26:15,461 [INFO] BlockDiagram:2766 - set Specific Code input for plugin: USART
2025-02-10 18:26:15,461 [INFO] BlockDiagram:2766 - set Specific Code input for plugin: COMP
2025-02-10 18:26:15,461 [INFO] BlockDiagram:2766 - set Specific Code input for plugin: DMA
2025-02-10 18:26:15,461 [INFO] BlockDiagram:2766 - set Specific Code input for plugin: TIM1_8F0
2025-02-10 18:26:15,461 [INFO] BlockDiagram:2766 - set Specific Code input for plugin: TIM1_8F0
2025-02-10 18:26:15,461 [INFO] BlockDiagram:2766 - set Specific Code input for plugin: SYS
2025-02-10 18:26:15,462 [INFO] BlockDiagram:2766 - set Specific Code input for plugin: GPIO
2025-02-10 18:26:15,462 [INFO] BlockDiagram:2766 - set Specific Code input for plugin: RCC
2025-02-10 18:26:15,463 [INFO] CodeGenerator:807 - code generatio: config db path: C:\ST\STM32CubeIDE_1.16.0\STM32CubeIDE\plugins\com.st.stm32cube.common.mx_6.12.1.202409122256\\db\
2025-02-10 18:26:15,465 [INFO] Argument:325 - Argument : hdmavalue: null
2025-02-10 18:26:15,466 [INFO] Argument:327 - 	 sub Args: 
2025-02-10 18:26:15,466 [INFO] Argument:325 - Argument : Instancevalue: DMA1_Channel1
2025-02-10 18:26:15,466 [INFO] Argument:335 - Argument : Instancevalue: DMA1_Channel1
2025-02-10 18:26:15,466 [INFO] Argument:325 - Argument : Initvalue: null
2025-02-10 18:26:15,466 [INFO] Argument:327 - 	 sub Args: 
2025-02-10 18:26:15,466 [INFO] Argument:325 - Argument : Directionvalue: DMA_PERIPH_TO_MEMORY
2025-02-10 18:26:15,466 [INFO] Argument:335 - Argument : Directionvalue: DMA_PERIPH_TO_MEMORY
2025-02-10 18:26:15,466 [INFO] Argument:325 - Argument : PeriphIncvalue: DMA_PINC_DISABLE
2025-02-10 18:26:15,466 [INFO] Argument:335 - Argument : PeriphIncvalue: DMA_PINC_DISABLE
2025-02-10 18:26:15,466 [INFO] Argument:325 - Argument : MemIncvalue: DMA_MINC_ENABLE
2025-02-10 18:26:15,466 [INFO] Argument:335 - Argument : MemIncvalue: DMA_MINC_ENABLE
2025-02-10 18:26:15,466 [INFO] Argument:325 - Argument : PeriphDataAlignmentvalue: DMA_PDATAALIGN_HALFWORD
2025-02-10 18:26:15,466 [INFO] Argument:335 - Argument : PeriphDataAlignmentvalue: DMA_PDATAALIGN_HALFWORD
2025-02-10 18:26:15,466 [INFO] Argument:325 - Argument : MemDataAlignmentvalue: DMA_MDATAALIGN_HALFWORD
2025-02-10 18:26:15,466 [INFO] Argument:335 - Argument : MemDataAlignmentvalue: DMA_MDATAALIGN_HALFWORD
2025-02-10 18:26:15,466 [INFO] Argument:325 - Argument : Modevalue: DMA_CIRCULAR
2025-02-10 18:26:15,466 [INFO] Argument:335 - Argument : Modevalue: DMA_CIRCULAR
2025-02-10 18:26:15,466 [INFO] Argument:325 - Argument : Priorityvalue: DMA_PRIORITY_LOW
2025-02-10 18:26:15,466 [INFO] Argument:335 - Argument : Priorityvalue: DMA_PRIORITY_LOW
2025-02-10 18:26:15,466 [INFO] Argument:325 - Argument : Lockvalue: null
2025-02-10 18:26:15,466 [INFO] Argument:335 - Argument : Lockvalue: null
2025-02-10 18:26:15,466 [INFO] Argument:325 - Argument : Statevalue: null
2025-02-10 18:26:15,466 [INFO] Argument:335 - Argument : Statevalue: null
2025-02-10 18:26:15,466 [INFO] Argument:325 - Argument : Parentvalue: null
2025-02-10 18:26:15,466 [INFO] Argument:335 - Argument : Parentvalue: null
2025-02-10 18:26:15,469 [INFO] Argument:325 - Argument : XferCpltCallbackvalue: null
2025-02-10 18:26:15,469 [INFO] Argument:335 - Argument : XferCpltCallbackvalue: null
2025-02-10 18:26:15,469 [INFO] Argument:325 - Argument : XferHalfCpltCallbackvalue: null
2025-02-10 18:26:15,469 [INFO] Argument:335 - Argument : XferHalfCpltCallbackvalue: null
2025-02-10 18:26:15,469 [INFO] Argument:325 - Argument : XferErrorCallbackvalue: null
2025-02-10 18:26:15,469 [INFO] Argument:335 - Argument : XferErrorCallbackvalue: null
2025-02-10 18:26:15,469 [INFO] Argument:325 - Argument : ErrorCodevalue: null
2025-02-10 18:26:15,469 [INFO] Argument:335 - Argument : ErrorCodevalue: null
2025-02-10 18:26:15,470 [INFO] Argument:325 - Argument : DMA_Remapvalue: null
2025-02-10 18:26:15,470 [INFO] Argument:335 - Argument : DMA_Remapvalue: null
2025-02-10 18:26:15,494 [INFO] Argument:325 - Argument : hdmavalue: null
2025-02-10 18:26:15,494 [INFO] Argument:327 - 	 sub Args: 
2025-02-10 18:26:15,494 [INFO] Argument:325 - Argument : Instancevalue: DMA1_Channel3
2025-02-10 18:26:15,494 [INFO] Argument:335 - Argument : Instancevalue: DMA1_Channel3
2025-02-10 18:26:15,494 [INFO] Argument:325 - Argument : Initvalue: null
2025-02-10 18:26:15,494 [INFO] Argument:327 - 	 sub Args: 
2025-02-10 18:26:15,494 [INFO] Argument:325 - Argument : Directionvalue: DMA_PERIPH_TO_MEMORY
2025-02-10 18:26:15,494 [INFO] Argument:335 - Argument : Directionvalue: DMA_PERIPH_TO_MEMORY
2025-02-10 18:26:15,494 [INFO] Argument:325 - Argument : PeriphIncvalue: DMA_PINC_DISABLE
2025-02-10 18:26:15,494 [INFO] Argument:335 - Argument : PeriphIncvalue: DMA_PINC_DISABLE
2025-02-10 18:26:15,495 [INFO] Argument:325 - Argument : MemIncvalue: DMA_MINC_ENABLE
2025-02-10 18:26:15,495 [INFO] Argument:335 - Argument : MemIncvalue: DMA_MINC_ENABLE
2025-02-10 18:26:15,495 [INFO] Argument:325 - Argument : PeriphDataAlignmentvalue: DMA_PDATAALIGN_BYTE
2025-02-10 18:26:15,495 [INFO] Argument:335 - Argument : PeriphDataAlignmentvalue: DMA_PDATAALIGN_BYTE
2025-02-10 18:26:15,495 [INFO] Argument:325 - Argument : MemDataAlignmentvalue: DMA_MDATAALIGN_BYTE
2025-02-10 18:26:15,495 [INFO] Argument:335 - Argument : MemDataAlignmentvalue: DMA_MDATAALIGN_BYTE
2025-02-10 18:26:15,495 [INFO] Argument:325 - Argument : Modevalue: DMA_CIRCULAR
2025-02-10 18:26:15,495 [INFO] Argument:335 - Argument : Modevalue: DMA_CIRCULAR
2025-02-10 18:26:15,495 [INFO] Argument:325 - Argument : Priorityvalue: DMA_PRIORITY_LOW
2025-02-10 18:26:15,495 [INFO] Argument:335 - Argument : Priorityvalue: DMA_PRIORITY_LOW
2025-02-10 18:26:15,495 [INFO] Argument:325 - Argument : Lockvalue: null
2025-02-10 18:26:15,495 [INFO] Argument:335 - Argument : Lockvalue: null
2025-02-10 18:26:15,495 [INFO] Argument:325 - Argument : Statevalue: null
2025-02-10 18:26:15,495 [INFO] Argument:335 - Argument : Statevalue: null
2025-02-10 18:26:15,495 [INFO] Argument:325 - Argument : Parentvalue: null
2025-02-10 18:26:15,495 [INFO] Argument:335 - Argument : Parentvalue: null
2025-02-10 18:26:15,495 [INFO] Argument:325 - Argument : XferCpltCallbackvalue: null
2025-02-10 18:26:15,495 [INFO] Argument:335 - Argument : XferCpltCallbackvalue: null
2025-02-10 18:26:15,495 [INFO] Argument:325 - Argument : XferHalfCpltCallbackvalue: null
2025-02-10 18:26:15,495 [INFO] Argument:335 - Argument : XferHalfCpltCallbackvalue: null
2025-02-10 18:26:15,495 [INFO] Argument:325 - Argument : XferErrorCallbackvalue: null
2025-02-10 18:26:15,495 [INFO] Argument:335 - Argument : XferErrorCallbackvalue: null
2025-02-10 18:26:15,495 [INFO] Argument:325 - Argument : ErrorCodevalue: null
2025-02-10 18:26:15,495 [INFO] Argument:335 - Argument : ErrorCodevalue: null
2025-02-10 18:26:15,495 [INFO] Argument:325 - Argument : DMA_Remapvalue: null
2025-02-10 18:26:15,495 [INFO] Argument:335 - Argument : DMA_Remapvalue: null
2025-02-10 18:26:16,405 [INFO] CodeEngine:255 - oldGeneratedFile, C:\Users\danie\Documents\GitHub\Weller-to-JBC-converter\Firmware\MXTmpFiles\license.tmp_save
2025-02-10 18:26:16,631 [INFO] CodeEngine:279 - Generated code: C:\Users\danie\Documents\GitHub\Weller-to-JBC-converter\Firmware\MXTmpFiles\license.tmp
2025-02-10 18:26:16,799 [INFO] CodeEngine:255 - oldGeneratedFile, C:\Users\danie\Documents\GitHub\Weller-to-JBC-converter\Firmware\MXTmpFiles\gpio.tmp_save
2025-02-10 18:26:17,298 [INFO] CodeEngine:279 - Generated code: C:\Users\danie\Documents\GitHub\Weller-to-JBC-converter\Firmware\MXTmpFiles\gpio.tmp
2025-02-10 18:26:17,707 [INFO] CodeEngine:255 - oldGeneratedFile, C:\Users\danie\Documents\GitHub\Weller-to-JBC-converter\Firmware\MXTmpFiles\dma.tmp_save
2025-02-10 18:26:17,805 [INFO] CodeEngine:279 - Generated code: C:\Users\danie\Documents\GitHub\Weller-to-JBC-converter\Firmware\MXTmpFiles\dma.tmp
2025-02-10 18:26:17,853 [INFO] CodeEngine:255 - oldGeneratedFile, C:\Users\danie\Documents\GitHub\Weller-to-JBC-converter\Firmware\MXTmpFiles\dma_GV.tmp_save
2025-02-10 18:26:17,984 [INFO] CodeEngine:279 - Generated code: C:\Users\danie\Documents\GitHub\Weller-to-JBC-converter\Firmware\MXTmpFiles\dma_GV.tmp
2025-02-10 18:26:18,313 [INFO] CodeEngine:255 - oldGeneratedFile, C:\Users\danie\Documents\GitHub\Weller-to-JBC-converter\Firmware\Core\Src\stm32f0xx_it.c_save
2025-02-10 18:26:18,669 [INFO] CodeEngine:279 - Generated code: C:\Users\danie\Documents\GitHub\Weller-to-JBC-converter\Firmware\Core\Src\stm32f0xx_it.c
2025-02-10 18:26:18,727 [INFO] CodeEngine:255 - oldGeneratedFile, C:\Users\danie\Documents\GitHub\Weller-to-JBC-converter\Firmware\Core\Inc\stm32f0xx_it.h_save
2025-02-10 18:26:18,892 [INFO] CodeEngine:279 - Generated code: C:\Users\danie\Documents\GitHub\Weller-to-JBC-converter\Firmware\Core\Inc\stm32f0xx_it.h
2025-02-10 18:26:18,960 [INFO] CodeEngine:255 - oldGeneratedFile, C:\Users\danie\Documents\GitHub\Weller-to-JBC-converter\Firmware\Core\Src\stm32f0xx_hal_msp.c_save
2025-02-10 18:26:19,287 [INFO] CodeEngine:279 - Generated code: C:\Users\danie\Documents\GitHub\Weller-to-JBC-converter\Firmware\Core\Src\stm32f0xx_hal_msp.c
2025-02-10 18:26:19,346 [INFO] CodeEngine:255 - oldGeneratedFile, C:\Users\danie\Documents\GitHub\Weller-to-JBC-converter\Firmware\MXTmpFiles\system.tmp_save
2025-02-10 18:26:19,432 [INFO] CodeEngine:279 - Generated code: C:\Users\danie\Documents\GitHub\Weller-to-JBC-converter\Firmware\MXTmpFiles\system.tmp
2025-02-10 18:26:19,515 [INFO] CodeEngine:311 - oldGeneratedFile, C:\Users\danie\Documents\GitHub\Weller-to-JBC-converter\Firmware\Core\Inc\stm32f0xx_hal_conf.h_save
2025-02-10 18:26:19,762 [INFO] CodeEngine:335 - Generated code: C:\Users\danie\Documents\GitHub\Weller-to-JBC-converter\Firmware\Core\Inc\stm32f0xx_hal_conf.h
2025-02-10 18:26:19,836 [WARN] IPConfigManager:3554 - IP not found : TIM
2025-02-10 18:26:19,837 [WARN] CodeGenerator:4002 - IP not found : null
2025-02-10 18:26:19,941 [INFO] CodeEngine:255 - oldGeneratedFile, C:\Users\danie\Documents\GitHub\Weller-to-JBC-converter\Firmware\Core\Inc\main.h_save
2025-02-10 18:26:20,093 [INFO] CodeEngine:279 - Generated code: C:\Users\danie\Documents\GitHub\Weller-to-JBC-converter\Firmware\Core\Inc\main.h
2025-02-10 18:26:20,180 [INFO] CodeEngine:255 - oldGeneratedFile, C:\Users\danie\Documents\GitHub\Weller-to-JBC-converter\Firmware\Core\Src\main.c_save
2025-02-10 18:26:20,406 [INFO] CodeEngine:279 - Generated code: C:\Users\danie\Documents\GitHub\Weller-to-JBC-converter\Firmware\Core\Src\main.c
2025-02-10 18:26:24,157 [INFO] ProjectBuilder:3249 - Time for Copy HAL[1] : 2891mS.
2025-02-10 18:26:24,187 [INFO] ProjectBuilder:4828 - Project Generator version: 4.5.0-B34
2025-02-10 18:26:24,577 [INFO] ConfigFileManager:1531 - The Die is : DIE440
2025-02-10 18:26:27,182 [INFO] ProjectBuilder:5097 - Time for Generating toolchain IDE Files: 2996mS.
2025-02-10 18:26:27,184 [INFO] ProjectBuilder:3107 - Time for Copy CMSIS : 0mS.
2025-02-10 18:26:27,212 [INFO] ProjectBuilder:3107 - Time for Copy CMSIS : 0mS.
2025-02-10 18:35:34,655 [INFO] UtilMem:75 - End SaveConfig() Used Memory: 889358264 Bytes (1073741824)
2025-02-10 18:35:34,806 [INFO] UtilMem:75 - End SaveConfig() Used Memory: 908757088 Bytes (1073741824)
2025-02-10 18:35:36,172 [INFO] UtilMem:75 - End SaveConfig() Used Memory: 733458152 Bytes (1073741824)
2025-02-10 18:35:37,035 [INFO] BlockDiagram:2766 - set Specific Code input for plugin: ADC
2025-02-10 18:35:37,035 [INFO] BlockDiagram:2766 - set Specific Code input for plugin: NVIC
2025-02-10 18:35:37,035 [INFO] BlockDiagram:2766 - set Specific Code input for plugin: USART
2025-02-10 18:35:37,035 [INFO] BlockDiagram:2766 - set Specific Code input for plugin: COMP
2025-02-10 18:35:37,035 [INFO] BlockDiagram:2766 - set Specific Code input for plugin: DMA
2025-02-10 18:35:37,035 [INFO] BlockDiagram:2766 - set Specific Code input for plugin: TIM1_8F0
2025-02-10 18:35:37,035 [INFO] BlockDiagram:2766 - set Specific Code input for plugin: TIM1_8F0
2025-02-10 18:35:37,035 [INFO] BlockDiagram:2766 - set Specific Code input for plugin: SYS
2025-02-10 18:35:37,036 [INFO] BlockDiagram:2766 - set Specific Code input for plugin: GPIO
2025-02-10 18:35:37,036 [INFO] BlockDiagram:2766 - set Specific Code input for plugin: RCC
2025-02-10 18:35:37,037 [INFO] CodeGenerator:807 - code generatio: config db path: C:\ST\STM32CubeIDE_1.16.0\STM32CubeIDE\plugins\com.st.stm32cube.common.mx_6.12.1.202409122256\\db\
2025-02-10 18:35:37,092 [INFO] Argument:325 - Argument : hdmavalue: null
2025-02-10 18:35:37,093 [INFO] Argument:327 - 	 sub Args: 
2025-02-10 18:35:37,093 [INFO] Argument:325 - Argument : Instancevalue: DMA1_Channel1
2025-02-10 18:35:37,093 [INFO] Argument:335 - Argument : Instancevalue: DMA1_Channel1
2025-02-10 18:35:37,093 [INFO] Argument:325 - Argument : Initvalue: null
2025-02-10 18:35:37,093 [INFO] Argument:327 - 	 sub Args: 
2025-02-10 18:35:37,093 [INFO] Argument:325 - Argument : Directionvalue: DMA_PERIPH_TO_MEMORY
2025-02-10 18:35:37,093 [INFO] Argument:335 - Argument : Directionvalue: DMA_PERIPH_TO_MEMORY
2025-02-10 18:35:37,093 [INFO] Argument:325 - Argument : PeriphIncvalue: DMA_PINC_DISABLE
2025-02-10 18:35:37,093 [INFO] Argument:335 - Argument : PeriphIncvalue: DMA_PINC_DISABLE
2025-02-10 18:35:37,093 [INFO] Argument:325 - Argument : MemIncvalue: DMA_MINC_ENABLE
2025-02-10 18:35:37,093 [INFO] Argument:335 - Argument : MemIncvalue: DMA_MINC_ENABLE
2025-02-10 18:35:37,093 [INFO] Argument:325 - Argument : PeriphDataAlignmentvalue: DMA_PDATAALIGN_HALFWORD
2025-02-10 18:35:37,093 [INFO] Argument:335 - Argument : PeriphDataAlignmentvalue: DMA_PDATAALIGN_HALFWORD
2025-02-10 18:35:37,093 [INFO] Argument:325 - Argument : MemDataAlignmentvalue: DMA_MDATAALIGN_HALFWORD
2025-02-10 18:35:37,093 [INFO] Argument:335 - Argument : MemDataAlignmentvalue: DMA_MDATAALIGN_HALFWORD
2025-02-10 18:35:37,093 [INFO] Argument:325 - Argument : Modevalue: DMA_CIRCULAR
2025-02-10 18:35:37,093 [INFO] Argument:335 - Argument : Modevalue: DMA_CIRCULAR
2025-02-10 18:35:37,093 [INFO] Argument:325 - Argument : Priorityvalue: DMA_PRIORITY_LOW
2025-02-10 18:35:37,093 [INFO] Argument:335 - Argument : Priorityvalue: DMA_PRIORITY_LOW
2025-02-10 18:35:37,093 [INFO] Argument:325 - Argument : Lockvalue: null
2025-02-10 18:35:37,094 [INFO] Argument:335 - Argument : Lockvalue: null
2025-02-10 18:35:37,094 [INFO] Argument:325 - Argument : Statevalue: null
2025-02-10 18:35:37,094 [INFO] Argument:335 - Argument : Statevalue: null
2025-02-10 18:35:37,094 [INFO] Argument:325 - Argument : Parentvalue: null
2025-02-10 18:35:37,094 [INFO] Argument:335 - Argument : Parentvalue: null
2025-02-10 18:35:37,094 [INFO] Argument:325 - Argument : XferCpltCallbackvalue: null
2025-02-10 18:35:37,094 [INFO] Argument:335 - Argument : XferCpltCallbackvalue: null
2025-02-10 18:35:37,094 [INFO] Argument:325 - Argument : XferHalfCpltCallbackvalue: null
2025-02-10 18:35:37,094 [INFO] Argument:335 - Argument : XferHalfCpltCallbackvalue: null
2025-02-10 18:35:37,094 [INFO] Argument:325 - Argument : XferErrorCallbackvalue: null
2025-02-10 18:35:37,094 [INFO] Argument:335 - Argument : XferErrorCallbackvalue: null
2025-02-10 18:35:37,094 [INFO] Argument:325 - Argument : ErrorCodevalue: null
2025-02-10 18:35:37,094 [INFO] Argument:335 - Argument : ErrorCodevalue: null
2025-02-10 18:35:37,094 [INFO] Argument:325 - Argument : DMA_Remapvalue: null
2025-02-10 18:35:37,094 [INFO] Argument:335 - Argument : DMA_Remapvalue: null
2025-02-10 18:35:37,583 [INFO] Argument:325 - Argument : hdmavalue: null
2025-02-10 18:35:37,583 [INFO] Argument:327 - 	 sub Args: 
2025-02-10 18:35:37,583 [INFO] Argument:325 - Argument : Instancevalue: DMA1_Channel3
2025-02-10 18:35:37,583 [INFO] Argument:335 - Argument : Instancevalue: DMA1_Channel3
2025-02-10 18:35:37,583 [INFO] Argument:325 - Argument : Initvalue: null
2025-02-10 18:35:37,584 [INFO] Argument:327 - 	 sub Args: 
2025-02-10 18:35:37,584 [INFO] Argument:325 - Argument : Directionvalue: DMA_PERIPH_TO_MEMORY
2025-02-10 18:35:37,584 [INFO] Argument:335 - Argument : Directionvalue: DMA_PERIPH_TO_MEMORY
2025-02-10 18:35:37,584 [INFO] Argument:325 - Argument : PeriphIncvalue: DMA_PINC_DISABLE
2025-02-10 18:35:37,584 [INFO] Argument:335 - Argument : PeriphIncvalue: DMA_PINC_DISABLE
2025-02-10 18:35:37,584 [INFO] Argument:325 - Argument : MemIncvalue: DMA_MINC_ENABLE
2025-02-10 18:35:37,584 [INFO] Argument:335 - Argument : MemIncvalue: DMA_MINC_ENABLE
2025-02-10 18:35:37,584 [INFO] Argument:325 - Argument : PeriphDataAlignmentvalue: DMA_PDATAALIGN_BYTE
2025-02-10 18:35:37,584 [INFO] Argument:335 - Argument : PeriphDataAlignmentvalue: DMA_PDATAALIGN_BYTE
2025-02-10 18:35:37,584 [INFO] Argument:325 - Argument : MemDataAlignmentvalue: DMA_MDATAALIGN_BYTE
2025-02-10 18:35:37,585 [INFO] Argument:335 - Argument : MemDataAlignmentvalue: DMA_MDATAALIGN_BYTE
2025-02-10 18:35:37,585 [INFO] Argument:325 - Argument : Modevalue: DMA_CIRCULAR
2025-02-10 18:35:37,585 [INFO] Argument:335 - Argument : Modevalue: DMA_CIRCULAR
2025-02-10 18:35:37,585 [INFO] Argument:325 - Argument : Priorityvalue: DMA_PRIORITY_LOW
2025-02-10 18:35:37,585 [INFO] Argument:335 - Argument : Priorityvalue: DMA_PRIORITY_LOW
2025-02-10 18:35:37,585 [INFO] Argument:325 - Argument : Lockvalue: null
2025-02-10 18:35:37,585 [INFO] Argument:335 - Argument : Lockvalue: null
2025-02-10 18:35:37,585 [INFO] Argument:325 - Argument : Statevalue: null
2025-02-10 18:35:37,585 [INFO] Argument:335 - Argument : Statevalue: null
2025-02-10 18:35:37,585 [INFO] Argument:325 - Argument : Parentvalue: null
2025-02-10 18:35:37,586 [INFO] Argument:335 - Argument : Parentvalue: null
2025-02-10 18:35:37,586 [INFO] Argument:325 - Argument : XferCpltCallbackvalue: null
2025-02-10 18:35:37,586 [INFO] Argument:335 - Argument : XferCpltCallbackvalue: null
2025-02-10 18:35:37,586 [INFO] Argument:325 - Argument : XferHalfCpltCallbackvalue: null
2025-02-10 18:35:37,586 [INFO] Argument:335 - Argument : XferHalfCpltCallbackvalue: null
2025-02-10 18:35:37,586 [INFO] Argument:325 - Argument : XferErrorCallbackvalue: null
2025-02-10 18:35:37,586 [INFO] Argument:335 - Argument : XferErrorCallbackvalue: null
2025-02-10 18:35:37,586 [INFO] Argument:325 - Argument : ErrorCodevalue: null
2025-02-10 18:35:37,586 [INFO] Argument:335 - Argument : ErrorCodevalue: null
2025-02-10 18:35:37,587 [INFO] Argument:325 - Argument : DMA_Remapvalue: null
2025-02-10 18:35:37,587 [INFO] Argument:335 - Argument : DMA_Remapvalue: null
2025-02-10 18:35:37,881 [INFO] CodeEngine:255 - oldGeneratedFile, C:\Users\danie\Documents\GitHub\Weller-to-JBC-converter\Firmware\MXTmpFiles\license.tmp_save
2025-02-10 18:35:37,986 [INFO] CodeEngine:279 - Generated code: C:\Users\danie\Documents\GitHub\Weller-to-JBC-converter\Firmware\MXTmpFiles\license.tmp
2025-02-10 18:35:38,044 [INFO] CodeEngine:255 - oldGeneratedFile, C:\Users\danie\Documents\GitHub\Weller-to-JBC-converter\Firmware\MXTmpFiles\gpio.tmp_save
2025-02-10 18:35:38,153 [INFO] CodeEngine:279 - Generated code: C:\Users\danie\Documents\GitHub\Weller-to-JBC-converter\Firmware\MXTmpFiles\gpio.tmp
2025-02-10 18:35:38,703 [INFO] CodeEngine:255 - oldGeneratedFile, C:\Users\danie\Documents\GitHub\Weller-to-JBC-converter\Firmware\MXTmpFiles\dma.tmp_save
2025-02-10 18:35:38,792 [INFO] CodeEngine:279 - Generated code: C:\Users\danie\Documents\GitHub\Weller-to-JBC-converter\Firmware\MXTmpFiles\dma.tmp
2025-02-10 18:35:38,797 [INFO] CodeEngine:255 - oldGeneratedFile, C:\Users\danie\Documents\GitHub\Weller-to-JBC-converter\Firmware\MXTmpFiles\dma_GV.tmp_save
2025-02-10 18:35:38,877 [INFO] CodeEngine:279 - Generated code: C:\Users\danie\Documents\GitHub\Weller-to-JBC-converter\Firmware\MXTmpFiles\dma_GV.tmp
2025-02-10 18:35:38,926 [INFO] CodeEngine:255 - oldGeneratedFile, C:\Users\danie\Documents\GitHub\Weller-to-JBC-converter\Firmware\Core\Src\stm32f0xx_it.c_save
2025-02-10 18:35:39,104 [INFO] CodeEngine:279 - Generated code: C:\Users\danie\Documents\GitHub\Weller-to-JBC-converter\Firmware\Core\Src\stm32f0xx_it.c
2025-02-10 18:35:39,131 [INFO] CodeEngine:255 - oldGeneratedFile, C:\Users\danie\Documents\GitHub\Weller-to-JBC-converter\Firmware\Core\Inc\stm32f0xx_it.h_save
2025-02-10 18:35:39,224 [INFO] CodeEngine:279 - Generated code: C:\Users\danie\Documents\GitHub\Weller-to-JBC-converter\Firmware\Core\Inc\stm32f0xx_it.h
2025-02-10 18:35:39,266 [INFO] CodeEngine:255 - oldGeneratedFile, C:\Users\danie\Documents\GitHub\Weller-to-JBC-converter\Firmware\Core\Src\stm32f0xx_hal_msp.c_save
2025-02-10 18:35:39,436 [INFO] CodeEngine:279 - Generated code: C:\Users\danie\Documents\GitHub\Weller-to-JBC-converter\Firmware\Core\Src\stm32f0xx_hal_msp.c
2025-02-10 18:35:39,462 [INFO] CodeEngine:255 - oldGeneratedFile, C:\Users\danie\Documents\GitHub\Weller-to-JBC-converter\Firmware\MXTmpFiles\system.tmp_save
2025-02-10 18:35:39,532 [INFO] CodeEngine:279 - Generated code: C:\Users\danie\Documents\GitHub\Weller-to-JBC-converter\Firmware\MXTmpFiles\system.tmp
2025-02-10 18:35:39,565 [INFO] CodeEngine:311 - oldGeneratedFile, C:\Users\danie\Documents\GitHub\Weller-to-JBC-converter\Firmware\Core\Inc\stm32f0xx_hal_conf.h_save
2025-02-10 18:35:39,727 [INFO] CodeEngine:335 - Generated code: C:\Users\danie\Documents\GitHub\Weller-to-JBC-converter\Firmware\Core\Inc\stm32f0xx_hal_conf.h
2025-02-10 18:35:39,763 [WARN] IPConfigManager:3554 - IP not found : TIM
2025-02-10 18:35:39,764 [WARN] CodeGenerator:4002 - IP not found : null
2025-02-10 18:35:39,810 [INFO] CodeEngine:255 - oldGeneratedFile, C:\Users\danie\Documents\GitHub\Weller-to-JBC-converter\Firmware\Core\Inc\main.h_save
2025-02-10 18:35:39,912 [INFO] CodeEngine:279 - Generated code: C:\Users\danie\Documents\GitHub\Weller-to-JBC-converter\Firmware\Core\Inc\main.h
2025-02-10 18:35:39,950 [INFO] CodeEngine:255 - oldGeneratedFile, C:\Users\danie\Documents\GitHub\Weller-to-JBC-converter\Firmware\Core\Src\main.c_save
2025-02-10 18:35:40,193 [INFO] CodeEngine:279 - Generated code: C:\Users\danie\Documents\GitHub\Weller-to-JBC-converter\Firmware\Core\Src\main.c
2025-02-10 18:35:42,820 [INFO] ProjectBuilder:3249 - Time for Copy HAL[1] : 2251mS.
2025-02-10 18:35:42,824 [INFO] ProjectBuilder:4828 - Project Generator version: 4.5.0-B34
2025-02-10 18:35:42,956 [INFO] ConfigFileManager:1531 - The Die is : DIE440
2025-02-10 18:35:47,548 [INFO] ProjectBuilder:5097 - Time for Generating toolchain IDE Files: 4723mS.
2025-02-10 18:35:47,549 [INFO] ProjectBuilder:3107 - Time for Copy CMSIS : 1mS.
2025-02-10 18:35:47,578 [INFO] ProjectBuilder:3107 - Time for Copy CMSIS : 0mS.
2025-02-10 18:36:19,220 [INFO] WebApp:189 - Connection lost
2025-02-10 18:36:19,465 [INFO] WebApp:186 - Connection restablished
2025-02-10 18:39:22,675 [INFO] WebApp:189 - Connection lost
2025-02-10 18:39:22,825 [INFO] WebApp:186 - Connection restablished
2025-02-10 18:45:26,183 [INFO] WebApp:189 - Connection lost
2025-02-10 18:45:26,326 [INFO] WebApp:186 - Connection restablished
2025-02-10 18:48:30,220 [INFO] WebApp:189 - Connection lost
2025-02-10 18:48:30,385 [INFO] WebApp:186 - Connection restablished
2025-02-10 19:00:33,705 [INFO] WebApp:189 - Connection lost
2025-02-10 19:00:33,905 [INFO] WebApp:186 - Connection restablished
2025-02-10 19:03:37,230 [INFO] WebApp:189 - Connection lost
2025-02-10 19:03:37,436 [INFO] WebApp:186 - Connection restablished
2025-02-10 19:06:40,710 [INFO] WebApp:189 - Connection lost
2025-02-10 19:06:40,969 [INFO] WebApp:186 - Connection restablished
2025-02-10 19:12:44,180 [INFO] WebApp:189 - Connection lost
2025-02-10 19:12:44,323 [INFO] WebApp:186 - Connection restablished
2025-02-10 19:39:48,424 [INFO] WebApp:189 - Connection lost
2025-02-10 19:39:48,980 [INFO] WebApp:186 - Connection restablished
2025-02-10 19:57:51,401 [INFO] WebApp:189 - Connection lost
2025-02-10 19:57:51,550 [INFO] WebApp:186 - Connection restablished
2025-02-10 20:36:54,745 [INFO] WebApp:189 - Connection lost
2025-02-10 20:36:54,948 [INFO] WebApp:186 - Connection restablished
2025-02-10 20:45:58,252 [INFO] WebApp:189 - Connection lost
2025-02-10 20:45:58,398 [INFO] WebApp:186 - Connection restablished
2025-02-10 20:49:01,747 [INFO] WebApp:189 - Connection lost
2025-02-10 20:49:01,888 [INFO] WebApp:186 - Connection restablished
2025-02-10 20:52:05,219 [INFO] WebApp:189 - Connection lost
2025-02-10 20:52:05,458 [INFO] WebApp:186 - Connection restablished
2025-02-10 20:53:32,913 [INFO] UtilMem:75 - End SaveConfig() Used Memory: 748296608 Bytes (1073741824)
2025-02-10 20:53:33,388 [INFO] UtilMem:75 - End SaveConfig() Used Memory: 765937320 Bytes (1073741824)
2025-02-10 20:53:34,749 [INFO] UtilMem:75 - End SaveConfig() Used Memory: 854387696 Bytes (1073741824)
2025-02-10 20:53:35,623 [INFO] BlockDiagram:2766 - set Specific Code input for plugin: ADC
2025-02-10 20:53:35,624 [INFO] BlockDiagram:2766 - set Specific Code input for plugin: NVIC
2025-02-10 20:53:35,624 [INFO] BlockDiagram:2766 - set Specific Code input for plugin: USART
2025-02-10 20:53:35,624 [INFO] BlockDiagram:2766 - set Specific Code input for plugin: COMP
2025-02-10 20:53:35,624 [INFO] BlockDiagram:2766 - set Specific Code input for plugin: DMA
2025-02-10 20:53:35,624 [INFO] BlockDiagram:2766 - set Specific Code input for plugin: TIM1_8F0
2025-02-10 20:53:35,624 [INFO] BlockDiagram:2766 - set Specific Code input for plugin: TIM1_8F0
2025-02-10 20:53:35,624 [INFO] BlockDiagram:2766 - set Specific Code input for plugin: SYS
2025-02-10 20:53:35,624 [INFO] BlockDiagram:2766 - set Specific Code input for plugin: GPIO
2025-02-10 20:53:35,624 [INFO] BlockDiagram:2766 - set Specific Code input for plugin: RCC
2025-02-10 20:53:35,652 [INFO] CodeGenerator:807 - code generatio: config db path: C:\ST\STM32CubeIDE_1.16.0\STM32CubeIDE\plugins\com.st.stm32cube.common.mx_6.12.1.202409122256\\db\
2025-02-10 20:53:35,655 [INFO] Argument:325 - Argument : hdmavalue: null
2025-02-10 20:53:35,655 [INFO] Argument:327 - 	 sub Args: 
2025-02-10 20:53:35,655 [INFO] Argument:325 - Argument : Instancevalue: DMA1_Channel1
2025-02-10 20:53:35,655 [INFO] Argument:335 - Argument : Instancevalue: DMA1_Channel1
2025-02-10 20:53:35,655 [INFO] Argument:325 - Argument : Initvalue: null
2025-02-10 20:53:35,655 [INFO] Argument:327 - 	 sub Args: 
2025-02-10 20:53:35,655 [INFO] Argument:325 - Argument : Directionvalue: DMA_PERIPH_TO_MEMORY
2025-02-10 20:53:35,655 [INFO] Argument:335 - Argument : Directionvalue: DMA_PERIPH_TO_MEMORY
2025-02-10 20:53:35,655 [INFO] Argument:325 - Argument : PeriphIncvalue: DMA_PINC_DISABLE
2025-02-10 20:53:35,655 [INFO] Argument:335 - Argument : PeriphIncvalue: DMA_PINC_DISABLE
2025-02-10 20:53:35,655 [INFO] Argument:325 - Argument : MemIncvalue: DMA_MINC_ENABLE
2025-02-10 20:53:35,655 [INFO] Argument:335 - Argument : MemIncvalue: DMA_MINC_ENABLE
2025-02-10 20:53:35,655 [INFO] Argument:325 - Argument : PeriphDataAlignmentvalue: DMA_PDATAALIGN_HALFWORD
2025-02-10 20:53:35,655 [INFO] Argument:335 - Argument : PeriphDataAlignmentvalue: DMA_PDATAALIGN_HALFWORD
2025-02-10 20:53:35,655 [INFO] Argument:325 - Argument : MemDataAlignmentvalue: DMA_MDATAALIGN_HALFWORD
2025-02-10 20:53:35,655 [INFO] Argument:335 - Argument : MemDataAlignmentvalue: DMA_MDATAALIGN_HALFWORD
2025-02-10 20:53:35,655 [INFO] Argument:325 - Argument : Modevalue: DMA_CIRCULAR
2025-02-10 20:53:35,655 [INFO] Argument:335 - Argument : Modevalue: DMA_CIRCULAR
2025-02-10 20:53:35,655 [INFO] Argument:325 - Argument : Priorityvalue: DMA_PRIORITY_LOW
2025-02-10 20:53:35,655 [INFO] Argument:335 - Argument : Priorityvalue: DMA_PRIORITY_LOW
2025-02-10 20:53:35,655 [INFO] Argument:325 - Argument : Lockvalue: null
2025-02-10 20:53:35,655 [INFO] Argument:335 - Argument : Lockvalue: null
2025-02-10 20:53:35,655 [INFO] Argument:325 - Argument : Statevalue: null
2025-02-10 20:53:35,655 [INFO] Argument:335 - Argument : Statevalue: null
2025-02-10 20:53:35,655 [INFO] Argument:325 - Argument : Parentvalue: null
2025-02-10 20:53:35,655 [INFO] Argument:335 - Argument : Parentvalue: null
2025-02-10 20:53:35,655 [INFO] Argument:325 - Argument : XferCpltCallbackvalue: null
2025-02-10 20:53:35,656 [INFO] Argument:335 - Argument : XferCpltCallbackvalue: null
2025-02-10 20:53:35,656 [INFO] Argument:325 - Argument : XferHalfCpltCallbackvalue: null
2025-02-10 20:53:35,656 [INFO] Argument:335 - Argument : XferHalfCpltCallbackvalue: null
2025-02-10 20:53:35,656 [INFO] Argument:325 - Argument : XferErrorCallbackvalue: null
2025-02-10 20:53:35,656 [INFO] Argument:335 - Argument : XferErrorCallbackvalue: null
2025-02-10 20:53:35,656 [INFO] Argument:325 - Argument : ErrorCodevalue: null
2025-02-10 20:53:35,656 [INFO] Argument:335 - Argument : ErrorCodevalue: null
2025-02-10 20:53:35,656 [INFO] Argument:325 - Argument : DMA_Remapvalue: null
2025-02-10 20:53:35,656 [INFO] Argument:335 - Argument : DMA_Remapvalue: null
2025-02-10 20:53:35,702 [INFO] Argument:325 - Argument : hdmavalue: null
2025-02-10 20:53:35,702 [INFO] Argument:327 - 	 sub Args: 
2025-02-10 20:53:35,702 [INFO] Argument:325 - Argument : Instancevalue: DMA1_Channel3
2025-02-10 20:53:35,702 [INFO] Argument:335 - Argument : Instancevalue: DMA1_Channel3
2025-02-10 20:53:35,702 [INFO] Argument:325 - Argument : Initvalue: null
2025-02-10 20:53:35,702 [INFO] Argument:327 - 	 sub Args: 
2025-02-10 20:53:35,702 [INFO] Argument:325 - Argument : Directionvalue: DMA_PERIPH_TO_MEMORY
2025-02-10 20:53:35,702 [INFO] Argument:335 - Argument : Directionvalue: DMA_PERIPH_TO_MEMORY
2025-02-10 20:53:35,702 [INFO] Argument:325 - Argument : PeriphIncvalue: DMA_PINC_DISABLE
2025-02-10 20:53:35,702 [INFO] Argument:335 - Argument : PeriphIncvalue: DMA_PINC_DISABLE
2025-02-10 20:53:35,702 [INFO] Argument:325 - Argument : MemIncvalue: DMA_MINC_ENABLE
2025-02-10 20:53:35,702 [INFO] Argument:335 - Argument : MemIncvalue: DMA_MINC_ENABLE
2025-02-10 20:53:35,702 [INFO] Argument:325 - Argument : PeriphDataAlignmentvalue: DMA_PDATAALIGN_BYTE
2025-02-10 20:53:35,702 [INFO] Argument:335 - Argument : PeriphDataAlignmentvalue: DMA_PDATAALIGN_BYTE
2025-02-10 20:53:35,702 [INFO] Argument:325 - Argument : MemDataAlignmentvalue: DMA_MDATAALIGN_BYTE
2025-02-10 20:53:35,702 [INFO] Argument:335 - Argument : MemDataAlignmentvalue: DMA_MDATAALIGN_BYTE
2025-02-10 20:53:35,702 [INFO] Argument:325 - Argument : Modevalue: DMA_CIRCULAR
2025-02-10 20:53:35,703 [INFO] Argument:335 - Argument : Modevalue: DMA_CIRCULAR
2025-02-10 20:53:35,703 [INFO] Argument:325 - Argument : Priorityvalue: DMA_PRIORITY_LOW
2025-02-10 20:53:35,703 [INFO] Argument:335 - Argument : Priorityvalue: DMA_PRIORITY_LOW
2025-02-10 20:53:35,703 [INFO] Argument:325 - Argument : Lockvalue: null
2025-02-10 20:53:35,703 [INFO] Argument:335 - Argument : Lockvalue: null
2025-02-10 20:53:35,703 [INFO] Argument:325 - Argument : Statevalue: null
2025-02-10 20:53:35,703 [INFO] Argument:335 - Argument : Statevalue: null
2025-02-10 20:53:35,703 [INFO] Argument:325 - Argument : Parentvalue: null
2025-02-10 20:53:35,703 [INFO] Argument:335 - Argument : Parentvalue: null
2025-02-10 20:53:35,703 [INFO] Argument:325 - Argument : XferCpltCallbackvalue: null
2025-02-10 20:53:35,703 [INFO] Argument:335 - Argument : XferCpltCallbackvalue: null
2025-02-10 20:53:35,703 [INFO] Argument:325 - Argument : XferHalfCpltCallbackvalue: null
2025-02-10 20:53:35,703 [INFO] Argument:335 - Argument : XferHalfCpltCallbackvalue: null
2025-02-10 20:53:35,703 [INFO] Argument:325 - Argument : XferErrorCallbackvalue: null
2025-02-10 20:53:35,703 [INFO] Argument:335 - Argument : XferErrorCallbackvalue: null
2025-02-10 20:53:35,703 [INFO] Argument:325 - Argument : ErrorCodevalue: null
2025-02-10 20:53:35,720 [INFO] Argument:335 - Argument : ErrorCodevalue: null
2025-02-10 20:53:35,720 [INFO] Argument:325 - Argument : DMA_Remapvalue: null
2025-02-10 20:53:35,720 [INFO] Argument:335 - Argument : DMA_Remapvalue: null
2025-02-10 20:53:36,028 [INFO] CodeEngine:255 - oldGeneratedFile, C:\Users\danie\Documents\GitHub\Weller-to-JBC-converter\Firmware\MXTmpFiles\license.tmp_save
2025-02-10 20:53:36,508 [INFO] CodeEngine:279 - Generated code: C:\Users\danie\Documents\GitHub\Weller-to-JBC-converter\Firmware\MXTmpFiles\license.tmp
2025-02-10 20:53:36,629 [INFO] CodeEngine:255 - oldGeneratedFile, C:\Users\danie\Documents\GitHub\Weller-to-JBC-converter\Firmware\MXTmpFiles\gpio.tmp_save
2025-02-10 20:53:36,813 [INFO] CodeEngine:279 - Generated code: C:\Users\danie\Documents\GitHub\Weller-to-JBC-converter\Firmware\MXTmpFiles\gpio.tmp
2025-02-10 20:53:37,213 [INFO] CodeEngine:255 - oldGeneratedFile, C:\Users\danie\Documents\GitHub\Weller-to-JBC-converter\Firmware\MXTmpFiles\dma.tmp_save
2025-02-10 20:53:37,304 [INFO] CodeEngine:279 - Generated code: C:\Users\danie\Documents\GitHub\Weller-to-JBC-converter\Firmware\MXTmpFiles\dma.tmp
2025-02-10 20:53:37,309 [INFO] CodeEngine:255 - oldGeneratedFile, C:\Users\danie\Documents\GitHub\Weller-to-JBC-converter\Firmware\MXTmpFiles\dma_GV.tmp_save
2025-02-10 20:53:37,459 [INFO] CodeEngine:279 - Generated code: C:\Users\danie\Documents\GitHub\Weller-to-JBC-converter\Firmware\MXTmpFiles\dma_GV.tmp
2025-02-10 20:53:37,515 [INFO] CodeEngine:255 - oldGeneratedFile, C:\Users\danie\Documents\GitHub\Weller-to-JBC-converter\Firmware\Core\Src\stm32f0xx_it.c_save
2025-02-10 20:53:37,959 [INFO] CodeEngine:279 - Generated code: C:\Users\danie\Documents\GitHub\Weller-to-JBC-converter\Firmware\Core\Src\stm32f0xx_it.c
2025-02-10 20:53:37,986 [INFO] CodeEngine:255 - oldGeneratedFile, C:\Users\danie\Documents\GitHub\Weller-to-JBC-converter\Firmware\Core\Inc\stm32f0xx_it.h_save
2025-02-10 20:53:38,100 [INFO] CodeEngine:279 - Generated code: C:\Users\danie\Documents\GitHub\Weller-to-JBC-converter\Firmware\Core\Inc\stm32f0xx_it.h
2025-02-10 20:53:38,147 [INFO] CodeEngine:255 - oldGeneratedFile, C:\Users\danie\Documents\GitHub\Weller-to-JBC-converter\Firmware\Core\Src\stm32f0xx_hal_msp.c_save
2025-02-10 20:53:38,354 [INFO] CodeEngine:279 - Generated code: C:\Users\danie\Documents\GitHub\Weller-to-JBC-converter\Firmware\Core\Src\stm32f0xx_hal_msp.c
2025-02-10 20:53:38,390 [INFO] CodeEngine:255 - oldGeneratedFile, C:\Users\danie\Documents\GitHub\Weller-to-JBC-converter\Firmware\MXTmpFiles\system.tmp_save
2025-02-10 20:53:38,467 [INFO] CodeEngine:279 - Generated code: C:\Users\danie\Documents\GitHub\Weller-to-JBC-converter\Firmware\MXTmpFiles\system.tmp
2025-02-10 20:53:38,505 [INFO] CodeEngine:311 - oldGeneratedFile, C:\Users\danie\Documents\GitHub\Weller-to-JBC-converter\Firmware\Core\Inc\stm32f0xx_hal_conf.h_save
2025-02-10 20:53:38,688 [INFO] CodeEngine:335 - Generated code: C:\Users\danie\Documents\GitHub\Weller-to-JBC-converter\Firmware\Core\Inc\stm32f0xx_hal_conf.h
2025-02-10 20:53:38,744 [WARN] IPConfigManager:3554 - IP not found : TIM
2025-02-10 20:53:38,745 [WARN] CodeGenerator:4002 - IP not found : null
2025-02-10 20:53:38,819 [INFO] CodeEngine:255 - oldGeneratedFile, C:\Users\danie\Documents\GitHub\Weller-to-JBC-converter\Firmware\Core\Inc\main.h_save
2025-02-10 20:53:39,020 [INFO] CodeEngine:279 - Generated code: C:\Users\danie\Documents\GitHub\Weller-to-JBC-converter\Firmware\Core\Inc\main.h
2025-02-10 20:53:39,095 [INFO] CodeEngine:255 - oldGeneratedFile, C:\Users\danie\Documents\GitHub\Weller-to-JBC-converter\Firmware\Core\Src\main.c_save
2025-02-10 20:53:39,442 [INFO] CodeEngine:279 - Generated code: C:\Users\danie\Documents\GitHub\Weller-to-JBC-converter\Firmware\Core\Src\main.c
2025-02-10 20:53:42,241 [INFO] ProjectBuilder:3249 - Time for Copy HAL[1] : 2129mS.
2025-02-10 20:53:42,257 [INFO] ProjectBuilder:4828 - Project Generator version: 4.5.0-B34
2025-02-10 20:53:42,454 [INFO] ConfigFileManager:1531 - The Die is : DIE440
2025-02-10 20:53:44,675 [INFO] ProjectBuilder:5097 - Time for Generating toolchain IDE Files: 2419mS.
2025-02-10 20:53:44,676 [INFO] ProjectBuilder:3107 - Time for Copy CMSIS : 0mS.
2025-02-10 20:53:44,699 [INFO] ProjectBuilder:3107 - Time for Copy CMSIS : 0mS.
2025-02-10 21:01:08,259 [INFO] WebApp:189 - Connection lost
2025-02-10 21:01:08,430 [INFO] WebApp:186 - Connection restablished
2025-02-10 21:04:11,746 [INFO] WebApp:189 - Connection lost
2025-02-10 21:04:11,887 [INFO] WebApp:186 - Connection restablished
2025-02-10 21:19:15,303 [INFO] WebApp:189 - Connection lost
2025-02-10 21:19:15,506 [INFO] WebApp:186 - Connection restablished
2025-02-10 21:22:18,732 [INFO] WebApp:189 - Connection lost
2025-02-10 21:22:18,935 [INFO] WebApp:186 - Connection restablished
2025-02-10 22:06:17,838 [INFO] WebApp:189 - Connection lost
2025-02-10 22:06:19,379 [INFO] WebApp:186 - Connection restablished
2025-02-10 22:12:18,182 [INFO] WebApp:189 - Connection lost
2025-02-10 22:12:18,391 [INFO] WebApp:186 - Connection restablished
2025-02-10 22:15:21,657 [INFO] WebApp:189 - Connection lost
2025-02-10 22:15:21,789 [INFO] WebApp:186 - Connection restablished
2025-02-10 22:24:25,181 [INFO] WebApp:189 - Connection lost
2025-02-10 22:24:25,353 [INFO] WebApp:186 - Connection restablished
2025-02-10 22:33:28,687 [INFO] WebApp:189 - Connection lost
2025-02-10 22:33:28,882 [INFO] WebApp:186 - Connection restablished
2025-02-10 23:21:32,268 [INFO] WebApp:189 - Connection lost
2025-02-10 23:21:32,403 [INFO] WebApp:186 - Connection restablished
2025-02-10 23:24:36,140 [INFO] WebApp:189 - Connection lost
2025-02-10 23:24:36,296 [INFO] WebApp:186 - Connection restablished
2025-02-10 23:46:24,869 [INFO] WebApp:189 - Connection lost
2025-02-10 23:46:25,230 [INFO] WebApp:186 - Connection restablished
2025-02-10 23:46:28,747 [INFO] WebApp:189 - Connection lost
2025-02-10 23:46:30,383 [INFO] WebApp:186 - Connection restablished
