2025-05-02 12:09:04,920 [INFO] WebApp:189 - Connection lost
2025-05-02 12:09:13,359 [INFO] WebApp:186 - Connection restablished
2025-05-02 12:14:29,898 [INFO] WebApp:189 - Connection lost
2025-05-02 12:14:30,070 [INFO] WebApp:186 - Connection restablished
2025-05-02 12:17:33,406 [INFO] WebApp:189 - Connection lost
2025-05-02 12:17:33,560 [INFO] WebApp:186 - Connection restablished
2025-05-02 12:25:35,419 [INFO] WebApp:189 - Connection lost
2025-05-02 12:25:35,592 [INFO] WebApp:186 - Connection restablished
2025-05-02 12:28:38,907 [INFO] WebApp:189 - Connection lost
2025-05-02 12:28:39,081 [INFO] WebApp:186 - Connection restablished
2025-05-02 12:31:42,431 [INFO] WebApp:189 - Connection lost
2025-05-02 12:31:42,649 [INFO] WebApp:186 - Connection restablished
2025-05-02 12:33:19,903 [INFO] WebApp:189 - Connection lost
2025-05-02 12:33:27,536 [INFO] WebApp:186 - Connection restablished
2025-05-02 12:35:52,922 [INFO] WebApp:189 - Connection lost
2025-05-02 12:35:53,101 [INFO] WebApp:186 - Connection restablished
2025-05-02 12:41:02,435 [INFO] WebApp:189 - Connection lost
2025-05-02 12:41:02,596 [INFO] WebApp:186 - Connection restablished
2025-05-02 12:56:05,908 [INFO] WebApp:189 - Connection lost
2025-05-02 12:56:06,093 [INFO] WebApp:186 - Connection restablished
2025-05-02 12:58:59,912 [INFO] WebApp:189 - Connection lost
2025-05-02 12:59:00,085 [INFO] WebApp:186 - Connection restablished
2025-05-02 13:05:03,418 [INFO] WebApp:189 - Connection lost
2025-05-02 13:05:03,593 [INFO] WebApp:186 - Connection restablished
2025-05-02 13:06:44,402 [INFO] WebApp:189 - Connection lost
2025-05-02 13:06:44,568 [INFO] WebApp:186 - Connection restablished
2025-05-02 13:09:17,905 [INFO] WebApp:189 - Connection lost
2025-05-02 13:09:18,439 [INFO] WebApp:186 - Connection restablished
2025-05-02 13:11:52,416 [INFO] WebApp:189 - Connection lost
2025-05-02 13:11:52,546 [INFO] WebApp:186 - Connection restablished
2025-05-02 13:14:25,401 [INFO] WebApp:189 - Connection lost
2025-05-02 13:14:25,563 [INFO] WebApp:186 - Connection restablished
2025-05-02 13:17:00,905 [INFO] WebApp:189 - Connection lost
2025-05-02 13:17:01,084 [INFO] WebApp:186 - Connection restablished
2025-05-02 13:24:43,045 [INFO] WebApp:189 - Connection lost
2025-05-02 13:24:43,252 [INFO] WebApp:186 - Connection restablished
2025-05-02 13:32:22,913 [INFO] WebApp:189 - Connection lost
2025-05-02 13:32:23,049 [INFO] WebApp:186 - Connection restablished
2025-05-02 13:34:57,403 [INFO] WebApp:189 - Connection lost
2025-05-02 13:34:57,566 [INFO] WebApp:186 - Connection restablished
2025-05-02 13:37:32,907 [INFO] WebApp:189 - Connection lost
2025-05-02 13:37:33,098 [INFO] WebApp:186 - Connection restablished
2025-05-02 13:40:07,910 [INFO] WebApp:189 - Connection lost
2025-05-02 13:40:08,058 [INFO] WebApp:186 - Connection restablished
2025-05-02 13:47:49,908 [INFO] WebApp:189 - Connection lost
2025-05-02 13:47:50,089 [INFO] WebApp:186 - Connection restablished
2025-05-02 13:50:23,405 [INFO] WebApp:189 - Connection lost
2025-05-02 13:50:23,551 [INFO] WebApp:186 - Connection restablished
2025-05-02 13:53:26,902 [INFO] WebApp:189 - Connection lost
2025-05-02 13:53:27,050 [INFO] WebApp:186 - Connection restablished
2025-05-02 13:59:30,418 [INFO] WebApp:189 - Connection lost
2025-05-02 13:59:30,563 [INFO] WebApp:186 - Connection restablished
2025-05-02 14:23:47,470 [INFO] WebApp:189 - Connection lost
2025-05-02 14:23:47,581 [INFO] WebApp:186 - Connection restablished
2025-05-02 14:26:23,421 [INFO] WebApp:189 - Connection lost
2025-05-02 14:26:23,665 [INFO] WebApp:186 - Connection restablished
2025-05-02 14:28:57,405 [INFO] WebApp:189 - Connection lost
2025-05-02 14:28:57,548 [INFO] WebApp:186 - Connection restablished
2025-05-02 14:34:05,917 [INFO] WebApp:189 - Connection lost
2025-05-02 14:34:06,074 [INFO] WebApp:186 - Connection restablished
2025-05-02 14:36:38,905 [INFO] WebApp:189 - Connection lost
2025-05-02 14:36:39,069 [INFO] WebApp:186 - Connection restablished
2025-05-02 14:39:13,913 [INFO] WebApp:189 - Connection lost
2025-05-02 14:39:14,074 [INFO] WebApp:186 - Connection restablished
2025-05-02 14:41:47,407 [INFO] WebApp:189 - Connection lost
2025-05-02 14:41:47,591 [INFO] WebApp:186 - Connection restablished
2025-05-02 14:49:30,399 [INFO] WebApp:189 - Connection lost
2025-05-02 14:49:30,551 [INFO] WebApp:186 - Connection restablished
2025-05-02 14:52:03,416 [INFO] WebApp:189 - Connection lost
2025-05-02 14:52:03,583 [INFO] WebApp:186 - Connection restablished
2025-05-02 14:57:14,401 [INFO] WebApp:189 - Connection lost
2025-05-02 14:57:14,558 [INFO] WebApp:186 - Connection restablished
2025-05-02 15:00:17,897 [INFO] WebApp:189 - Connection lost
2025-05-02 15:00:18,055 [INFO] WebApp:186 - Connection restablished
2025-05-02 15:03:21,417 [INFO] WebApp:189 - Connection lost
2025-05-02 15:03:21,581 [INFO] WebApp:186 - Connection restablished
2025-05-02 15:04:56,896 [INFO] WebApp:189 - Connection lost
2025-05-02 15:04:57,049 [INFO] WebApp:186 - Connection restablished
2025-05-02 15:07:31,423 [INFO] WebApp:189 - Connection lost
2025-05-02 15:07:31,597 [INFO] WebApp:186 - Connection restablished
2025-05-02 15:10:05,418 [INFO] WebApp:189 - Connection lost
2025-05-02 15:10:05,575 [INFO] WebApp:186 - Connection restablished
2025-05-02 15:12:39,406 [INFO] WebApp:189 - Connection lost
2025-05-02 15:12:39,577 [INFO] WebApp:186 - Connection restablished
2025-05-02 15:15:11,411 [INFO] WebApp:189 - Connection lost
2025-05-02 15:15:11,687 [INFO] WebApp:186 - Connection restablished
2025-05-02 15:17:48,438 [INFO] WebApp:189 - Connection lost
2025-05-02 15:17:48,653 [INFO] WebApp:186 - Connection restablished
2025-05-02 15:33:15,415 [INFO] WebApp:189 - Connection lost
2025-05-02 15:33:15,588 [INFO] WebApp:186 - Connection restablished
2025-05-02 15:35:49,940 [INFO] WebApp:189 - Connection lost
2025-05-02 15:35:50,059 [INFO] WebApp:186 - Connection restablished
2025-05-02 15:38:21,398 [INFO] WebApp:189 - Connection lost
2025-05-02 15:38:21,543 [INFO] WebApp:186 - Connection restablished
2025-05-02 15:40:59,406 [INFO] WebApp:189 - Connection lost
2025-05-02 15:40:59,562 [INFO] WebApp:186 - Connection restablished
2025-05-02 15:43:31,406 [INFO] WebApp:189 - Connection lost
2025-05-02 15:43:31,559 [INFO] WebApp:186 - Connection restablished
2025-05-02 15:46:07,907 [INFO] WebApp:189 - Connection lost
2025-05-02 15:46:08,077 [INFO] WebApp:186 - Connection restablished
2025-05-02 15:48:42,411 [INFO] WebApp:189 - Connection lost
2025-05-02 15:48:42,570 [INFO] WebApp:186 - Connection restablished
2025-05-02 15:51:16,906 [INFO] WebApp:189 - Connection lost
2025-05-02 15:51:17,064 [INFO] WebApp:186 - Connection restablished
2025-05-02 16:00:19,921 [INFO] WebApp:189 - Connection lost
2025-05-02 16:00:20,071 [INFO] WebApp:186 - Connection restablished
2025-05-02 16:03:23,924 [INFO] WebApp:189 - Connection lost
2025-05-02 16:03:24,077 [INFO] WebApp:186 - Connection restablished
2025-05-02 16:06:26,895 [INFO] WebApp:189 - Connection lost
2025-05-02 16:06:27,065 [INFO] WebApp:186 - Connection restablished
2025-05-02 16:09:30,419 [INFO] WebApp:189 - Connection lost
2025-05-02 16:09:30,574 [INFO] WebApp:186 - Connection restablished
2025-05-02 16:16:58,912 [INFO] WebApp:189 - Connection lost
2025-05-02 16:16:59,133 [INFO] WebApp:186 - Connection restablished
2025-05-02 16:19:32,972 [INFO] WebApp:189 - Connection lost
2025-05-02 16:19:33,123 [INFO] WebApp:186 - Connection restablished
2025-05-02 16:22:06,909 [INFO] WebApp:189 - Connection lost
2025-05-02 16:22:07,075 [INFO] WebApp:186 - Connection restablished
2025-05-02 16:24:40,919 [INFO] WebApp:189 - Connection lost
2025-05-02 16:24:41,091 [INFO] WebApp:186 - Connection restablished
2025-05-02 16:29:49,409 [INFO] WebApp:189 - Connection lost
2025-05-02 16:29:49,567 [INFO] WebApp:186 - Connection restablished
2025-05-02 16:32:25,415 [INFO] WebApp:189 - Connection lost
2025-05-02 16:32:25,577 [INFO] WebApp:186 - Connection restablished
2025-05-02 16:35:28,913 [INFO] WebApp:189 - Connection lost
2025-05-02 16:35:29,092 [INFO] WebApp:186 - Connection restablished
2025-05-02 16:37:34,397 [INFO] WebApp:189 - Connection lost
2025-05-02 16:37:34,551 [INFO] WebApp:186 - Connection restablished
2025-05-02 16:40:37,902 [INFO] WebApp:189 - Connection lost
2025-05-02 16:40:38,057 [INFO] WebApp:186 - Connection restablished
2025-05-02 16:42:44,900 [INFO] WebApp:189 - Connection lost
2025-05-02 16:42:45,060 [INFO] WebApp:186 - Connection restablished
2025-05-02 16:45:16,929 [INFO] WebApp:189 - Connection lost
2025-05-02 16:45:17,126 [INFO] WebApp:186 - Connection restablished
2025-05-02 16:47:51,919 [INFO] WebApp:189 - Connection lost
2025-05-02 16:47:52,084 [INFO] WebApp:186 - Connection restablished
2025-05-02 16:50:27,412 [INFO] WebApp:189 - Connection lost
2025-05-02 16:50:27,581 [INFO] WebApp:186 - Connection restablished
2025-05-02 16:55:34,414 [INFO] WebApp:189 - Connection lost
2025-05-02 16:55:34,577 [INFO] WebApp:186 - Connection restablished
2025-05-02 16:58:08,912 [INFO] WebApp:189 - Connection lost
2025-05-02 16:58:09,064 [INFO] WebApp:186 - Connection restablished
2025-05-02 17:00:43,437 [INFO] WebApp:189 - Connection lost
2025-05-02 17:00:43,574 [INFO] WebApp:186 - Connection restablished
2025-05-02 17:03:16,907 [INFO] WebApp:189 - Connection lost
2025-05-02 17:03:17,079 [INFO] WebApp:186 - Connection restablished
2025-05-02 17:18:43,396 [INFO] WebApp:189 - Connection lost
2025-05-02 17:18:43,593 [INFO] WebApp:186 - Connection restablished
2025-05-02 17:23:51,919 [INFO] WebApp:189 - Connection lost
2025-05-02 17:23:52,063 [INFO] WebApp:186 - Connection restablished
2025-05-02 17:47:55,919 [INFO] WebApp:189 - Connection lost
2025-05-02 17:47:56,180 [INFO] WebApp:186 - Connection restablished
2025-05-02 17:50:59,419 [INFO] WebApp:189 - Connection lost
2025-05-02 17:50:59,565 [INFO] WebApp:186 - Connection restablished
2025-05-02 18:10:25,417 [INFO] WebApp:189 - Connection lost
2025-05-02 18:10:25,570 [INFO] WebApp:186 - Connection restablished
2025-05-02 18:28:07,931 [INFO] WebApp:189 - Connection lost
2025-05-02 18:28:08,088 [INFO] WebApp:186 - Connection restablished
2025-05-02 18:48:42,481 [INFO] WebApp:189 - Connection lost
2025-05-02 18:48:42,921 [INFO] WebApp:186 - Connection restablished
2025-05-02 18:51:18,910 [INFO] WebApp:189 - Connection lost
2025-05-02 18:51:19,074 [INFO] WebApp:186 - Connection restablished
2025-05-02 18:54:22,422 [INFO] WebApp:189 - Connection lost
2025-05-02 18:54:22,590 [INFO] WebApp:186 - Connection restablished
2025-05-02 18:56:28,915 [INFO] WebApp:189 - Connection lost
2025-05-02 18:56:29,093 [INFO] WebApp:186 - Connection restablished
2025-05-02 18:59:32,421 [INFO] WebApp:189 - Connection lost
2025-05-02 18:59:32,581 [INFO] WebApp:186 - Connection restablished
2025-05-02 19:06:42,925 [INFO] WebApp:189 - Connection lost
2025-05-02 19:06:43,084 [INFO] WebApp:186 - Connection restablished
2025-05-02 19:09:19,913 [INFO] WebApp:189 - Connection lost
2025-05-02 19:09:20,258 [INFO] WebApp:186 - Connection restablished
2025-05-02 19:11:50,416 [INFO] WebApp:189 - Connection lost
2025-05-02 19:11:50,568 [INFO] WebApp:186 - Connection restablished
2025-05-02 19:19:33,925 [INFO] WebApp:189 - Connection lost
2025-05-02 19:19:34,089 [INFO] WebApp:186 - Connection restablished
2025-05-02 19:27:15,918 [INFO] WebApp:189 - Connection lost
2025-05-02 19:27:16,081 [INFO] WebApp:186 - Connection restablished
2025-05-02 19:32:24,416 [INFO] WebApp:189 - Connection lost
2025-05-02 19:32:24,580 [INFO] WebApp:186 - Connection restablished
2025-05-02 19:37:33,959 [INFO] WebApp:189 - Connection lost
2025-05-02 19:37:34,128 [INFO] WebApp:186 - Connection restablished
2025-05-02 19:40:08,420 [INFO] WebApp:189 - Connection lost
2025-05-02 19:40:08,579 [INFO] WebApp:186 - Connection restablished
2025-05-02 19:42:41,916 [INFO] WebApp:189 - Connection lost
2025-05-02 19:42:42,068 [INFO] WebApp:186 - Connection restablished
2025-05-02 19:45:16,920 [INFO] WebApp:189 - Connection lost
2025-05-02 19:45:17,082 [INFO] WebApp:186 - Connection restablished
2025-05-02 19:50:26,921 [INFO] WebApp:189 - Connection lost
2025-05-02 19:50:27,077 [INFO] WebApp:186 - Connection restablished
2025-05-02 19:52:59,417 [INFO] WebApp:189 - Connection lost
2025-05-02 19:52:59,561 [INFO] WebApp:186 - Connection restablished
2025-05-02 19:55:32,916 [INFO] WebApp:189 - Connection lost
2025-05-02 19:55:33,063 [INFO] WebApp:186 - Connection restablished
2025-05-02 20:00:40,908 [INFO] WebApp:189 - Connection lost
2025-05-02 20:00:41,060 [INFO] WebApp:186 - Connection restablished
2025-05-02 20:03:14,912 [INFO] WebApp:189 - Connection lost
2025-05-02 20:03:15,059 [INFO] WebApp:186 - Connection restablished
2025-05-02 20:06:18,411 [INFO] WebApp:189 - Connection lost
2025-05-02 20:06:18,554 [INFO] WebApp:186 - Connection restablished
2025-05-02 20:09:22,401 [INFO] WebApp:189 - Connection lost
2025-05-02 20:09:22,548 [INFO] WebApp:186 - Connection restablished
2025-05-02 20:23:46,921 [INFO] WebApp:189 - Connection lost
2025-05-02 20:23:47,079 [INFO] WebApp:186 - Connection restablished
2025-05-02 20:41:46,418 [INFO] WebApp:189 - Connection lost
2025-05-02 20:41:46,615 [INFO] WebApp:186 - Connection restablished
2025-05-02 20:44:20,415 [INFO] WebApp:189 - Connection lost
2025-05-02 20:44:20,594 [INFO] WebApp:186 - Connection restablished
2025-05-02 20:54:36,588 [INFO] WebApp:189 - Connection lost
2025-05-02 20:54:36,986 [INFO] WebApp:186 - Connection restablished
2025-05-02 20:57:09,919 [INFO] WebApp:189 - Connection lost
2025-05-02 20:57:10,081 [INFO] WebApp:186 - Connection restablished
2025-05-02 21:02:19,903 [INFO] WebApp:189 - Connection lost
2025-05-02 21:02:20,066 [INFO] WebApp:186 - Connection restablished
2025-05-02 21:04:49,410 [INFO] WebApp:189 - Connection lost
2025-05-02 21:04:49,553 [INFO] WebApp:186 - Connection restablished
2025-05-02 21:07:23,400 [INFO] WebApp:189 - Connection lost
2025-05-02 21:07:23,566 [INFO] WebApp:186 - Connection restablished
2025-05-02 21:15:52,412 [INFO] WebApp:189 - Connection lost
2025-05-02 21:15:52,554 [INFO] WebApp:186 - Connection restablished
2025-05-02 21:50:50,460 [INFO] UtilMem:75 - End SaveConfig() Used Memory: 911103512 Bytes (1073741824)
2025-05-02 21:50:50,862 [INFO] UtilMem:75 - End SaveConfig() Used Memory: 933215264 Bytes (1073741824)
2025-05-02 21:50:51,246 [INFO] UtilMem:75 - End SaveConfig() Used Memory: 961435128 Bytes (1073741824)
2025-05-02 21:50:52,125 [INFO] BlockDiagram:2766 - set Specific Code input for plugin: ADC
2025-05-02 21:50:52,125 [INFO] BlockDiagram:2766 - set Specific Code input for plugin: NVIC
2025-05-02 21:50:52,125 [INFO] BlockDiagram:2766 - set Specific Code input for plugin: USART
2025-05-02 21:50:52,125 [INFO] BlockDiagram:2766 - set Specific Code input for plugin: DMA
2025-05-02 21:50:52,125 [INFO] BlockDiagram:2766 - set Specific Code input for plugin: TIM1_8F0
2025-05-02 21:50:52,125 [INFO] BlockDiagram:2766 - set Specific Code input for plugin: TIM1_8F0
2025-05-02 21:50:52,125 [INFO] BlockDiagram:2766 - set Specific Code input for plugin: SYS
2025-05-02 21:50:52,126 [INFO] BlockDiagram:2766 - set Specific Code input for plugin: GPIO
2025-05-02 21:50:52,127 [INFO] BlockDiagram:2766 - set Specific Code input for plugin: RCC
2025-05-02 21:50:52,149 [INFO] CodeGenerator:807 - code generatio: config db path: C:\ST\STM32CubeIDE_1.16.0\STM32CubeIDE\plugins\com.st.stm32cube.common.mx_6.12.1.202409122256\\db\
2025-05-02 21:50:52,214 [INFO] Argument:325 - Argument : hdmavalue: null
2025-05-02 21:50:52,214 [INFO] Argument:327 - 	 sub Args: 
2025-05-02 21:50:52,214 [INFO] Argument:325 - Argument : Instancevalue: DMA1_Channel1
2025-05-02 21:50:52,214 [INFO] Argument:335 - Argument : Instancevalue: DMA1_Channel1
2025-05-02 21:50:52,214 [INFO] Argument:325 - Argument : Initvalue: null
2025-05-02 21:50:52,214 [INFO] Argument:327 - 	 sub Args: 
2025-05-02 21:50:52,214 [INFO] Argument:325 - Argument : Directionvalue: DMA_PERIPH_TO_MEMORY
2025-05-02 21:50:52,214 [INFO] Argument:335 - Argument : Directionvalue: DMA_PERIPH_TO_MEMORY
2025-05-02 21:50:52,214 [INFO] Argument:325 - Argument : PeriphIncvalue: DMA_PINC_DISABLE
2025-05-02 21:50:52,214 [INFO] Argument:335 - Argument : PeriphIncvalue: DMA_PINC_DISABLE
2025-05-02 21:50:52,214 [INFO] Argument:325 - Argument : MemIncvalue: DMA_MINC_ENABLE
2025-05-02 21:50:52,214 [INFO] Argument:335 - Argument : MemIncvalue: DMA_MINC_ENABLE
2025-05-02 21:50:52,214 [INFO] Argument:325 - Argument : PeriphDataAlignmentvalue: DMA_PDATAALIGN_HALFWORD
2025-05-02 21:50:52,214 [INFO] Argument:335 - Argument : PeriphDataAlignmentvalue: DMA_PDATAALIGN_HALFWORD
2025-05-02 21:50:52,214 [INFO] Argument:325 - Argument : MemDataAlignmentvalue: DMA_MDATAALIGN_HALFWORD
2025-05-02 21:50:52,214 [INFO] Argument:335 - Argument : MemDataAlignmentvalue: DMA_MDATAALIGN_HALFWORD
2025-05-02 21:50:52,214 [INFO] Argument:325 - Argument : Modevalue: DMA_CIRCULAR
2025-05-02 21:50:52,214 [INFO] Argument:335 - Argument : Modevalue: DMA_CIRCULAR
2025-05-02 21:50:52,214 [INFO] Argument:325 - Argument : Priorityvalue: DMA_PRIORITY_LOW
2025-05-02 21:50:52,214 [INFO] Argument:335 - Argument : Priorityvalue: DMA_PRIORITY_LOW
2025-05-02 21:50:52,215 [INFO] Argument:325 - Argument : Lockvalue: null
2025-05-02 21:50:52,215 [INFO] Argument:335 - Argument : Lockvalue: null
2025-05-02 21:50:52,215 [INFO] Argument:325 - Argument : Statevalue: null
2025-05-02 21:50:52,215 [INFO] Argument:335 - Argument : Statevalue: null
2025-05-02 21:50:52,215 [INFO] Argument:325 - Argument : Parentvalue: null
2025-05-02 21:50:52,215 [INFO] Argument:335 - Argument : Parentvalue: null
2025-05-02 21:50:52,215 [INFO] Argument:325 - Argument : XferCpltCallbackvalue: null
2025-05-02 21:50:52,215 [INFO] Argument:335 - Argument : XferCpltCallbackvalue: null
2025-05-02 21:50:52,215 [INFO] Argument:325 - Argument : XferHalfCpltCallbackvalue: null
2025-05-02 21:50:52,215 [INFO] Argument:335 - Argument : XferHalfCpltCallbackvalue: null
2025-05-02 21:50:52,215 [INFO] Argument:325 - Argument : XferErrorCallbackvalue: null
2025-05-02 21:50:52,215 [INFO] Argument:335 - Argument : XferErrorCallbackvalue: null
2025-05-02 21:50:52,215 [INFO] Argument:325 - Argument : ErrorCodevalue: null
2025-05-02 21:50:52,215 [INFO] Argument:335 - Argument : ErrorCodevalue: null
2025-05-02 21:50:52,215 [INFO] Argument:325 - Argument : DMA_Remapvalue: null
2025-05-02 21:50:52,215 [INFO] Argument:335 - Argument : DMA_Remapvalue: null
2025-05-02 21:50:52,245 [INFO] Argument:325 - Argument : hdmavalue: null
2025-05-02 21:50:52,245 [INFO] Argument:327 - 	 sub Args: 
2025-05-02 21:50:52,245 [INFO] Argument:325 - Argument : Instancevalue: DMA1_Channel3
2025-05-02 21:50:52,245 [INFO] Argument:335 - Argument : Instancevalue: DMA1_Channel3
2025-05-02 21:50:52,245 [INFO] Argument:325 - Argument : Initvalue: null
2025-05-02 21:50:52,245 [INFO] Argument:327 - 	 sub Args: 
2025-05-02 21:50:52,245 [INFO] Argument:325 - Argument : Directionvalue: DMA_PERIPH_TO_MEMORY
2025-05-02 21:50:52,245 [INFO] Argument:335 - Argument : Directionvalue: DMA_PERIPH_TO_MEMORY
2025-05-02 21:50:52,245 [INFO] Argument:325 - Argument : PeriphIncvalue: DMA_PINC_DISABLE
2025-05-02 21:50:52,245 [INFO] Argument:335 - Argument : PeriphIncvalue: DMA_PINC_DISABLE
2025-05-02 21:50:52,245 [INFO] Argument:325 - Argument : MemIncvalue: DMA_MINC_ENABLE
2025-05-02 21:50:52,245 [INFO] Argument:335 - Argument : MemIncvalue: DMA_MINC_ENABLE
2025-05-02 21:50:52,245 [INFO] Argument:325 - Argument : PeriphDataAlignmentvalue: DMA_PDATAALIGN_BYTE
2025-05-02 21:50:52,246 [INFO] Argument:335 - Argument : PeriphDataAlignmentvalue: DMA_PDATAALIGN_BYTE
2025-05-02 21:50:52,246 [INFO] Argument:325 - Argument : MemDataAlignmentvalue: DMA_MDATAALIGN_BYTE
2025-05-02 21:50:52,246 [INFO] Argument:335 - Argument : MemDataAlignmentvalue: DMA_MDATAALIGN_BYTE
2025-05-02 21:50:52,246 [INFO] Argument:325 - Argument : Modevalue: DMA_NORMAL
2025-05-02 21:50:52,246 [INFO] Argument:335 - Argument : Modevalue: DMA_NORMAL
2025-05-02 21:50:52,246 [INFO] Argument:325 - Argument : Priorityvalue: DMA_PRIORITY_LOW
2025-05-02 21:50:52,246 [INFO] Argument:335 - Argument : Priorityvalue: DMA_PRIORITY_LOW
2025-05-02 21:50:52,246 [INFO] Argument:325 - Argument : Lockvalue: null
2025-05-02 21:50:52,246 [INFO] Argument:335 - Argument : Lockvalue: null
2025-05-02 21:50:52,246 [INFO] Argument:325 - Argument : Statevalue: null
2025-05-02 21:50:52,246 [INFO] Argument:335 - Argument : Statevalue: null
2025-05-02 21:50:52,246 [INFO] Argument:325 - Argument : Parentvalue: null
2025-05-02 21:50:52,246 [INFO] Argument:335 - Argument : Parentvalue: null
2025-05-02 21:50:52,246 [INFO] Argument:325 - Argument : XferCpltCallbackvalue: null
2025-05-02 21:50:52,246 [INFO] Argument:335 - Argument : XferCpltCallbackvalue: null
2025-05-02 21:50:52,246 [INFO] Argument:325 - Argument : XferHalfCpltCallbackvalue: null
2025-05-02 21:50:52,246 [INFO] Argument:335 - Argument : XferHalfCpltCallbackvalue: null
2025-05-02 21:50:52,246 [INFO] Argument:325 - Argument : XferErrorCallbackvalue: null
2025-05-02 21:50:52,246 [INFO] Argument:335 - Argument : XferErrorCallbackvalue: null
2025-05-02 21:50:52,246 [INFO] Argument:325 - Argument : ErrorCodevalue: null
2025-05-02 21:50:52,246 [INFO] Argument:335 - Argument : ErrorCodevalue: null
2025-05-02 21:50:52,246 [INFO] Argument:325 - Argument : DMA_Remapvalue: null
2025-05-02 21:50:52,246 [INFO] Argument:335 - Argument : DMA_Remapvalue: null
2025-05-02 21:50:54,424 [INFO] CodeEngine:255 - oldGeneratedFile, C:\Users\danie\Documents\GitHub\Weller-to-JBC-converter\Firmware\MXTmpFiles\license.tmp_save
2025-05-02 21:50:54,839 [INFO] CodeEngine:279 - Generated code: C:\Users\danie\Documents\GitHub\Weller-to-JBC-converter\Firmware\MXTmpFiles\license.tmp
2025-05-02 21:50:55,121 [INFO] CodeEngine:255 - oldGeneratedFile, C:\Users\danie\Documents\GitHub\Weller-to-JBC-converter\Firmware\MXTmpFiles\gpio.tmp_save
2025-05-02 21:50:55,291 [INFO] CodeEngine:279 - Generated code: C:\Users\danie\Documents\GitHub\Weller-to-JBC-converter\Firmware\MXTmpFiles\gpio.tmp
2025-05-02 21:50:55,926 [INFO] CodeEngine:255 - oldGeneratedFile, C:\Users\danie\Documents\GitHub\Weller-to-JBC-converter\Firmware\MXTmpFiles\dma.tmp_save
2025-05-02 21:50:56,027 [INFO] CodeEngine:279 - Generated code: C:\Users\danie\Documents\GitHub\Weller-to-JBC-converter\Firmware\MXTmpFiles\dma.tmp
2025-05-02 21:50:56,089 [INFO] CodeEngine:255 - oldGeneratedFile, C:\Users\danie\Documents\GitHub\Weller-to-JBC-converter\Firmware\MXTmpFiles\dma_GV.tmp_save
2025-05-02 21:50:56,184 [INFO] CodeEngine:279 - Generated code: C:\Users\danie\Documents\GitHub\Weller-to-JBC-converter\Firmware\MXTmpFiles\dma_GV.tmp
2025-05-02 21:50:56,243 [INFO] CodeEngine:255 - oldGeneratedFile, C:\Users\danie\Documents\GitHub\Weller-to-JBC-converter\Firmware\Core\Src\stm32f0xx_it.c_save
2025-05-02 21:50:56,692 [INFO] CodeEngine:279 - Generated code: C:\Users\danie\Documents\GitHub\Weller-to-JBC-converter\Firmware\Core\Src\stm32f0xx_it.c
2025-05-02 21:50:56,839 [INFO] CodeEngine:255 - oldGeneratedFile, C:\Users\danie\Documents\GitHub\Weller-to-JBC-converter\Firmware\Core\Inc\stm32f0xx_it.h_save
2025-05-02 21:50:57,017 [INFO] CodeEngine:279 - Generated code: C:\Users\danie\Documents\GitHub\Weller-to-JBC-converter\Firmware\Core\Inc\stm32f0xx_it.h
2025-05-02 21:50:57,192 [INFO] CodeEngine:255 - oldGeneratedFile, C:\Users\danie\Documents\GitHub\Weller-to-JBC-converter\Firmware\Core\Src\stm32f0xx_hal_msp.c_save
2025-05-02 21:50:57,445 [INFO] CodeEngine:279 - Generated code: C:\Users\danie\Documents\GitHub\Weller-to-JBC-converter\Firmware\Core\Src\stm32f0xx_hal_msp.c
2025-05-02 21:50:57,489 [INFO] CodeEngine:255 - oldGeneratedFile, C:\Users\danie\Documents\GitHub\Weller-to-JBC-converter\Firmware\MXTmpFiles\system.tmp_save
2025-05-02 21:50:57,726 [INFO] CodeEngine:279 - Generated code: C:\Users\danie\Documents\GitHub\Weller-to-JBC-converter\Firmware\MXTmpFiles\system.tmp
2025-05-02 21:50:57,857 [INFO] CodeEngine:311 - oldGeneratedFile, C:\Users\danie\Documents\GitHub\Weller-to-JBC-converter\Firmware\Core\Inc\stm32f0xx_hal_conf.h_save
2025-05-02 21:50:58,032 [INFO] CodeEngine:335 - Generated code: C:\Users\danie\Documents\GitHub\Weller-to-JBC-converter\Firmware\Core\Inc\stm32f0xx_hal_conf.h
2025-05-02 21:50:58,057 [WARN] IPConfigManager:3554 - IP not found : TIM
2025-05-02 21:50:58,075 [WARN] CodeGenerator:4002 - IP not found : null
2025-05-02 21:50:58,291 [INFO] CodeEngine:255 - oldGeneratedFile, C:\Users\danie\Documents\GitHub\Weller-to-JBC-converter\Firmware\Core\Inc\main.h_save
2025-05-02 21:50:58,466 [INFO] CodeEngine:279 - Generated code: C:\Users\danie\Documents\GitHub\Weller-to-JBC-converter\Firmware\Core\Inc\main.h
2025-05-02 21:50:58,528 [INFO] CodeEngine:255 - oldGeneratedFile, C:\Users\danie\Documents\GitHub\Weller-to-JBC-converter\Firmware\Core\Src\main.c_save
2025-05-02 21:50:58,806 [INFO] CodeEngine:279 - Generated code: C:\Users\danie\Documents\GitHub\Weller-to-JBC-converter\Firmware\Core\Src\main.c
2025-05-02 21:51:03,794 [INFO] ProjectBuilder:3249 - Time for Copy HAL[1] : 3492mS.
2025-05-02 21:51:03,932 [INFO] ProjectBuilder:4828 - Project Generator version: 4.5.0-B34
2025-05-02 21:51:04,556 [INFO] ConfigFileManager:1531 - The Die is : DIE440
2025-05-02 21:51:07,515 [INFO] ProjectBuilder:5097 - Time for Generating toolchain IDE Files: 3583mS.
2025-05-02 21:51:07,516 [INFO] ProjectBuilder:3107 - Time for Copy CMSIS : 1mS.
2025-05-02 21:51:07,549 [INFO] ProjectBuilder:3107 - Time for Copy CMSIS : 0mS.
2025-05-02 21:58:45,464 [INFO] UtilMem:75 - End SaveConfig() Used Memory: 732034624 Bytes (1073741824)
2025-05-02 21:58:45,590 [INFO] UtilMem:75 - End SaveConfig() Used Memory: 748811840 Bytes (1073741824)
2025-05-02 21:58:46,640 [INFO] UtilMem:75 - End SaveConfig() Used Memory: 818540096 Bytes (1073741824)
2025-05-02 21:58:47,120 [INFO] BlockDiagram:2766 - set Specific Code input for plugin: ADC
2025-05-02 21:58:47,120 [INFO] BlockDiagram:2766 - set Specific Code input for plugin: NVIC
2025-05-02 21:58:47,120 [INFO] BlockDiagram:2766 - set Specific Code input for plugin: USART
2025-05-02 21:58:47,120 [INFO] BlockDiagram:2766 - set Specific Code input for plugin: DMA
2025-05-02 21:58:47,120 [INFO] BlockDiagram:2766 - set Specific Code input for plugin: TIM1_8F0
2025-05-02 21:58:47,121 [INFO] BlockDiagram:2766 - set Specific Code input for plugin: TIM1_8F0
2025-05-02 21:58:47,121 [INFO] BlockDiagram:2766 - set Specific Code input for plugin: SYS
2025-05-02 21:58:47,121 [INFO] BlockDiagram:2766 - set Specific Code input for plugin: GPIO
2025-05-02 21:58:47,121 [INFO] BlockDiagram:2766 - set Specific Code input for plugin: RCC
2025-05-02 21:58:47,122 [INFO] CodeGenerator:807 - code generatio: config db path: C:\ST\STM32CubeIDE_1.16.0\STM32CubeIDE\plugins\com.st.stm32cube.common.mx_6.12.1.202409122256\\db\
2025-05-02 21:58:47,124 [INFO] Argument:325 - Argument : hdmavalue: null
2025-05-02 21:58:47,124 [INFO] Argument:327 - 	 sub Args: 
2025-05-02 21:58:47,124 [INFO] Argument:325 - Argument : Instancevalue: DMA1_Channel1
2025-05-02 21:58:47,124 [INFO] Argument:335 - Argument : Instancevalue: DMA1_Channel1
2025-05-02 21:58:47,124 [INFO] Argument:325 - Argument : Initvalue: null
2025-05-02 21:58:47,124 [INFO] Argument:327 - 	 sub Args: 
2025-05-02 21:58:47,125 [INFO] Argument:325 - Argument : Directionvalue: DMA_PERIPH_TO_MEMORY
2025-05-02 21:58:47,125 [INFO] Argument:335 - Argument : Directionvalue: DMA_PERIPH_TO_MEMORY
2025-05-02 21:58:47,125 [INFO] Argument:325 - Argument : PeriphIncvalue: DMA_PINC_DISABLE
2025-05-02 21:58:47,125 [INFO] Argument:335 - Argument : PeriphIncvalue: DMA_PINC_DISABLE
2025-05-02 21:58:47,125 [INFO] Argument:325 - Argument : MemIncvalue: DMA_MINC_ENABLE
2025-05-02 21:58:47,125 [INFO] Argument:335 - Argument : MemIncvalue: DMA_MINC_ENABLE
2025-05-02 21:58:47,125 [INFO] Argument:325 - Argument : PeriphDataAlignmentvalue: DMA_PDATAALIGN_HALFWORD
2025-05-02 21:58:47,125 [INFO] Argument:335 - Argument : PeriphDataAlignmentvalue: DMA_PDATAALIGN_HALFWORD
2025-05-02 21:58:47,125 [INFO] Argument:325 - Argument : MemDataAlignmentvalue: DMA_MDATAALIGN_HALFWORD
2025-05-02 21:58:47,125 [INFO] Argument:335 - Argument : MemDataAlignmentvalue: DMA_MDATAALIGN_HALFWORD
2025-05-02 21:58:47,125 [INFO] Argument:325 - Argument : Modevalue: DMA_CIRCULAR
2025-05-02 21:58:47,125 [INFO] Argument:335 - Argument : Modevalue: DMA_CIRCULAR
2025-05-02 21:58:47,125 [INFO] Argument:325 - Argument : Priorityvalue: DMA_PRIORITY_LOW
2025-05-02 21:58:47,125 [INFO] Argument:335 - Argument : Priorityvalue: DMA_PRIORITY_LOW
2025-05-02 21:58:47,125 [INFO] Argument:325 - Argument : Lockvalue: null
2025-05-02 21:58:47,125 [INFO] Argument:335 - Argument : Lockvalue: null
2025-05-02 21:58:47,125 [INFO] Argument:325 - Argument : Statevalue: null
2025-05-02 21:58:47,125 [INFO] Argument:335 - Argument : Statevalue: null
2025-05-02 21:58:47,125 [INFO] Argument:325 - Argument : Parentvalue: null
2025-05-02 21:58:47,126 [INFO] Argument:335 - Argument : Parentvalue: null
2025-05-02 21:58:47,126 [INFO] Argument:325 - Argument : XferCpltCallbackvalue: null
2025-05-02 21:58:47,126 [INFO] Argument:335 - Argument : XferCpltCallbackvalue: null
2025-05-02 21:58:47,126 [INFO] Argument:325 - Argument : XferHalfCpltCallbackvalue: null
2025-05-02 21:58:47,126 [INFO] Argument:335 - Argument : XferHalfCpltCallbackvalue: null
2025-05-02 21:58:47,126 [INFO] Argument:325 - Argument : XferErrorCallbackvalue: null
2025-05-02 21:58:47,126 [INFO] Argument:335 - Argument : XferErrorCallbackvalue: null
2025-05-02 21:58:47,126 [INFO] Argument:325 - Argument : ErrorCodevalue: null
2025-05-02 21:58:47,126 [INFO] Argument:335 - Argument : ErrorCodevalue: null
2025-05-02 21:58:47,126 [INFO] Argument:325 - Argument : DMA_Remapvalue: null
2025-05-02 21:58:47,126 [INFO] Argument:335 - Argument : DMA_Remapvalue: null
2025-05-02 21:58:47,174 [INFO] Argument:325 - Argument : hdmavalue: null
2025-05-02 21:58:47,174 [INFO] Argument:327 - 	 sub Args: 
2025-05-02 21:58:47,174 [INFO] Argument:325 - Argument : Instancevalue: DMA1_Channel3
2025-05-02 21:58:47,175 [INFO] Argument:335 - Argument : Instancevalue: DMA1_Channel3
2025-05-02 21:58:47,175 [INFO] Argument:325 - Argument : Initvalue: null
2025-05-02 21:58:47,175 [INFO] Argument:327 - 	 sub Args: 
2025-05-02 21:58:47,175 [INFO] Argument:325 - Argument : Directionvalue: DMA_PERIPH_TO_MEMORY
2025-05-02 21:58:47,175 [INFO] Argument:335 - Argument : Directionvalue: DMA_PERIPH_TO_MEMORY
2025-05-02 21:58:47,175 [INFO] Argument:325 - Argument : PeriphIncvalue: DMA_PINC_DISABLE
2025-05-02 21:58:47,175 [INFO] Argument:335 - Argument : PeriphIncvalue: DMA_PINC_DISABLE
2025-05-02 21:58:47,175 [INFO] Argument:325 - Argument : MemIncvalue: DMA_MINC_ENABLE
2025-05-02 21:58:47,175 [INFO] Argument:335 - Argument : MemIncvalue: DMA_MINC_ENABLE
2025-05-02 21:58:47,175 [INFO] Argument:325 - Argument : PeriphDataAlignmentvalue: DMA_PDATAALIGN_BYTE
2025-05-02 21:58:47,175 [INFO] Argument:335 - Argument : PeriphDataAlignmentvalue: DMA_PDATAALIGN_BYTE
2025-05-02 21:58:47,175 [INFO] Argument:325 - Argument : MemDataAlignmentvalue: DMA_MDATAALIGN_BYTE
2025-05-02 21:58:47,175 [INFO] Argument:335 - Argument : MemDataAlignmentvalue: DMA_MDATAALIGN_BYTE
2025-05-02 21:58:47,175 [INFO] Argument:325 - Argument : Modevalue: DMA_NORMAL
2025-05-02 21:58:47,175 [INFO] Argument:335 - Argument : Modevalue: DMA_NORMAL
2025-05-02 21:58:47,175 [INFO] Argument:325 - Argument : Priorityvalue: DMA_PRIORITY_LOW
2025-05-02 21:58:47,175 [INFO] Argument:335 - Argument : Priorityvalue: DMA_PRIORITY_LOW
2025-05-02 21:58:47,175 [INFO] Argument:325 - Argument : Lockvalue: null
2025-05-02 21:58:47,175 [INFO] Argument:335 - Argument : Lockvalue: null
2025-05-02 21:58:47,175 [INFO] Argument:325 - Argument : Statevalue: null
2025-05-02 21:58:47,175 [INFO] Argument:335 - Argument : Statevalue: null
2025-05-02 21:58:47,175 [INFO] Argument:325 - Argument : Parentvalue: null
2025-05-02 21:58:47,175 [INFO] Argument:335 - Argument : Parentvalue: null
2025-05-02 21:58:47,176 [INFO] Argument:325 - Argument : XferCpltCallbackvalue: null
2025-05-02 21:58:47,176 [INFO] Argument:335 - Argument : XferCpltCallbackvalue: null
2025-05-02 21:58:47,176 [INFO] Argument:325 - Argument : XferHalfCpltCallbackvalue: null
2025-05-02 21:58:47,176 [INFO] Argument:335 - Argument : XferHalfCpltCallbackvalue: null
2025-05-02 21:58:47,176 [INFO] Argument:325 - Argument : XferErrorCallbackvalue: null
2025-05-02 21:58:47,176 [INFO] Argument:335 - Argument : XferErrorCallbackvalue: null
2025-05-02 21:58:47,176 [INFO] Argument:325 - Argument : ErrorCodevalue: null
2025-05-02 21:58:47,176 [INFO] Argument:335 - Argument : ErrorCodevalue: null
2025-05-02 21:58:47,176 [INFO] Argument:325 - Argument : DMA_Remapvalue: null
2025-05-02 21:58:47,176 [INFO] Argument:335 - Argument : DMA_Remapvalue: null
2025-05-02 21:58:47,306 [INFO] CodeEngine:255 - oldGeneratedFile, C:\Users\danie\Documents\GitHub\Weller-to-JBC-converter\Firmware\MXTmpFiles\license.tmp_save
2025-05-02 21:58:47,464 [INFO] CodeEngine:279 - Generated code: C:\Users\danie\Documents\GitHub\Weller-to-JBC-converter\Firmware\MXTmpFiles\license.tmp
2025-05-02 21:58:47,504 [INFO] CodeEngine:255 - oldGeneratedFile, C:\Users\danie\Documents\GitHub\Weller-to-JBC-converter\Firmware\MXTmpFiles\gpio.tmp_save
2025-05-02 21:58:47,689 [INFO] CodeEngine:279 - Generated code: C:\Users\danie\Documents\GitHub\Weller-to-JBC-converter\Firmware\MXTmpFiles\gpio.tmp
2025-05-02 21:58:48,078 [INFO] CodeEngine:255 - oldGeneratedFile, C:\Users\danie\Documents\GitHub\Weller-to-JBC-converter\Firmware\MXTmpFiles\dma.tmp_save
2025-05-02 21:58:48,223 [INFO] CodeEngine:279 - Generated code: C:\Users\danie\Documents\GitHub\Weller-to-JBC-converter\Firmware\MXTmpFiles\dma.tmp
2025-05-02 21:58:48,228 [INFO] CodeEngine:255 - oldGeneratedFile, C:\Users\danie\Documents\GitHub\Weller-to-JBC-converter\Firmware\MXTmpFiles\dma_GV.tmp_save
2025-05-02 21:58:48,303 [INFO] CodeEngine:279 - Generated code: C:\Users\danie\Documents\GitHub\Weller-to-JBC-converter\Firmware\MXTmpFiles\dma_GV.tmp
2025-05-02 21:58:48,348 [INFO] CodeEngine:255 - oldGeneratedFile, C:\Users\danie\Documents\GitHub\Weller-to-JBC-converter\Firmware\Core\Src\stm32f0xx_it.c_save
2025-05-02 21:58:48,593 [INFO] CodeEngine:279 - Generated code: C:\Users\danie\Documents\GitHub\Weller-to-JBC-converter\Firmware\Core\Src\stm32f0xx_it.c
2025-05-02 21:58:48,605 [INFO] CodeEngine:255 - oldGeneratedFile, C:\Users\danie\Documents\GitHub\Weller-to-JBC-converter\Firmware\Core\Inc\stm32f0xx_it.h_save
2025-05-02 21:58:48,734 [INFO] CodeEngine:279 - Generated code: C:\Users\danie\Documents\GitHub\Weller-to-JBC-converter\Firmware\Core\Inc\stm32f0xx_it.h
2025-05-02 21:58:48,770 [INFO] CodeEngine:255 - oldGeneratedFile, C:\Users\danie\Documents\GitHub\Weller-to-JBC-converter\Firmware\Core\Src\stm32f0xx_hal_msp.c_save
2025-05-02 21:58:49,037 [INFO] CodeEngine:279 - Generated code: C:\Users\danie\Documents\GitHub\Weller-to-JBC-converter\Firmware\Core\Src\stm32f0xx_hal_msp.c
2025-05-02 21:58:49,066 [INFO] CodeEngine:255 - oldGeneratedFile, C:\Users\danie\Documents\GitHub\Weller-to-JBC-converter\Firmware\MXTmpFiles\system.tmp_save
2025-05-02 21:58:49,156 [INFO] CodeEngine:279 - Generated code: C:\Users\danie\Documents\GitHub\Weller-to-JBC-converter\Firmware\MXTmpFiles\system.tmp
2025-05-02 21:58:49,195 [INFO] CodeEngine:311 - oldGeneratedFile, C:\Users\danie\Documents\GitHub\Weller-to-JBC-converter\Firmware\Core\Inc\stm32f0xx_hal_conf.h_save
2025-05-02 21:58:49,347 [INFO] CodeEngine:335 - Generated code: C:\Users\danie\Documents\GitHub\Weller-to-JBC-converter\Firmware\Core\Inc\stm32f0xx_hal_conf.h
2025-05-02 21:58:49,422 [WARN] IPConfigManager:3554 - IP not found : TIM
2025-05-02 21:58:49,424 [WARN] CodeGenerator:4002 - IP not found : null
2025-05-02 21:58:49,462 [INFO] CodeEngine:255 - oldGeneratedFile, C:\Users\danie\Documents\GitHub\Weller-to-JBC-converter\Firmware\Core\Inc\main.h_save
2025-05-02 21:58:49,620 [INFO] CodeEngine:279 - Generated code: C:\Users\danie\Documents\GitHub\Weller-to-JBC-converter\Firmware\Core\Inc\main.h
2025-05-02 21:58:49,645 [INFO] CodeEngine:255 - oldGeneratedFile, C:\Users\danie\Documents\GitHub\Weller-to-JBC-converter\Firmware\Core\Src\main.c_save
2025-05-02 21:58:49,893 [INFO] CodeEngine:279 - Generated code: C:\Users\danie\Documents\GitHub\Weller-to-JBC-converter\Firmware\Core\Src\main.c
2025-05-02 21:58:50,487 [INFO] ProjectBuilder:3249 - Time for Copy HAL[1] : 285mS.
2025-05-02 21:58:50,493 [INFO] ProjectBuilder:4828 - Project Generator version: 4.5.0-B34
2025-05-02 21:58:50,627 [INFO] ConfigFileManager:1531 - The Die is : DIE440
2025-05-02 21:58:53,390 [INFO] ProjectBuilder:5097 - Time for Generating toolchain IDE Files: 2897mS.
2025-05-02 21:58:53,391 [INFO] ProjectBuilder:3107 - Time for Copy CMSIS : 1mS.
2025-05-02 21:58:53,423 [INFO] ProjectBuilder:3107 - Time for Copy CMSIS : 1mS.
2025-05-02 22:03:52,162 [INFO] WebApp:189 - Connection lost
2025-05-02 22:03:54,347 [INFO] WebApp:186 - Connection restablished
2025-05-02 22:44:52,480 [INFO] WebApp:189 - Connection lost
2025-05-02 22:44:52,656 [INFO] WebApp:186 - Connection restablished
2025-05-02 22:52:34,479 [INFO] WebApp:189 - Connection lost
2025-05-02 22:52:34,649 [INFO] WebApp:186 - Connection restablished
2025-05-02 22:55:08,483 [INFO] WebApp:189 - Connection lost
2025-05-02 22:55:08,637 [INFO] WebApp:186 - Connection restablished
2025-05-02 22:57:42,463 [INFO] WebApp:189 - Connection lost
2025-05-02 22:57:42,624 [INFO] WebApp:186 - Connection restablished
2025-05-02 23:05:25,488 [INFO] WebApp:189 - Connection lost
2025-05-02 23:05:25,642 [INFO] WebApp:186 - Connection restablished
2025-05-02 23:07:57,466 [INFO] WebApp:189 - Connection lost
2025-05-02 23:07:57,610 [INFO] WebApp:186 - Connection restablished
2025-05-02 23:13:33,525 [INFO] UtilMem:75 - End SaveConfig() Used Memory: 712172280 Bytes (1073741824)
2025-05-02 23:13:33,638 [INFO] UtilMem:75 - End SaveConfig() Used Memory: 728949752 Bytes (1073741824)
2025-05-02 23:13:34,677 [INFO] UtilMem:75 - End SaveConfig() Used Memory: 802475656 Bytes (1073741824)
2025-05-02 23:13:35,158 [INFO] BlockDiagram:2766 - set Specific Code input for plugin: ADC
2025-05-02 23:13:35,158 [INFO] BlockDiagram:2766 - set Specific Code input for plugin: NVIC
2025-05-02 23:13:35,158 [INFO] BlockDiagram:2766 - set Specific Code input for plugin: USART
2025-05-02 23:13:35,158 [INFO] BlockDiagram:2766 - set Specific Code input for plugin: DMA
2025-05-02 23:13:35,158 [INFO] BlockDiagram:2766 - set Specific Code input for plugin: TIM1_8F0
2025-05-02 23:13:35,158 [INFO] BlockDiagram:2766 - set Specific Code input for plugin: TIM1_8F0
2025-05-02 23:13:35,158 [INFO] BlockDiagram:2766 - set Specific Code input for plugin: SYS
2025-05-02 23:13:35,159 [INFO] BlockDiagram:2766 - set Specific Code input for plugin: GPIO
2025-05-02 23:13:35,159 [INFO] BlockDiagram:2766 - set Specific Code input for plugin: RCC
2025-05-02 23:13:35,160 [INFO] CodeGenerator:807 - code generatio: config db path: C:\ST\STM32CubeIDE_1.16.0\STM32CubeIDE\plugins\com.st.stm32cube.common.mx_6.12.1.202409122256\\db\
2025-05-02 23:13:35,163 [INFO] Argument:325 - Argument : hdmavalue: null
2025-05-02 23:13:35,163 [INFO] Argument:327 - 	 sub Args: 
2025-05-02 23:13:35,163 [INFO] Argument:325 - Argument : Instancevalue: DMA1_Channel1
2025-05-02 23:13:35,163 [INFO] Argument:335 - Argument : Instancevalue: DMA1_Channel1
2025-05-02 23:13:35,163 [INFO] Argument:325 - Argument : Initvalue: null
2025-05-02 23:13:35,163 [INFO] Argument:327 - 	 sub Args: 
2025-05-02 23:13:35,164 [INFO] Argument:325 - Argument : Directionvalue: DMA_PERIPH_TO_MEMORY
2025-05-02 23:13:35,164 [INFO] Argument:335 - Argument : Directionvalue: DMA_PERIPH_TO_MEMORY
2025-05-02 23:13:35,164 [INFO] Argument:325 - Argument : PeriphIncvalue: DMA_PINC_DISABLE
2025-05-02 23:13:35,164 [INFO] Argument:335 - Argument : PeriphIncvalue: DMA_PINC_DISABLE
2025-05-02 23:13:35,164 [INFO] Argument:325 - Argument : MemIncvalue: DMA_MINC_ENABLE
2025-05-02 23:13:35,164 [INFO] Argument:335 - Argument : MemIncvalue: DMA_MINC_ENABLE
2025-05-02 23:13:35,164 [INFO] Argument:325 - Argument : PeriphDataAlignmentvalue: DMA_PDATAALIGN_HALFWORD
2025-05-02 23:13:35,164 [INFO] Argument:335 - Argument : PeriphDataAlignmentvalue: DMA_PDATAALIGN_HALFWORD
2025-05-02 23:13:35,164 [INFO] Argument:325 - Argument : MemDataAlignmentvalue: DMA_MDATAALIGN_HALFWORD
2025-05-02 23:13:35,164 [INFO] Argument:335 - Argument : MemDataAlignmentvalue: DMA_MDATAALIGN_HALFWORD
2025-05-02 23:13:35,164 [INFO] Argument:325 - Argument : Modevalue: DMA_CIRCULAR
2025-05-02 23:13:35,164 [INFO] Argument:335 - Argument : Modevalue: DMA_CIRCULAR
2025-05-02 23:13:35,164 [INFO] Argument:325 - Argument : Priorityvalue: DMA_PRIORITY_LOW
2025-05-02 23:13:35,164 [INFO] Argument:335 - Argument : Priorityvalue: DMA_PRIORITY_LOW
2025-05-02 23:13:35,164 [INFO] Argument:325 - Argument : Lockvalue: null
2025-05-02 23:13:35,164 [INFO] Argument:335 - Argument : Lockvalue: null
2025-05-02 23:13:35,164 [INFO] Argument:325 - Argument : Statevalue: null
2025-05-02 23:13:35,164 [INFO] Argument:335 - Argument : Statevalue: null
2025-05-02 23:13:35,164 [INFO] Argument:325 - Argument : Parentvalue: null
2025-05-02 23:13:35,164 [INFO] Argument:335 - Argument : Parentvalue: null
2025-05-02 23:13:35,165 [INFO] Argument:325 - Argument : XferCpltCallbackvalue: null
2025-05-02 23:13:35,165 [INFO] Argument:335 - Argument : XferCpltCallbackvalue: null
2025-05-02 23:13:35,165 [INFO] Argument:325 - Argument : XferHalfCpltCallbackvalue: null
2025-05-02 23:13:35,165 [INFO] Argument:335 - Argument : XferHalfCpltCallbackvalue: null
2025-05-02 23:13:35,165 [INFO] Argument:325 - Argument : XferErrorCallbackvalue: null
2025-05-02 23:13:35,165 [INFO] Argument:335 - Argument : XferErrorCallbackvalue: null
2025-05-02 23:13:35,165 [INFO] Argument:325 - Argument : ErrorCodevalue: null
2025-05-02 23:13:35,165 [INFO] Argument:335 - Argument : ErrorCodevalue: null
2025-05-02 23:13:35,165 [INFO] Argument:325 - Argument : DMA_Remapvalue: null
2025-05-02 23:13:35,165 [INFO] Argument:335 - Argument : DMA_Remapvalue: null
2025-05-02 23:13:35,191 [INFO] Argument:325 - Argument : hdmavalue: null
2025-05-02 23:13:35,192 [INFO] Argument:327 - 	 sub Args: 
2025-05-02 23:13:35,192 [INFO] Argument:325 - Argument : Instancevalue: DMA1_Channel3
2025-05-02 23:13:35,192 [INFO] Argument:335 - Argument : Instancevalue: DMA1_Channel3
2025-05-02 23:13:35,192 [INFO] Argument:325 - Argument : Initvalue: null
2025-05-02 23:13:35,192 [INFO] Argument:327 - 	 sub Args: 
2025-05-02 23:13:35,192 [INFO] Argument:325 - Argument : Directionvalue: DMA_PERIPH_TO_MEMORY
2025-05-02 23:13:35,192 [INFO] Argument:335 - Argument : Directionvalue: DMA_PERIPH_TO_MEMORY
2025-05-02 23:13:35,192 [INFO] Argument:325 - Argument : PeriphIncvalue: DMA_PINC_DISABLE
2025-05-02 23:13:35,192 [INFO] Argument:335 - Argument : PeriphIncvalue: DMA_PINC_DISABLE
2025-05-02 23:13:35,192 [INFO] Argument:325 - Argument : MemIncvalue: DMA_MINC_ENABLE
2025-05-02 23:13:35,192 [INFO] Argument:335 - Argument : MemIncvalue: DMA_MINC_ENABLE
2025-05-02 23:13:35,192 [INFO] Argument:325 - Argument : PeriphDataAlignmentvalue: DMA_PDATAALIGN_BYTE
2025-05-02 23:13:35,192 [INFO] Argument:335 - Argument : PeriphDataAlignmentvalue: DMA_PDATAALIGN_BYTE
2025-05-02 23:13:35,192 [INFO] Argument:325 - Argument : MemDataAlignmentvalue: DMA_MDATAALIGN_BYTE
2025-05-02 23:13:35,192 [INFO] Argument:335 - Argument : MemDataAlignmentvalue: DMA_MDATAALIGN_BYTE
2025-05-02 23:13:35,192 [INFO] Argument:325 - Argument : Modevalue: DMA_NORMAL
2025-05-02 23:13:35,192 [INFO] Argument:335 - Argument : Modevalue: DMA_NORMAL
2025-05-02 23:13:35,192 [INFO] Argument:325 - Argument : Priorityvalue: DMA_PRIORITY_LOW
2025-05-02 23:13:35,192 [INFO] Argument:335 - Argument : Priorityvalue: DMA_PRIORITY_LOW
2025-05-02 23:13:35,192 [INFO] Argument:325 - Argument : Lockvalue: null
2025-05-02 23:13:35,192 [INFO] Argument:335 - Argument : Lockvalue: null
2025-05-02 23:13:35,192 [INFO] Argument:325 - Argument : Statevalue: null
2025-05-02 23:13:35,192 [INFO] Argument:335 - Argument : Statevalue: null
2025-05-02 23:13:35,192 [INFO] Argument:325 - Argument : Parentvalue: null
2025-05-02 23:13:35,192 [INFO] Argument:335 - Argument : Parentvalue: null
2025-05-02 23:13:35,192 [INFO] Argument:325 - Argument : XferCpltCallbackvalue: null
2025-05-02 23:13:35,192 [INFO] Argument:335 - Argument : XferCpltCallbackvalue: null
2025-05-02 23:13:35,192 [INFO] Argument:325 - Argument : XferHalfCpltCallbackvalue: null
2025-05-02 23:13:35,192 [INFO] Argument:335 - Argument : XferHalfCpltCallbackvalue: null
2025-05-02 23:13:35,193 [INFO] Argument:325 - Argument : XferErrorCallbackvalue: null
2025-05-02 23:13:35,193 [INFO] Argument:335 - Argument : XferErrorCallbackvalue: null
2025-05-02 23:13:35,193 [INFO] Argument:325 - Argument : ErrorCodevalue: null
2025-05-02 23:13:35,193 [INFO] Argument:335 - Argument : ErrorCodevalue: null
2025-05-02 23:13:35,193 [INFO] Argument:325 - Argument : DMA_Remapvalue: null
2025-05-02 23:13:35,193 [INFO] Argument:335 - Argument : DMA_Remapvalue: null
2025-05-02 23:13:35,339 [INFO] CodeEngine:255 - oldGeneratedFile, C:\Users\danie\Documents\GitHub\Weller-to-JBC-converter\Firmware\MXTmpFiles\license.tmp_save
2025-05-02 23:13:35,548 [INFO] CodeEngine:279 - Generated code: C:\Users\danie\Documents\GitHub\Weller-to-JBC-converter\Firmware\MXTmpFiles\license.tmp
2025-05-02 23:13:35,603 [INFO] CodeEngine:255 - oldGeneratedFile, C:\Users\danie\Documents\GitHub\Weller-to-JBC-converter\Firmware\MXTmpFiles\gpio.tmp_save
2025-05-02 23:13:35,769 [INFO] CodeEngine:279 - Generated code: C:\Users\danie\Documents\GitHub\Weller-to-JBC-converter\Firmware\MXTmpFiles\gpio.tmp
2025-05-02 23:13:36,127 [INFO] CodeEngine:255 - oldGeneratedFile, C:\Users\danie\Documents\GitHub\Weller-to-JBC-converter\Firmware\MXTmpFiles\dma.tmp_save
2025-05-02 23:13:36,289 [INFO] CodeEngine:279 - Generated code: C:\Users\danie\Documents\GitHub\Weller-to-JBC-converter\Firmware\MXTmpFiles\dma.tmp
2025-05-02 23:13:36,296 [INFO] CodeEngine:255 - oldGeneratedFile, C:\Users\danie\Documents\GitHub\Weller-to-JBC-converter\Firmware\MXTmpFiles\dma_GV.tmp_save
2025-05-02 23:13:36,365 [INFO] CodeEngine:279 - Generated code: C:\Users\danie\Documents\GitHub\Weller-to-JBC-converter\Firmware\MXTmpFiles\dma_GV.tmp
2025-05-02 23:13:36,410 [INFO] CodeEngine:255 - oldGeneratedFile, C:\Users\danie\Documents\GitHub\Weller-to-JBC-converter\Firmware\Core\Src\stm32f0xx_it.c_save
2025-05-02 23:13:36,620 [INFO] CodeEngine:279 - Generated code: C:\Users\danie\Documents\GitHub\Weller-to-JBC-converter\Firmware\Core\Src\stm32f0xx_it.c
2025-05-02 23:13:36,659 [INFO] CodeEngine:255 - oldGeneratedFile, C:\Users\danie\Documents\GitHub\Weller-to-JBC-converter\Firmware\Core\Inc\stm32f0xx_it.h_save
2025-05-02 23:13:36,742 [INFO] CodeEngine:279 - Generated code: C:\Users\danie\Documents\GitHub\Weller-to-JBC-converter\Firmware\Core\Inc\stm32f0xx_it.h
2025-05-02 23:13:36,788 [INFO] CodeEngine:255 - oldGeneratedFile, C:\Users\danie\Documents\GitHub\Weller-to-JBC-converter\Firmware\Core\Src\stm32f0xx_hal_msp.c_save
2025-05-02 23:13:36,994 [INFO] CodeEngine:279 - Generated code: C:\Users\danie\Documents\GitHub\Weller-to-JBC-converter\Firmware\Core\Src\stm32f0xx_hal_msp.c
2025-05-02 23:13:37,017 [INFO] CodeEngine:255 - oldGeneratedFile, C:\Users\danie\Documents\GitHub\Weller-to-JBC-converter\Firmware\MXTmpFiles\system.tmp_save
2025-05-02 23:13:37,101 [INFO] CodeEngine:279 - Generated code: C:\Users\danie\Documents\GitHub\Weller-to-JBC-converter\Firmware\MXTmpFiles\system.tmp
2025-05-02 23:13:37,173 [INFO] CodeEngine:311 - oldGeneratedFile, C:\Users\danie\Documents\GitHub\Weller-to-JBC-converter\Firmware\Core\Inc\stm32f0xx_hal_conf.h_save
2025-05-02 23:13:37,336 [INFO] CodeEngine:335 - Generated code: C:\Users\danie\Documents\GitHub\Weller-to-JBC-converter\Firmware\Core\Inc\stm32f0xx_hal_conf.h
2025-05-02 23:13:37,368 [WARN] IPConfigManager:3554 - IP not found : TIM
2025-05-02 23:13:37,369 [WARN] CodeGenerator:4002 - IP not found : null
2025-05-02 23:13:37,395 [INFO] CodeEngine:255 - oldGeneratedFile, C:\Users\danie\Documents\GitHub\Weller-to-JBC-converter\Firmware\Core\Inc\main.h_save
2025-05-02 23:13:37,538 [INFO] CodeEngine:279 - Generated code: C:\Users\danie\Documents\GitHub\Weller-to-JBC-converter\Firmware\Core\Inc\main.h
2025-05-02 23:13:37,695 [INFO] CodeEngine:255 - oldGeneratedFile, C:\Users\danie\Documents\GitHub\Weller-to-JBC-converter\Firmware\Core\Src\main.c_save
2025-05-02 23:13:37,988 [INFO] CodeEngine:279 - Generated code: C:\Users\danie\Documents\GitHub\Weller-to-JBC-converter\Firmware\Core\Src\main.c
2025-05-02 23:13:39,686 [INFO] ProjectBuilder:3249 - Time for Copy HAL[1] : 1360mS.
2025-05-02 23:13:39,690 [INFO] ProjectBuilder:4828 - Project Generator version: 4.5.0-B34
2025-05-02 23:13:39,824 [INFO] ConfigFileManager:1531 - The Die is : DIE440
2025-05-02 23:13:41,758 [INFO] ProjectBuilder:5097 - Time for Generating toolchain IDE Files: 2068mS.
2025-05-02 23:13:41,760 [INFO] ProjectBuilder:3107 - Time for Copy CMSIS : 0mS.
2025-05-02 23:13:41,787 [INFO] ProjectBuilder:3107 - Time for Copy CMSIS : 1mS.
2025-05-02 23:36:15,490 [INFO] WebApp:189 - Connection lost
2025-05-02 23:36:15,671 [INFO] WebApp:186 - Connection restablished
2025-05-02 23:54:18,478 [INFO] WebApp:189 - Connection lost
2025-05-02 23:54:18,632 [INFO] WebApp:186 - Connection restablished
2025-05-02 23:57:21,996 [INFO] WebApp:189 - Connection lost
2025-05-02 23:57:22,158 [INFO] WebApp:186 - Connection restablished
