2025-02-16 10:15:55,032 [INFO] WebApp:189 - Connection lost
2025-02-16 10:16:23,733 [INFO] WebApp:186 - Connection restablished
2025-02-16 10:16:23,735 [INFO] WebApp:189 - Connection lost
2025-02-16 10:16:27,532 [INFO] WebApp:186 - Connection restablished
2025-02-16 10:16:28,972 [INFO] WebApp:189 - Connection lost
2025-02-16 10:16:30,582 [INFO] WebApp:186 - Connection restablished
2025-02-16 10:18:14,015 [INFO] WebApp:189 - Connection lost
2025-02-16 10:18:14,177 [INFO] WebApp:186 - Connection restablished
2025-02-16 10:40:30,545 [INFO] WebApp:189 - Connection lost
2025-02-16 10:40:30,723 [INFO] WebApp:186 - Connection restablished
2025-02-16 10:43:34,023 [INFO] WebApp:189 - Connection lost
2025-02-16 10:43:34,154 [INFO] WebApp:186 - Connection restablished
2025-02-16 10:55:37,511 [INFO] WebApp:189 - Connection lost
2025-02-16 10:55:37,761 [INFO] WebApp:186 - Connection restablished
2025-02-16 10:58:41,083 [INFO] WebApp:189 - Connection lost
2025-02-16 10:58:41,216 [INFO] WebApp:186 - Connection restablished
2025-02-16 11:07:44,033 [INFO] WebApp:189 - Connection lost
2025-02-16 11:07:44,183 [INFO] WebApp:186 - Connection restablished
2025-02-16 11:10:47,597 [INFO] WebApp:189 - Connection lost
2025-02-16 11:10:47,762 [INFO] WebApp:186 - Connection restablished
2025-02-16 11:16:51,123 [INFO] WebApp:189 - Connection lost
2025-02-16 11:16:51,273 [INFO] WebApp:186 - Connection restablished
2025-02-16 11:19:54,567 [INFO] WebApp:189 - Connection lost
2025-02-16 11:19:54,739 [INFO] WebApp:186 - Connection restablished
2025-02-16 11:25:57,582 [INFO] WebApp:189 - Connection lost
2025-02-16 11:25:57,864 [INFO] WebApp:186 - Connection restablished
2025-02-16 11:29:01,057 [INFO] WebApp:189 - Connection lost
2025-02-16 11:29:01,227 [INFO] WebApp:186 - Connection restablished
2025-02-16 11:32:04,560 [INFO] WebApp:189 - Connection lost
2025-02-16 11:32:04,683 [INFO] WebApp:186 - Connection restablished
2025-02-16 11:35:55,087 [INFO] WebApp:189 - Connection lost
2025-02-16 11:35:55,103 [INFO] WebApp:186 - Connection restablished
2025-02-16 11:41:11,554 [INFO] WebApp:189 - Connection lost
2025-02-16 11:41:11,723 [INFO] WebApp:186 - Connection restablished
2025-02-16 11:44:15,053 [INFO] WebApp:189 - Connection lost
2025-02-16 11:44:15,210 [INFO] WebApp:186 - Connection restablished
2025-02-16 11:47:18,532 [INFO] WebApp:189 - Connection lost
2025-02-16 11:47:18,728 [INFO] WebApp:186 - Connection restablished
2025-02-16 11:50:22,141 [INFO] WebApp:189 - Connection lost
2025-02-16 11:50:22,425 [INFO] WebApp:186 - Connection restablished
2025-02-16 11:53:25,075 [INFO] WebApp:189 - Connection lost
2025-02-16 11:53:25,218 [INFO] WebApp:186 - Connection restablished
2025-02-16 11:56:28,576 [INFO] WebApp:189 - Connection lost
2025-02-16 11:56:28,723 [INFO] WebApp:186 - Connection restablished
2025-02-16 11:59:34,866 [INFO] WebApp:189 - Connection lost
2025-02-16 11:59:34,923 [INFO] WebApp:186 - Connection restablished
2025-02-16 12:02:35,563 [INFO] WebApp:189 - Connection lost
2025-02-16 12:02:35,708 [INFO] WebApp:186 - Connection restablished
2025-02-16 12:05:39,064 [INFO] WebApp:189 - Connection lost
2025-02-16 12:05:39,309 [INFO] WebApp:186 - Connection restablished
2025-02-16 12:08:42,249 [INFO] WebApp:189 - Connection lost
2025-02-16 12:08:42,949 [INFO] WebApp:186 - Connection restablished
2025-02-16 12:11:45,550 [INFO] WebApp:189 - Connection lost
2025-02-16 12:11:45,710 [INFO] WebApp:186 - Connection restablished
2025-02-16 12:14:49,043 [INFO] WebApp:189 - Connection lost
2025-02-16 12:14:49,181 [INFO] WebApp:186 - Connection restablished
2025-02-16 12:57:06,548 [INFO] WebApp:189 - Connection lost
2025-02-16 12:57:30,746 [INFO] WebApp:186 - Connection restablished
2025-02-16 13:00:00,055 [INFO] WebApp:189 - Connection lost
2025-02-16 13:00:00,245 [INFO] WebApp:186 - Connection restablished
2025-02-16 13:09:03,564 [INFO] WebApp:189 - Connection lost
2025-02-16 13:09:03,687 [INFO] WebApp:186 - Connection restablished
2025-02-16 13:15:45,568 [INFO] WebApp:189 - Connection lost
2025-02-16 13:15:45,829 [INFO] WebApp:186 - Connection restablished
2025-02-16 13:18:49,047 [INFO] WebApp:189 - Connection lost
2025-02-16 13:18:49,195 [INFO] WebApp:186 - Connection restablished
2025-02-16 13:42:52,729 [INFO] WebApp:189 - Connection lost
2025-02-16 13:42:52,906 [INFO] WebApp:186 - Connection restablished
2025-02-16 13:45:56,097 [INFO] WebApp:189 - Connection lost
2025-02-16 13:45:56,231 [INFO] WebApp:186 - Connection restablished
2025-02-16 14:22:00,037 [INFO] WebApp:189 - Connection lost
2025-02-16 14:22:00,414 [INFO] WebApp:186 - Connection restablished
2025-02-16 14:25:03,594 [INFO] WebApp:189 - Connection lost
2025-02-16 14:25:03,765 [INFO] WebApp:186 - Connection restablished
2025-02-16 14:38:34,034 [INFO] WebApp:189 - Connection lost
2025-02-16 14:38:34,191 [INFO] WebApp:186 - Connection restablished
2025-02-16 15:32:40,341 [INFO] WebApp:189 - Connection lost
2025-02-16 15:32:42,573 [INFO] WebApp:186 - Connection restablished
2025-02-16 15:35:41,060 [INFO] WebApp:189 - Connection lost
2025-02-16 15:35:41,200 [INFO] WebApp:186 - Connection restablished
2025-02-16 16:02:44,576 [INFO] WebApp:189 - Connection lost
2025-02-16 16:02:44,748 [INFO] WebApp:186 - Connection restablished
2025-02-16 16:05:48,035 [INFO] WebApp:189 - Connection lost
2025-02-16 16:05:48,175 [INFO] WebApp:186 - Connection restablished
2025-02-16 16:10:57,878 [INFO] McuFinderGlobals:63 - Set McuFinder mode to 2 (CubeIDE integrated)
2025-02-16 16:10:59,346 [INFO] MainUpdater:2873 - connection check result : 10
2025-02-16 16:10:59,420 [INFO] MainUpdater:2873 - connection check result : 10
2025-02-16 16:11:05,648 [INFO] RulesReader:64 - Compatibility file has been processed (297 Rules)
2025-02-16 16:11:05,663 [INFO] RulesReader:64 - Compatibility file has been processed (297 Rules)
2025-02-16 16:11:05,882 [INFO] MicroXplorer:468 - Change Database Path : 
2025-02-16 16:11:05,882 [INFO] MicroXplorer:498 - Change Database Version : DB.6.0.121
2025-02-16 16:11:06,007 [WARN] ThirdParty:871 - waiting for thirdparty lock release [close project]
2025-02-16 16:11:06,007 [INFO] ThirdParty:873 - entering critical section [close project]
2025-02-16 16:11:06,116 [INFO] ThirdParty:883 - exiting critical section [close project]
2025-02-16 16:11:06,179 [INFO] PinOutPanel:1561 - setPackage(No Configuration,No Configuration)
2025-02-16 16:11:06,460 [INFO] UtilMem:75 - Begin LoadConfig() Used Memory: 689615712 Bytes (1073741824)
2025-02-16 16:11:06,538 [INFO] MicroXplorer:468 - Change Database Path : 
2025-02-16 16:11:06,538 [INFO] MicroXplorer:498 - Change Database Version : DB.6.0.121
2025-02-16 16:11:06,538 [INFO] OpenFileManager:332 - Change cursor
2025-02-16 16:11:07,554 [WARN] IntegrityCheckThread:84 - waiting for thirdparty lock release [integrity check]
2025-02-16 16:11:07,554 [INFO] IntegrityCheckThread:86 - entering critical section [integrity check]
2025-02-16 16:11:10,637 [WARN] PackLoader:240 - Cannot read IP mode file for STMicroelectronics.FP-SNS-MOTENVWB1.1.4.0
2025-02-16 16:11:10,739 [WARN] PackLoader:240 - Cannot read IP mode file for STMicroelectronics.FP-ATR-ASTRA1.2.0.1
2025-02-16 16:11:10,921 [WARN] PackLoader:240 - Cannot read IP mode file for STMicroelectronics.X-CUBE-SMBUS.2.1.0
2025-02-16 16:11:11,296 [WARN] PackLoader:240 - Cannot read IP mode file for STMicroelectronics.X-CUBE-WB05N.1.1.0
2025-02-16 16:11:11,550 [WARN] PackLoader:240 - Cannot read IP mode file for STMicroelectronics.X-CUBE-AZRTOS-F7.1.1.0
2025-02-16 16:11:12,240 [WARN] PackLoader:240 - Cannot read IP mode file for STMicroelectronics.X-CUBE-MEMS1.11.0.0
2025-02-16 16:11:15,948 [WARN] PackLoader:240 - Cannot read IP mode file for STMicroelectronics.FP-SNS-FLIGHT1.5.0.2
2025-02-16 16:11:16,105 [WARN] PackLoader:240 - Cannot read IP mode file for STMicroelectronics.X-CUBE-DISPLAY.3.0.0
2025-02-16 16:11:16,433 [WARN] PackLoader:240 - Cannot read IP mode file for STMicroelectronics.X-CUBE-BLE1.7.0.0
2025-02-16 16:11:16,589 [WARN] PackLoader:240 - Cannot read IP mode file for STMicroelectronics.X-CUBE-NFC10.1.0.0
2025-02-16 16:11:16,917 [WARN] PackLoader:240 - Cannot read IP mode file for STMicroelectronics.X-CUBE-BLEMGR.4.0.0
2025-02-16 16:11:17,136 [WARN] PackLoader:240 - Cannot read IP mode file for emotas.I-CUBE-CANOPEN.1.3.0
2025-02-16 16:11:17,386 [WARN] PackLoader:240 - Cannot read IP mode file for STMicroelectronics.X-CUBE-BLEMGR.3.1.0
2025-02-16 16:11:17,558 [WARN] PackLoader:240 - Cannot read IP mode file for STMicroelectronics.X-CUBE-AI.10.0.0
2025-02-16 16:11:17,667 [WARN] PackLoader:240 - Cannot read IP mode file for STMicroelectronics.FP-SNS-SMARTAG2.1.2.0
2025-02-16 16:11:18,933 [WARN] PackLoader:240 - Cannot read IP mode file for STMicroelectronics.X-CUBE-MEMS1.11.1.0
